[2025-10-11T06:55:10.273+0000] {local_task_job_runner.py:120} INFO - ::group::Pre task execution logs
[2025-10-11T06:55:10.357+0000] {taskinstance.py:2076} INFO - Dependencies all met for dep_context=non-requeueable deps ti=<TaskInstance: pipeline_flow.load_ratings_to_gold scheduled__2000-10-08T00:00:00+00:00 [queued]>
[2025-10-11T06:55:10.385+0000] {taskinstance.py:2076} INFO - Dependencies all met for dep_context=requeueable deps ti=<TaskInstance: pipeline_flow.load_ratings_to_gold scheduled__2000-10-08T00:00:00+00:00 [queued]>
[2025-10-11T06:55:10.386+0000] {taskinstance.py:2306} INFO - Starting attempt 1 of 2
[2025-10-11T06:55:10.421+0000] {taskinstance.py:2330} INFO - Executing <Task(PythonOperator): load_ratings_to_gold> on 2000-10-08 00:00:00+00:00
[2025-10-11T06:55:10.447+0000] {logging_mixin.py:188} WARNING - /home/***/.local/lib/python3.12/site-packages/***/task/task_runner/standard_task_runner.py:62 DeprecationWarning: This process (pid=325) is multi-threaded, use of fork() may lead to deadlocks in the child.
[2025-10-11T06:55:10.451+0000] {standard_task_runner.py:64} INFO - Started process 337 to run task
[2025-10-11T06:55:10.450+0000] {standard_task_runner.py:90} INFO - Running: ['***', 'tasks', 'run', 'pipeline_flow', 'load_ratings_to_gold', 'scheduled__2000-10-08T00:00:00+00:00', '--job-id', '1872', '--raw', '--subdir', 'DAGS_FOLDER/pipeline_dag.py', '--cfg-path', '/tmp/tmp7aiap4jc']
[2025-10-11T06:55:10.458+0000] {standard_task_runner.py:91} INFO - Job 1872: Subtask load_ratings_to_gold
[2025-10-11T06:55:10.626+0000] {task_command.py:426} INFO - Running <TaskInstance: pipeline_flow.load_ratings_to_gold scheduled__2000-10-08T00:00:00+00:00 [running]> on host 321597a50810
[2025-10-11T06:55:10.936+0000] {taskinstance.py:2648} INFO - Exporting env vars: AIRFLOW_CTX_DAG_EMAIL='oluwaseyiogundimu10@gmail.com' AIRFLOW_CTX_DAG_OWNER='seyi' AIRFLOW_CTX_DAG_ID='pipeline_flow' AIRFLOW_CTX_TASK_ID='load_ratings_to_gold' AIRFLOW_CTX_EXECUTION_DATE='2000-10-08T00:00:00+00:00' AIRFLOW_CTX_TRY_NUMBER='1' AIRFLOW_CTX_DAG_RUN_ID='scheduled__2000-10-08T00:00:00+00:00'
[2025-10-11T06:55:10.940+0000] {taskinstance.py:430} INFO - ::endgroup::
[2025-10-11T06:55:11.274+0000] {s3_client.py:30} INFO - ✅ Successfully initialized S3 client.
[2025-10-11T06:55:11.277+0000] {read_bucket.py:26} INFO - Reading ratings/2000-10.csv from movie-pipeline-silver bucket.
[2025-10-11T06:55:12.438+0000] {read_bucket.py:36} ERROR - Error reading ratings/2000-10.csv from movie-pipeline-silver: An error occurred (NoSuchKey) when calling the GetObject operation: The specified key does not exist.
[2025-10-11T06:55:12.439+0000] {load.py:113} WARNING - Partition ratings/2000-10.csv not found. Skipping.
[2025-10-11T06:55:12.441+0000] {load.py:120} WARNING - No ratings data found in selected partitions. Skipping load.
[2025-10-11T06:55:12.442+0000] {python.py:237} INFO - Done. Returned value was: None
[2025-10-11T06:55:12.444+0000] {taskinstance.py:441} INFO - ::group::Post task execution logs
[2025-10-11T06:55:12.460+0000] {taskinstance.py:1206} INFO - Marking task as SUCCESS. dag_id=pipeline_flow, task_id=load_ratings_to_gold, run_id=scheduled__2000-10-08T00:00:00+00:00, execution_date=20001008T000000, start_date=20251011T065510, end_date=20251011T065512
[2025-10-11T06:55:12.520+0000] {local_task_job_runner.py:243} INFO - Task exited with return code 0
[2025-10-11T06:55:12.558+0000] {taskinstance.py:3503} INFO - 0 downstream tasks scheduled from follow-on schedule check
[2025-10-11T06:55:12.561+0000] {local_task_job_runner.py:222} INFO - ::endgroup::
