[2025-10-11T06:04:11.041+0000] {local_task_job_runner.py:120} INFO - ::group::Pre task execution logs
[2025-10-11T06:04:11.088+0000] {taskinstance.py:2076} INFO - Dependencies all met for dep_context=non-requeueable deps ti=<TaskInstance: pipeline_flow.check_movie_freshness scheduled__1998-03-22T00:00:00+00:00 [queued]>
[2025-10-11T06:04:11.104+0000] {taskinstance.py:2076} INFO - Dependencies all met for dep_context=requeueable deps ti=<TaskInstance: pipeline_flow.check_movie_freshness scheduled__1998-03-22T00:00:00+00:00 [queued]>
[2025-10-11T06:04:11.105+0000] {taskinstance.py:2306} INFO - Starting attempt 1 of 2
[2025-10-11T06:04:11.128+0000] {taskinstance.py:2330} INFO - Executing <Task(ShortCircuitOperator): check_movie_freshness> on 1998-03-22 00:00:00+00:00
[2025-10-11T06:04:11.139+0000] {logging_mixin.py:188} WARNING - /home/***/.local/lib/python3.12/site-packages/***/task/task_runner/standard_task_runner.py:62 DeprecationWarning: This process (pid=9033) is multi-threaded, use of fork() may lead to deadlocks in the child.
[2025-10-11T06:04:11.141+0000] {standard_task_runner.py:90} INFO - Running: ['***', 'tasks', 'run', 'pipeline_flow', 'check_movie_freshness', 'scheduled__1998-03-22T00:00:00+00:00', '--job-id', '345', '--raw', '--subdir', 'DAGS_FOLDER/pipeline_dag.py', '--cfg-path', '/tmp/tmpddwk9jqd']
[2025-10-11T06:04:11.150+0000] {standard_task_runner.py:64} INFO - Started process 9039 to run task
[2025-10-11T06:04:11.152+0000] {standard_task_runner.py:91} INFO - Job 345: Subtask check_movie_freshness
[2025-10-11T06:04:11.228+0000] {task_command.py:426} INFO - Running <TaskInstance: pipeline_flow.check_movie_freshness scheduled__1998-03-22T00:00:00+00:00 [running]> on host 321597a50810
[2025-10-11T06:04:11.359+0000] {taskinstance.py:2648} INFO - Exporting env vars: AIRFLOW_CTX_DAG_EMAIL='oluwaseyiogundimu10@gmail.com' AIRFLOW_CTX_DAG_OWNER='seyi' AIRFLOW_CTX_DAG_ID='pipeline_flow' AIRFLOW_CTX_TASK_ID='check_movie_freshness' AIRFLOW_CTX_EXECUTION_DATE='1998-03-22T00:00:00+00:00' AIRFLOW_CTX_TRY_NUMBER='1' AIRFLOW_CTX_DAG_RUN_ID='scheduled__1998-03-22T00:00:00+00:00'
[2025-10-11T06:04:11.361+0000] {taskinstance.py:430} INFO - ::endgroup::
[2025-10-11T06:04:11.379+0000] {baseoperator.py:400} WARNING - ShortCircuitOperator.execute cannot be called outside TaskInstance!
[2025-10-11T06:04:11.521+0000] {s3_client.py:30} INFO - ✅ Successfully initialized S3 client.
[2025-10-11T06:04:13.522+0000] {logging_mixin.py:188} INFO - movies.csv is fresh: 2025-10-11 06:03:51+00:00
[2025-10-11T06:04:13.523+0000] {python.py:237} INFO - Done. Returned value was: True
[2025-10-11T06:04:13.523+0000] {python.py:304} INFO - Condition result is True
[2025-10-11T06:04:13.524+0000] {python.py:307} INFO - Proceeding with downstream tasks...
[2025-10-11T06:04:13.525+0000] {taskinstance.py:441} INFO - ::group::Post task execution logs
[2025-10-11T06:04:13.565+0000] {taskinstance.py:1206} INFO - Marking task as SUCCESS. dag_id=pipeline_flow, task_id=check_movie_freshness, run_id=scheduled__1998-03-22T00:00:00+00:00, execution_date=19980322T000000, start_date=20251011T060411, end_date=20251011T060413
[2025-10-11T06:04:13.620+0000] {local_task_job_runner.py:243} INFO - Task exited with return code 0
[2025-10-11T06:04:13.677+0000] {taskinstance.py:3503} INFO - 1 downstream tasks scheduled from follow-on schedule check
[2025-10-11T06:04:13.681+0000] {local_task_job_runner.py:222} INFO - ::endgroup::
