[2025-10-11T04:44:39.243+0000] {local_task_job_runner.py:120} INFO - ::group::Pre task execution logs
[2025-10-11T04:44:39.296+0000] {taskinstance.py:2076} INFO - Dependencies all met for dep_context=non-requeueable deps ti=<TaskInstance: pipeline_flow.check_create_stg_tables manual__2025-10-09T10:56:57.007831+00:00 [queued]>
[2025-10-11T04:44:39.306+0000] {taskinstance.py:2076} INFO - Dependencies all met for dep_context=requeueable deps ti=<TaskInstance: pipeline_flow.check_create_stg_tables manual__2025-10-09T10:56:57.007831+00:00 [queued]>
[2025-10-11T04:44:39.308+0000] {taskinstance.py:2306} INFO - Starting attempt 1 of 2
[2025-10-11T04:44:39.326+0000] {taskinstance.py:2330} INFO - Executing <Task(PythonOperator): check_create_stg_tables> on 2025-10-09 10:56:57.007831+00:00
[2025-10-11T04:44:39.336+0000] {logging_mixin.py:188} WARNING - /home/***/.local/lib/python3.12/site-packages/***/task/task_runner/standard_task_runner.py:62 DeprecationWarning: This process (pid=7295) is multi-threaded, use of fork() may lead to deadlocks in the child.
[2025-10-11T04:44:39.338+0000] {standard_task_runner.py:64} INFO - Started process 7297 to run task
[2025-10-11T04:44:39.337+0000] {standard_task_runner.py:90} INFO - Running: ['***', 'tasks', 'run', 'pipeline_flow', 'check_create_stg_tables', 'manual__2025-10-09T10:56:57.007831+00:00', '--job-id', '57', '--raw', '--subdir', 'DAGS_FOLDER/pipeline_dag.py', '--cfg-path', '/tmp/tmpx2qq5xsk']
[2025-10-11T04:44:39.340+0000] {standard_task_runner.py:91} INFO - Job 57: Subtask check_create_stg_tables
[2025-10-11T04:44:39.447+0000] {task_command.py:426} INFO - Running <TaskInstance: pipeline_flow.check_create_stg_tables manual__2025-10-09T10:56:57.007831+00:00 [running]> on host 321597a50810
[2025-10-11T04:44:39.562+0000] {taskinstance.py:2648} INFO - Exporting env vars: AIRFLOW_CTX_DAG_EMAIL='oluwaseyiogundimu10@gmail.com' AIRFLOW_CTX_DAG_OWNER='seyi' AIRFLOW_CTX_DAG_ID='pipeline_flow' AIRFLOW_CTX_TASK_ID='check_create_stg_tables' AIRFLOW_CTX_EXECUTION_DATE='2025-10-09T10:56:57.007831+00:00' AIRFLOW_CTX_TRY_NUMBER='1' AIRFLOW_CTX_DAG_RUN_ID='manual__2025-10-09T10:56:57.007831+00:00'
[2025-10-11T04:44:39.563+0000] {taskinstance.py:430} INFO - ::endgroup::
[2025-10-11T04:44:39.575+0000] {connection.py:22} INFO - Successfully connected to Postgres.
[2025-10-11T04:44:39.705+0000] {connection.py:43} INFO - Table 'stg_users' in Postgres.
[2025-10-11T04:44:39.706+0000] {connection.py:22} INFO - Successfully connected to Postgres.
[2025-10-11T04:44:39.793+0000] {connection.py:43} INFO - Table 'users' in Postgres.
[2025-10-11T04:44:39.794+0000] {connection.py:22} INFO - Successfully connected to Postgres.
[2025-10-11T04:44:39.881+0000] {connection.py:43} INFO - Table 'stg_movies' in Postgres.
[2025-10-11T04:44:39.882+0000] {connection.py:22} INFO - Successfully connected to Postgres.
[2025-10-11T04:44:39.972+0000] {connection.py:43} INFO - Table 'movies' in Postgres.
[2025-10-11T04:44:39.973+0000] {connection.py:22} INFO - Successfully connected to Postgres.
[2025-10-11T04:44:40.066+0000] {connection.py:43} INFO - Table 'stg_ratings' in Postgres.
[2025-10-11T04:44:40.068+0000] {connection.py:22} INFO - Successfully connected to Postgres.
[2025-10-11T04:44:40.155+0000] {connection.py:43} INFO - Table 'ratings' in Postgres.
[2025-10-11T04:44:40.156+0000] {load.py:32} INFO - Tables exist.
[2025-10-11T04:44:40.158+0000] {python.py:237} INFO - Done. Returned value was: None
[2025-10-11T04:44:40.159+0000] {taskinstance.py:441} INFO - ::group::Post task execution logs
[2025-10-11T04:44:40.173+0000] {taskinstance.py:1206} INFO - Marking task as SUCCESS. dag_id=pipeline_flow, task_id=check_create_stg_tables, run_id=manual__2025-10-09T10:56:57.007831+00:00, execution_date=20251009T105657, start_date=20251011T044439, end_date=20251011T044440
[2025-10-11T04:44:40.198+0000] {local_task_job_runner.py:243} INFO - Task exited with return code 0
[2025-10-11T04:44:40.237+0000] {taskinstance.py:3503} INFO - 3 downstream tasks scheduled from follow-on schedule check
[2025-10-11T04:44:40.243+0000] {local_task_job_runner.py:222} INFO - ::endgroup::
