[2025-10-11T06:26:41.631+0000] {local_task_job_runner.py:120} INFO - ::group::Pre task execution logs
[2025-10-11T06:26:41.693+0000] {taskinstance.py:2076} INFO - Dependencies all met for dep_context=non-requeueable deps ti=<TaskInstance: pipeline_flow.check_ratings_freshness scheduled__2000-04-16T00:00:00+00:00 [queued]>
[2025-10-11T06:26:41.708+0000] {taskinstance.py:2076} INFO - Dependencies all met for dep_context=requeueable deps ti=<TaskInstance: pipeline_flow.check_ratings_freshness scheduled__2000-04-16T00:00:00+00:00 [queued]>
[2025-10-11T06:26:41.709+0000] {taskinstance.py:2306} INFO - Starting attempt 1 of 2
[2025-10-11T06:26:41.731+0000] {taskinstance.py:2330} INFO - Executing <Task(ShortCircuitOperator): check_ratings_freshness> on 2000-04-16 00:00:00+00:00
[2025-10-11T06:26:41.746+0000] {logging_mixin.py:188} WARNING - /home/***/.local/lib/python3.12/site-packages/***/task/task_runner/standard_task_runner.py:62 DeprecationWarning: This process (pid=12768) is multi-threaded, use of fork() may lead to deadlocks in the child.
[2025-10-11T06:26:41.749+0000] {standard_task_runner.py:64} INFO - Started process 12776 to run task
[2025-10-11T06:26:41.747+0000] {standard_task_runner.py:90} INFO - Running: ['***', 'tasks', 'run', 'pipeline_flow', 'check_ratings_freshness', 'scheduled__2000-04-16T00:00:00+00:00', '--job-id', '1532', '--raw', '--subdir', 'DAGS_FOLDER/pipeline_dag.py', '--cfg-path', '/tmp/tmph9rcb7vp']
[2025-10-11T06:26:41.751+0000] {standard_task_runner.py:91} INFO - Job 1532: Subtask check_ratings_freshness
[2025-10-11T06:26:41.855+0000] {task_command.py:426} INFO - Running <TaskInstance: pipeline_flow.check_ratings_freshness scheduled__2000-04-16T00:00:00+00:00 [running]> on host 321597a50810
[2025-10-11T06:26:42.018+0000] {taskinstance.py:2648} INFO - Exporting env vars: AIRFLOW_CTX_DAG_EMAIL='oluwaseyiogundimu10@gmail.com' AIRFLOW_CTX_DAG_OWNER='seyi' AIRFLOW_CTX_DAG_ID='pipeline_flow' AIRFLOW_CTX_TASK_ID='check_ratings_freshness' AIRFLOW_CTX_EXECUTION_DATE='2000-04-16T00:00:00+00:00' AIRFLOW_CTX_TRY_NUMBER='1' AIRFLOW_CTX_DAG_RUN_ID='scheduled__2000-04-16T00:00:00+00:00'
[2025-10-11T06:26:42.020+0000] {taskinstance.py:430} INFO - ::endgroup::
[2025-10-11T06:26:42.048+0000] {baseoperator.py:400} WARNING - ShortCircuitOperator.execute cannot be called outside TaskInstance!
[2025-10-11T06:26:42.219+0000] {s3_client.py:30} INFO - ✅ Successfully initialized S3 client.
[2025-10-11T06:26:43.008+0000] {logging_mixin.py:188} INFO - ratings.csv is fresh: 2025-10-11 06:26:30+00:00
[2025-10-11T06:26:43.009+0000] {python.py:237} INFO - Done. Returned value was: True
[2025-10-11T06:26:43.011+0000] {python.py:304} INFO - Condition result is True
[2025-10-11T06:26:43.012+0000] {python.py:307} INFO - Proceeding with downstream tasks...
[2025-10-11T06:26:43.013+0000] {taskinstance.py:441} INFO - ::group::Post task execution logs
[2025-10-11T06:26:43.052+0000] {taskinstance.py:1206} INFO - Marking task as SUCCESS. dag_id=pipeline_flow, task_id=check_ratings_freshness, run_id=scheduled__2000-04-16T00:00:00+00:00, execution_date=20000416T000000, start_date=20251011T062641, end_date=20251011T062643
[2025-10-11T06:26:43.092+0000] {local_task_job_runner.py:243} INFO - Task exited with return code 0
[2025-10-11T06:26:43.141+0000] {taskinstance.py:3503} INFO - 1 downstream tasks scheduled from follow-on schedule check
[2025-10-11T06:26:43.144+0000] {local_task_job_runner.py:222} INFO - ::endgroup::
