[2025-10-11T06:30:35.691+0000] {local_task_job_runner.py:120} INFO - ::group::Pre task execution logs
[2025-10-11T06:30:35.738+0000] {taskinstance.py:2076} INFO - Dependencies all met for dep_context=non-requeueable deps ti=<TaskInstance: pipeline_flow.load_ratings scheduled__2000-08-20T00:00:00+00:00 [queued]>
[2025-10-11T06:30:35.752+0000] {taskinstance.py:2076} INFO - Dependencies all met for dep_context=requeueable deps ti=<TaskInstance: pipeline_flow.load_ratings scheduled__2000-08-20T00:00:00+00:00 [queued]>
[2025-10-11T06:30:35.753+0000] {taskinstance.py:2306} INFO - Starting attempt 1 of 2
[2025-10-11T06:30:35.773+0000] {taskinstance.py:2330} INFO - Executing <Task(PythonOperator): load_ratings> on 2000-08-20 00:00:00+00:00
[2025-10-11T06:30:35.786+0000] {logging_mixin.py:188} WARNING - /home/***/.local/lib/python3.12/site-packages/***/task/task_runner/standard_task_runner.py:62 DeprecationWarning: This process (pid=13411) is multi-threaded, use of fork() may lead to deadlocks in the child.
[2025-10-11T06:30:35.788+0000] {standard_task_runner.py:64} INFO - Started process 13417 to run task
[2025-10-11T06:30:35.786+0000] {standard_task_runner.py:90} INFO - Running: ['***', 'tasks', 'run', 'pipeline_flow', 'load_ratings', 'scheduled__2000-08-20T00:00:00+00:00', '--job-id', '1734', '--raw', '--subdir', 'DAGS_FOLDER/pipeline_dag.py', '--cfg-path', '/tmp/tmpaaazv11t']
[2025-10-11T06:30:35.790+0000] {standard_task_runner.py:91} INFO - Job 1734: Subtask load_ratings
[2025-10-11T06:30:35.888+0000] {task_command.py:426} INFO - Running <TaskInstance: pipeline_flow.load_ratings scheduled__2000-08-20T00:00:00+00:00 [running]> on host 321597a50810
[2025-10-11T06:30:36.023+0000] {taskinstance.py:2648} INFO - Exporting env vars: AIRFLOW_CTX_DAG_EMAIL='oluwaseyiogundimu10@gmail.com' AIRFLOW_CTX_DAG_OWNER='seyi' AIRFLOW_CTX_DAG_ID='pipeline_flow' AIRFLOW_CTX_TASK_ID='load_ratings' AIRFLOW_CTX_EXECUTION_DATE='2000-08-20T00:00:00+00:00' AIRFLOW_CTX_TRY_NUMBER='1' AIRFLOW_CTX_DAG_RUN_ID='scheduled__2000-08-20T00:00:00+00:00'
[2025-10-11T06:30:36.025+0000] {taskinstance.py:430} INFO - ::endgroup::
[2025-10-11T06:30:36.044+0000] {transform.py:91} INFO - Starting transformations for ratings..
[2025-10-11T06:30:36.045+0000] {read_write_buckets.py:22} INFO - Reading ratings.csv from movie-pipeline-bronze bucket.
[2025-10-11T06:30:36.180+0000] {s3_client.py:30} INFO - ✅ Successfully initialized S3 client.
[2025-10-11T06:30:43.314+0000] {read_write_buckets.py:34} INFO - Successfully read ratings.csv into DataFrame. Shape: (100000, 4)
[2025-10-11T06:30:43.364+0000] {transform.py:109} INFO - Interval Start: 2000-08-20 00:00:00+00:00, interval End: 2000-08-27 00:00:00+00:00,                Logical start: 2000-08-20 00:00:00+00:00, Pipeline start: 1997-10-01 00:00:00+00:00
[2025-10-11T06:30:43.369+0000] {transform.py:122} INFO - Weekly run: filtering 0 rating records from 2000-08-20 to 2000-08-27
[2025-10-11T06:30:43.373+0000] {watermarks.py:25} INFO - Reading watermarks from S3 Bronze bucket...
[2025-10-11T06:30:43.617+0000] {watermarks.py:30} INFO - Successfully read existing watermarks.
[2025-10-11T06:30:43.619+0000] {transform.py:130} INFO - Applying watermark filter for ratings..
[2025-10-11T06:30:43.632+0000] {logging_mixin.py:188} WARNING - /opt/***/dags/../pipeline/b_silver/transform.py:137 SettingWithCopyWarning: 
A value is trying to be set on a copy of a slice from a DataFrame.
Try using .loc[row_indexer,col_indexer] = value instead

See the caveats in the documentation: https://pandas.pydata.org/pandas-docs/stable/user_guide/indexing.html#returning-a-view-versus-a-copy
[2025-10-11T06:30:43.637+0000] {transform.py:145} INFO - Filtered ratings to 0 new records after watermark 1998-04-22 23:10:38.
[2025-10-11T06:30:43.639+0000] {transform.py:154} WARNING - No new ratings data to upload after watermark filtering. End
[2025-10-11T06:30:43.641+0000] {python.py:237} INFO - Done. Returned value was: None
[2025-10-11T06:30:43.641+0000] {taskinstance.py:441} INFO - ::group::Post task execution logs
[2025-10-11T06:30:43.660+0000] {taskinstance.py:1206} INFO - Marking task as SUCCESS. dag_id=pipeline_flow, task_id=load_ratings, run_id=scheduled__2000-08-20T00:00:00+00:00, execution_date=20000820T000000, start_date=20251011T063035, end_date=20251011T063043
[2025-10-11T06:30:43.704+0000] {local_task_job_runner.py:243} INFO - Task exited with return code 0
[2025-10-11T06:30:43.752+0000] {taskinstance.py:3503} INFO - 1 downstream tasks scheduled from follow-on schedule check
[2025-10-11T06:30:43.761+0000] {local_task_job_runner.py:222} INFO - ::endgroup::
