[2025-10-11T06:07:00.529+0000] {local_task_job_runner.py:120} INFO - ::group::Pre task execution logs
[2025-10-11T06:07:00.584+0000] {taskinstance.py:2076} INFO - Dependencies all met for dep_context=non-requeueable deps ti=<TaskInstance: pipeline_flow.check_create_stg_tables scheduled__1998-06-14T00:00:00+00:00 [queued]>
[2025-10-11T06:07:00.601+0000] {taskinstance.py:2076} INFO - Dependencies all met for dep_context=requeueable deps ti=<TaskInstance: pipeline_flow.check_create_stg_tables scheduled__1998-06-14T00:00:00+00:00 [queued]>
[2025-10-11T06:07:00.603+0000] {taskinstance.py:2306} INFO - Starting attempt 1 of 2
[2025-10-11T06:07:00.624+0000] {taskinstance.py:2330} INFO - Executing <Task(PythonOperator): check_create_stg_tables> on 1998-06-14 00:00:00+00:00
[2025-10-11T06:07:00.639+0000] {logging_mixin.py:188} WARNING - /home/***/.local/lib/python3.12/site-packages/***/task/task_runner/standard_task_runner.py:62 DeprecationWarning: This process (pid=9695) is multi-threaded, use of fork() may lead to deadlocks in the child.
[2025-10-11T06:07:00.641+0000] {standard_task_runner.py:64} INFO - Started process 9704 to run task
[2025-10-11T06:07:00.641+0000] {standard_task_runner.py:90} INFO - Running: ['***', 'tasks', 'run', 'pipeline_flow', 'check_create_stg_tables', 'scheduled__1998-06-14T00:00:00+00:00', '--job-id', '559', '--raw', '--subdir', 'DAGS_FOLDER/pipeline_dag.py', '--cfg-path', '/tmp/tmpam3tiu78']
[2025-10-11T06:07:00.644+0000] {standard_task_runner.py:91} INFO - Job 559: Subtask check_create_stg_tables
[2025-10-11T06:07:00.723+0000] {task_command.py:426} INFO - Running <TaskInstance: pipeline_flow.check_create_stg_tables scheduled__1998-06-14T00:00:00+00:00 [running]> on host 321597a50810
[2025-10-11T06:07:00.894+0000] {taskinstance.py:2648} INFO - Exporting env vars: AIRFLOW_CTX_DAG_EMAIL='oluwaseyiogundimu10@gmail.com' AIRFLOW_CTX_DAG_OWNER='seyi' AIRFLOW_CTX_DAG_ID='pipeline_flow' AIRFLOW_CTX_TASK_ID='check_create_stg_tables' AIRFLOW_CTX_EXECUTION_DATE='1998-06-14T00:00:00+00:00' AIRFLOW_CTX_TRY_NUMBER='1' AIRFLOW_CTX_DAG_RUN_ID='scheduled__1998-06-14T00:00:00+00:00'
[2025-10-11T06:07:00.897+0000] {taskinstance.py:430} INFO - ::endgroup::
[2025-10-11T06:07:00.922+0000] {connection.py:22} INFO - Successfully connected to Postgres.
[2025-10-11T06:07:01.024+0000] {connection.py:43} INFO - Table 'stg_users' in Postgres.
[2025-10-11T06:07:01.025+0000] {connection.py:22} INFO - Successfully connected to Postgres.
[2025-10-11T06:07:01.129+0000] {connection.py:43} INFO - Table 'users' in Postgres.
[2025-10-11T06:07:01.131+0000] {connection.py:22} INFO - Successfully connected to Postgres.
[2025-10-11T06:07:01.241+0000] {connection.py:43} INFO - Table 'stg_movies' in Postgres.
[2025-10-11T06:07:01.243+0000] {connection.py:22} INFO - Successfully connected to Postgres.
[2025-10-11T06:07:01.341+0000] {connection.py:43} INFO - Table 'movies' in Postgres.
[2025-10-11T06:07:01.343+0000] {connection.py:22} INFO - Successfully connected to Postgres.
[2025-10-11T06:07:01.446+0000] {connection.py:43} INFO - Table 'stg_ratings' in Postgres.
[2025-10-11T06:07:01.448+0000] {connection.py:22} INFO - Successfully connected to Postgres.
[2025-10-11T06:07:01.547+0000] {connection.py:43} INFO - Table 'ratings' in Postgres.
[2025-10-11T06:07:01.548+0000] {load.py:32} INFO - Tables exist.
[2025-10-11T06:07:01.550+0000] {python.py:237} INFO - Done. Returned value was: None
[2025-10-11T06:07:01.551+0000] {taskinstance.py:441} INFO - ::group::Post task execution logs
[2025-10-11T06:07:01.572+0000] {taskinstance.py:1206} INFO - Marking task as SUCCESS. dag_id=pipeline_flow, task_id=check_create_stg_tables, run_id=scheduled__1998-06-14T00:00:00+00:00, execution_date=19980614T000000, start_date=20251011T060700, end_date=20251011T060701
[2025-10-11T06:07:01.621+0000] {local_task_job_runner.py:243} INFO - Task exited with return code 0
[2025-10-11T06:07:01.677+0000] {taskinstance.py:3503} INFO - 3 downstream tasks scheduled from follow-on schedule check
[2025-10-11T06:07:01.680+0000] {local_task_job_runner.py:222} INFO - ::endgroup::
