[2025-10-11T06:07:51.485+0000] {local_task_job_runner.py:120} INFO - ::group::Pre task execution logs
[2025-10-11T06:07:51.528+0000] {taskinstance.py:2076} INFO - Dependencies all met for dep_context=non-requeueable deps ti=<TaskInstance: pipeline_flow.check_create_stg_tables scheduled__1998-08-23T00:00:00+00:00 [queued]>
[2025-10-11T06:07:51.540+0000] {taskinstance.py:2076} INFO - Dependencies all met for dep_context=requeueable deps ti=<TaskInstance: pipeline_flow.check_create_stg_tables scheduled__1998-08-23T00:00:00+00:00 [queued]>
[2025-10-11T06:07:51.543+0000] {taskinstance.py:2306} INFO - Starting attempt 1 of 2
[2025-10-11T06:07:51.560+0000] {taskinstance.py:2330} INFO - Executing <Task(PythonOperator): check_create_stg_tables> on 1998-08-23 00:00:00+00:00
[2025-10-11T06:07:51.572+0000] {logging_mixin.py:188} WARNING - /home/***/.local/lib/python3.12/site-packages/***/task/task_runner/standard_task_runner.py:62 DeprecationWarning: This process (pid=9917) is multi-threaded, use of fork() may lead to deadlocks in the child.
[2025-10-11T06:07:51.574+0000] {standard_task_runner.py:64} INFO - Started process 9919 to run task
[2025-10-11T06:07:51.573+0000] {standard_task_runner.py:90} INFO - Running: ['***', 'tasks', 'run', 'pipeline_flow', 'check_create_stg_tables', 'scheduled__1998-08-23T00:00:00+00:00', '--job-id', '631', '--raw', '--subdir', 'DAGS_FOLDER/pipeline_dag.py', '--cfg-path', '/tmp/tmpv72eppxv']
[2025-10-11T06:07:51.576+0000] {standard_task_runner.py:91} INFO - Job 631: Subtask check_create_stg_tables
[2025-10-11T06:07:51.648+0000] {task_command.py:426} INFO - Running <TaskInstance: pipeline_flow.check_create_stg_tables scheduled__1998-08-23T00:00:00+00:00 [running]> on host 321597a50810
[2025-10-11T06:07:51.784+0000] {taskinstance.py:2648} INFO - Exporting env vars: AIRFLOW_CTX_DAG_EMAIL='oluwaseyiogundimu10@gmail.com' AIRFLOW_CTX_DAG_OWNER='seyi' AIRFLOW_CTX_DAG_ID='pipeline_flow' AIRFLOW_CTX_TASK_ID='check_create_stg_tables' AIRFLOW_CTX_EXECUTION_DATE='1998-08-23T00:00:00+00:00' AIRFLOW_CTX_TRY_NUMBER='1' AIRFLOW_CTX_DAG_RUN_ID='scheduled__1998-08-23T00:00:00+00:00'
[2025-10-11T06:07:51.785+0000] {taskinstance.py:430} INFO - ::endgroup::
[2025-10-11T06:07:51.800+0000] {connection.py:22} INFO - Successfully connected to Postgres.
[2025-10-11T06:07:51.885+0000] {connection.py:43} INFO - Table 'stg_users' in Postgres.
[2025-10-11T06:07:51.886+0000] {connection.py:22} INFO - Successfully connected to Postgres.
[2025-10-11T06:07:51.968+0000] {connection.py:43} INFO - Table 'users' in Postgres.
[2025-10-11T06:07:51.970+0000] {connection.py:22} INFO - Successfully connected to Postgres.
[2025-10-11T06:07:52.056+0000] {connection.py:43} INFO - Table 'stg_movies' in Postgres.
[2025-10-11T06:07:52.057+0000] {connection.py:22} INFO - Successfully connected to Postgres.
[2025-10-11T06:07:52.153+0000] {connection.py:43} INFO - Table 'movies' in Postgres.
[2025-10-11T06:07:52.155+0000] {connection.py:22} INFO - Successfully connected to Postgres.
[2025-10-11T06:07:52.246+0000] {connection.py:43} INFO - Table 'stg_ratings' in Postgres.
[2025-10-11T06:07:52.247+0000] {connection.py:22} INFO - Successfully connected to Postgres.
[2025-10-11T06:07:52.341+0000] {connection.py:43} INFO - Table 'ratings' in Postgres.
[2025-10-11T06:07:52.342+0000] {load.py:32} INFO - Tables exist.
[2025-10-11T06:07:52.345+0000] {python.py:237} INFO - Done. Returned value was: None
[2025-10-11T06:07:52.346+0000] {taskinstance.py:441} INFO - ::group::Post task execution logs
[2025-10-11T06:07:52.360+0000] {taskinstance.py:1206} INFO - Marking task as SUCCESS. dag_id=pipeline_flow, task_id=check_create_stg_tables, run_id=scheduled__1998-08-23T00:00:00+00:00, execution_date=19980823T000000, start_date=20251011T060751, end_date=20251011T060752
[2025-10-11T06:07:52.394+0000] {local_task_job_runner.py:243} INFO - Task exited with return code 0
[2025-10-11T06:07:52.430+0000] {taskinstance.py:3503} INFO - 3 downstream tasks scheduled from follow-on schedule check
[2025-10-11T06:07:52.433+0000] {local_task_job_runner.py:222} INFO - ::endgroup::
