[2025-10-11T06:33:08.785+0000] {local_task_job_runner.py:120} INFO - ::group::Pre task execution logs
[2025-10-11T06:33:08.829+0000] {taskinstance.py:2076} INFO - Dependencies all met for dep_context=non-requeueable deps ti=<TaskInstance: pipeline_flow.to_bronze scheduled__2000-10-29T00:00:00+00:00 [queued]>
[2025-10-11T06:33:08.841+0000] {taskinstance.py:2076} INFO - Dependencies all met for dep_context=requeueable deps ti=<TaskInstance: pipeline_flow.to_bronze scheduled__2000-10-29T00:00:00+00:00 [queued]>
[2025-10-11T06:33:08.843+0000] {taskinstance.py:2306} INFO - Starting attempt 1 of 2
[2025-10-11T06:33:08.861+0000] {taskinstance.py:2330} INFO - Executing <Task(PythonOperator): to_bronze> on 2000-10-29 00:00:00+00:00
[2025-10-11T06:33:08.871+0000] {logging_mixin.py:188} WARNING - /home/***/.local/lib/python3.12/site-packages/***/task/task_runner/standard_task_runner.py:62 DeprecationWarning: This process (pid=13609) is multi-threaded, use of fork() may lead to deadlocks in the child.
[2025-10-11T06:33:08.873+0000] {standard_task_runner.py:64} INFO - Started process 13615 to run task
[2025-10-11T06:33:08.871+0000] {standard_task_runner.py:90} INFO - Running: ['***', 'tasks', 'run', 'pipeline_flow', 'to_bronze', 'scheduled__2000-10-29T00:00:00+00:00', '--job-id', '1791', '--raw', '--subdir', 'DAGS_FOLDER/pipeline_dag.py', '--cfg-path', '/tmp/tmpmdntmuc9']
[2025-10-11T06:33:08.874+0000] {standard_task_runner.py:91} INFO - Job 1791: Subtask to_bronze
[2025-10-11T06:33:08.958+0000] {task_command.py:426} INFO - Running <TaskInstance: pipeline_flow.to_bronze scheduled__2000-10-29T00:00:00+00:00 [running]> on host 321597a50810
[2025-10-11T06:33:09.087+0000] {taskinstance.py:2648} INFO - Exporting env vars: AIRFLOW_CTX_DAG_EMAIL='oluwaseyiogundimu10@gmail.com' AIRFLOW_CTX_DAG_OWNER='seyi' AIRFLOW_CTX_DAG_ID='pipeline_flow' AIRFLOW_CTX_TASK_ID='to_bronze' AIRFLOW_CTX_EXECUTION_DATE='2000-10-29T00:00:00+00:00' AIRFLOW_CTX_TRY_NUMBER='1' AIRFLOW_CTX_DAG_RUN_ID='scheduled__2000-10-29T00:00:00+00:00'
[2025-10-11T06:33:09.089+0000] {taskinstance.py:430} INFO - ::endgroup::
[2025-10-11T06:33:09.106+0000] {orchestration.py:16} INFO - Starting Bronze layer data pipeline...
[2025-10-11T06:33:09.195+0000] {s3_client.py:30} INFO - ✅ Successfully initialized S3 client.
[2025-10-11T06:33:09.197+0000] {ingest.py:26} INFO - Reading movies...
[2025-10-11T06:33:11.351+0000] {ingest.py:31} INFO - Successfully read movies.
[2025-10-11T06:33:11.355+0000] {ingest.py:26} INFO - Reading ratings...
[2025-10-11T06:33:15.874+0000] {ingest.py:31} INFO - Successfully read ratings.
[2025-10-11T06:33:15.876+0000] {ingest.py:26} INFO - Reading users...
[2025-10-11T06:33:17.740+0000] {ingest.py:31} INFO - Successfully read users.
[2025-10-11T06:33:17.742+0000] {orchestration.py:24} INFO - Successfully ingested raw data.
[2025-10-11T06:33:17.743+0000] {validation.py:17} INFO - Validating columns for movies..
[2025-10-11T06:33:17.745+0000] {validation.py:32} INFO - successfully validated movies's columns.
[2025-10-11T06:33:17.746+0000] {validation.py:17} INFO - Validating columns for ratings..
[2025-10-11T06:33:17.748+0000] {validation.py:32} INFO - successfully validated ratings's columns.
[2025-10-11T06:33:17.749+0000] {validation.py:17} INFO - Validating columns for users..
[2025-10-11T06:33:17.750+0000] {validation.py:32} INFO - successfully validated users's columns.
[2025-10-11T06:33:17.757+0000] {validation.py:46} WARNING - movies has 4 missing values:
release_date    1
IMDb_URL        3
dtype: int64
[2025-10-11T06:33:17.762+0000] {validation.py:48} INFO - No missing values found in ratings.
[2025-10-11T06:33:17.766+0000] {validation.py:48} INFO - No missing values found in users.
[2025-10-11T06:33:17.768+0000] {orchestration.py:29} INFO - Data validation completed successfully.
[2025-10-11T06:33:18.511+0000] {s3_client.py:55} INFO - Bucket 'movie-pipeline-bronze' already exists.
[2025-10-11T06:33:18.513+0000] {upload.py:23} INFO - Starting movies upload to bronze bucket
[2025-10-11T06:33:18.523+0000] {upload.py:31} INFO - Uploading movies.csv to S3 bucket movie-pipeline-bronze
[2025-10-11T06:33:20.166+0000] {upload.py:40} INFO - Successfully uploaded movies.csv to S3 bucket movie-pipeline-bronze.
[2025-10-11T06:33:20.168+0000] {upload.py:23} INFO - Starting ratings upload to bronze bucket
[2025-10-11T06:33:20.337+0000] {upload.py:31} INFO - Uploading ratings.csv to S3 bucket movie-pipeline-bronze
[2025-10-11T06:33:23.957+0000] {upload.py:40} INFO - Successfully uploaded ratings.csv to S3 bucket movie-pipeline-bronze.
[2025-10-11T06:33:23.961+0000] {upload.py:23} INFO - Starting users upload to bronze bucket
[2025-10-11T06:33:23.969+0000] {upload.py:31} INFO - Uploading users.csv to S3 bucket movie-pipeline-bronze
[2025-10-11T06:33:24.430+0000] {upload.py:40} INFO - Successfully uploaded users.csv to S3 bucket movie-pipeline-bronze.
[2025-10-11T06:33:24.432+0000] {orchestration.py:36} INFO - Data successfully uploaded to Bronze S3 bucket.
[2025-10-11T06:33:24.435+0000] {orchestration.py:38} INFO - Bronze pipeline execution completed successfully!
[2025-10-11T06:33:24.438+0000] {python.py:237} INFO - Done. Returned value was: None
[2025-10-11T06:33:24.441+0000] {taskinstance.py:441} INFO - ::group::Post task execution logs
[2025-10-11T06:33:24.462+0000] {taskinstance.py:1206} INFO - Marking task as SUCCESS. dag_id=pipeline_flow, task_id=to_bronze, run_id=scheduled__2000-10-29T00:00:00+00:00, execution_date=20001029T000000, start_date=20251011T063308, end_date=20251011T063324
[2025-10-11T06:33:24.519+0000] {local_task_job_runner.py:243} INFO - Task exited with return code 0
[2025-10-11T06:33:24.582+0000] {taskinstance.py:3503} INFO - 3 downstream tasks scheduled from follow-on schedule check
[2025-10-11T06:33:24.592+0000] {local_task_job_runner.py:222} INFO - ::endgroup::
