[2025-10-11T06:09:26.572+0000] {local_task_job_runner.py:120} INFO - ::group::Pre task execution logs
[2025-10-11T06:09:26.620+0000] {taskinstance.py:2076} INFO - Dependencies all met for dep_context=non-requeueable deps ti=<TaskInstance: pipeline_flow.check_create_stg_tables scheduled__1998-12-13T00:00:00+00:00 [queued]>
[2025-10-11T06:09:26.632+0000] {taskinstance.py:2076} INFO - Dependencies all met for dep_context=requeueable deps ti=<TaskInstance: pipeline_flow.check_create_stg_tables scheduled__1998-12-13T00:00:00+00:00 [queued]>
[2025-10-11T06:09:26.633+0000] {taskinstance.py:2306} INFO - Starting attempt 1 of 2
[2025-10-11T06:09:26.651+0000] {taskinstance.py:2330} INFO - Executing <Task(PythonOperator): check_create_stg_tables> on 1998-12-13 00:00:00+00:00
[2025-10-11T06:09:26.664+0000] {logging_mixin.py:188} WARNING - /home/***/.local/lib/python3.12/site-packages/***/task/task_runner/standard_task_runner.py:62 DeprecationWarning: This process (pid=10312) is multi-threaded, use of fork() may lead to deadlocks in the child.
[2025-10-11T06:09:26.666+0000] {standard_task_runner.py:64} INFO - Started process 10318 to run task
[2025-10-11T06:09:26.665+0000] {standard_task_runner.py:90} INFO - Running: ['***', 'tasks', 'run', 'pipeline_flow', 'check_create_stg_tables', 'scheduled__1998-12-13T00:00:00+00:00', '--job-id', '760', '--raw', '--subdir', 'DAGS_FOLDER/pipeline_dag.py', '--cfg-path', '/tmp/tmpjxpxg9hf']
[2025-10-11T06:09:26.669+0000] {standard_task_runner.py:91} INFO - Job 760: Subtask check_create_stg_tables
[2025-10-11T06:09:26.746+0000] {task_command.py:426} INFO - Running <TaskInstance: pipeline_flow.check_create_stg_tables scheduled__1998-12-13T00:00:00+00:00 [running]> on host 321597a50810
[2025-10-11T06:09:26.898+0000] {taskinstance.py:2648} INFO - Exporting env vars: AIRFLOW_CTX_DAG_EMAIL='oluwaseyiogundimu10@gmail.com' AIRFLOW_CTX_DAG_OWNER='seyi' AIRFLOW_CTX_DAG_ID='pipeline_flow' AIRFLOW_CTX_TASK_ID='check_create_stg_tables' AIRFLOW_CTX_EXECUTION_DATE='1998-12-13T00:00:00+00:00' AIRFLOW_CTX_TRY_NUMBER='1' AIRFLOW_CTX_DAG_RUN_ID='scheduled__1998-12-13T00:00:00+00:00'
[2025-10-11T06:09:26.899+0000] {taskinstance.py:430} INFO - ::endgroup::
[2025-10-11T06:09:26.919+0000] {connection.py:22} INFO - Successfully connected to Postgres.
[2025-10-11T06:09:27.014+0000] {connection.py:43} INFO - Table 'stg_users' in Postgres.
[2025-10-11T06:09:27.016+0000] {connection.py:22} INFO - Successfully connected to Postgres.
[2025-10-11T06:09:27.127+0000] {connection.py:43} INFO - Table 'users' in Postgres.
[2025-10-11T06:09:27.129+0000] {connection.py:22} INFO - Successfully connected to Postgres.
[2025-10-11T06:09:27.256+0000] {connection.py:43} INFO - Table 'stg_movies' in Postgres.
[2025-10-11T06:09:27.258+0000] {connection.py:22} INFO - Successfully connected to Postgres.
[2025-10-11T06:09:27.366+0000] {connection.py:43} INFO - Table 'movies' in Postgres.
[2025-10-11T06:09:27.368+0000] {connection.py:22} INFO - Successfully connected to Postgres.
[2025-10-11T06:09:27.479+0000] {connection.py:43} INFO - Table 'stg_ratings' in Postgres.
[2025-10-11T06:09:27.481+0000] {connection.py:22} INFO - Successfully connected to Postgres.
[2025-10-11T06:09:27.601+0000] {connection.py:43} INFO - Table 'ratings' in Postgres.
[2025-10-11T06:09:27.603+0000] {load.py:32} INFO - Tables exist.
[2025-10-11T06:09:27.606+0000] {python.py:237} INFO - Done. Returned value was: None
[2025-10-11T06:09:27.607+0000] {taskinstance.py:441} INFO - ::group::Post task execution logs
[2025-10-11T06:09:27.638+0000] {taskinstance.py:1206} INFO - Marking task as SUCCESS. dag_id=pipeline_flow, task_id=check_create_stg_tables, run_id=scheduled__1998-12-13T00:00:00+00:00, execution_date=19981213T000000, start_date=20251011T060926, end_date=20251011T060927
[2025-10-11T06:09:27.686+0000] {local_task_job_runner.py:243} INFO - Task exited with return code 0
[2025-10-11T06:09:27.740+0000] {taskinstance.py:3503} INFO - 3 downstream tasks scheduled from follow-on schedule check
[2025-10-11T06:09:27.744+0000] {local_task_job_runner.py:222} INFO - ::endgroup::
