[2025-10-11T06:57:48.798+0000] {local_task_job_runner.py:120} INFO - ::group::Pre task execution logs
[2025-10-11T06:57:48.876+0000] {taskinstance.py:2076} INFO - Dependencies all met for dep_context=non-requeueable deps ti=<TaskInstance: pipeline_flow.load_ratings scheduled__2001-02-18T00:00:00+00:00 [queued]>
[2025-10-11T06:57:48.898+0000] {taskinstance.py:2076} INFO - Dependencies all met for dep_context=requeueable deps ti=<TaskInstance: pipeline_flow.load_ratings scheduled__2001-02-18T00:00:00+00:00 [queued]>
[2025-10-11T06:57:48.899+0000] {taskinstance.py:2306} INFO - Starting attempt 1 of 2
[2025-10-11T06:57:48.932+0000] {taskinstance.py:2330} INFO - Executing <Task(PythonOperator): load_ratings> on 2001-02-18 00:00:00+00:00
[2025-10-11T06:57:48.946+0000] {logging_mixin.py:188} WARNING - /home/***/.local/lib/python3.12/site-packages/***/task/task_runner/standard_task_runner.py:62 DeprecationWarning: This process (pid=888) is multi-threaded, use of fork() may lead to deadlocks in the child.
[2025-10-11T06:57:48.948+0000] {standard_task_runner.py:64} INFO - Started process 900 to run task
[2025-10-11T06:57:48.947+0000] {standard_task_runner.py:90} INFO - Running: ['***', 'tasks', 'run', 'pipeline_flow', 'load_ratings', 'scheduled__2001-02-18T00:00:00+00:00', '--job-id', '2053', '--raw', '--subdir', 'DAGS_FOLDER/pipeline_dag.py', '--cfg-path', '/tmp/tmpfsbf0496']
[2025-10-11T06:57:48.952+0000] {standard_task_runner.py:91} INFO - Job 2053: Subtask load_ratings
[2025-10-11T06:57:49.039+0000] {task_command.py:426} INFO - Running <TaskInstance: pipeline_flow.load_ratings scheduled__2001-02-18T00:00:00+00:00 [running]> on host 321597a50810
[2025-10-11T06:57:49.234+0000] {taskinstance.py:2648} INFO - Exporting env vars: AIRFLOW_CTX_DAG_EMAIL='oluwaseyiogundimu10@gmail.com' AIRFLOW_CTX_DAG_OWNER='seyi' AIRFLOW_CTX_DAG_ID='pipeline_flow' AIRFLOW_CTX_TASK_ID='load_ratings' AIRFLOW_CTX_EXECUTION_DATE='2001-02-18T00:00:00+00:00' AIRFLOW_CTX_TRY_NUMBER='1' AIRFLOW_CTX_DAG_RUN_ID='scheduled__2001-02-18T00:00:00+00:00'
[2025-10-11T06:57:49.237+0000] {taskinstance.py:430} INFO - ::endgroup::
[2025-10-11T06:57:49.264+0000] {transform.py:91} INFO - Starting transformations for ratings..
[2025-10-11T06:57:49.267+0000] {read_write_buckets.py:22} INFO - Reading ratings.csv from movie-pipeline-bronze bucket.
[2025-10-11T06:57:49.503+0000] {s3_client.py:30} INFO - ✅ Successfully initialized S3 client.
[2025-10-11T06:57:52.722+0000] {read_write_buckets.py:34} INFO - Successfully read ratings.csv into DataFrame. Shape: (100000, 4)
[2025-10-11T06:57:52.769+0000] {transform.py:109} INFO - Interval Start: 2001-02-18 00:00:00+00:00, interval End: 2001-02-25 00:00:00+00:00,                Logical start: 2001-02-18 00:00:00+00:00, Pipeline start: 1997-09-28 00:00:00+00:00
[2025-10-11T06:57:52.777+0000] {transform.py:122} INFO - Weekly run: filtering 0 rating records from 2001-02-18 to 2001-02-25
[2025-10-11T06:57:52.780+0000] {watermarks.py:25} INFO - Reading watermarks from S3 Bronze bucket...
[2025-10-11T06:57:53.181+0000] {watermarks.py:30} INFO - Successfully read existing watermarks.
[2025-10-11T06:57:53.183+0000] {transform.py:130} INFO - Applying watermark filter for ratings..
[2025-10-11T06:57:53.193+0000] {logging_mixin.py:188} WARNING - /opt/***/dags/../pipeline/b_silver/transform.py:137 SettingWithCopyWarning: 
A value is trying to be set on a copy of a slice from a DataFrame.
Try using .loc[row_indexer,col_indexer] = value instead

See the caveats in the documentation: https://pandas.pydata.org/pandas-docs/stable/user_guide/indexing.html#returning-a-view-versus-a-copy
[2025-10-11T06:57:53.198+0000] {transform.py:145} INFO - Filtered ratings to 0 new records after watermark 1998-04-22 23:10:38.
[2025-10-11T06:57:53.200+0000] {transform.py:154} WARNING - No new ratings data to upload after watermark filtering. End
[2025-10-11T06:57:53.201+0000] {python.py:237} INFO - Done. Returned value was: None
[2025-10-11T06:57:53.202+0000] {taskinstance.py:441} INFO - ::group::Post task execution logs
[2025-10-11T06:57:53.221+0000] {taskinstance.py:1206} INFO - Marking task as SUCCESS. dag_id=pipeline_flow, task_id=load_ratings, run_id=scheduled__2001-02-18T00:00:00+00:00, execution_date=20010218T000000, start_date=20251011T065748, end_date=20251011T065753
[2025-10-11T06:57:53.265+0000] {local_task_job_runner.py:243} INFO - Task exited with return code 0
[2025-10-11T06:57:53.284+0000] {local_task_job_runner.py:222} INFO - ::endgroup::
