[2025-10-11T06:56:26.781+0000] {local_task_job_runner.py:120} INFO - ::group::Pre task execution logs
[2025-10-11T06:56:26.834+0000] {taskinstance.py:2076} INFO - Dependencies all met for dep_context=non-requeueable deps ti=<TaskInstance: pipeline_flow.check_create_stg_tables scheduled__2000-11-12T00:00:00+00:00 [queued]>
[2025-10-11T06:56:26.849+0000] {taskinstance.py:2076} INFO - Dependencies all met for dep_context=requeueable deps ti=<TaskInstance: pipeline_flow.check_create_stg_tables scheduled__2000-11-12T00:00:00+00:00 [queued]>
[2025-10-11T06:56:26.851+0000] {taskinstance.py:2306} INFO - Starting attempt 1 of 2
[2025-10-11T06:56:26.874+0000] {taskinstance.py:2330} INFO - Executing <Task(PythonOperator): check_create_stg_tables> on 2000-11-12 00:00:00+00:00
[2025-10-11T06:56:26.890+0000] {logging_mixin.py:188} WARNING - /home/***/.local/lib/python3.12/site-packages/***/task/task_runner/standard_task_runner.py:62 DeprecationWarning: This process (pid=579) is multi-threaded, use of fork() may lead to deadlocks in the child.
[2025-10-11T06:56:26.889+0000] {standard_task_runner.py:90} INFO - Running: ['***', 'tasks', 'run', 'pipeline_flow', 'check_create_stg_tables', 'scheduled__2000-11-12T00:00:00+00:00', '--job-id', '1953', '--raw', '--subdir', 'DAGS_FOLDER/pipeline_dag.py', '--cfg-path', '/tmp/tmpkpj8unxc']
[2025-10-11T06:56:26.892+0000] {standard_task_runner.py:64} INFO - Started process 582 to run task
[2025-10-11T06:56:26.893+0000] {standard_task_runner.py:91} INFO - Job 1953: Subtask check_create_stg_tables
[2025-10-11T06:56:26.990+0000] {task_command.py:426} INFO - Running <TaskInstance: pipeline_flow.check_create_stg_tables scheduled__2000-11-12T00:00:00+00:00 [running]> on host 321597a50810
[2025-10-11T06:56:27.198+0000] {taskinstance.py:2648} INFO - Exporting env vars: AIRFLOW_CTX_DAG_EMAIL='oluwaseyiogundimu10@gmail.com' AIRFLOW_CTX_DAG_OWNER='seyi' AIRFLOW_CTX_DAG_ID='pipeline_flow' AIRFLOW_CTX_TASK_ID='check_create_stg_tables' AIRFLOW_CTX_EXECUTION_DATE='2000-11-12T00:00:00+00:00' AIRFLOW_CTX_TRY_NUMBER='1' AIRFLOW_CTX_DAG_RUN_ID='scheduled__2000-11-12T00:00:00+00:00'
[2025-10-11T06:56:27.201+0000] {taskinstance.py:430} INFO - ::endgroup::
[2025-10-11T06:56:27.231+0000] {connection.py:22} INFO - Successfully connected to Postgres.
[2025-10-11T06:56:27.397+0000] {connection.py:43} INFO - Table 'stg_users' in Postgres.
[2025-10-11T06:56:27.400+0000] {connection.py:22} INFO - Successfully connected to Postgres.
[2025-10-11T06:56:27.563+0000] {connection.py:43} INFO - Table 'users' in Postgres.
[2025-10-11T06:56:27.566+0000] {connection.py:22} INFO - Successfully connected to Postgres.
[2025-10-11T06:56:27.695+0000] {connection.py:43} INFO - Table 'stg_movies' in Postgres.
[2025-10-11T06:56:27.698+0000] {connection.py:22} INFO - Successfully connected to Postgres.
[2025-10-11T06:56:27.833+0000] {connection.py:43} INFO - Table 'movies' in Postgres.
[2025-10-11T06:56:27.836+0000] {connection.py:22} INFO - Successfully connected to Postgres.
[2025-10-11T06:56:27.965+0000] {connection.py:43} INFO - Table 'stg_ratings' in Postgres.
[2025-10-11T06:56:27.968+0000] {connection.py:22} INFO - Successfully connected to Postgres.
[2025-10-11T06:56:28.101+0000] {connection.py:43} INFO - Table 'ratings' in Postgres.
[2025-10-11T06:56:28.102+0000] {load.py:32} INFO - Tables exist.
[2025-10-11T06:56:28.104+0000] {python.py:237} INFO - Done. Returned value was: None
[2025-10-11T06:56:28.121+0000] {taskinstance.py:441} INFO - ::group::Post task execution logs
[2025-10-11T06:56:28.155+0000] {taskinstance.py:1206} INFO - Marking task as SUCCESS. dag_id=pipeline_flow, task_id=check_create_stg_tables, run_id=scheduled__2000-11-12T00:00:00+00:00, execution_date=20001112T000000, start_date=20251011T065626, end_date=20251011T065628
[2025-10-11T06:56:28.437+0000] {local_task_job_runner.py:243} INFO - Task exited with return code 0
[2025-10-11T06:56:28.507+0000] {taskinstance.py:3503} INFO - 3 downstream tasks scheduled from follow-on schedule check
[2025-10-11T06:56:28.511+0000] {local_task_job_runner.py:222} INFO - ::endgroup::
