[2025-10-11T04:44:27.790+0000] {local_task_job_runner.py:120} INFO - ::group::Pre task execution logs
[2025-10-11T04:44:27.839+0000] {taskinstance.py:2076} INFO - Dependencies all met for dep_context=non-requeueable deps ti=<TaskInstance: pipeline_flow.check_ratings_freshness manual__2025-10-09T10:56:57.007831+00:00 [queued]>
[2025-10-11T04:44:27.851+0000] {taskinstance.py:2076} INFO - Dependencies all met for dep_context=requeueable deps ti=<TaskInstance: pipeline_flow.check_ratings_freshness manual__2025-10-09T10:56:57.007831+00:00 [queued]>
[2025-10-11T04:44:27.853+0000] {taskinstance.py:2306} INFO - Starting attempt 2 of 3
[2025-10-11T04:44:27.873+0000] {taskinstance.py:2330} INFO - Executing <Task(ShortCircuitOperator): check_ratings_freshness> on 2025-10-09 10:56:57.007831+00:00
[2025-10-11T04:44:27.886+0000] {logging_mixin.py:188} WARNING - /home/***/.local/lib/python3.12/site-packages/***/task/task_runner/standard_task_runner.py:62 DeprecationWarning: This process (pid=7257) is multi-threaded, use of fork() may lead to deadlocks in the child.
[2025-10-11T04:44:27.888+0000] {standard_task_runner.py:64} INFO - Started process 7265 to run task
[2025-10-11T04:44:27.886+0000] {standard_task_runner.py:90} INFO - Running: ['***', 'tasks', 'run', 'pipeline_flow', 'check_ratings_freshness', 'manual__2025-10-09T10:56:57.007831+00:00', '--job-id', '45', '--raw', '--subdir', 'DAGS_FOLDER/pipeline_dag.py', '--cfg-path', '/tmp/tmpu2hht17c']
[2025-10-11T04:44:27.893+0000] {standard_task_runner.py:91} INFO - Job 45: Subtask check_ratings_freshness
[2025-10-11T04:44:27.991+0000] {task_command.py:426} INFO - Running <TaskInstance: pipeline_flow.check_ratings_freshness manual__2025-10-09T10:56:57.007831+00:00 [running]> on host 321597a50810
[2025-10-11T04:44:28.132+0000] {taskinstance.py:2648} INFO - Exporting env vars: AIRFLOW_CTX_DAG_EMAIL='oluwaseyiogundimu10@gmail.com' AIRFLOW_CTX_DAG_OWNER='seyi' AIRFLOW_CTX_DAG_ID='pipeline_flow' AIRFLOW_CTX_TASK_ID='check_ratings_freshness' AIRFLOW_CTX_EXECUTION_DATE='2025-10-09T10:56:57.007831+00:00' AIRFLOW_CTX_TRY_NUMBER='2' AIRFLOW_CTX_DAG_RUN_ID='manual__2025-10-09T10:56:57.007831+00:00'
[2025-10-11T04:44:28.135+0000] {taskinstance.py:430} INFO - ::endgroup::
[2025-10-11T04:44:28.151+0000] {baseoperator.py:400} WARNING - ShortCircuitOperator.execute cannot be called outside TaskInstance!
[2025-10-11T04:44:28.285+0000] {s3_client.py:30} INFO - ✅ Successfully initialized S3 client.
[2025-10-11T04:44:29.048+0000] {logging_mixin.py:188} INFO - ratings.csv is fresh: 2025-10-11 04:44:16+00:00
[2025-10-11T04:44:29.049+0000] {python.py:237} INFO - Done. Returned value was: True
[2025-10-11T04:44:29.051+0000] {python.py:304} INFO - Condition result is True
[2025-10-11T04:44:29.052+0000] {python.py:307} INFO - Proceeding with downstream tasks...
[2025-10-11T04:44:29.054+0000] {taskinstance.py:441} INFO - ::group::Post task execution logs
[2025-10-11T04:44:29.102+0000] {taskinstance.py:1206} INFO - Marking task as SUCCESS. dag_id=pipeline_flow, task_id=check_ratings_freshness, run_id=manual__2025-10-09T10:56:57.007831+00:00, execution_date=20251009T105657, start_date=20251011T044427, end_date=20251011T044429
[2025-10-11T04:44:29.150+0000] {local_task_job_runner.py:243} INFO - Task exited with return code 0
[2025-10-11T04:44:29.196+0000] {taskinstance.py:3503} INFO - 1 downstream tasks scheduled from follow-on schedule check
[2025-10-11T04:44:29.200+0000] {local_task_job_runner.py:222} INFO - ::endgroup::
