[2025-10-11T06:04:51.919+0000] {local_task_job_runner.py:120} INFO - ::group::Pre task execution logs
[2025-10-11T06:04:51.974+0000] {taskinstance.py:2076} INFO - Dependencies all met for dep_context=non-requeueable deps ti=<TaskInstance: pipeline_flow.load_ratings_to_gold scheduled__1998-04-26T00:00:00+00:00 [queued]>
[2025-10-11T06:04:51.991+0000] {taskinstance.py:2076} INFO - Dependencies all met for dep_context=requeueable deps ti=<TaskInstance: pipeline_flow.load_ratings_to_gold scheduled__1998-04-26T00:00:00+00:00 [queued]>
[2025-10-11T06:04:51.992+0000] {taskinstance.py:2306} INFO - Starting attempt 1 of 2
[2025-10-11T06:04:52.024+0000] {taskinstance.py:2330} INFO - Executing <Task(PythonOperator): load_ratings_to_gold> on 1998-04-26 00:00:00+00:00
[2025-10-11T06:04:52.042+0000] {logging_mixin.py:188} WARNING - /home/***/.local/lib/python3.12/site-packages/***/task/task_runner/standard_task_runner.py:62 DeprecationWarning: This process (pid=9216) is multi-threaded, use of fork() may lead to deadlocks in the child.
[2025-10-11T06:04:52.045+0000] {standard_task_runner.py:64} INFO - Started process 9232 to run task
[2025-10-11T06:04:52.043+0000] {standard_task_runner.py:90} INFO - Running: ['***', 'tasks', 'run', 'pipeline_flow', 'load_ratings_to_gold', 'scheduled__1998-04-26T00:00:00+00:00', '--job-id', '409', '--raw', '--subdir', 'DAGS_FOLDER/pipeline_dag.py', '--cfg-path', '/tmp/tmp2nqlkadu']
[2025-10-11T06:04:52.048+0000] {standard_task_runner.py:91} INFO - Job 409: Subtask load_ratings_to_gold
[2025-10-11T06:04:52.169+0000] {task_command.py:426} INFO - Running <TaskInstance: pipeline_flow.load_ratings_to_gold scheduled__1998-04-26T00:00:00+00:00 [running]> on host 321597a50810
[2025-10-11T06:04:52.378+0000] {taskinstance.py:2648} INFO - Exporting env vars: AIRFLOW_CTX_DAG_EMAIL='oluwaseyiogundimu10@gmail.com' AIRFLOW_CTX_DAG_OWNER='seyi' AIRFLOW_CTX_DAG_ID='pipeline_flow' AIRFLOW_CTX_TASK_ID='load_ratings_to_gold' AIRFLOW_CTX_EXECUTION_DATE='1998-04-26T00:00:00+00:00' AIRFLOW_CTX_TRY_NUMBER='1' AIRFLOW_CTX_DAG_RUN_ID='scheduled__1998-04-26T00:00:00+00:00'
[2025-10-11T06:04:52.379+0000] {taskinstance.py:430} INFO - ::endgroup::
[2025-10-11T06:04:52.576+0000] {s3_client.py:30} INFO - ✅ Successfully initialized S3 client.
[2025-10-11T06:04:52.578+0000] {read_bucket.py:26} INFO - Reading ratings/1998-05.csv from movie-pipeline-silver bucket.
[2025-10-11T06:04:53.796+0000] {read_bucket.py:36} ERROR - Error reading ratings/1998-05.csv from movie-pipeline-silver: An error occurred (NoSuchKey) when calling the GetObject operation: The specified key does not exist.
[2025-10-11T06:04:53.798+0000] {load.py:113} WARNING - Partition ratings/1998-05.csv not found. Skipping.
[2025-10-11T06:04:53.799+0000] {load.py:120} WARNING - No ratings data found in selected partitions. Skipping load.
[2025-10-11T06:04:53.800+0000] {python.py:237} INFO - Done. Returned value was: None
[2025-10-11T06:04:53.801+0000] {taskinstance.py:441} INFO - ::group::Post task execution logs
[2025-10-11T06:04:53.818+0000] {taskinstance.py:1206} INFO - Marking task as SUCCESS. dag_id=pipeline_flow, task_id=load_ratings_to_gold, run_id=scheduled__1998-04-26T00:00:00+00:00, execution_date=19980426T000000, start_date=20251011T060451, end_date=20251011T060453
[2025-10-11T06:04:53.870+0000] {local_task_job_runner.py:243} INFO - Task exited with return code 0
[2025-10-11T06:04:53.907+0000] {taskinstance.py:3503} INFO - 0 downstream tasks scheduled from follow-on schedule check
[2025-10-11T06:04:53.910+0000] {local_task_job_runner.py:222} INFO - ::endgroup::
