[2025-10-11T06:07:36.830+0000] {local_task_job_runner.py:120} INFO - ::group::Pre task execution logs
[2025-10-11T06:07:36.896+0000] {taskinstance.py:2076} INFO - Dependencies all met for dep_context=non-requeueable deps ti=<TaskInstance: pipeline_flow.to_bronze scheduled__1998-10-04T00:00:00+00:00 [queued]>
[2025-10-11T06:07:36.912+0000] {taskinstance.py:2076} INFO - Dependencies all met for dep_context=requeueable deps ti=<TaskInstance: pipeline_flow.to_bronze scheduled__1998-10-04T00:00:00+00:00 [queued]>
[2025-10-11T06:07:36.914+0000] {taskinstance.py:2306} INFO - Starting attempt 1 of 2
[2025-10-11T06:07:36.945+0000] {taskinstance.py:2330} INFO - Executing <Task(PythonOperator): to_bronze> on 1998-10-04 00:00:00+00:00
[2025-10-11T06:07:36.973+0000] {logging_mixin.py:188} WARNING - /home/***/.local/lib/python3.12/site-packages/***/task/task_runner/standard_task_runner.py:62 DeprecationWarning: This process (pid=9868) is multi-threaded, use of fork() may lead to deadlocks in the child.
[2025-10-11T06:07:36.973+0000] {standard_task_runner.py:90} INFO - Running: ['***', 'tasks', 'run', 'pipeline_flow', 'to_bronze', 'scheduled__1998-10-04T00:00:00+00:00', '--job-id', '616', '--raw', '--subdir', 'DAGS_FOLDER/pipeline_dag.py', '--cfg-path', '/tmp/tmplbih26pp']
[2025-10-11T06:07:36.976+0000] {standard_task_runner.py:64} INFO - Started process 9876 to run task
[2025-10-11T06:07:36.983+0000] {standard_task_runner.py:91} INFO - Job 616: Subtask to_bronze
[2025-10-11T06:07:37.141+0000] {task_command.py:426} INFO - Running <TaskInstance: pipeline_flow.to_bronze scheduled__1998-10-04T00:00:00+00:00 [running]> on host 321597a50810
[2025-10-11T06:07:37.466+0000] {taskinstance.py:2648} INFO - Exporting env vars: AIRFLOW_CTX_DAG_EMAIL='oluwaseyiogundimu10@gmail.com' AIRFLOW_CTX_DAG_OWNER='seyi' AIRFLOW_CTX_DAG_ID='pipeline_flow' AIRFLOW_CTX_TASK_ID='to_bronze' AIRFLOW_CTX_EXECUTION_DATE='1998-10-04T00:00:00+00:00' AIRFLOW_CTX_TRY_NUMBER='1' AIRFLOW_CTX_DAG_RUN_ID='scheduled__1998-10-04T00:00:00+00:00'
[2025-10-11T06:07:37.475+0000] {taskinstance.py:430} INFO - ::endgroup::
[2025-10-11T06:07:37.520+0000] {orchestration.py:16} INFO - Starting Bronze layer data pipeline...
[2025-10-11T06:07:37.691+0000] {s3_client.py:30} INFO - ✅ Successfully initialized S3 client.
[2025-10-11T06:07:37.693+0000] {ingest.py:26} INFO - Reading movies...
[2025-10-11T06:07:40.061+0000] {ingest.py:31} INFO - Successfully read movies.
[2025-10-11T06:07:40.062+0000] {ingest.py:26} INFO - Reading ratings...
[2025-10-11T06:07:45.674+0000] {ingest.py:31} INFO - Successfully read ratings.
[2025-10-11T06:07:45.676+0000] {ingest.py:26} INFO - Reading users...
[2025-10-11T06:07:47.313+0000] {ingest.py:31} INFO - Successfully read users.
[2025-10-11T06:07:47.314+0000] {orchestration.py:24} INFO - Successfully ingested raw data.
[2025-10-11T06:07:47.316+0000] {validation.py:17} INFO - Validating columns for movies..
[2025-10-11T06:07:47.317+0000] {validation.py:32} INFO - successfully validated movies's columns.
[2025-10-11T06:07:47.319+0000] {validation.py:17} INFO - Validating columns for ratings..
[2025-10-11T06:07:47.320+0000] {validation.py:32} INFO - successfully validated ratings's columns.
[2025-10-11T06:07:47.321+0000] {validation.py:17} INFO - Validating columns for users..
[2025-10-11T06:07:47.323+0000] {validation.py:32} INFO - successfully validated users's columns.
[2025-10-11T06:07:47.328+0000] {validation.py:46} WARNING - movies has 4 missing values:
release_date    1
IMDb_URL        3
dtype: int64
[2025-10-11T06:07:47.330+0000] {validation.py:48} INFO - No missing values found in ratings.
[2025-10-11T06:07:47.332+0000] {validation.py:48} INFO - No missing values found in users.
[2025-10-11T06:07:47.334+0000] {orchestration.py:29} INFO - Data validation completed successfully.
[2025-10-11T06:07:49.006+0000] {s3_client.py:55} INFO - Bucket 'movie-pipeline-bronze' already exists.
[2025-10-11T06:07:49.009+0000] {upload.py:23} INFO - Starting movies upload to bronze bucket
[2025-10-11T06:07:49.025+0000] {upload.py:31} INFO - Uploading movies.csv to S3 bucket movie-pipeline-bronze
[2025-10-11T06:07:51.741+0000] {upload.py:40} INFO - Successfully uploaded movies.csv to S3 bucket movie-pipeline-bronze.
[2025-10-11T06:07:51.744+0000] {upload.py:23} INFO - Starting ratings upload to bronze bucket
[2025-10-11T06:07:51.918+0000] {upload.py:31} INFO - Uploading ratings.csv to S3 bucket movie-pipeline-bronze
[2025-10-11T06:08:33.055+0000] {upload.py:40} INFO - Successfully uploaded ratings.csv to S3 bucket movie-pipeline-bronze.
[2025-10-11T06:08:33.057+0000] {upload.py:23} INFO - Starting users upload to bronze bucket
[2025-10-11T06:08:33.062+0000] {upload.py:31} INFO - Uploading users.csv to S3 bucket movie-pipeline-bronze
[2025-10-11T06:08:34.468+0000] {upload.py:40} INFO - Successfully uploaded users.csv to S3 bucket movie-pipeline-bronze.
[2025-10-11T06:08:34.469+0000] {orchestration.py:36} INFO - Data successfully uploaded to Bronze S3 bucket.
[2025-10-11T06:08:34.471+0000] {orchestration.py:38} INFO - Bronze pipeline execution completed successfully!
[2025-10-11T06:08:34.473+0000] {python.py:237} INFO - Done. Returned value was: None
[2025-10-11T06:08:34.475+0000] {taskinstance.py:441} INFO - ::group::Post task execution logs
[2025-10-11T06:08:34.494+0000] {taskinstance.py:1206} INFO - Marking task as SUCCESS. dag_id=pipeline_flow, task_id=to_bronze, run_id=scheduled__1998-10-04T00:00:00+00:00, execution_date=19981004T000000, start_date=20251011T060736, end_date=20251011T060834
[2025-10-11T06:08:34.545+0000] {local_task_job_runner.py:243} INFO - Task exited with return code 0
[2025-10-11T06:08:34.594+0000] {taskinstance.py:3503} INFO - 3 downstream tasks scheduled from follow-on schedule check
[2025-10-11T06:08:34.597+0000] {local_task_job_runner.py:222} INFO - ::endgroup::
