[2025-10-11T06:11:00.612+0000] {local_task_job_runner.py:120} INFO - ::group::Pre task execution logs
[2025-10-11T06:11:00.689+0000] {taskinstance.py:2076} INFO - Dependencies all met for dep_context=non-requeueable deps ti=<TaskInstance: pipeline_flow.check_movie_freshness scheduled__1999-03-14T00:00:00+00:00 [queued]>
[2025-10-11T06:11:00.712+0000] {taskinstance.py:2076} INFO - Dependencies all met for dep_context=requeueable deps ti=<TaskInstance: pipeline_flow.check_movie_freshness scheduled__1999-03-14T00:00:00+00:00 [queued]>
[2025-10-11T06:11:00.714+0000] {taskinstance.py:2306} INFO - Starting attempt 1 of 2
[2025-10-11T06:11:00.742+0000] {taskinstance.py:2330} INFO - Executing <Task(ShortCircuitOperator): check_movie_freshness> on 1999-03-14 00:00:00+00:00
[2025-10-11T06:11:00.758+0000] {logging_mixin.py:188} WARNING - /home/***/.local/lib/python3.12/site-packages/***/task/task_runner/standard_task_runner.py:62 DeprecationWarning: This process (pid=10743) is multi-threaded, use of fork() may lead to deadlocks in the child.
[2025-10-11T06:11:00.760+0000] {standard_task_runner.py:64} INFO - Started process 10762 to run task
[2025-10-11T06:11:00.759+0000] {standard_task_runner.py:90} INFO - Running: ['***', 'tasks', 'run', 'pipeline_flow', 'check_movie_freshness', 'scheduled__1999-03-14T00:00:00+00:00', '--job-id', '902', '--raw', '--subdir', 'DAGS_FOLDER/pipeline_dag.py', '--cfg-path', '/tmp/tmp7euui2_7']
[2025-10-11T06:11:00.763+0000] {standard_task_runner.py:91} INFO - Job 902: Subtask check_movie_freshness
[2025-10-11T06:11:00.866+0000] {task_command.py:426} INFO - Running <TaskInstance: pipeline_flow.check_movie_freshness scheduled__1999-03-14T00:00:00+00:00 [running]> on host 321597a50810
[2025-10-11T06:11:01.048+0000] {taskinstance.py:2648} INFO - Exporting env vars: AIRFLOW_CTX_DAG_EMAIL='oluwaseyiogundimu10@gmail.com' AIRFLOW_CTX_DAG_OWNER='seyi' AIRFLOW_CTX_DAG_ID='pipeline_flow' AIRFLOW_CTX_TASK_ID='check_movie_freshness' AIRFLOW_CTX_EXECUTION_DATE='1999-03-14T00:00:00+00:00' AIRFLOW_CTX_TRY_NUMBER='1' AIRFLOW_CTX_DAG_RUN_ID='scheduled__1999-03-14T00:00:00+00:00'
[2025-10-11T06:11:01.050+0000] {taskinstance.py:430} INFO - ::endgroup::
[2025-10-11T06:11:01.076+0000] {baseoperator.py:400} WARNING - ShortCircuitOperator.execute cannot be called outside TaskInstance!
[2025-10-11T06:11:01.271+0000] {s3_client.py:30} INFO - ✅ Successfully initialized S3 client.
[2025-10-11T06:11:02.136+0000] {logging_mixin.py:188} INFO - movies.csv is fresh: 2025-10-11 06:10:59+00:00
[2025-10-11T06:11:02.137+0000] {python.py:237} INFO - Done. Returned value was: True
[2025-10-11T06:11:02.139+0000] {python.py:304} INFO - Condition result is True
[2025-10-11T06:11:02.140+0000] {python.py:307} INFO - Proceeding with downstream tasks...
[2025-10-11T06:11:02.142+0000] {taskinstance.py:441} INFO - ::group::Post task execution logs
[2025-10-11T06:11:02.199+0000] {taskinstance.py:1206} INFO - Marking task as SUCCESS. dag_id=pipeline_flow, task_id=check_movie_freshness, run_id=scheduled__1999-03-14T00:00:00+00:00, execution_date=19990314T000000, start_date=20251011T061100, end_date=20251011T061102
[2025-10-11T06:11:02.264+0000] {local_task_job_runner.py:243} INFO - Task exited with return code 0
[2025-10-11T06:11:02.311+0000] {taskinstance.py:3503} INFO - 1 downstream tasks scheduled from follow-on schedule check
[2025-10-11T06:11:02.314+0000] {local_task_job_runner.py:222} INFO - ::endgroup::
