[2025-10-11T06:56:34.450+0000] {local_task_job_runner.py:120} INFO - ::group::Pre task execution logs
[2025-10-11T06:56:34.519+0000] {taskinstance.py:2076} INFO - Dependencies all met for dep_context=non-requeueable deps ti=<TaskInstance: pipeline_flow.check_create_stg_tables scheduled__2000-12-24T00:00:00+00:00 [queued]>
[2025-10-11T06:56:34.542+0000] {taskinstance.py:2076} INFO - Dependencies all met for dep_context=requeueable deps ti=<TaskInstance: pipeline_flow.check_create_stg_tables scheduled__2000-12-24T00:00:00+00:00 [queued]>
[2025-10-11T06:56:34.543+0000] {taskinstance.py:2306} INFO - Starting attempt 1 of 2
[2025-10-11T06:56:34.573+0000] {taskinstance.py:2330} INFO - Executing <Task(PythonOperator): check_create_stg_tables> on 2000-12-24 00:00:00+00:00
[2025-10-11T06:56:34.591+0000] {logging_mixin.py:188} WARNING - /home/***/.local/lib/python3.12/site-packages/***/task/task_runner/standard_task_runner.py:62 DeprecationWarning: This process (pid=621) is multi-threaded, use of fork() may lead to deadlocks in the child.
[2025-10-11T06:56:34.594+0000] {standard_task_runner.py:64} INFO - Started process 638 to run task
[2025-10-11T06:56:34.592+0000] {standard_task_runner.py:90} INFO - Running: ['***', 'tasks', 'run', 'pipeline_flow', 'check_create_stg_tables', 'scheduled__2000-12-24T00:00:00+00:00', '--job-id', '1965', '--raw', '--subdir', 'DAGS_FOLDER/pipeline_dag.py', '--cfg-path', '/tmp/tmpjq0hp78s']
[2025-10-11T06:56:34.597+0000] {standard_task_runner.py:91} INFO - Job 1965: Subtask check_create_stg_tables
[2025-10-11T06:56:34.702+0000] {task_command.py:426} INFO - Running <TaskInstance: pipeline_flow.check_create_stg_tables scheduled__2000-12-24T00:00:00+00:00 [running]> on host 321597a50810
[2025-10-11T06:56:34.895+0000] {taskinstance.py:2648} INFO - Exporting env vars: AIRFLOW_CTX_DAG_EMAIL='oluwaseyiogundimu10@gmail.com' AIRFLOW_CTX_DAG_OWNER='seyi' AIRFLOW_CTX_DAG_ID='pipeline_flow' AIRFLOW_CTX_TASK_ID='check_create_stg_tables' AIRFLOW_CTX_EXECUTION_DATE='2000-12-24T00:00:00+00:00' AIRFLOW_CTX_TRY_NUMBER='1' AIRFLOW_CTX_DAG_RUN_ID='scheduled__2000-12-24T00:00:00+00:00'
[2025-10-11T06:56:34.898+0000] {taskinstance.py:430} INFO - ::endgroup::
[2025-10-11T06:56:34.926+0000] {connection.py:22} INFO - Successfully connected to Postgres.
[2025-10-11T06:56:35.070+0000] {connection.py:43} INFO - Table 'stg_users' in Postgres.
[2025-10-11T06:56:35.073+0000] {connection.py:22} INFO - Successfully connected to Postgres.
[2025-10-11T06:56:35.212+0000] {connection.py:43} INFO - Table 'users' in Postgres.
[2025-10-11T06:56:35.215+0000] {connection.py:22} INFO - Successfully connected to Postgres.
[2025-10-11T06:56:35.370+0000] {connection.py:43} INFO - Table 'stg_movies' in Postgres.
[2025-10-11T06:56:35.372+0000] {connection.py:22} INFO - Successfully connected to Postgres.
[2025-10-11T06:56:35.474+0000] {connection.py:43} INFO - Table 'movies' in Postgres.
[2025-10-11T06:56:35.475+0000] {connection.py:22} INFO - Successfully connected to Postgres.
[2025-10-11T06:56:35.569+0000] {connection.py:43} INFO - Table 'stg_ratings' in Postgres.
[2025-10-11T06:56:35.571+0000] {connection.py:22} INFO - Successfully connected to Postgres.
[2025-10-11T06:56:35.688+0000] {connection.py:43} INFO - Table 'ratings' in Postgres.
[2025-10-11T06:56:35.690+0000] {load.py:32} INFO - Tables exist.
[2025-10-11T06:56:35.692+0000] {python.py:237} INFO - Done. Returned value was: None
[2025-10-11T06:56:35.695+0000] {taskinstance.py:441} INFO - ::group::Post task execution logs
[2025-10-11T06:56:35.725+0000] {taskinstance.py:1206} INFO - Marking task as SUCCESS. dag_id=pipeline_flow, task_id=check_create_stg_tables, run_id=scheduled__2000-12-24T00:00:00+00:00, execution_date=20001224T000000, start_date=20251011T065634, end_date=20251011T065635
[2025-10-11T06:56:36.016+0000] {local_task_job_runner.py:243} INFO - Task exited with return code 0
[2025-10-11T06:56:36.063+0000] {taskinstance.py:3503} INFO - 3 downstream tasks scheduled from follow-on schedule check
[2025-10-11T06:56:36.067+0000] {local_task_job_runner.py:222} INFO - ::endgroup::
