[2025-10-11T04:44:53.431+0000] {local_task_job_runner.py:120} INFO - ::group::Pre task execution logs
[2025-10-11T04:44:53.489+0000] {taskinstance.py:2076} INFO - Dependencies all met for dep_context=non-requeueable deps ti=<TaskInstance: pipeline_flow.load_movies manual__2025-10-09T12:27:01.233637+00:00 [queued]>
[2025-10-11T04:44:53.505+0000] {taskinstance.py:2076} INFO - Dependencies all met for dep_context=requeueable deps ti=<TaskInstance: pipeline_flow.load_movies manual__2025-10-09T12:27:01.233637+00:00 [queued]>
[2025-10-11T04:44:53.506+0000] {taskinstance.py:2306} INFO - Starting attempt 1 of 2
[2025-10-11T04:44:53.525+0000] {taskinstance.py:2330} INFO - Executing <Task(PythonOperator): load_movies> on 2025-10-09 12:27:01.233637+00:00
[2025-10-11T04:44:53.538+0000] {logging_mixin.py:188} WARNING - /home/***/.local/lib/python3.12/site-packages/***/task/task_runner/standard_task_runner.py:62 DeprecationWarning: This process (pid=7357) is multi-threaded, use of fork() may lead to deadlocks in the child.
[2025-10-11T04:44:53.540+0000] {standard_task_runner.py:64} INFO - Started process 7369 to run task
[2025-10-11T04:44:53.538+0000] {standard_task_runner.py:90} INFO - Running: ['***', 'tasks', 'run', 'pipeline_flow', 'load_movies', 'manual__2025-10-09T12:27:01.233637+00:00', '--job-id', '77', '--raw', '--subdir', 'DAGS_FOLDER/pipeline_dag.py', '--cfg-path', '/tmp/tmpr9ov0qh3']
[2025-10-11T04:44:53.541+0000] {standard_task_runner.py:91} INFO - Job 77: Subtask load_movies
[2025-10-11T04:44:53.621+0000] {task_command.py:426} INFO - Running <TaskInstance: pipeline_flow.load_movies manual__2025-10-09T12:27:01.233637+00:00 [running]> on host 321597a50810
[2025-10-11T04:44:53.761+0000] {taskinstance.py:2648} INFO - Exporting env vars: AIRFLOW_CTX_DAG_EMAIL='oluwaseyiogundimu10@gmail.com' AIRFLOW_CTX_DAG_OWNER='seyi' AIRFLOW_CTX_DAG_ID='pipeline_flow' AIRFLOW_CTX_TASK_ID='load_movies' AIRFLOW_CTX_EXECUTION_DATE='2025-10-09T12:27:01.233637+00:00' AIRFLOW_CTX_TRY_NUMBER='1' AIRFLOW_CTX_DAG_RUN_ID='manual__2025-10-09T12:27:01.233637+00:00'
[2025-10-11T04:44:53.763+0000] {taskinstance.py:430} INFO - ::endgroup::
[2025-10-11T04:44:53.785+0000] {transform.py:25} INFO - Starting transformations for movie data..
[2025-10-11T04:44:53.787+0000] {read_write_buckets.py:22} INFO - Reading movies.csv from movie-pipeline-bronze bucket.
[2025-10-11T04:44:53.979+0000] {s3_client.py:30} INFO - ✅ Successfully initialized S3 client.
[2025-10-11T04:44:55.791+0000] {read_write_buckets.py:34} INFO - Successfully read movies.csv into DataFrame. Shape: (1682, 5)
[2025-10-11T04:44:55.815+0000] {transform.py:49} INFO - Full load of 1604 records up to 1997-10-01
[2025-10-11T04:44:55.825+0000] {transform.py:60} INFO - Movies data cleaned with 1604 records
[2025-10-11T04:44:55.827+0000] {read_write_buckets.py:50} INFO - Writing movies.csv to movie-pipeline-silver bucket.
[2025-10-11T04:44:57.944+0000] {read_write_buckets.py:66} INFO - Successfully wrote movies.csv to Silver bucket.
[2025-10-11T04:44:57.947+0000] {watermarks.py:48} INFO - Updating watermarks in S3...
[2025-10-11T04:44:57.951+0000] {watermarks.py:25} INFO - Reading watermarks from S3 Bronze bucket...
[2025-10-11T04:44:58.278+0000] {watermarks.py:30} INFO - Successfully read existing watermarks.
[2025-10-11T04:44:58.774+0000] {watermarks.py:76} INFO - Watermarks updated successfully in S3.
[2025-10-11T04:44:58.776+0000] {python.py:237} INFO - Done. Returned value was: None
[2025-10-11T04:44:58.777+0000] {taskinstance.py:441} INFO - ::group::Post task execution logs
[2025-10-11T04:44:58.790+0000] {taskinstance.py:1206} INFO - Marking task as SUCCESS. dag_id=pipeline_flow, task_id=load_movies, run_id=manual__2025-10-09T12:27:01.233637+00:00, execution_date=20251009T122701, start_date=20251011T044453, end_date=20251011T044458
[2025-10-11T04:44:58.825+0000] {local_task_job_runner.py:243} INFO - Task exited with return code 0
[2025-10-11T04:44:58.839+0000] {local_task_job_runner.py:222} INFO - ::endgroup::
