[2025-10-11T06:07:00.659+0000] {local_task_job_runner.py:120} INFO - ::group::Pre task execution logs
[2025-10-11T06:07:00.708+0000] {taskinstance.py:2076} INFO - Dependencies all met for dep_context=non-requeueable deps ti=<TaskInstance: pipeline_flow.check_create_stg_tables scheduled__1998-06-21T00:00:00+00:00 [queued]>
[2025-10-11T06:07:00.721+0000] {taskinstance.py:2076} INFO - Dependencies all met for dep_context=requeueable deps ti=<TaskInstance: pipeline_flow.check_create_stg_tables scheduled__1998-06-21T00:00:00+00:00 [queued]>
[2025-10-11T06:07:00.722+0000] {taskinstance.py:2306} INFO - Starting attempt 1 of 2
[2025-10-11T06:07:00.741+0000] {taskinstance.py:2330} INFO - Executing <Task(PythonOperator): check_create_stg_tables> on 1998-06-21 00:00:00+00:00
[2025-10-11T06:07:00.755+0000] {logging_mixin.py:188} WARNING - /home/***/.local/lib/python3.12/site-packages/***/task/task_runner/standard_task_runner.py:62 DeprecationWarning: This process (pid=9696) is multi-threaded, use of fork() may lead to deadlocks in the child.
[2025-10-11T06:07:00.757+0000] {standard_task_runner.py:64} INFO - Started process 9708 to run task
[2025-10-11T06:07:00.755+0000] {standard_task_runner.py:90} INFO - Running: ['***', 'tasks', 'run', 'pipeline_flow', 'check_create_stg_tables', 'scheduled__1998-06-21T00:00:00+00:00', '--job-id', '562', '--raw', '--subdir', 'DAGS_FOLDER/pipeline_dag.py', '--cfg-path', '/tmp/tmp56k2_l8a']
[2025-10-11T06:07:00.759+0000] {standard_task_runner.py:91} INFO - Job 562: Subtask check_create_stg_tables
[2025-10-11T06:07:00.860+0000] {task_command.py:426} INFO - Running <TaskInstance: pipeline_flow.check_create_stg_tables scheduled__1998-06-21T00:00:00+00:00 [running]> on host 321597a50810
[2025-10-11T06:07:01.020+0000] {taskinstance.py:2648} INFO - Exporting env vars: AIRFLOW_CTX_DAG_EMAIL='oluwaseyiogundimu10@gmail.com' AIRFLOW_CTX_DAG_OWNER='seyi' AIRFLOW_CTX_DAG_ID='pipeline_flow' AIRFLOW_CTX_TASK_ID='check_create_stg_tables' AIRFLOW_CTX_EXECUTION_DATE='1998-06-21T00:00:00+00:00' AIRFLOW_CTX_TRY_NUMBER='1' AIRFLOW_CTX_DAG_RUN_ID='scheduled__1998-06-21T00:00:00+00:00'
[2025-10-11T06:07:01.022+0000] {taskinstance.py:430} INFO - ::endgroup::
[2025-10-11T06:07:01.047+0000] {connection.py:22} INFO - Successfully connected to Postgres.
[2025-10-11T06:07:01.156+0000] {connection.py:43} INFO - Table 'stg_users' in Postgres.
[2025-10-11T06:07:01.158+0000] {connection.py:22} INFO - Successfully connected to Postgres.
[2025-10-11T06:07:01.262+0000] {connection.py:43} INFO - Table 'users' in Postgres.
[2025-10-11T06:07:01.265+0000] {connection.py:22} INFO - Successfully connected to Postgres.
[2025-10-11T06:07:01.358+0000] {connection.py:43} INFO - Table 'stg_movies' in Postgres.
[2025-10-11T06:07:01.359+0000] {connection.py:22} INFO - Successfully connected to Postgres.
[2025-10-11T06:07:01.455+0000] {connection.py:43} INFO - Table 'movies' in Postgres.
[2025-10-11T06:07:01.457+0000] {connection.py:22} INFO - Successfully connected to Postgres.
[2025-10-11T06:07:01.560+0000] {connection.py:43} INFO - Table 'stg_ratings' in Postgres.
[2025-10-11T06:07:01.562+0000] {connection.py:22} INFO - Successfully connected to Postgres.
[2025-10-11T06:07:01.670+0000] {connection.py:43} INFO - Table 'ratings' in Postgres.
[2025-10-11T06:07:01.671+0000] {load.py:32} INFO - Tables exist.
[2025-10-11T06:07:01.673+0000] {python.py:237} INFO - Done. Returned value was: None
[2025-10-11T06:07:01.674+0000] {taskinstance.py:441} INFO - ::group::Post task execution logs
[2025-10-11T06:07:01.693+0000] {taskinstance.py:1206} INFO - Marking task as SUCCESS. dag_id=pipeline_flow, task_id=check_create_stg_tables, run_id=scheduled__1998-06-21T00:00:00+00:00, execution_date=19980621T000000, start_date=20251011T060700, end_date=20251011T060701
[2025-10-11T06:07:01.900+0000] {local_task_job_runner.py:243} INFO - Task exited with return code 0
[2025-10-11T06:07:01.952+0000] {taskinstance.py:3503} INFO - 3 downstream tasks scheduled from follow-on schedule check
[2025-10-11T06:07:01.955+0000] {local_task_job_runner.py:222} INFO - ::endgroup::
