[2025-10-11T06:57:26.429+0000] {local_task_job_runner.py:120} INFO - ::group::Pre task execution logs
[2025-10-11T06:57:26.482+0000] {taskinstance.py:2076} INFO - Dependencies all met for dep_context=non-requeueable deps ti=<TaskInstance: pipeline_flow.load_users_to_gold scheduled__2001-01-14T00:00:00+00:00 [queued]>
[2025-10-11T06:57:26.497+0000] {taskinstance.py:2076} INFO - Dependencies all met for dep_context=requeueable deps ti=<TaskInstance: pipeline_flow.load_users_to_gold scheduled__2001-01-14T00:00:00+00:00 [queued]>
[2025-10-11T06:57:26.498+0000] {taskinstance.py:2306} INFO - Starting attempt 1 of 2
[2025-10-11T06:57:26.517+0000] {taskinstance.py:2330} INFO - Executing <Task(PythonOperator): load_users_to_gold> on 2001-01-14 00:00:00+00:00
[2025-10-11T06:57:26.532+0000] {logging_mixin.py:188} WARNING - /home/***/.local/lib/python3.12/site-packages/***/task/task_runner/standard_task_runner.py:62 DeprecationWarning: This process (pid=794) is multi-threaded, use of fork() may lead to deadlocks in the child.
[2025-10-11T06:57:26.534+0000] {standard_task_runner.py:64} INFO - Started process 803 to run task
[2025-10-11T06:57:26.532+0000] {standard_task_runner.py:90} INFO - Running: ['***', 'tasks', 'run', 'pipeline_flow', 'load_users_to_gold', 'scheduled__2001-01-14T00:00:00+00:00', '--job-id', '2024', '--raw', '--subdir', 'DAGS_FOLDER/pipeline_dag.py', '--cfg-path', '/tmp/tmpxmu9ypvn']
[2025-10-11T06:57:26.536+0000] {standard_task_runner.py:91} INFO - Job 2024: Subtask load_users_to_gold
[2025-10-11T06:57:26.628+0000] {task_command.py:426} INFO - Running <TaskInstance: pipeline_flow.load_users_to_gold scheduled__2001-01-14T00:00:00+00:00 [running]> on host 321597a50810
[2025-10-11T06:57:26.784+0000] {taskinstance.py:2648} INFO - Exporting env vars: AIRFLOW_CTX_DAG_EMAIL='oluwaseyiogundimu10@gmail.com' AIRFLOW_CTX_DAG_OWNER='seyi' AIRFLOW_CTX_DAG_ID='pipeline_flow' AIRFLOW_CTX_TASK_ID='load_users_to_gold' AIRFLOW_CTX_EXECUTION_DATE='2001-01-14T00:00:00+00:00' AIRFLOW_CTX_TRY_NUMBER='1' AIRFLOW_CTX_DAG_RUN_ID='scheduled__2001-01-14T00:00:00+00:00'
[2025-10-11T06:57:26.786+0000] {taskinstance.py:430} INFO - ::endgroup::
[2025-10-11T06:57:26.965+0000] {s3_client.py:30} INFO - ✅ Successfully initialized S3 client.
[2025-10-11T06:57:26.967+0000] {read_bucket.py:26} INFO - Reading users.csv from movie-pipeline-silver bucket.
[2025-10-11T06:57:28.025+0000] {read_bucket.py:32} INFO - Successfully read users.csv into DataFrame. Shape: (943, 5)
[2025-10-11T06:57:28.027+0000] {load.py:203} INFO - Starting load for users..
[2025-10-11T06:57:28.028+0000] {connection.py:60} INFO - Writing stg_users to Postgres..
[2025-10-11T06:57:28.030+0000] {connection.py:22} INFO - Successfully connected to Postgres.
[2025-10-11T06:57:28.267+0000] {connection.py:66} INFO - Successfully inserted 943 records into stg_users.
[2025-10-11T06:57:28.269+0000] {connection.py:22} INFO - Successfully connected to Postgres.
[2025-10-11T06:57:28.396+0000] {load.py:213} INFO - User upsert complete. New and changed user records successfully processed.
[2025-10-11T06:57:28.405+0000] {silver_watermarks.py:25} INFO - Reading watermarks from s3..
[2025-10-11T06:57:28.681+0000] {silver_watermarks.py:55} INFO - Updating watermarks in S3...
[2025-10-11T06:57:29.147+0000] {silver_watermarks.py:72} INFO - Watermarks updated successfully in S3.
[2025-10-11T06:57:29.149+0000] {python.py:237} INFO - Done. Returned value was: None
[2025-10-11T06:57:29.151+0000] {taskinstance.py:441} INFO - ::group::Post task execution logs
[2025-10-11T06:57:29.169+0000] {taskinstance.py:1206} INFO - Marking task as SUCCESS. dag_id=pipeline_flow, task_id=load_users_to_gold, run_id=scheduled__2001-01-14T00:00:00+00:00, execution_date=20010114T000000, start_date=20251011T065726, end_date=20251011T065729
[2025-10-11T06:57:29.326+0000] {local_task_job_runner.py:243} INFO - Task exited with return code 0
[2025-10-11T06:57:29.366+0000] {taskinstance.py:3503} INFO - 0 downstream tasks scheduled from follow-on schedule check
[2025-10-11T06:57:29.369+0000] {local_task_job_runner.py:222} INFO - ::endgroup::
