[2025-10-11T06:07:38.072+0000] {local_task_job_runner.py:120} INFO - ::group::Pre task execution logs
[2025-10-11T06:07:38.141+0000] {taskinstance.py:2076} INFO - Dependencies all met for dep_context=non-requeueable deps ti=<TaskInstance: pipeline_flow.to_bronze scheduled__1998-10-18T00:00:00+00:00 [queued]>
[2025-10-11T06:07:38.161+0000] {taskinstance.py:2076} INFO - Dependencies all met for dep_context=requeueable deps ti=<TaskInstance: pipeline_flow.to_bronze scheduled__1998-10-18T00:00:00+00:00 [queued]>
[2025-10-11T06:07:38.163+0000] {taskinstance.py:2306} INFO - Starting attempt 1 of 2
[2025-10-11T06:07:38.192+0000] {taskinstance.py:2330} INFO - Executing <Task(PythonOperator): to_bronze> on 1998-10-18 00:00:00+00:00
[2025-10-11T06:07:38.209+0000] {logging_mixin.py:188} WARNING - /home/***/.local/lib/python3.12/site-packages/***/task/task_runner/standard_task_runner.py:62 DeprecationWarning: This process (pid=9872) is multi-threaded, use of fork() may lead to deadlocks in the child.
[2025-10-11T06:07:38.212+0000] {standard_task_runner.py:64} INFO - Started process 9886 to run task
[2025-10-11T06:07:38.210+0000] {standard_task_runner.py:90} INFO - Running: ['***', 'tasks', 'run', 'pipeline_flow', 'to_bronze', 'scheduled__1998-10-18T00:00:00+00:00', '--job-id', '618', '--raw', '--subdir', 'DAGS_FOLDER/pipeline_dag.py', '--cfg-path', '/tmp/tmpu_gd_9uh']
[2025-10-11T06:07:38.214+0000] {standard_task_runner.py:91} INFO - Job 618: Subtask to_bronze
[2025-10-11T06:07:38.341+0000] {task_command.py:426} INFO - Running <TaskInstance: pipeline_flow.to_bronze scheduled__1998-10-18T00:00:00+00:00 [running]> on host 321597a50810
[2025-10-11T06:07:38.540+0000] {taskinstance.py:2648} INFO - Exporting env vars: AIRFLOW_CTX_DAG_EMAIL='oluwaseyiogundimu10@gmail.com' AIRFLOW_CTX_DAG_OWNER='seyi' AIRFLOW_CTX_DAG_ID='pipeline_flow' AIRFLOW_CTX_TASK_ID='to_bronze' AIRFLOW_CTX_EXECUTION_DATE='1998-10-18T00:00:00+00:00' AIRFLOW_CTX_TRY_NUMBER='1' AIRFLOW_CTX_DAG_RUN_ID='scheduled__1998-10-18T00:00:00+00:00'
[2025-10-11T06:07:38.543+0000] {taskinstance.py:430} INFO - ::endgroup::
[2025-10-11T06:07:38.572+0000] {orchestration.py:16} INFO - Starting Bronze layer data pipeline...
[2025-10-11T06:07:38.739+0000] {s3_client.py:30} INFO - ✅ Successfully initialized S3 client.
[2025-10-11T06:07:38.741+0000] {ingest.py:26} INFO - Reading movies...
[2025-10-11T06:07:40.802+0000] {ingest.py:31} INFO - Successfully read movies.
[2025-10-11T06:07:40.804+0000] {ingest.py:26} INFO - Reading ratings...
[2025-10-11T06:07:48.247+0000] {ingest.py:31} INFO - Successfully read ratings.
[2025-10-11T06:07:48.248+0000] {ingest.py:26} INFO - Reading users...
[2025-10-11T06:07:50.218+0000] {ingest.py:31} INFO - Successfully read users.
[2025-10-11T06:07:50.219+0000] {orchestration.py:24} INFO - Successfully ingested raw data.
[2025-10-11T06:07:50.220+0000] {validation.py:17} INFO - Validating columns for movies..
[2025-10-11T06:07:50.222+0000] {validation.py:32} INFO - successfully validated movies's columns.
[2025-10-11T06:07:50.223+0000] {validation.py:17} INFO - Validating columns for ratings..
[2025-10-11T06:07:50.224+0000] {validation.py:32} INFO - successfully validated ratings's columns.
[2025-10-11T06:07:50.225+0000] {validation.py:17} INFO - Validating columns for users..
[2025-10-11T06:07:50.226+0000] {validation.py:32} INFO - successfully validated users's columns.
[2025-10-11T06:07:50.230+0000] {validation.py:46} WARNING - movies has 4 missing values:
release_date    1
IMDb_URL        3
dtype: int64
[2025-10-11T06:07:50.233+0000] {validation.py:48} INFO - No missing values found in ratings.
[2025-10-11T06:07:50.235+0000] {validation.py:48} INFO - No missing values found in users.
[2025-10-11T06:07:50.236+0000] {orchestration.py:29} INFO - Data validation completed successfully.
[2025-10-11T06:07:51.287+0000] {s3_client.py:55} INFO - Bucket 'movie-pipeline-bronze' already exists.
[2025-10-11T06:07:51.289+0000] {upload.py:23} INFO - Starting movies upload to bronze bucket
[2025-10-11T06:07:51.297+0000] {upload.py:31} INFO - Uploading movies.csv to S3 bucket movie-pipeline-bronze
[2025-10-11T06:07:53.317+0000] {upload.py:40} INFO - Successfully uploaded movies.csv to S3 bucket movie-pipeline-bronze.
[2025-10-11T06:07:53.319+0000] {upload.py:23} INFO - Starting ratings upload to bronze bucket
[2025-10-11T06:07:53.537+0000] {upload.py:31} INFO - Uploading ratings.csv to S3 bucket movie-pipeline-bronze
[2025-10-11T06:09:29.959+0000] {upload.py:40} INFO - Successfully uploaded ratings.csv to S3 bucket movie-pipeline-bronze.
[2025-10-11T06:09:29.960+0000] {upload.py:23} INFO - Starting users upload to bronze bucket
[2025-10-11T06:09:29.965+0000] {upload.py:31} INFO - Uploading users.csv to S3 bucket movie-pipeline-bronze
[2025-10-11T06:09:30.741+0000] {upload.py:40} INFO - Successfully uploaded users.csv to S3 bucket movie-pipeline-bronze.
[2025-10-11T06:09:30.744+0000] {orchestration.py:36} INFO - Data successfully uploaded to Bronze S3 bucket.
[2025-10-11T06:09:30.746+0000] {orchestration.py:38} INFO - Bronze pipeline execution completed successfully!
[2025-10-11T06:09:30.750+0000] {python.py:237} INFO - Done. Returned value was: None
[2025-10-11T06:09:30.752+0000] {taskinstance.py:441} INFO - ::group::Post task execution logs
[2025-10-11T06:09:30.783+0000] {taskinstance.py:1206} INFO - Marking task as SUCCESS. dag_id=pipeline_flow, task_id=to_bronze, run_id=scheduled__1998-10-18T00:00:00+00:00, execution_date=19981018T000000, start_date=20251011T060738, end_date=20251011T060930
[2025-10-11T06:09:30.849+0000] {local_task_job_runner.py:243} INFO - Task exited with return code 0
[2025-10-11T06:09:30.897+0000] {taskinstance.py:3503} INFO - 3 downstream tasks scheduled from follow-on schedule check
[2025-10-11T06:09:30.902+0000] {local_task_job_runner.py:222} INFO - ::endgroup::
