[2025-10-11T06:18:15.396+0000] {local_task_job_runner.py:120} INFO - ::group::Pre task execution logs
[2025-10-11T06:18:15.438+0000] {taskinstance.py:2076} INFO - Dependencies all met for dep_context=non-requeueable deps ti=<TaskInstance: pipeline_flow.to_bronze scheduled__1999-08-29T00:00:00+00:00 [queued]>
[2025-10-11T06:18:15.447+0000] {taskinstance.py:2076} INFO - Dependencies all met for dep_context=requeueable deps ti=<TaskInstance: pipeline_flow.to_bronze scheduled__1999-08-29T00:00:00+00:00 [queued]>
[2025-10-11T06:18:15.449+0000] {taskinstance.py:2306} INFO - Starting attempt 1 of 2
[2025-10-11T06:18:15.465+0000] {taskinstance.py:2330} INFO - Executing <Task(PythonOperator): to_bronze> on 1999-08-29 00:00:00+00:00
[2025-10-11T06:18:15.475+0000] {logging_mixin.py:188} WARNING - /home/***/.local/lib/python3.12/site-packages/***/task/task_runner/standard_task_runner.py:62 DeprecationWarning: This process (pid=11531) is multi-threaded, use of fork() may lead to deadlocks in the child.
[2025-10-11T06:18:15.477+0000] {standard_task_runner.py:64} INFO - Started process 11533 to run task
[2025-10-11T06:18:15.475+0000] {standard_task_runner.py:90} INFO - Running: ['***', 'tasks', 'run', 'pipeline_flow', 'to_bronze', 'scheduled__1999-08-29T00:00:00+00:00', '--job-id', '1141', '--raw', '--subdir', 'DAGS_FOLDER/pipeline_dag.py', '--cfg-path', '/tmp/tmpb5r1reug']
[2025-10-11T06:18:15.478+0000] {standard_task_runner.py:91} INFO - Job 1141: Subtask to_bronze
[2025-10-11T06:18:15.550+0000] {task_command.py:426} INFO - Running <TaskInstance: pipeline_flow.to_bronze scheduled__1999-08-29T00:00:00+00:00 [running]> on host 321597a50810
[2025-10-11T06:18:15.689+0000] {taskinstance.py:2648} INFO - Exporting env vars: AIRFLOW_CTX_DAG_EMAIL='oluwaseyiogundimu10@gmail.com' AIRFLOW_CTX_DAG_OWNER='seyi' AIRFLOW_CTX_DAG_ID='pipeline_flow' AIRFLOW_CTX_TASK_ID='to_bronze' AIRFLOW_CTX_EXECUTION_DATE='1999-08-29T00:00:00+00:00' AIRFLOW_CTX_TRY_NUMBER='1' AIRFLOW_CTX_DAG_RUN_ID='scheduled__1999-08-29T00:00:00+00:00'
[2025-10-11T06:18:15.692+0000] {taskinstance.py:430} INFO - ::endgroup::
[2025-10-11T06:18:15.713+0000] {orchestration.py:16} INFO - Starting Bronze layer data pipeline...
[2025-10-11T06:18:15.810+0000] {s3_client.py:30} INFO - ✅ Successfully initialized S3 client.
[2025-10-11T06:18:15.812+0000] {ingest.py:26} INFO - Reading movies...
[2025-10-11T06:18:18.148+0000] {ingest.py:31} INFO - Successfully read movies.
[2025-10-11T06:18:18.150+0000] {ingest.py:26} INFO - Reading ratings...
[2025-10-11T06:18:21.696+0000] {ingest.py:31} INFO - Successfully read ratings.
[2025-10-11T06:18:21.698+0000] {ingest.py:26} INFO - Reading users...
[2025-10-11T06:18:23.275+0000] {ingest.py:31} INFO - Successfully read users.
[2025-10-11T06:18:23.278+0000] {orchestration.py:24} INFO - Successfully ingested raw data.
[2025-10-11T06:18:23.281+0000] {validation.py:17} INFO - Validating columns for movies..
[2025-10-11T06:18:23.283+0000] {validation.py:32} INFO - successfully validated movies's columns.
[2025-10-11T06:18:23.285+0000] {validation.py:17} INFO - Validating columns for ratings..
[2025-10-11T06:18:23.288+0000] {validation.py:32} INFO - successfully validated ratings's columns.
[2025-10-11T06:18:23.289+0000] {validation.py:17} INFO - Validating columns for users..
[2025-10-11T06:18:23.292+0000] {validation.py:32} INFO - successfully validated users's columns.
[2025-10-11T06:18:23.300+0000] {validation.py:46} WARNING - movies has 4 missing values:
release_date    1
IMDb_URL        3
dtype: int64
[2025-10-11T06:18:23.303+0000] {validation.py:48} INFO - No missing values found in ratings.
[2025-10-11T06:18:23.306+0000] {validation.py:48} INFO - No missing values found in users.
[2025-10-11T06:18:23.308+0000] {orchestration.py:29} INFO - Data validation completed successfully.
[2025-10-11T06:18:24.124+0000] {s3_client.py:55} INFO - Bucket 'movie-pipeline-bronze' already exists.
[2025-10-11T06:18:24.127+0000] {upload.py:23} INFO - Starting movies upload to bronze bucket
[2025-10-11T06:18:24.141+0000] {upload.py:31} INFO - Uploading movies.csv to S3 bucket movie-pipeline-bronze
[2025-10-11T06:18:26.771+0000] {upload.py:40} INFO - Successfully uploaded movies.csv to S3 bucket movie-pipeline-bronze.
[2025-10-11T06:18:26.774+0000] {upload.py:23} INFO - Starting ratings upload to bronze bucket
[2025-10-11T06:18:26.929+0000] {upload.py:31} INFO - Uploading ratings.csv to S3 bucket movie-pipeline-bronze
[2025-10-11T06:18:39.363+0000] {upload.py:40} INFO - Successfully uploaded ratings.csv to S3 bucket movie-pipeline-bronze.
[2025-10-11T06:18:39.365+0000] {upload.py:23} INFO - Starting users upload to bronze bucket
[2025-10-11T06:18:39.369+0000] {upload.py:31} INFO - Uploading users.csv to S3 bucket movie-pipeline-bronze
[2025-10-11T06:18:39.837+0000] {upload.py:40} INFO - Successfully uploaded users.csv to S3 bucket movie-pipeline-bronze.
[2025-10-11T06:18:39.839+0000] {orchestration.py:36} INFO - Data successfully uploaded to Bronze S3 bucket.
[2025-10-11T06:18:39.840+0000] {orchestration.py:38} INFO - Bronze pipeline execution completed successfully!
[2025-10-11T06:18:39.842+0000] {python.py:237} INFO - Done. Returned value was: None
[2025-10-11T06:18:39.843+0000] {taskinstance.py:441} INFO - ::group::Post task execution logs
[2025-10-11T06:18:39.857+0000] {taskinstance.py:1206} INFO - Marking task as SUCCESS. dag_id=pipeline_flow, task_id=to_bronze, run_id=scheduled__1999-08-29T00:00:00+00:00, execution_date=19990829T000000, start_date=20251011T061815, end_date=20251011T061839
[2025-10-11T06:18:39.923+0000] {local_task_job_runner.py:243} INFO - Task exited with return code 0
[2025-10-11T06:18:39.957+0000] {taskinstance.py:3503} INFO - 3 downstream tasks scheduled from follow-on schedule check
[2025-10-11T06:18:39.961+0000] {local_task_job_runner.py:222} INFO - ::endgroup::
