[2025-10-11T06:12:08.133+0000] {local_task_job_runner.py:120} INFO - ::group::Pre task execution logs
[2025-10-11T06:12:08.227+0000] {taskinstance.py:2076} INFO - Dependencies all met for dep_context=non-requeueable deps ti=<TaskInstance: pipeline_flow.load_users scheduled__1999-05-02T00:00:00+00:00 [queued]>
[2025-10-11T06:12:08.255+0000] {taskinstance.py:2076} INFO - Dependencies all met for dep_context=requeueable deps ti=<TaskInstance: pipeline_flow.load_users scheduled__1999-05-02T00:00:00+00:00 [queued]>
[2025-10-11T06:12:08.256+0000] {taskinstance.py:2306} INFO - Starting attempt 1 of 2
[2025-10-11T06:12:08.298+0000] {taskinstance.py:2330} INFO - Executing <Task(PythonOperator): load_users> on 1999-05-02 00:00:00+00:00
[2025-10-11T06:12:08.317+0000] {logging_mixin.py:188} WARNING - /home/***/.local/lib/python3.12/site-packages/***/task/task_runner/standard_task_runner.py:62 DeprecationWarning: This process (pid=11005) is multi-threaded, use of fork() may lead to deadlocks in the child.
[2025-10-11T06:12:08.320+0000] {standard_task_runner.py:64} INFO - Started process 11024 to run task
[2025-10-11T06:12:08.318+0000] {standard_task_runner.py:90} INFO - Running: ['***', 'tasks', 'run', 'pipeline_flow', 'load_users', 'scheduled__1999-05-02T00:00:00+00:00', '--job-id', '986', '--raw', '--subdir', 'DAGS_FOLDER/pipeline_dag.py', '--cfg-path', '/tmp/tmpxdtz5vb2']
[2025-10-11T06:12:08.324+0000] {standard_task_runner.py:91} INFO - Job 986: Subtask load_users
[2025-10-11T06:12:08.456+0000] {task_command.py:426} INFO - Running <TaskInstance: pipeline_flow.load_users scheduled__1999-05-02T00:00:00+00:00 [running]> on host 321597a50810
[2025-10-11T06:12:08.705+0000] {taskinstance.py:2648} INFO - Exporting env vars: AIRFLOW_CTX_DAG_EMAIL='oluwaseyiogundimu10@gmail.com' AIRFLOW_CTX_DAG_OWNER='seyi' AIRFLOW_CTX_DAG_ID='pipeline_flow' AIRFLOW_CTX_TASK_ID='load_users' AIRFLOW_CTX_EXECUTION_DATE='1999-05-02T00:00:00+00:00' AIRFLOW_CTX_TRY_NUMBER='1' AIRFLOW_CTX_DAG_RUN_ID='scheduled__1999-05-02T00:00:00+00:00'
[2025-10-11T06:12:08.707+0000] {taskinstance.py:430} INFO - ::endgroup::
[2025-10-11T06:12:08.744+0000] {read_write_buckets.py:22} INFO - Reading users.csv from movie-pipeline-bronze bucket.
[2025-10-11T06:12:09.090+0000] {s3_client.py:30} INFO - ✅ Successfully initialized S3 client.
[2025-10-11T06:12:12.057+0000] {read_write_buckets.py:34} INFO - Successfully read users.csv into DataFrame. Shape: (943, 5)
[2025-10-11T06:12:12.058+0000] {transform.py:188} INFO - Starting transformations for users..
[2025-10-11T06:12:12.069+0000] {transform.py:205} INFO - Users data cleaned with 943 records
[2025-10-11T06:12:12.071+0000] {read_write_buckets.py:50} INFO - Writing users.csv to movie-pipeline-silver bucket.
[2025-10-11T06:12:15.716+0000] {read_write_buckets.py:66} INFO - Successfully wrote users.csv to Silver bucket.
[2025-10-11T06:12:15.718+0000] {watermarks.py:48} INFO - Updating watermarks in S3...
[2025-10-11T06:12:15.720+0000] {watermarks.py:25} INFO - Reading watermarks from S3 Bronze bucket...
[2025-10-11T06:12:16.240+0000] {watermarks.py:30} INFO - Successfully read existing watermarks.
[2025-10-11T06:12:17.051+0000] {watermarks.py:76} INFO - Watermarks updated successfully in S3.
[2025-10-11T06:12:17.052+0000] {python.py:237} INFO - Done. Returned value was: None
[2025-10-11T06:12:17.053+0000] {taskinstance.py:441} INFO - ::group::Post task execution logs
[2025-10-11T06:12:17.066+0000] {taskinstance.py:1206} INFO - Marking task as SUCCESS. dag_id=pipeline_flow, task_id=load_users, run_id=scheduled__1999-05-02T00:00:00+00:00, execution_date=19990502T000000, start_date=20251011T061208, end_date=20251011T061217
[2025-10-11T06:12:17.119+0000] {local_task_job_runner.py:243} INFO - Task exited with return code 0
[2025-10-11T06:12:17.152+0000] {taskinstance.py:3503} INFO - 0 downstream tasks scheduled from follow-on schedule check
[2025-10-11T06:12:17.157+0000] {local_task_job_runner.py:222} INFO - ::endgroup::
