[2025-10-11T06:17:53.748+0000] {local_task_job_runner.py:120} INFO - ::group::Pre task execution logs
[2025-10-11T06:17:53.801+0000] {taskinstance.py:2076} INFO - Dependencies all met for dep_context=non-requeueable deps ti=<TaskInstance: pipeline_flow.load_ratings scheduled__1999-08-08T00:00:00+00:00 [queued]>
[2025-10-11T06:17:53.815+0000] {taskinstance.py:2076} INFO - Dependencies all met for dep_context=requeueable deps ti=<TaskInstance: pipeline_flow.load_ratings scheduled__1999-08-08T00:00:00+00:00 [queued]>
[2025-10-11T06:17:53.817+0000] {taskinstance.py:2306} INFO - Starting attempt 1 of 2
[2025-10-11T06:17:53.833+0000] {taskinstance.py:2330} INFO - Executing <Task(PythonOperator): load_ratings> on 1999-08-08 00:00:00+00:00
[2025-10-11T06:17:53.842+0000] {logging_mixin.py:188} WARNING - /home/***/.local/lib/python3.12/site-packages/***/task/task_runner/standard_task_runner.py:62 DeprecationWarning: This process (pid=11466) is multi-threaded, use of fork() may lead to deadlocks in the child.
[2025-10-11T06:17:53.844+0000] {standard_task_runner.py:64} INFO - Started process 11472 to run task
[2025-10-11T06:17:53.842+0000] {standard_task_runner.py:90} INFO - Running: ['***', 'tasks', 'run', 'pipeline_flow', 'load_ratings', 'scheduled__1999-08-08T00:00:00+00:00', '--job-id', '1120', '--raw', '--subdir', 'DAGS_FOLDER/pipeline_dag.py', '--cfg-path', '/tmp/tmp28w78g3z']
[2025-10-11T06:17:53.845+0000] {standard_task_runner.py:91} INFO - Job 1120: Subtask load_ratings
[2025-10-11T06:17:53.916+0000] {task_command.py:426} INFO - Running <TaskInstance: pipeline_flow.load_ratings scheduled__1999-08-08T00:00:00+00:00 [running]> on host 321597a50810
[2025-10-11T06:17:54.040+0000] {taskinstance.py:2648} INFO - Exporting env vars: AIRFLOW_CTX_DAG_EMAIL='oluwaseyiogundimu10@gmail.com' AIRFLOW_CTX_DAG_OWNER='seyi' AIRFLOW_CTX_DAG_ID='pipeline_flow' AIRFLOW_CTX_TASK_ID='load_ratings' AIRFLOW_CTX_EXECUTION_DATE='1999-08-08T00:00:00+00:00' AIRFLOW_CTX_TRY_NUMBER='1' AIRFLOW_CTX_DAG_RUN_ID='scheduled__1999-08-08T00:00:00+00:00'
[2025-10-11T06:17:54.042+0000] {taskinstance.py:430} INFO - ::endgroup::
[2025-10-11T06:17:54.057+0000] {transform.py:91} INFO - Starting transformations for ratings..
[2025-10-11T06:17:54.059+0000] {read_write_buckets.py:22} INFO - Reading ratings.csv from movie-pipeline-bronze bucket.
[2025-10-11T06:17:54.166+0000] {s3_client.py:30} INFO - ✅ Successfully initialized S3 client.
[2025-10-11T06:18:04.752+0000] {read_write_buckets.py:34} INFO - Successfully read ratings.csv into DataFrame. Shape: (100000, 4)
[2025-10-11T06:18:04.805+0000] {transform.py:109} INFO - Execution date: 1999-08-08 00:00:00+00:00, interval start: 1999-08-08 00:00:00+00:00,                interval end: 1999-08-15 00:00:00+00:00, Pipeline start: 1997-10-01 00:00:00+00:00
[2025-10-11T06:18:04.811+0000] {transform.py:121} INFO - Weekly run: filtering 0 rating records from 1999-08-08 to 1999-08-15
[2025-10-11T06:18:04.815+0000] {watermarks.py:25} INFO - Reading watermarks from S3 Bronze bucket...
[2025-10-11T06:18:05.089+0000] {watermarks.py:30} INFO - Successfully read existing watermarks.
[2025-10-11T06:18:05.091+0000] {transform.py:129} INFO - Applying watermark filter for ratings..
[2025-10-11T06:18:05.102+0000] {logging_mixin.py:188} WARNING - /opt/***/dags/../pipeline/b_silver/transform.py:136 SettingWithCopyWarning: 
A value is trying to be set on a copy of a slice from a DataFrame.
Try using .loc[row_indexer,col_indexer] = value instead

See the caveats in the documentation: https://pandas.pydata.org/pandas-docs/stable/user_guide/indexing.html#returning-a-view-versus-a-copy
[2025-10-11T06:18:05.106+0000] {transform.py:144} INFO - Filtered ratings to 0 new records after watermark 1998-04-22 23:10:38.
[2025-10-11T06:18:05.108+0000] {transform.py:153} WARNING - No new ratings data to upload after watermark filtering. End
[2025-10-11T06:18:05.109+0000] {python.py:237} INFO - Done. Returned value was: None
[2025-10-11T06:18:05.110+0000] {taskinstance.py:441} INFO - ::group::Post task execution logs
[2025-10-11T06:18:05.130+0000] {taskinstance.py:1206} INFO - Marking task as SUCCESS. dag_id=pipeline_flow, task_id=load_ratings, run_id=scheduled__1999-08-08T00:00:00+00:00, execution_date=19990808T000000, start_date=20251011T061753, end_date=20251011T061805
[2025-10-11T06:18:05.190+0000] {local_task_job_runner.py:243} INFO - Task exited with return code 0
[2025-10-11T06:18:05.248+0000] {taskinstance.py:3503} INFO - 1 downstream tasks scheduled from follow-on schedule check
[2025-10-11T06:18:05.252+0000] {local_task_job_runner.py:222} INFO - ::endgroup::
