[2025-10-11T06:24:29.271+0000] {local_task_job_runner.py:120} INFO - ::group::Pre task execution logs
[2025-10-11T06:24:29.338+0000] {taskinstance.py:2076} INFO - Dependencies all met for dep_context=non-requeueable deps ti=<TaskInstance: pipeline_flow.load_movies_to_gold scheduled__1999-07-11T00:00:00+00:00 [queued]>
[2025-10-11T06:24:29.355+0000] {taskinstance.py:2076} INFO - Dependencies all met for dep_context=requeueable deps ti=<TaskInstance: pipeline_flow.load_movies_to_gold scheduled__1999-07-11T00:00:00+00:00 [queued]>
[2025-10-11T06:24:29.357+0000] {taskinstance.py:2306} INFO - Starting attempt 1 of 2
[2025-10-11T06:24:29.660+0000] {taskinstance.py:2330} INFO - Executing <Task(PythonOperator): load_movies_to_gold> on 1999-07-11 00:00:00+00:00
[2025-10-11T06:24:29.676+0000] {logging_mixin.py:188} WARNING - /home/***/.local/lib/python3.12/site-packages/***/task/task_runner/standard_task_runner.py:62 DeprecationWarning: This process (pid=12361) is multi-threaded, use of fork() may lead to deadlocks in the child.
[2025-10-11T06:24:29.679+0000] {standard_task_runner.py:64} INFO - Started process 12375 to run task
[2025-10-11T06:24:29.677+0000] {standard_task_runner.py:90} INFO - Running: ['***', 'tasks', 'run', 'pipeline_flow', 'load_movies_to_gold', 'scheduled__1999-07-11T00:00:00+00:00', '--job-id', '1398', '--raw', '--subdir', 'DAGS_FOLDER/pipeline_dag.py', '--cfg-path', '/tmp/tmpu6julftr']
[2025-10-11T06:24:29.682+0000] {standard_task_runner.py:91} INFO - Job 1398: Subtask load_movies_to_gold
[2025-10-11T06:24:29.810+0000] {task_command.py:426} INFO - Running <TaskInstance: pipeline_flow.load_movies_to_gold scheduled__1999-07-11T00:00:00+00:00 [running]> on host 321597a50810
[2025-10-11T06:24:30.016+0000] {taskinstance.py:2648} INFO - Exporting env vars: AIRFLOW_CTX_DAG_EMAIL='oluwaseyiogundimu10@gmail.com' AIRFLOW_CTX_DAG_OWNER='seyi' AIRFLOW_CTX_DAG_ID='pipeline_flow' AIRFLOW_CTX_TASK_ID='load_movies_to_gold' AIRFLOW_CTX_EXECUTION_DATE='1999-07-11T00:00:00+00:00' AIRFLOW_CTX_TRY_NUMBER='1' AIRFLOW_CTX_DAG_RUN_ID='scheduled__1999-07-11T00:00:00+00:00'
[2025-10-11T06:24:30.019+0000] {taskinstance.py:430} INFO - ::endgroup::
[2025-10-11T06:24:30.351+0000] {s3_client.py:30} INFO - ✅ Successfully initialized S3 client.
[2025-10-11T06:24:30.359+0000] {read_bucket.py:26} INFO - Reading movies.csv from movie-pipeline-silver bucket.
[2025-10-11T06:24:32.482+0000] {read_bucket.py:32} INFO - Successfully read movies.csv into DataFrame. Shape: (1604, 5)
[2025-10-11T06:24:32.506+0000] {connection.py:60} INFO - Writing stg_movies to Postgres..
[2025-10-11T06:24:32.511+0000] {connection.py:22} INFO - Successfully connected to Postgres.
[2025-10-11T06:24:32.960+0000] {connection.py:66} INFO - Successfully inserted 1604 records into stg_movies.
[2025-10-11T06:24:32.962+0000] {connection.py:22} INFO - Successfully connected to Postgres.
[2025-10-11T06:24:33.144+0000] {load.py:58} INFO - Upsert complete. New records successfully loaded
[2025-10-11T06:24:33.152+0000] {silver_watermarks.py:25} INFO - Reading watermarks from s3..
[2025-10-11T06:24:33.424+0000] {silver_watermarks.py:55} INFO - Updating watermarks in S3...
[2025-10-11T06:24:33.903+0000] {silver_watermarks.py:72} INFO - Watermarks updated successfully in S3.
[2025-10-11T06:24:33.905+0000] {python.py:237} INFO - Done. Returned value was: None
[2025-10-11T06:24:33.906+0000] {taskinstance.py:441} INFO - ::group::Post task execution logs
[2025-10-11T06:24:33.925+0000] {taskinstance.py:1206} INFO - Marking task as SUCCESS. dag_id=pipeline_flow, task_id=load_movies_to_gold, run_id=scheduled__1999-07-11T00:00:00+00:00, execution_date=19990711T000000, start_date=20251011T062429, end_date=20251011T062433
[2025-10-11T06:24:34.039+0000] {local_task_job_runner.py:243} INFO - Task exited with return code 0
[2025-10-11T06:24:34.084+0000] {taskinstance.py:3503} INFO - 0 downstream tasks scheduled from follow-on schedule check
[2025-10-11T06:24:34.094+0000] {local_task_job_runner.py:222} INFO - ::endgroup::
