[2025-10-11T06:23:52.362+0000] {local_task_job_runner.py:120} INFO - ::group::Pre task execution logs
[2025-10-11T06:23:52.436+0000] {taskinstance.py:2076} INFO - Dependencies all met for dep_context=non-requeueable deps ti=<TaskInstance: pipeline_flow.check_create_stg_tables scheduled__1999-06-20T00:00:00+00:00 [queued]>
[2025-10-11T06:23:52.453+0000] {taskinstance.py:2076} INFO - Dependencies all met for dep_context=requeueable deps ti=<TaskInstance: pipeline_flow.check_create_stg_tables scheduled__1999-06-20T00:00:00+00:00 [queued]>
[2025-10-11T06:23:52.455+0000] {taskinstance.py:2306} INFO - Starting attempt 1 of 2
[2025-10-11T06:23:52.488+0000] {taskinstance.py:2330} INFO - Executing <Task(PythonOperator): check_create_stg_tables> on 1999-06-20 00:00:00+00:00
[2025-10-11T06:23:52.505+0000] {logging_mixin.py:188} WARNING - /home/***/.local/lib/python3.12/site-packages/***/task/task_runner/standard_task_runner.py:62 DeprecationWarning: This process (pid=12256) is multi-threaded, use of fork() may lead to deadlocks in the child.
[2025-10-11T06:23:52.508+0000] {standard_task_runner.py:64} INFO - Started process 12268 to run task
[2025-10-11T06:23:52.506+0000] {standard_task_runner.py:90} INFO - Running: ['***', 'tasks', 'run', 'pipeline_flow', 'check_create_stg_tables', 'scheduled__1999-06-20T00:00:00+00:00', '--job-id', '1366', '--raw', '--subdir', 'DAGS_FOLDER/pipeline_dag.py', '--cfg-path', '/tmp/tmpgp77m5pz']
[2025-10-11T06:23:52.514+0000] {standard_task_runner.py:91} INFO - Job 1366: Subtask check_create_stg_tables
[2025-10-11T06:23:52.644+0000] {task_command.py:426} INFO - Running <TaskInstance: pipeline_flow.check_create_stg_tables scheduled__1999-06-20T00:00:00+00:00 [running]> on host 321597a50810
[2025-10-11T06:23:52.867+0000] {taskinstance.py:2648} INFO - Exporting env vars: AIRFLOW_CTX_DAG_EMAIL='oluwaseyiogundimu10@gmail.com' AIRFLOW_CTX_DAG_OWNER='seyi' AIRFLOW_CTX_DAG_ID='pipeline_flow' AIRFLOW_CTX_TASK_ID='check_create_stg_tables' AIRFLOW_CTX_EXECUTION_DATE='1999-06-20T00:00:00+00:00' AIRFLOW_CTX_TRY_NUMBER='1' AIRFLOW_CTX_DAG_RUN_ID='scheduled__1999-06-20T00:00:00+00:00'
[2025-10-11T06:23:52.870+0000] {taskinstance.py:430} INFO - ::endgroup::
[2025-10-11T06:23:52.902+0000] {connection.py:22} INFO - Successfully connected to Postgres.
[2025-10-11T06:23:53.006+0000] {connection.py:43} INFO - Table 'stg_users' in Postgres.
[2025-10-11T06:23:53.008+0000] {connection.py:22} INFO - Successfully connected to Postgres.
[2025-10-11T06:23:53.124+0000] {connection.py:43} INFO - Table 'users' in Postgres.
[2025-10-11T06:23:53.126+0000] {connection.py:22} INFO - Successfully connected to Postgres.
[2025-10-11T06:23:53.237+0000] {connection.py:43} INFO - Table 'stg_movies' in Postgres.
[2025-10-11T06:23:53.239+0000] {connection.py:22} INFO - Successfully connected to Postgres.
[2025-10-11T06:23:53.359+0000] {connection.py:43} INFO - Table 'movies' in Postgres.
[2025-10-11T06:23:53.361+0000] {connection.py:22} INFO - Successfully connected to Postgres.
[2025-10-11T06:23:53.475+0000] {connection.py:43} INFO - Table 'stg_ratings' in Postgres.
[2025-10-11T06:23:53.477+0000] {connection.py:22} INFO - Successfully connected to Postgres.
[2025-10-11T06:23:53.608+0000] {connection.py:43} INFO - Table 'ratings' in Postgres.
[2025-10-11T06:23:53.609+0000] {load.py:32} INFO - Tables exist.
[2025-10-11T06:23:53.611+0000] {python.py:237} INFO - Done. Returned value was: None
[2025-10-11T06:23:53.614+0000] {taskinstance.py:441} INFO - ::group::Post task execution logs
[2025-10-11T06:23:53.649+0000] {taskinstance.py:1206} INFO - Marking task as SUCCESS. dag_id=pipeline_flow, task_id=check_create_stg_tables, run_id=scheduled__1999-06-20T00:00:00+00:00, execution_date=19990620T000000, start_date=20251011T062352, end_date=20251011T062353
[2025-10-11T06:23:53.732+0000] {local_task_job_runner.py:243} INFO - Task exited with return code 0
[2025-10-11T06:23:53.814+0000] {taskinstance.py:3503} INFO - 3 downstream tasks scheduled from follow-on schedule check
[2025-10-11T06:23:53.820+0000] {local_task_job_runner.py:222} INFO - ::endgroup::
