[2025-10-11T06:05:31.103+0000] {local_task_job_runner.py:120} INFO - ::group::Pre task execution logs
[2025-10-11T06:05:31.158+0000] {taskinstance.py:2076} INFO - Dependencies all met for dep_context=non-requeueable deps ti=<TaskInstance: pipeline_flow.check_ratings_freshness scheduled__1998-06-07T00:00:00+00:00 [queued]>
[2025-10-11T06:05:31.170+0000] {taskinstance.py:2076} INFO - Dependencies all met for dep_context=requeueable deps ti=<TaskInstance: pipeline_flow.check_ratings_freshness scheduled__1998-06-07T00:00:00+00:00 [queued]>
[2025-10-11T06:05:31.172+0000] {taskinstance.py:2306} INFO - Starting attempt 1 of 2
[2025-10-11T06:05:31.187+0000] {taskinstance.py:2330} INFO - Executing <Task(ShortCircuitOperator): check_ratings_freshness> on 1998-06-07 00:00:00+00:00
[2025-10-11T06:05:31.199+0000] {logging_mixin.py:188} WARNING - /home/***/.local/lib/python3.12/site-packages/***/task/task_runner/standard_task_runner.py:62 DeprecationWarning: This process (pid=9400) is multi-threaded, use of fork() may lead to deadlocks in the child.
[2025-10-11T06:05:31.201+0000] {standard_task_runner.py:64} INFO - Started process 9403 to run task
[2025-10-11T06:05:31.200+0000] {standard_task_runner.py:90} INFO - Running: ['***', 'tasks', 'run', 'pipeline_flow', 'check_ratings_freshness', 'scheduled__1998-06-07T00:00:00+00:00', '--job-id', '465', '--raw', '--subdir', 'DAGS_FOLDER/pipeline_dag.py', '--cfg-path', '/tmp/tmp6xf4ezce']
[2025-10-11T06:05:31.204+0000] {standard_task_runner.py:91} INFO - Job 465: Subtask check_ratings_freshness
[2025-10-11T06:05:31.298+0000] {task_command.py:426} INFO - Running <TaskInstance: pipeline_flow.check_ratings_freshness scheduled__1998-06-07T00:00:00+00:00 [running]> on host 321597a50810
[2025-10-11T06:05:31.416+0000] {taskinstance.py:2648} INFO - Exporting env vars: AIRFLOW_CTX_DAG_EMAIL='oluwaseyiogundimu10@gmail.com' AIRFLOW_CTX_DAG_OWNER='seyi' AIRFLOW_CTX_DAG_ID='pipeline_flow' AIRFLOW_CTX_TASK_ID='check_ratings_freshness' AIRFLOW_CTX_EXECUTION_DATE='1998-06-07T00:00:00+00:00' AIRFLOW_CTX_TRY_NUMBER='1' AIRFLOW_CTX_DAG_RUN_ID='scheduled__1998-06-07T00:00:00+00:00'
[2025-10-11T06:05:31.417+0000] {taskinstance.py:430} INFO - ::endgroup::
[2025-10-11T06:05:31.437+0000] {baseoperator.py:400} WARNING - ShortCircuitOperator.execute cannot be called outside TaskInstance!
[2025-10-11T06:05:31.554+0000] {s3_client.py:30} INFO - ✅ Successfully initialized S3 client.
[2025-10-11T06:05:33.989+0000] {logging_mixin.py:188} INFO - ratings.csv is fresh: 2025-10-11 06:05:08+00:00
[2025-10-11T06:05:33.990+0000] {python.py:237} INFO - Done. Returned value was: True
[2025-10-11T06:05:33.992+0000] {python.py:304} INFO - Condition result is True
[2025-10-11T06:05:33.993+0000] {python.py:307} INFO - Proceeding with downstream tasks...
[2025-10-11T06:05:33.994+0000] {taskinstance.py:441} INFO - ::group::Post task execution logs
[2025-10-11T06:05:34.028+0000] {taskinstance.py:1206} INFO - Marking task as SUCCESS. dag_id=pipeline_flow, task_id=check_ratings_freshness, run_id=scheduled__1998-06-07T00:00:00+00:00, execution_date=19980607T000000, start_date=20251011T060531, end_date=20251011T060534
[2025-10-11T06:05:34.071+0000] {local_task_job_runner.py:243} INFO - Task exited with return code 0
[2025-10-11T06:05:34.113+0000] {taskinstance.py:3503} INFO - 1 downstream tasks scheduled from follow-on schedule check
[2025-10-11T06:05:34.116+0000] {local_task_job_runner.py:222} INFO - ::endgroup::
