[2025-10-11T06:11:09.007+0000] {local_task_job_runner.py:120} INFO - ::group::Pre task execution logs
[2025-10-11T06:11:09.061+0000] {taskinstance.py:2076} INFO - Dependencies all met for dep_context=non-requeueable deps ti=<TaskInstance: pipeline_flow.check_movie_freshness scheduled__1999-04-04T00:00:00+00:00 [queued]>
[2025-10-11T06:11:09.075+0000] {taskinstance.py:2076} INFO - Dependencies all met for dep_context=requeueable deps ti=<TaskInstance: pipeline_flow.check_movie_freshness scheduled__1999-04-04T00:00:00+00:00 [queued]>
[2025-10-11T06:11:09.076+0000] {taskinstance.py:2306} INFO - Starting attempt 1 of 2
[2025-10-11T06:11:09.096+0000] {taskinstance.py:2330} INFO - Executing <Task(ShortCircuitOperator): check_movie_freshness> on 1999-04-04 00:00:00+00:00
[2025-10-11T06:11:09.110+0000] {logging_mixin.py:188} WARNING - /home/***/.local/lib/python3.12/site-packages/***/task/task_runner/standard_task_runner.py:62 DeprecationWarning: This process (pid=10794) is multi-threaded, use of fork() may lead to deadlocks in the child.
[2025-10-11T06:11:09.112+0000] {standard_task_runner.py:64} INFO - Started process 10800 to run task
[2025-10-11T06:11:09.110+0000] {standard_task_runner.py:90} INFO - Running: ['***', 'tasks', 'run', 'pipeline_flow', 'check_movie_freshness', 'scheduled__1999-04-04T00:00:00+00:00', '--job-id', '916', '--raw', '--subdir', 'DAGS_FOLDER/pipeline_dag.py', '--cfg-path', '/tmp/tmpwdb5cig8']
[2025-10-11T06:11:09.113+0000] {standard_task_runner.py:91} INFO - Job 916: Subtask check_movie_freshness
[2025-10-11T06:11:09.193+0000] {task_command.py:426} INFO - Running <TaskInstance: pipeline_flow.check_movie_freshness scheduled__1999-04-04T00:00:00+00:00 [running]> on host 321597a50810
[2025-10-11T06:11:09.352+0000] {taskinstance.py:2648} INFO - Exporting env vars: AIRFLOW_CTX_DAG_EMAIL='oluwaseyiogundimu10@gmail.com' AIRFLOW_CTX_DAG_OWNER='seyi' AIRFLOW_CTX_DAG_ID='pipeline_flow' AIRFLOW_CTX_TASK_ID='check_movie_freshness' AIRFLOW_CTX_EXECUTION_DATE='1999-04-04T00:00:00+00:00' AIRFLOW_CTX_TRY_NUMBER='1' AIRFLOW_CTX_DAG_RUN_ID='scheduled__1999-04-04T00:00:00+00:00'
[2025-10-11T06:11:09.354+0000] {taskinstance.py:430} INFO - ::endgroup::
[2025-10-11T06:11:09.375+0000] {baseoperator.py:400} WARNING - ShortCircuitOperator.execute cannot be called outside TaskInstance!
[2025-10-11T06:11:09.511+0000] {s3_client.py:30} INFO - ✅ Successfully initialized S3 client.
[2025-10-11T06:11:12.382+0000] {logging_mixin.py:188} INFO - movies.csv is fresh: 2025-10-11 06:11:09+00:00
[2025-10-11T06:11:12.384+0000] {python.py:237} INFO - Done. Returned value was: True
[2025-10-11T06:11:12.385+0000] {python.py:304} INFO - Condition result is True
[2025-10-11T06:11:12.386+0000] {python.py:307} INFO - Proceeding with downstream tasks...
[2025-10-11T06:11:12.387+0000] {taskinstance.py:441} INFO - ::group::Post task execution logs
[2025-10-11T06:11:12.436+0000] {taskinstance.py:1206} INFO - Marking task as SUCCESS. dag_id=pipeline_flow, task_id=check_movie_freshness, run_id=scheduled__1999-04-04T00:00:00+00:00, execution_date=19990404T000000, start_date=20251011T061109, end_date=20251011T061112
[2025-10-11T06:11:12.667+0000] {local_task_job_runner.py:243} INFO - Task exited with return code 0
[2025-10-11T06:11:12.716+0000] {taskinstance.py:3503} INFO - 1 downstream tasks scheduled from follow-on schedule check
[2025-10-11T06:11:12.721+0000] {local_task_job_runner.py:222} INFO - ::endgroup::
