[2025-10-11T06:19:10.675+0000] {local_task_job_runner.py:120} INFO - ::group::Pre task execution logs
[2025-10-11T06:19:10.729+0000] {taskinstance.py:2076} INFO - Dependencies all met for dep_context=non-requeueable deps ti=<TaskInstance: pipeline_flow.to_bronze scheduled__1999-09-26T00:00:00+00:00 [queued]>
[2025-10-11T06:19:10.743+0000] {taskinstance.py:2076} INFO - Dependencies all met for dep_context=requeueable deps ti=<TaskInstance: pipeline_flow.to_bronze scheduled__1999-09-26T00:00:00+00:00 [queued]>
[2025-10-11T06:19:10.745+0000] {taskinstance.py:2306} INFO - Starting attempt 1 of 2
[2025-10-11T06:19:10.763+0000] {taskinstance.py:2330} INFO - Executing <Task(PythonOperator): to_bronze> on 1999-09-26 00:00:00+00:00
[2025-10-11T06:19:10.773+0000] {logging_mixin.py:188} WARNING - /home/***/.local/lib/python3.12/site-packages/***/task/task_runner/standard_task_runner.py:62 DeprecationWarning: This process (pid=11611) is multi-threaded, use of fork() may lead to deadlocks in the child.
[2025-10-11T06:19:10.775+0000] {standard_task_runner.py:64} INFO - Started process 11614 to run task
[2025-10-11T06:19:10.773+0000] {standard_task_runner.py:90} INFO - Running: ['***', 'tasks', 'run', 'pipeline_flow', 'to_bronze', 'scheduled__1999-09-26T00:00:00+00:00', '--job-id', '1166', '--raw', '--subdir', 'DAGS_FOLDER/pipeline_dag.py', '--cfg-path', '/tmp/tmpbuf_o3h9']
[2025-10-11T06:19:10.776+0000] {standard_task_runner.py:91} INFO - Job 1166: Subtask to_bronze
[2025-10-11T06:19:10.856+0000] {task_command.py:426} INFO - Running <TaskInstance: pipeline_flow.to_bronze scheduled__1999-09-26T00:00:00+00:00 [running]> on host 321597a50810
[2025-10-11T06:19:11.083+0000] {taskinstance.py:2648} INFO - Exporting env vars: AIRFLOW_CTX_DAG_EMAIL='oluwaseyiogundimu10@gmail.com' AIRFLOW_CTX_DAG_OWNER='seyi' AIRFLOW_CTX_DAG_ID='pipeline_flow' AIRFLOW_CTX_TASK_ID='to_bronze' AIRFLOW_CTX_EXECUTION_DATE='1999-09-26T00:00:00+00:00' AIRFLOW_CTX_TRY_NUMBER='1' AIRFLOW_CTX_DAG_RUN_ID='scheduled__1999-09-26T00:00:00+00:00'
[2025-10-11T06:19:11.087+0000] {taskinstance.py:430} INFO - ::endgroup::
[2025-10-11T06:19:11.125+0000] {orchestration.py:16} INFO - Starting Bronze layer data pipeline...
[2025-10-11T06:19:11.284+0000] {s3_client.py:30} INFO - ✅ Successfully initialized S3 client.
[2025-10-11T06:19:11.286+0000] {ingest.py:26} INFO - Reading movies...
[2025-10-11T06:19:13.400+0000] {ingest.py:31} INFO - Successfully read movies.
[2025-10-11T06:19:13.402+0000] {ingest.py:26} INFO - Reading ratings...
[2025-10-11T06:19:17.363+0000] {ingest.py:31} INFO - Successfully read ratings.
[2025-10-11T06:19:17.365+0000] {ingest.py:26} INFO - Reading users...
[2025-10-11T06:19:18.942+0000] {ingest.py:31} INFO - Successfully read users.
[2025-10-11T06:19:18.943+0000] {orchestration.py:24} INFO - Successfully ingested raw data.
[2025-10-11T06:19:18.945+0000] {validation.py:17} INFO - Validating columns for movies..
[2025-10-11T06:19:18.946+0000] {validation.py:32} INFO - successfully validated movies's columns.
[2025-10-11T06:19:18.947+0000] {validation.py:17} INFO - Validating columns for ratings..
[2025-10-11T06:19:18.950+0000] {validation.py:32} INFO - successfully validated ratings's columns.
[2025-10-11T06:19:18.952+0000] {validation.py:17} INFO - Validating columns for users..
[2025-10-11T06:19:18.954+0000] {validation.py:32} INFO - successfully validated users's columns.
[2025-10-11T06:19:18.959+0000] {validation.py:46} WARNING - movies has 4 missing values:
release_date    1
IMDb_URL        3
dtype: int64
[2025-10-11T06:19:18.962+0000] {validation.py:48} INFO - No missing values found in ratings.
[2025-10-11T06:19:18.964+0000] {validation.py:48} INFO - No missing values found in users.
[2025-10-11T06:19:18.966+0000] {orchestration.py:29} INFO - Data validation completed successfully.
[2025-10-11T06:19:19.680+0000] {s3_client.py:55} INFO - Bucket 'movie-pipeline-bronze' already exists.
[2025-10-11T06:19:19.683+0000] {upload.py:23} INFO - Starting movies upload to bronze bucket
[2025-10-11T06:19:19.691+0000] {upload.py:31} INFO - Uploading movies.csv to S3 bucket movie-pipeline-bronze
[2025-10-11T06:19:21.485+0000] {upload.py:40} INFO - Successfully uploaded movies.csv to S3 bucket movie-pipeline-bronze.
[2025-10-11T06:19:21.487+0000] {upload.py:23} INFO - Starting ratings upload to bronze bucket
[2025-10-11T06:19:21.619+0000] {upload.py:31} INFO - Uploading ratings.csv to S3 bucket movie-pipeline-bronze
[2025-10-11T06:19:30.056+0000] {upload.py:40} INFO - Successfully uploaded ratings.csv to S3 bucket movie-pipeline-bronze.
[2025-10-11T06:19:30.058+0000] {upload.py:23} INFO - Starting users upload to bronze bucket
[2025-10-11T06:19:30.063+0000] {upload.py:31} INFO - Uploading users.csv to S3 bucket movie-pipeline-bronze
[2025-10-11T06:19:30.603+0000] {upload.py:40} INFO - Successfully uploaded users.csv to S3 bucket movie-pipeline-bronze.
[2025-10-11T06:19:30.605+0000] {orchestration.py:36} INFO - Data successfully uploaded to Bronze S3 bucket.
[2025-10-11T06:19:30.607+0000] {orchestration.py:38} INFO - Bronze pipeline execution completed successfully!
[2025-10-11T06:19:30.611+0000] {python.py:237} INFO - Done. Returned value was: None
[2025-10-11T06:19:30.612+0000] {taskinstance.py:441} INFO - ::group::Post task execution logs
[2025-10-11T06:19:30.626+0000] {taskinstance.py:1206} INFO - Marking task as SUCCESS. dag_id=pipeline_flow, task_id=to_bronze, run_id=scheduled__1999-09-26T00:00:00+00:00, execution_date=19990926T000000, start_date=20251011T061910, end_date=20251011T061930
[2025-10-11T06:19:30.665+0000] {local_task_job_runner.py:243} INFO - Task exited with return code 0
[2025-10-11T06:19:30.709+0000] {taskinstance.py:3503} INFO - 3 downstream tasks scheduled from follow-on schedule check
[2025-10-11T06:19:30.715+0000] {local_task_job_runner.py:222} INFO - ::endgroup::
