[2025-10-11T06:54:44.225+0000] {local_task_job_runner.py:120} INFO - ::group::Pre task execution logs
[2025-10-11T06:54:44.278+0000] {taskinstance.py:2076} INFO - Dependencies all met for dep_context=non-requeueable deps ti=<TaskInstance: pipeline_flow.load_users_to_gold scheduled__2000-02-20T00:00:00+00:00 [queued]>
[2025-10-11T06:54:44.293+0000] {taskinstance.py:2076} INFO - Dependencies all met for dep_context=requeueable deps ti=<TaskInstance: pipeline_flow.load_users_to_gold scheduled__2000-02-20T00:00:00+00:00 [queued]>
[2025-10-11T06:54:44.295+0000] {taskinstance.py:2306} INFO - Starting attempt 2 of 2
[2025-10-11T06:54:44.321+0000] {taskinstance.py:2330} INFO - Executing <Task(PythonOperator): load_users_to_gold> on 2000-02-20 00:00:00+00:00
[2025-10-11T06:54:44.336+0000] {standard_task_runner.py:90} INFO - Running: ['***', 'tasks', 'run', 'pipeline_flow', 'load_users_to_gold', 'scheduled__2000-02-20T00:00:00+00:00', '--job-id', '1846', '--raw', '--subdir', 'DAGS_FOLDER/pipeline_dag.py', '--cfg-path', '/tmp/tmpjbnbb5e5']
[2025-10-11T06:54:44.340+0000] {logging_mixin.py:188} WARNING - /home/***/.local/lib/python3.12/site-packages/***/task/task_runner/standard_task_runner.py:62 DeprecationWarning: This process (pid=246) is multi-threaded, use of fork() may lead to deadlocks in the child.
[2025-10-11T06:54:44.341+0000] {standard_task_runner.py:91} INFO - Job 1846: Subtask load_users_to_gold
[2025-10-11T06:54:44.342+0000] {standard_task_runner.py:64} INFO - Started process 251 to run task
[2025-10-11T06:54:44.439+0000] {task_command.py:426} INFO - Running <TaskInstance: pipeline_flow.load_users_to_gold scheduled__2000-02-20T00:00:00+00:00 [running]> on host 321597a50810
[2025-10-11T06:54:44.597+0000] {taskinstance.py:2648} INFO - Exporting env vars: AIRFLOW_CTX_DAG_EMAIL='oluwaseyiogundimu10@gmail.com' AIRFLOW_CTX_DAG_OWNER='seyi' AIRFLOW_CTX_DAG_ID='pipeline_flow' AIRFLOW_CTX_TASK_ID='load_users_to_gold' AIRFLOW_CTX_EXECUTION_DATE='2000-02-20T00:00:00+00:00' AIRFLOW_CTX_TRY_NUMBER='2' AIRFLOW_CTX_DAG_RUN_ID='scheduled__2000-02-20T00:00:00+00:00'
[2025-10-11T06:54:44.599+0000] {taskinstance.py:430} INFO - ::endgroup::
[2025-10-11T06:54:44.823+0000] {s3_client.py:30} INFO - ✅ Successfully initialized S3 client.
[2025-10-11T06:54:44.825+0000] {read_bucket.py:26} INFO - Reading users.csv from movie-pipeline-silver bucket.
[2025-10-11T06:54:45.772+0000] {read_bucket.py:32} INFO - Successfully read users.csv into DataFrame. Shape: (943, 5)
[2025-10-11T06:54:45.774+0000] {load.py:203} INFO - Starting load for users..
[2025-10-11T06:54:45.775+0000] {connection.py:60} INFO - Writing stg_users to Postgres..
[2025-10-11T06:54:45.776+0000] {connection.py:22} INFO - Successfully connected to Postgres.
[2025-10-11T06:54:46.014+0000] {connection.py:66} INFO - Successfully inserted 943 records into stg_users.
[2025-10-11T06:54:46.016+0000] {connection.py:22} INFO - Successfully connected to Postgres.
[2025-10-11T06:54:46.113+0000] {load.py:213} INFO - User upsert complete. New and changed user records successfully processed.
[2025-10-11T06:54:46.119+0000] {silver_watermarks.py:25} INFO - Reading watermarks from s3..
[2025-10-11T06:54:46.522+0000] {silver_watermarks.py:31} WARNING - Watermarks not found. Initializing One. Details: An error occurred (NoSuchKey) when calling the GetObject operation: The specified key does not exist.
[2025-10-11T06:54:46.527+0000] {silver_watermarks.py:55} INFO - Updating watermarks in S3...
[2025-10-11T06:54:46.541+0000] {logging_mixin.py:188} WARNING - /opt/***/dags/../pipeline/s_gold/silver_watermarks.py:59 FutureWarning: The behavior of DataFrame concatenation with empty or all-NA entries is deprecated. In a future version, this will no longer exclude empty or all-NA columns when determining the result dtypes. To retain the old behavior, exclude the relevant entries before the concat operation.
[2025-10-11T06:54:47.259+0000] {silver_watermarks.py:72} INFO - Watermarks updated successfully in S3.
[2025-10-11T06:54:47.261+0000] {python.py:237} INFO - Done. Returned value was: None
[2025-10-11T06:54:47.262+0000] {taskinstance.py:441} INFO - ::group::Post task execution logs
[2025-10-11T06:54:47.285+0000] {taskinstance.py:1206} INFO - Marking task as SUCCESS. dag_id=pipeline_flow, task_id=load_users_to_gold, run_id=scheduled__2000-02-20T00:00:00+00:00, execution_date=20000220T000000, start_date=20251011T065444, end_date=20251011T065447
[2025-10-11T06:54:47.574+0000] {local_task_job_runner.py:243} INFO - Task exited with return code 0
[2025-10-11T06:54:47.609+0000] {taskinstance.py:3503} INFO - 0 downstream tasks scheduled from follow-on schedule check
[2025-10-11T06:54:47.613+0000] {local_task_job_runner.py:222} INFO - ::endgroup::
