[2025-10-11T05:42:03.609+0000] {local_task_job_runner.py:120} INFO - ::group::Pre task execution logs
[2025-10-11T05:42:03.680+0000] {taskinstance.py:2076} INFO - Dependencies all met for dep_context=non-requeueable deps ti=<TaskInstance: pipeline_flow.check_users_freshness scheduled__1997-10-26T00:00:00+00:00 [queued]>
[2025-10-11T05:42:03.710+0000] {taskinstance.py:2076} INFO - Dependencies all met for dep_context=requeueable deps ti=<TaskInstance: pipeline_flow.check_users_freshness scheduled__1997-10-26T00:00:00+00:00 [queued]>
[2025-10-11T05:42:03.712+0000] {taskinstance.py:2306} INFO - Starting attempt 1 of 2
[2025-10-11T05:42:03.748+0000] {taskinstance.py:2330} INFO - Executing <Task(ShortCircuitOperator): check_users_freshness> on 1997-10-26 00:00:00+00:00
[2025-10-11T05:42:03.767+0000] {logging_mixin.py:188} WARNING - /home/***/.local/lib/python3.12/site-packages/***/task/task_runner/standard_task_runner.py:62 DeprecationWarning: This process (pid=8279) is multi-threaded, use of fork() may lead to deadlocks in the child.
[2025-10-11T05:42:03.770+0000] {standard_task_runner.py:64} INFO - Started process 8288 to run task
[2025-10-11T05:42:03.768+0000] {standard_task_runner.py:90} INFO - Running: ['***', 'tasks', 'run', 'pipeline_flow', 'check_users_freshness', 'scheduled__1997-10-26T00:00:00+00:00', '--job-id', '168', '--raw', '--subdir', 'DAGS_FOLDER/pipeline_dag.py', '--cfg-path', '/tmp/tmp7tckfrwg']
[2025-10-11T05:42:03.772+0000] {standard_task_runner.py:91} INFO - Job 168: Subtask check_users_freshness
[2025-10-11T05:42:03.880+0000] {task_command.py:426} INFO - Running <TaskInstance: pipeline_flow.check_users_freshness scheduled__1997-10-26T00:00:00+00:00 [running]> on host 321597a50810
[2025-10-11T05:42:04.466+0000] {taskinstance.py:2648} INFO - Exporting env vars: AIRFLOW_CTX_DAG_EMAIL='oluwaseyiogundimu10@gmail.com' AIRFLOW_CTX_DAG_OWNER='seyi' AIRFLOW_CTX_DAG_ID='pipeline_flow' AIRFLOW_CTX_TASK_ID='check_users_freshness' AIRFLOW_CTX_EXECUTION_DATE='1997-10-26T00:00:00+00:00' AIRFLOW_CTX_TRY_NUMBER='1' AIRFLOW_CTX_DAG_RUN_ID='scheduled__1997-10-26T00:00:00+00:00'
[2025-10-11T05:42:04.468+0000] {taskinstance.py:430} INFO - ::endgroup::
[2025-10-11T05:42:04.495+0000] {baseoperator.py:400} WARNING - ShortCircuitOperator.execute cannot be called outside TaskInstance!
[2025-10-11T05:42:04.694+0000] {s3_client.py:30} INFO - ✅ Successfully initialized S3 client.
[2025-10-11T05:42:07.604+0000] {logging_mixin.py:188} INFO - users.csv is fresh: 2025-10-11 05:42:08+00:00
[2025-10-11T05:42:07.605+0000] {python.py:237} INFO - Done. Returned value was: True
[2025-10-11T05:42:07.606+0000] {python.py:304} INFO - Condition result is True
[2025-10-11T05:42:07.608+0000] {python.py:307} INFO - Proceeding with downstream tasks...
[2025-10-11T05:42:07.609+0000] {taskinstance.py:441} INFO - ::group::Post task execution logs
[2025-10-11T05:42:07.657+0000] {taskinstance.py:1206} INFO - Marking task as SUCCESS. dag_id=pipeline_flow, task_id=check_users_freshness, run_id=scheduled__1997-10-26T00:00:00+00:00, execution_date=19971026T000000, start_date=20251011T054203, end_date=20251011T054207
[2025-10-11T05:42:07.724+0000] {local_task_job_runner.py:243} INFO - Task exited with return code 0
[2025-10-11T05:42:07.738+0000] {local_task_job_runner.py:222} INFO - ::endgroup::
