[2025-10-09T11:31:43.894+0000] {local_task_job_runner.py:120} INFO - ::group::Pre task execution logs
[2025-10-09T11:31:43.926+0000] {taskinstance.py:2076} INFO - Dependencies all met for dep_context=non-requeueable deps ti=<TaskInstance: pipeline_flow.check_users_freshness manual__2025-10-09T11:31:11.456760+00:00 [queued]>
[2025-10-09T11:31:43.936+0000] {taskinstance.py:2076} INFO - Dependencies all met for dep_context=requeueable deps ti=<TaskInstance: pipeline_flow.check_users_freshness manual__2025-10-09T11:31:11.456760+00:00 [queued]>
[2025-10-09T11:31:43.938+0000] {taskinstance.py:2306} INFO - Starting attempt 1 of 2
[2025-10-09T11:31:43.953+0000] {taskinstance.py:2330} INFO - Executing <Task(ShortCircuitOperator): check_users_freshness> on 2025-10-09 11:31:11.456760+00:00
[2025-10-09T11:31:43.962+0000] {logging_mixin.py:188} WARNING - /home/***/.local/lib/python3.12/site-packages/***/task/task_runner/standard_task_runner.py:62 DeprecationWarning: This process (pid=619) is multi-threaded, use of fork() may lead to deadlocks in the child.
[2025-10-09T11:31:43.965+0000] {standard_task_runner.py:64} INFO - Started process 624 to run task
[2025-10-09T11:31:43.963+0000] {standard_task_runner.py:90} INFO - Running: ['***', 'tasks', 'run', 'pipeline_flow', 'check_users_freshness', 'manual__2025-10-09T11:31:11.456760+00:00', '--job-id', '16', '--raw', '--subdir', 'DAGS_FOLDER/pipeline_dag.py', '--cfg-path', '/tmp/tmpi2i_dt1_']
[2025-10-09T11:31:43.968+0000] {standard_task_runner.py:91} INFO - Job 16: Subtask check_users_freshness
[2025-10-09T11:31:44.056+0000] {task_command.py:426} INFO - Running <TaskInstance: pipeline_flow.check_users_freshness manual__2025-10-09T11:31:11.456760+00:00 [running]> on host 321597a50810
[2025-10-09T11:31:44.223+0000] {taskinstance.py:2648} INFO - Exporting env vars: AIRFLOW_CTX_DAG_EMAIL='oluwaseyiogundimu10@gmail.com' AIRFLOW_CTX_DAG_OWNER='seyi' AIRFLOW_CTX_DAG_ID='pipeline_flow' AIRFLOW_CTX_TASK_ID='check_users_freshness' AIRFLOW_CTX_EXECUTION_DATE='2025-10-09T11:31:11.456760+00:00' AIRFLOW_CTX_TRY_NUMBER='1' AIRFLOW_CTX_DAG_RUN_ID='manual__2025-10-09T11:31:11.456760+00:00'
[2025-10-09T11:31:44.226+0000] {taskinstance.py:430} INFO - ::endgroup::
[2025-10-09T11:31:44.252+0000] {baseoperator.py:400} WARNING - ShortCircuitOperator.execute cannot be called outside TaskInstance!
[2025-10-09T11:31:44.268+0000] {s3_client.py:23} INFO - Successfully initialized S3 client.
[2025-10-09T11:31:45.407+0000] {logging_mixin.py:188} INFO - users.csv is fresh: 2025-10-09 11:31:41+00:00
[2025-10-09T11:31:45.412+0000] {python.py:237} INFO - Done. Returned value was: True
[2025-10-09T11:31:45.415+0000] {python.py:304} INFO - Condition result is True
[2025-10-09T11:31:45.417+0000] {python.py:307} INFO - Proceeding with downstream tasks...
[2025-10-09T11:31:45.419+0000] {taskinstance.py:441} INFO - ::group::Post task execution logs
[2025-10-09T11:31:45.463+0000] {taskinstance.py:1206} INFO - Marking task as SUCCESS. dag_id=pipeline_flow, task_id=check_users_freshness, run_id=manual__2025-10-09T11:31:11.456760+00:00, execution_date=20251009T113111, start_date=20251009T113143, end_date=20251009T113145
[2025-10-09T11:31:45.513+0000] {local_task_job_runner.py:243} INFO - Task exited with return code 0
[2025-10-09T11:31:45.551+0000] {taskinstance.py:3503} INFO - 1 downstream tasks scheduled from follow-on schedule check
[2025-10-09T11:31:45.554+0000] {local_task_job_runner.py:222} INFO - ::endgroup::
