[2025-10-11T05:41:28.525+0000] {local_task_job_runner.py:120} INFO - ::group::Pre task execution logs
[2025-10-11T05:41:28.588+0000] {taskinstance.py:2076} INFO - Dependencies all met for dep_context=non-requeueable deps ti=<TaskInstance: pipeline_flow.check_movie_freshness scheduled__1997-11-09T00:00:00+00:00 [queued]>
[2025-10-11T05:41:28.606+0000] {taskinstance.py:2076} INFO - Dependencies all met for dep_context=requeueable deps ti=<TaskInstance: pipeline_flow.check_movie_freshness scheduled__1997-11-09T00:00:00+00:00 [queued]>
[2025-10-11T05:41:28.607+0000] {taskinstance.py:2306} INFO - Starting attempt 1 of 2
[2025-10-11T05:41:28.629+0000] {taskinstance.py:2330} INFO - Executing <Task(ShortCircuitOperator): check_movie_freshness> on 1997-11-09 00:00:00+00:00
[2025-10-11T05:41:28.645+0000] {logging_mixin.py:188} WARNING - /home/***/.local/lib/python3.12/site-packages/***/task/task_runner/standard_task_runner.py:62 DeprecationWarning: This process (pid=8133) is multi-threaded, use of fork() may lead to deadlocks in the child.
[2025-10-11T05:41:28.648+0000] {standard_task_runner.py:64} INFO - Started process 8143 to run task
[2025-10-11T05:41:28.646+0000] {standard_task_runner.py:90} INFO - Running: ['***', 'tasks', 'run', 'pipeline_flow', 'check_movie_freshness', 'scheduled__1997-11-09T00:00:00+00:00', '--job-id', '121', '--raw', '--subdir', 'DAGS_FOLDER/pipeline_dag.py', '--cfg-path', '/tmp/tmp8j3al6tf']
[2025-10-11T05:41:28.651+0000] {standard_task_runner.py:91} INFO - Job 121: Subtask check_movie_freshness
[2025-10-11T05:41:28.751+0000] {task_command.py:426} INFO - Running <TaskInstance: pipeline_flow.check_movie_freshness scheduled__1997-11-09T00:00:00+00:00 [running]> on host 321597a50810
[2025-10-11T05:41:28.971+0000] {taskinstance.py:2648} INFO - Exporting env vars: AIRFLOW_CTX_DAG_EMAIL='oluwaseyiogundimu10@gmail.com' AIRFLOW_CTX_DAG_OWNER='seyi' AIRFLOW_CTX_DAG_ID='pipeline_flow' AIRFLOW_CTX_TASK_ID='check_movie_freshness' AIRFLOW_CTX_EXECUTION_DATE='1997-11-09T00:00:00+00:00' AIRFLOW_CTX_TRY_NUMBER='1' AIRFLOW_CTX_DAG_RUN_ID='scheduled__1997-11-09T00:00:00+00:00'
[2025-10-11T05:41:28.975+0000] {taskinstance.py:430} INFO - ::endgroup::
[2025-10-11T05:41:29.005+0000] {baseoperator.py:400} WARNING - ShortCircuitOperator.execute cannot be called outside TaskInstance!
[2025-10-11T05:41:29.169+0000] {s3_client.py:30} INFO - ✅ Successfully initialized S3 client.
[2025-10-11T05:41:30.599+0000] {logging_mixin.py:188} INFO - movies.csv is fresh: 2025-10-11 05:41:17+00:00
[2025-10-11T05:41:30.601+0000] {python.py:237} INFO - Done. Returned value was: True
[2025-10-11T05:41:30.603+0000] {python.py:304} INFO - Condition result is True
[2025-10-11T05:41:30.604+0000] {python.py:307} INFO - Proceeding with downstream tasks...
[2025-10-11T05:41:30.606+0000] {taskinstance.py:441} INFO - ::group::Post task execution logs
[2025-10-11T05:41:30.651+0000] {taskinstance.py:1206} INFO - Marking task as SUCCESS. dag_id=pipeline_flow, task_id=check_movie_freshness, run_id=scheduled__1997-11-09T00:00:00+00:00, execution_date=19971109T000000, start_date=20251011T054128, end_date=20251011T054130
[2025-10-11T05:41:30.713+0000] {local_task_job_runner.py:243} INFO - Task exited with return code 0
[2025-10-11T05:41:30.728+0000] {local_task_job_runner.py:222} INFO - ::endgroup::
