[2025-10-11T06:21:41.172+0000] {local_task_job_runner.py:120} INFO - ::group::Pre task execution logs
[2025-10-11T06:21:41.263+0000] {taskinstance.py:2076} INFO - Dependencies all met for dep_context=non-requeueable deps ti=<TaskInstance: pipeline_flow.load_movies_to_gold scheduled__1999-03-28T00:00:00+00:00 [queued]>
[2025-10-11T06:21:41.291+0000] {taskinstance.py:2076} INFO - Dependencies all met for dep_context=requeueable deps ti=<TaskInstance: pipeline_flow.load_movies_to_gold scheduled__1999-03-28T00:00:00+00:00 [queued]>
[2025-10-11T06:21:41.293+0000] {taskinstance.py:2306} INFO - Starting attempt 2 of 2
[2025-10-11T06:21:41.321+0000] {taskinstance.py:2330} INFO - Executing <Task(PythonOperator): load_movies_to_gold> on 1999-03-28 00:00:00+00:00
[2025-10-11T06:21:41.339+0000] {logging_mixin.py:188} WARNING - /home/***/.local/lib/python3.12/site-packages/***/task/task_runner/standard_task_runner.py:62 DeprecationWarning: This process (pid=11935) is multi-threaded, use of fork() may lead to deadlocks in the child.
[2025-10-11T06:21:41.343+0000] {standard_task_runner.py:64} INFO - Started process 11938 to run task
[2025-10-11T06:21:41.340+0000] {standard_task_runner.py:90} INFO - Running: ['***', 'tasks', 'run', 'pipeline_flow', 'load_movies_to_gold', 'scheduled__1999-03-28T00:00:00+00:00', '--job-id', '1266', '--raw', '--subdir', 'DAGS_FOLDER/pipeline_dag.py', '--cfg-path', '/tmp/tmpgh1ptsnx']
[2025-10-11T06:21:41.347+0000] {standard_task_runner.py:91} INFO - Job 1266: Subtask load_movies_to_gold
[2025-10-11T06:21:41.494+0000] {task_command.py:426} INFO - Running <TaskInstance: pipeline_flow.load_movies_to_gold scheduled__1999-03-28T00:00:00+00:00 [running]> on host 321597a50810
[2025-10-11T06:21:41.645+0000] {taskinstance.py:2648} INFO - Exporting env vars: AIRFLOW_CTX_DAG_EMAIL='oluwaseyiogundimu10@gmail.com' AIRFLOW_CTX_DAG_OWNER='seyi' AIRFLOW_CTX_DAG_ID='pipeline_flow' AIRFLOW_CTX_TASK_ID='load_movies_to_gold' AIRFLOW_CTX_EXECUTION_DATE='1999-03-28T00:00:00+00:00' AIRFLOW_CTX_TRY_NUMBER='2' AIRFLOW_CTX_DAG_RUN_ID='scheduled__1999-03-28T00:00:00+00:00'
[2025-10-11T06:21:41.647+0000] {taskinstance.py:430} INFO - ::endgroup::
[2025-10-11T06:21:41.801+0000] {s3_client.py:30} INFO - ✅ Successfully initialized S3 client.
[2025-10-11T06:21:41.803+0000] {read_bucket.py:26} INFO - Reading movies.csv from movie-pipeline-silver bucket.
[2025-10-11T06:21:43.595+0000] {read_bucket.py:32} INFO - Successfully read movies.csv into DataFrame. Shape: (1604, 5)
[2025-10-11T06:21:43.612+0000] {connection.py:60} INFO - Writing stg_movies to Postgres..
[2025-10-11T06:21:43.614+0000] {connection.py:22} INFO - Successfully connected to Postgres.
[2025-10-11T06:21:43.944+0000] {connection.py:66} INFO - Successfully inserted 1604 records into stg_movies.
[2025-10-11T06:21:43.946+0000] {connection.py:22} INFO - Successfully connected to Postgres.
[2025-10-11T06:21:44.045+0000] {load.py:58} INFO - Upsert complete. New records successfully loaded
[2025-10-11T06:21:44.050+0000] {silver_watermarks.py:25} INFO - Reading watermarks from s3..
[2025-10-11T06:21:44.322+0000] {silver_watermarks.py:55} INFO - Updating watermarks in S3...
[2025-10-11T06:21:44.849+0000] {silver_watermarks.py:72} INFO - Watermarks updated successfully in S3.
[2025-10-11T06:21:44.852+0000] {python.py:237} INFO - Done. Returned value was: None
[2025-10-11T06:21:44.855+0000] {taskinstance.py:441} INFO - ::group::Post task execution logs
[2025-10-11T06:21:44.883+0000] {taskinstance.py:1206} INFO - Marking task as SUCCESS. dag_id=pipeline_flow, task_id=load_movies_to_gold, run_id=scheduled__1999-03-28T00:00:00+00:00, execution_date=19990328T000000, start_date=20251011T062141, end_date=20251011T062144
[2025-10-11T06:21:44.943+0000] {local_task_job_runner.py:243} INFO - Task exited with return code 0
[2025-10-11T06:21:44.985+0000] {taskinstance.py:3503} INFO - 0 downstream tasks scheduled from follow-on schedule check
[2025-10-11T06:21:44.995+0000] {local_task_job_runner.py:222} INFO - ::endgroup::
