[2025-10-11T06:09:15.195+0000] {local_task_job_runner.py:120} INFO - ::group::Pre task execution logs
[2025-10-11T06:09:15.273+0000] {taskinstance.py:2076} INFO - Dependencies all met for dep_context=non-requeueable deps ti=<TaskInstance: pipeline_flow.load_users scheduled__1998-12-13T00:00:00+00:00 [queued]>
[2025-10-11T06:09:15.292+0000] {taskinstance.py:2076} INFO - Dependencies all met for dep_context=requeueable deps ti=<TaskInstance: pipeline_flow.load_users scheduled__1998-12-13T00:00:00+00:00 [queued]>
[2025-10-11T06:09:15.294+0000] {taskinstance.py:2306} INFO - Starting attempt 1 of 2
[2025-10-11T06:09:15.323+0000] {taskinstance.py:2330} INFO - Executing <Task(PythonOperator): load_users> on 1998-12-13 00:00:00+00:00
[2025-10-11T06:09:15.340+0000] {logging_mixin.py:188} WARNING - /home/***/.local/lib/python3.12/site-packages/***/task/task_runner/standard_task_runner.py:62 DeprecationWarning: This process (pid=10284) is multi-threaded, use of fork() may lead to deadlocks in the child.
[2025-10-11T06:09:15.343+0000] {standard_task_runner.py:64} INFO - Started process 10293 to run task
[2025-10-11T06:09:15.340+0000] {standard_task_runner.py:90} INFO - Running: ['***', 'tasks', 'run', 'pipeline_flow', 'load_users', 'scheduled__1998-12-13T00:00:00+00:00', '--job-id', '751', '--raw', '--subdir', 'DAGS_FOLDER/pipeline_dag.py', '--cfg-path', '/tmp/tmpqtazqs3z']
[2025-10-11T06:09:15.345+0000] {standard_task_runner.py:91} INFO - Job 751: Subtask load_users
[2025-10-11T06:09:15.467+0000] {task_command.py:426} INFO - Running <TaskInstance: pipeline_flow.load_users scheduled__1998-12-13T00:00:00+00:00 [running]> on host 321597a50810
[2025-10-11T06:09:15.659+0000] {taskinstance.py:2648} INFO - Exporting env vars: AIRFLOW_CTX_DAG_EMAIL='oluwaseyiogundimu10@gmail.com' AIRFLOW_CTX_DAG_OWNER='seyi' AIRFLOW_CTX_DAG_ID='pipeline_flow' AIRFLOW_CTX_TASK_ID='load_users' AIRFLOW_CTX_EXECUTION_DATE='1998-12-13T00:00:00+00:00' AIRFLOW_CTX_TRY_NUMBER='1' AIRFLOW_CTX_DAG_RUN_ID='scheduled__1998-12-13T00:00:00+00:00'
[2025-10-11T06:09:15.662+0000] {taskinstance.py:430} INFO - ::endgroup::
[2025-10-11T06:09:15.691+0000] {read_write_buckets.py:22} INFO - Reading users.csv from movie-pipeline-bronze bucket.
[2025-10-11T06:09:15.909+0000] {s3_client.py:30} INFO - ✅ Successfully initialized S3 client.
[2025-10-11T06:09:17.630+0000] {read_write_buckets.py:34} INFO - Successfully read users.csv into DataFrame. Shape: (943, 5)
[2025-10-11T06:09:17.632+0000] {transform.py:185} INFO - Starting transformations for users..
[2025-10-11T06:09:17.649+0000] {transform.py:202} INFO - Users data cleaned with 943 records
[2025-10-11T06:09:17.651+0000] {read_write_buckets.py:50} INFO - Writing users.csv to movie-pipeline-silver bucket.
[2025-10-11T06:09:19.615+0000] {read_write_buckets.py:66} INFO - Successfully wrote users.csv to Silver bucket.
[2025-10-11T06:09:19.617+0000] {watermarks.py:48} INFO - Updating watermarks in S3...
[2025-10-11T06:09:19.619+0000] {watermarks.py:25} INFO - Reading watermarks from S3 Bronze bucket...
[2025-10-11T06:09:20.151+0000] {watermarks.py:30} INFO - Successfully read existing watermarks.
[2025-10-11T06:09:20.883+0000] {watermarks.py:76} INFO - Watermarks updated successfully in S3.
[2025-10-11T06:09:20.885+0000] {python.py:237} INFO - Done. Returned value was: None
[2025-10-11T06:09:20.886+0000] {taskinstance.py:441} INFO - ::group::Post task execution logs
[2025-10-11T06:09:20.901+0000] {taskinstance.py:1206} INFO - Marking task as SUCCESS. dag_id=pipeline_flow, task_id=load_users, run_id=scheduled__1998-12-13T00:00:00+00:00, execution_date=19981213T000000, start_date=20251011T060915, end_date=20251011T060920
[2025-10-11T06:09:20.957+0000] {local_task_job_runner.py:243} INFO - Task exited with return code 0
[2025-10-11T06:09:20.990+0000] {taskinstance.py:3503} INFO - 0 downstream tasks scheduled from follow-on schedule check
[2025-10-11T06:09:20.993+0000] {local_task_job_runner.py:222} INFO - ::endgroup::
