[2025-10-11T05:42:23.466+0000] {local_task_job_runner.py:120} INFO - ::group::Pre task execution logs
[2025-10-11T05:42:23.539+0000] {taskinstance.py:2076} INFO - Dependencies all met for dep_context=non-requeueable deps ti=<TaskInstance: pipeline_flow.load_movies scheduled__1997-12-28T00:00:00+00:00 [queued]>
[2025-10-11T05:42:23.557+0000] {taskinstance.py:2076} INFO - Dependencies all met for dep_context=requeueable deps ti=<TaskInstance: pipeline_flow.load_movies scheduled__1997-12-28T00:00:00+00:00 [queued]>
[2025-10-11T05:42:23.558+0000] {taskinstance.py:2306} INFO - Starting attempt 1 of 2
[2025-10-11T05:42:23.583+0000] {taskinstance.py:2330} INFO - Executing <Task(PythonOperator): load_movies> on 1997-12-28 00:00:00+00:00
[2025-10-11T05:42:23.597+0000] {logging_mixin.py:188} WARNING - /home/***/.local/lib/python3.12/site-packages/***/task/task_runner/standard_task_runner.py:62 DeprecationWarning: This process (pid=8369) is multi-threaded, use of fork() may lead to deadlocks in the child.
[2025-10-11T05:42:23.600+0000] {standard_task_runner.py:64} INFO - Started process 8376 to run task
[2025-10-11T05:42:23.598+0000] {standard_task_runner.py:90} INFO - Running: ['***', 'tasks', 'run', 'pipeline_flow', 'load_movies', 'scheduled__1997-12-28T00:00:00+00:00', '--job-id', '196', '--raw', '--subdir', 'DAGS_FOLDER/pipeline_dag.py', '--cfg-path', '/tmp/tmp_zsicab7']
[2025-10-11T05:42:23.601+0000] {standard_task_runner.py:91} INFO - Job 196: Subtask load_movies
[2025-10-11T05:42:23.696+0000] {task_command.py:426} INFO - Running <TaskInstance: pipeline_flow.load_movies scheduled__1997-12-28T00:00:00+00:00 [running]> on host 321597a50810
[2025-10-11T05:42:23.853+0000] {taskinstance.py:2648} INFO - Exporting env vars: AIRFLOW_CTX_DAG_EMAIL='oluwaseyiogundimu10@gmail.com' AIRFLOW_CTX_DAG_OWNER='seyi' AIRFLOW_CTX_DAG_ID='pipeline_flow' AIRFLOW_CTX_TASK_ID='load_movies' AIRFLOW_CTX_EXECUTION_DATE='1997-12-28T00:00:00+00:00' AIRFLOW_CTX_TRY_NUMBER='1' AIRFLOW_CTX_DAG_RUN_ID='scheduled__1997-12-28T00:00:00+00:00'
[2025-10-11T05:42:23.855+0000] {taskinstance.py:430} INFO - ::endgroup::
[2025-10-11T05:42:23.882+0000] {transform.py:25} INFO - Starting transformations for movie data..
[2025-10-11T05:42:23.883+0000] {read_write_buckets.py:22} INFO - Reading movies.csv from movie-pipeline-bronze bucket.
[2025-10-11T05:42:24.066+0000] {s3_client.py:30} INFO - ✅ Successfully initialized S3 client.
[2025-10-11T05:42:25.694+0000] {read_write_buckets.py:34} INFO - Successfully read movies.csv into DataFrame. Shape: (1682, 5)
[2025-10-11T05:42:25.730+0000] {transform.py:49} INFO - Full load of 1604 records up to 1997-10-01
[2025-10-11T05:42:25.745+0000] {transform.py:60} INFO - Movies data cleaned with 1604 records
[2025-10-11T05:42:25.748+0000] {read_write_buckets.py:50} INFO - Writing movies.csv to movie-pipeline-silver bucket.
[2025-10-11T05:42:27.937+0000] {read_write_buckets.py:66} INFO - Successfully wrote movies.csv to Silver bucket.
[2025-10-11T05:42:27.940+0000] {watermarks.py:48} INFO - Updating watermarks in S3...
[2025-10-11T05:42:27.941+0000] {watermarks.py:25} INFO - Reading watermarks from S3 Bronze bucket...
[2025-10-11T05:42:28.218+0000] {watermarks.py:30} INFO - Successfully read existing watermarks.
[2025-10-11T05:42:28.741+0000] {watermarks.py:76} INFO - Watermarks updated successfully in S3.
[2025-10-11T05:42:28.743+0000] {python.py:237} INFO - Done. Returned value was: None
[2025-10-11T05:42:28.744+0000] {taskinstance.py:441} INFO - ::group::Post task execution logs
[2025-10-11T05:42:28.762+0000] {taskinstance.py:1206} INFO - Marking task as SUCCESS. dag_id=pipeline_flow, task_id=load_movies, run_id=scheduled__1997-12-28T00:00:00+00:00, execution_date=19971228T000000, start_date=20251011T054223, end_date=20251011T054228
[2025-10-11T05:42:28.814+0000] {local_task_job_runner.py:243} INFO - Task exited with return code 0
[2025-10-11T05:42:28.855+0000] {taskinstance.py:3503} INFO - 0 downstream tasks scheduled from follow-on schedule check
[2025-10-11T05:42:28.859+0000] {local_task_job_runner.py:222} INFO - ::endgroup::
