[2025-10-11T06:56:29.077+0000] {local_task_job_runner.py:120} INFO - ::group::Pre task execution logs
[2025-10-11T06:56:29.161+0000] {taskinstance.py:2076} INFO - Dependencies all met for dep_context=non-requeueable deps ti=<TaskInstance: pipeline_flow.load_users_to_gold scheduled__2000-12-10T00:00:00+00:00 [queued]>
[2025-10-11T06:56:29.184+0000] {taskinstance.py:2076} INFO - Dependencies all met for dep_context=requeueable deps ti=<TaskInstance: pipeline_flow.load_users_to_gold scheduled__2000-12-10T00:00:00+00:00 [queued]>
[2025-10-11T06:56:29.185+0000] {taskinstance.py:2306} INFO - Starting attempt 1 of 2
[2025-10-11T06:56:29.213+0000] {taskinstance.py:2330} INFO - Executing <Task(PythonOperator): load_users_to_gold> on 2000-12-10 00:00:00+00:00
[2025-10-11T06:56:29.231+0000] {logging_mixin.py:188} WARNING - /home/***/.local/lib/python3.12/site-packages/***/task/task_runner/standard_task_runner.py:62 DeprecationWarning: This process (pid=588) is multi-threaded, use of fork() may lead to deadlocks in the child.
[2025-10-11T06:56:29.233+0000] {standard_task_runner.py:64} INFO - Started process 603 to run task
[2025-10-11T06:56:29.232+0000] {standard_task_runner.py:90} INFO - Running: ['***', 'tasks', 'run', 'pipeline_flow', 'load_users_to_gold', 'scheduled__2000-12-10T00:00:00+00:00', '--job-id', '1955', '--raw', '--subdir', 'DAGS_FOLDER/pipeline_dag.py', '--cfg-path', '/tmp/tmpxeb6ooz2']
[2025-10-11T06:56:29.237+0000] {standard_task_runner.py:91} INFO - Job 1955: Subtask load_users_to_gold
[2025-10-11T06:56:29.353+0000] {task_command.py:426} INFO - Running <TaskInstance: pipeline_flow.load_users_to_gold scheduled__2000-12-10T00:00:00+00:00 [running]> on host 321597a50810
[2025-10-11T06:56:29.574+0000] {taskinstance.py:2648} INFO - Exporting env vars: AIRFLOW_CTX_DAG_EMAIL='oluwaseyiogundimu10@gmail.com' AIRFLOW_CTX_DAG_OWNER='seyi' AIRFLOW_CTX_DAG_ID='pipeline_flow' AIRFLOW_CTX_TASK_ID='load_users_to_gold' AIRFLOW_CTX_EXECUTION_DATE='2000-12-10T00:00:00+00:00' AIRFLOW_CTX_TRY_NUMBER='1' AIRFLOW_CTX_DAG_RUN_ID='scheduled__2000-12-10T00:00:00+00:00'
[2025-10-11T06:56:29.576+0000] {taskinstance.py:430} INFO - ::endgroup::
[2025-10-11T06:56:29.903+0000] {s3_client.py:30} INFO - ✅ Successfully initialized S3 client.
[2025-10-11T06:56:29.906+0000] {read_bucket.py:26} INFO - Reading users.csv from movie-pipeline-silver bucket.
[2025-10-11T06:56:31.106+0000] {read_bucket.py:32} INFO - Successfully read users.csv into DataFrame. Shape: (943, 5)
[2025-10-11T06:56:31.108+0000] {load.py:203} INFO - Starting load for users..
[2025-10-11T06:56:31.109+0000] {connection.py:60} INFO - Writing stg_users to Postgres..
[2025-10-11T06:56:31.111+0000] {connection.py:22} INFO - Successfully connected to Postgres.
[2025-10-11T06:56:31.365+0000] {connection.py:66} INFO - Successfully inserted 943 records into stg_users.
[2025-10-11T06:56:31.367+0000] {connection.py:22} INFO - Successfully connected to Postgres.
[2025-10-11T06:56:31.471+0000] {load.py:213} INFO - User upsert complete. New and changed user records successfully processed.
[2025-10-11T06:56:31.477+0000] {silver_watermarks.py:25} INFO - Reading watermarks from s3..
[2025-10-11T06:56:31.838+0000] {silver_watermarks.py:55} INFO - Updating watermarks in S3...
[2025-10-11T06:56:32.625+0000] {silver_watermarks.py:72} INFO - Watermarks updated successfully in S3.
[2025-10-11T06:56:32.631+0000] {python.py:237} INFO - Done. Returned value was: None
[2025-10-11T06:56:32.636+0000] {taskinstance.py:441} INFO - ::group::Post task execution logs
[2025-10-11T06:56:32.682+0000] {taskinstance.py:1206} INFO - Marking task as SUCCESS. dag_id=pipeline_flow, task_id=load_users_to_gold, run_id=scheduled__2000-12-10T00:00:00+00:00, execution_date=20001210T000000, start_date=20251011T065629, end_date=20251011T065632
[2025-10-11T06:56:32.765+0000] {local_task_job_runner.py:243} INFO - Task exited with return code 0
[2025-10-11T06:56:32.844+0000] {taskinstance.py:3503} INFO - 0 downstream tasks scheduled from follow-on schedule check
[2025-10-11T06:56:32.849+0000] {local_task_job_runner.py:222} INFO - ::endgroup::
