[2025-10-11T06:12:09.443+0000] {local_task_job_runner.py:120} INFO - ::group::Pre task execution logs
[2025-10-11T06:12:09.497+0000] {taskinstance.py:2076} INFO - Dependencies all met for dep_context=non-requeueable deps ti=<TaskInstance: pipeline_flow.to_bronze scheduled__1999-06-06T00:00:00+00:00 [queued]>
[2025-10-11T06:12:09.512+0000] {taskinstance.py:2076} INFO - Dependencies all met for dep_context=requeueable deps ti=<TaskInstance: pipeline_flow.to_bronze scheduled__1999-06-06T00:00:00+00:00 [queued]>
[2025-10-11T06:12:09.513+0000] {taskinstance.py:2306} INFO - Starting attempt 1 of 2
[2025-10-11T06:12:09.536+0000] {taskinstance.py:2330} INFO - Executing <Task(PythonOperator): to_bronze> on 1999-06-06 00:00:00+00:00
[2025-10-11T06:12:09.550+0000] {logging_mixin.py:188} WARNING - /home/***/.local/lib/python3.12/site-packages/***/task/task_runner/standard_task_runner.py:62 DeprecationWarning: This process (pid=11017) is multi-threaded, use of fork() may lead to deadlocks in the child.
[2025-10-11T06:12:09.549+0000] {standard_task_runner.py:90} INFO - Running: ['***', 'tasks', 'run', 'pipeline_flow', 'to_bronze', 'scheduled__1999-06-06T00:00:00+00:00', '--job-id', '991', '--raw', '--subdir', 'DAGS_FOLDER/pipeline_dag.py', '--cfg-path', '/tmp/tmpu2y57wnb']
[2025-10-11T06:12:09.554+0000] {standard_task_runner.py:64} INFO - Started process 11029 to run task
[2025-10-11T06:12:09.555+0000] {standard_task_runner.py:91} INFO - Job 991: Subtask to_bronze
[2025-10-11T06:12:09.666+0000] {task_command.py:426} INFO - Running <TaskInstance: pipeline_flow.to_bronze scheduled__1999-06-06T00:00:00+00:00 [running]> on host 321597a50810
[2025-10-11T06:12:09.849+0000] {taskinstance.py:2648} INFO - Exporting env vars: AIRFLOW_CTX_DAG_EMAIL='oluwaseyiogundimu10@gmail.com' AIRFLOW_CTX_DAG_OWNER='seyi' AIRFLOW_CTX_DAG_ID='pipeline_flow' AIRFLOW_CTX_TASK_ID='to_bronze' AIRFLOW_CTX_EXECUTION_DATE='1999-06-06T00:00:00+00:00' AIRFLOW_CTX_TRY_NUMBER='1' AIRFLOW_CTX_DAG_RUN_ID='scheduled__1999-06-06T00:00:00+00:00'
[2025-10-11T06:12:09.852+0000] {taskinstance.py:430} INFO - ::endgroup::
[2025-10-11T06:12:09.875+0000] {orchestration.py:16} INFO - Starting Bronze layer data pipeline...
[2025-10-11T06:12:10.044+0000] {s3_client.py:30} INFO - ✅ Successfully initialized S3 client.
[2025-10-11T06:12:10.046+0000] {ingest.py:26} INFO - Reading movies...
[2025-10-11T06:12:12.835+0000] {ingest.py:31} INFO - Successfully read movies.
[2025-10-11T06:12:12.836+0000] {ingest.py:26} INFO - Reading ratings...
[2025-10-11T06:12:18.040+0000] {ingest.py:31} INFO - Successfully read ratings.
[2025-10-11T06:12:18.041+0000] {ingest.py:26} INFO - Reading users...
[2025-10-11T06:12:20.084+0000] {ingest.py:31} INFO - Successfully read users.
[2025-10-11T06:12:20.086+0000] {orchestration.py:24} INFO - Successfully ingested raw data.
[2025-10-11T06:12:20.087+0000] {validation.py:17} INFO - Validating columns for movies..
[2025-10-11T06:12:20.088+0000] {validation.py:32} INFO - successfully validated movies's columns.
[2025-10-11T06:12:20.090+0000] {validation.py:17} INFO - Validating columns for ratings..
[2025-10-11T06:12:20.091+0000] {validation.py:32} INFO - successfully validated ratings's columns.
[2025-10-11T06:12:20.093+0000] {validation.py:17} INFO - Validating columns for users..
[2025-10-11T06:12:20.094+0000] {validation.py:32} INFO - successfully validated users's columns.
[2025-10-11T06:12:20.100+0000] {validation.py:46} WARNING - movies has 4 missing values:
release_date    1
IMDb_URL        3
dtype: int64
[2025-10-11T06:12:20.103+0000] {validation.py:48} INFO - No missing values found in ratings.
[2025-10-11T06:12:20.106+0000] {validation.py:48} INFO - No missing values found in users.
[2025-10-11T06:12:20.109+0000] {orchestration.py:29} INFO - Data validation completed successfully.
[2025-10-11T06:12:20.975+0000] {s3_client.py:55} INFO - Bucket 'movie-pipeline-bronze' already exists.
[2025-10-11T06:12:20.977+0000] {upload.py:23} INFO - Starting movies upload to bronze bucket
[2025-10-11T06:12:20.991+0000] {upload.py:31} INFO - Uploading movies.csv to S3 bucket movie-pipeline-bronze
[2025-10-11T06:12:23.223+0000] {upload.py:40} INFO - Successfully uploaded movies.csv to S3 bucket movie-pipeline-bronze.
[2025-10-11T06:12:23.227+0000] {upload.py:23} INFO - Starting ratings upload to bronze bucket
[2025-10-11T06:12:23.766+0000] {upload.py:31} INFO - Uploading ratings.csv to S3 bucket movie-pipeline-bronze
[2025-10-11T06:12:33.245+0000] {upload.py:40} INFO - Successfully uploaded ratings.csv to S3 bucket movie-pipeline-bronze.
[2025-10-11T06:12:33.248+0000] {upload.py:23} INFO - Starting users upload to bronze bucket
[2025-10-11T06:12:33.255+0000] {upload.py:31} INFO - Uploading users.csv to S3 bucket movie-pipeline-bronze
[2025-10-11T06:12:33.900+0000] {upload.py:40} INFO - Successfully uploaded users.csv to S3 bucket movie-pipeline-bronze.
[2025-10-11T06:12:33.902+0000] {orchestration.py:36} INFO - Data successfully uploaded to Bronze S3 bucket.
[2025-10-11T06:12:33.903+0000] {orchestration.py:38} INFO - Bronze pipeline execution completed successfully!
[2025-10-11T06:12:33.906+0000] {python.py:237} INFO - Done. Returned value was: None
[2025-10-11T06:12:33.908+0000] {taskinstance.py:441} INFO - ::group::Post task execution logs
[2025-10-11T06:12:33.927+0000] {taskinstance.py:1206} INFO - Marking task as SUCCESS. dag_id=pipeline_flow, task_id=to_bronze, run_id=scheduled__1999-06-06T00:00:00+00:00, execution_date=19990606T000000, start_date=20251011T061209, end_date=20251011T061233
[2025-10-11T06:12:34.130+0000] {local_task_job_runner.py:243} INFO - Task exited with return code 0
[2025-10-11T06:12:34.173+0000] {taskinstance.py:3503} INFO - 3 downstream tasks scheduled from follow-on schedule check
[2025-10-11T06:12:34.178+0000] {local_task_job_runner.py:222} INFO - ::endgroup::
