[2025-10-11T06:18:55.688+0000] {local_task_job_runner.py:120} INFO - ::group::Pre task execution logs
[2025-10-11T06:18:55.731+0000] {taskinstance.py:2076} INFO - Dependencies all met for dep_context=non-requeueable deps ti=<TaskInstance: pipeline_flow.load_movies_to_gold scheduled__1999-08-29T00:00:00+00:00 [queued]>
[2025-10-11T06:18:55.742+0000] {taskinstance.py:2076} INFO - Dependencies all met for dep_context=requeueable deps ti=<TaskInstance: pipeline_flow.load_movies_to_gold scheduled__1999-08-29T00:00:00+00:00 [queued]>
[2025-10-11T06:18:55.743+0000] {taskinstance.py:2306} INFO - Starting attempt 1 of 2
[2025-10-11T06:18:55.765+0000] {taskinstance.py:2330} INFO - Executing <Task(PythonOperator): load_movies_to_gold> on 1999-08-29 00:00:00+00:00
[2025-10-11T06:18:55.780+0000] {logging_mixin.py:188} WARNING - /home/***/.local/lib/python3.12/site-packages/***/task/task_runner/standard_task_runner.py:62 DeprecationWarning: This process (pid=11582) is multi-threaded, use of fork() may lead to deadlocks in the child.
[2025-10-11T06:18:55.783+0000] {standard_task_runner.py:64} INFO - Started process 11588 to run task
[2025-10-11T06:18:55.780+0000] {standard_task_runner.py:90} INFO - Running: ['***', 'tasks', 'run', 'pipeline_flow', 'load_movies_to_gold', 'scheduled__1999-08-29T00:00:00+00:00', '--job-id', '1156', '--raw', '--subdir', 'DAGS_FOLDER/pipeline_dag.py', '--cfg-path', '/tmp/tmpwade3akn']
[2025-10-11T06:18:55.785+0000] {standard_task_runner.py:91} INFO - Job 1156: Subtask load_movies_to_gold
[2025-10-11T06:18:55.871+0000] {task_command.py:426} INFO - Running <TaskInstance: pipeline_flow.load_movies_to_gold scheduled__1999-08-29T00:00:00+00:00 [running]> on host 321597a50810
[2025-10-11T06:18:56.047+0000] {taskinstance.py:2648} INFO - Exporting env vars: AIRFLOW_CTX_DAG_EMAIL='oluwaseyiogundimu10@gmail.com' AIRFLOW_CTX_DAG_OWNER='seyi' AIRFLOW_CTX_DAG_ID='pipeline_flow' AIRFLOW_CTX_TASK_ID='load_movies_to_gold' AIRFLOW_CTX_EXECUTION_DATE='1999-08-29T00:00:00+00:00' AIRFLOW_CTX_TRY_NUMBER='1' AIRFLOW_CTX_DAG_RUN_ID='scheduled__1999-08-29T00:00:00+00:00'
[2025-10-11T06:18:56.050+0000] {taskinstance.py:430} INFO - ::endgroup::
[2025-10-11T06:18:56.161+0000] {s3_client.py:30} INFO - ✅ Successfully initialized S3 client.
[2025-10-11T06:18:56.162+0000] {read_bucket.py:26} INFO - Reading movies.csv from movie-pipeline-silver bucket.
[2025-10-11T06:18:57.658+0000] {read_bucket.py:32} INFO - Successfully read movies.csv into DataFrame. Shape: (1604, 5)
[2025-10-11T06:18:57.668+0000] {connection.py:60} INFO - Writing stg_movies to Postgres..
[2025-10-11T06:18:57.669+0000] {connection.py:22} INFO - Successfully connected to Postgres.
[2025-10-11T06:18:57.933+0000] {connection.py:66} INFO - Successfully inserted 1604 records into stg_movies.
[2025-10-11T06:18:57.934+0000] {connection.py:22} INFO - Successfully connected to Postgres.
[2025-10-11T06:18:58.017+0000] {load.py:58} INFO - Upsert complete. New records successfully loaded
[2025-10-11T06:18:58.022+0000] {silver_watermarks.py:25} INFO - Reading watermarks from s3..
[2025-10-11T06:18:58.319+0000] {silver_watermarks.py:55} INFO - Updating watermarks in S3...
[2025-10-11T06:18:58.836+0000] {silver_watermarks.py:72} INFO - Watermarks updated successfully in S3.
[2025-10-11T06:18:58.837+0000] {python.py:237} INFO - Done. Returned value was: None
[2025-10-11T06:18:58.839+0000] {taskinstance.py:441} INFO - ::group::Post task execution logs
[2025-10-11T06:18:58.853+0000] {taskinstance.py:1206} INFO - Marking task as SUCCESS. dag_id=pipeline_flow, task_id=load_movies_to_gold, run_id=scheduled__1999-08-29T00:00:00+00:00, execution_date=19990829T000000, start_date=20251011T061855, end_date=20251011T061858
[2025-10-11T06:18:58.897+0000] {local_task_job_runner.py:243} INFO - Task exited with return code 0
[2025-10-11T06:18:58.929+0000] {taskinstance.py:3503} INFO - 0 downstream tasks scheduled from follow-on schedule check
[2025-10-11T06:18:58.936+0000] {local_task_job_runner.py:222} INFO - ::endgroup::
