[2025-10-11T04:43:56.984+0000] {local_task_job_runner.py:120} INFO - ::group::Pre task execution logs
[2025-10-11T04:43:57.044+0000] {taskinstance.py:2076} INFO - Dependencies all met for dep_context=non-requeueable deps ti=<TaskInstance: pipeline_flow.to_bronze manual__2025-10-09T10:56:57.007831+00:00 [queued]>
[2025-10-11T04:43:57.056+0000] {taskinstance.py:2076} INFO - Dependencies all met for dep_context=requeueable deps ti=<TaskInstance: pipeline_flow.to_bronze manual__2025-10-09T10:56:57.007831+00:00 [queued]>
[2025-10-11T04:43:57.057+0000] {taskinstance.py:2306} INFO - Starting attempt 2 of 3
[2025-10-11T04:43:57.073+0000] {taskinstance.py:2330} INFO - Executing <Task(PythonOperator): to_bronze> on 2025-10-09 10:56:57.007831+00:00
[2025-10-11T04:43:57.093+0000] {logging_mixin.py:188} WARNING - /home/***/.local/lib/python3.12/site-packages/***/task/task_runner/standard_task_runner.py:62 DeprecationWarning: This process (pid=7217) is multi-threaded, use of fork() may lead to deadlocks in the child.
[2025-10-11T04:43:57.089+0000] {standard_task_runner.py:90} INFO - Running: ['***', 'tasks', 'run', 'pipeline_flow', 'to_bronze', 'manual__2025-10-09T10:56:57.007831+00:00', '--job-id', '36', '--raw', '--subdir', 'DAGS_FOLDER/pipeline_dag.py', '--cfg-path', '/tmp/tmpos6u86kj']
[2025-10-11T04:43:57.096+0000] {standard_task_runner.py:64} INFO - Started process 7231 to run task
[2025-10-11T04:43:57.096+0000] {standard_task_runner.py:91} INFO - Job 36: Subtask to_bronze
[2025-10-11T04:43:57.188+0000] {task_command.py:426} INFO - Running <TaskInstance: pipeline_flow.to_bronze manual__2025-10-09T10:56:57.007831+00:00 [running]> on host 321597a50810
[2025-10-11T04:43:57.316+0000] {taskinstance.py:2648} INFO - Exporting env vars: AIRFLOW_CTX_DAG_EMAIL='oluwaseyiogundimu10@gmail.com' AIRFLOW_CTX_DAG_OWNER='seyi' AIRFLOW_CTX_DAG_ID='pipeline_flow' AIRFLOW_CTX_TASK_ID='to_bronze' AIRFLOW_CTX_EXECUTION_DATE='2025-10-09T10:56:57.007831+00:00' AIRFLOW_CTX_TRY_NUMBER='2' AIRFLOW_CTX_DAG_RUN_ID='manual__2025-10-09T10:56:57.007831+00:00'
[2025-10-11T04:43:57.318+0000] {taskinstance.py:430} INFO - ::endgroup::
[2025-10-11T04:43:57.344+0000] {orchestration.py:16} INFO - Starting Bronze layer data pipeline...
[2025-10-11T04:43:57.659+0000] {s3_client.py:30} INFO - ✅ Successfully initialized S3 client.
[2025-10-11T04:43:57.661+0000] {ingest.py:26} INFO - Reading movies...
[2025-10-11T04:44:02.257+0000] {ingest.py:31} INFO - Successfully read movies.
[2025-10-11T04:44:02.259+0000] {ingest.py:26} INFO - Reading ratings...
[2025-10-11T04:44:07.293+0000] {ingest.py:31} INFO - Successfully read ratings.
[2025-10-11T04:44:07.295+0000] {ingest.py:26} INFO - Reading users...
[2025-10-11T04:44:08.644+0000] {ingest.py:31} INFO - Successfully read users.
[2025-10-11T04:44:08.646+0000] {orchestration.py:24} INFO - Successfully ingested raw data.
[2025-10-11T04:44:08.648+0000] {validation.py:17} INFO - Validating columns for movies..
[2025-10-11T04:44:08.650+0000] {validation.py:32} INFO - successfully validated movies's columns.
[2025-10-11T04:44:08.651+0000] {validation.py:17} INFO - Validating columns for ratings..
[2025-10-11T04:44:08.653+0000] {validation.py:32} INFO - successfully validated ratings's columns.
[2025-10-11T04:44:08.654+0000] {validation.py:17} INFO - Validating columns for users..
[2025-10-11T04:44:08.656+0000] {validation.py:32} INFO - successfully validated users's columns.
[2025-10-11T04:44:08.661+0000] {validation.py:46} WARNING - movies has 4 missing values:
release_date    1
IMDb_URL        3
dtype: int64
[2025-10-11T04:44:08.665+0000] {validation.py:48} INFO - No missing values found in ratings.
[2025-10-11T04:44:08.667+0000] {validation.py:48} INFO - No missing values found in users.
[2025-10-11T04:44:08.668+0000] {orchestration.py:29} INFO - Data validation completed successfully.
[2025-10-11T04:44:09.549+0000] {s3_client.py:55} INFO - Bucket 'movie-pipeline-bronze' already exists.
[2025-10-11T04:44:09.551+0000] {upload.py:23} INFO - Starting movies upload to bronze bucket
[2025-10-11T04:44:09.562+0000] {upload.py:31} INFO - Uploading movies.csv to S3 bucket movie-pipeline-bronze
[2025-10-11T04:44:11.894+0000] {upload.py:40} INFO - Successfully uploaded movies.csv to S3 bucket movie-pipeline-bronze.
[2025-10-11T04:44:11.897+0000] {upload.py:23} INFO - Starting ratings upload to bronze bucket
[2025-10-11T04:44:12.037+0000] {upload.py:31} INFO - Uploading ratings.csv to S3 bucket movie-pipeline-bronze
[2025-10-11T04:44:24.365+0000] {upload.py:40} INFO - Successfully uploaded ratings.csv to S3 bucket movie-pipeline-bronze.
[2025-10-11T04:44:24.369+0000] {upload.py:23} INFO - Starting users upload to bronze bucket
[2025-10-11T04:44:24.379+0000] {upload.py:31} INFO - Uploading users.csv to S3 bucket movie-pipeline-bronze
[2025-10-11T04:44:25.087+0000] {upload.py:40} INFO - Successfully uploaded users.csv to S3 bucket movie-pipeline-bronze.
[2025-10-11T04:44:25.089+0000] {orchestration.py:36} INFO - Data successfully uploaded to Bronze S3 bucket.
[2025-10-11T04:44:25.090+0000] {orchestration.py:38} INFO - Bronze pipeline execution completed successfully!
[2025-10-11T04:44:25.094+0000] {python.py:237} INFO - Done. Returned value was: None
[2025-10-11T04:44:25.096+0000] {taskinstance.py:441} INFO - ::group::Post task execution logs
[2025-10-11T04:44:25.115+0000] {taskinstance.py:1206} INFO - Marking task as SUCCESS. dag_id=pipeline_flow, task_id=to_bronze, run_id=manual__2025-10-09T10:56:57.007831+00:00, execution_date=20251009T105657, start_date=20251011T044357, end_date=20251011T044425
[2025-10-11T04:44:25.220+0000] {local_task_job_runner.py:243} INFO - Task exited with return code 0
[2025-10-11T04:44:25.277+0000] {taskinstance.py:3503} INFO - 3 downstream tasks scheduled from follow-on schedule check
[2025-10-11T04:44:25.283+0000] {local_task_job_runner.py:222} INFO - ::endgroup::
