[2025-10-11T04:44:49.461+0000] {local_task_job_runner.py:120} INFO - ::group::Pre task execution logs
[2025-10-11T04:44:49.505+0000] {taskinstance.py:2076} INFO - Dependencies all met for dep_context=non-requeueable deps ti=<TaskInstance: pipeline_flow.check_users_freshness manual__2025-10-09T12:27:01.233637+00:00 [queued]>
[2025-10-11T04:44:49.513+0000] {taskinstance.py:2076} INFO - Dependencies all met for dep_context=requeueable deps ti=<TaskInstance: pipeline_flow.check_users_freshness manual__2025-10-09T12:27:01.233637+00:00 [queued]>
[2025-10-11T04:44:49.515+0000] {taskinstance.py:2306} INFO - Starting attempt 1 of 2
[2025-10-11T04:44:49.529+0000] {taskinstance.py:2330} INFO - Executing <Task(ShortCircuitOperator): check_users_freshness> on 2025-10-09 12:27:01.233637+00:00
[2025-10-11T04:44:49.538+0000] {logging_mixin.py:188} WARNING - /home/***/.local/lib/python3.12/site-packages/***/task/task_runner/standard_task_runner.py:62 DeprecationWarning: This process (pid=7330) is multi-threaded, use of fork() may lead to deadlocks in the child.
[2025-10-11T04:44:49.540+0000] {standard_task_runner.py:64} INFO - Started process 7341 to run task
[2025-10-11T04:44:49.539+0000] {standard_task_runner.py:90} INFO - Running: ['***', 'tasks', 'run', 'pipeline_flow', 'check_users_freshness', 'manual__2025-10-09T12:27:01.233637+00:00', '--job-id', '70', '--raw', '--subdir', 'DAGS_FOLDER/pipeline_dag.py', '--cfg-path', '/tmp/tmpvqr3egoj']
[2025-10-11T04:44:49.543+0000] {standard_task_runner.py:91} INFO - Job 70: Subtask check_users_freshness
[2025-10-11T04:44:49.621+0000] {task_command.py:426} INFO - Running <TaskInstance: pipeline_flow.check_users_freshness manual__2025-10-09T12:27:01.233637+00:00 [running]> on host 321597a50810
[2025-10-11T04:44:49.768+0000] {taskinstance.py:2648} INFO - Exporting env vars: AIRFLOW_CTX_DAG_EMAIL='oluwaseyiogundimu10@gmail.com' AIRFLOW_CTX_DAG_OWNER='seyi' AIRFLOW_CTX_DAG_ID='pipeline_flow' AIRFLOW_CTX_TASK_ID='check_users_freshness' AIRFLOW_CTX_EXECUTION_DATE='2025-10-09T12:27:01.233637+00:00' AIRFLOW_CTX_TRY_NUMBER='1' AIRFLOW_CTX_DAG_RUN_ID='manual__2025-10-09T12:27:01.233637+00:00'
[2025-10-11T04:44:49.770+0000] {taskinstance.py:430} INFO - ::endgroup::
[2025-10-11T04:44:49.789+0000] {baseoperator.py:400} WARNING - ShortCircuitOperator.execute cannot be called outside TaskInstance!
[2025-10-11T04:44:49.923+0000] {s3_client.py:30} INFO - ✅ Successfully initialized S3 client.
[2025-10-11T04:44:50.906+0000] {logging_mixin.py:188} INFO - users.csv is fresh: 2025-10-11 04:44:50+00:00
[2025-10-11T04:44:50.908+0000] {python.py:237} INFO - Done. Returned value was: True
[2025-10-11T04:44:50.909+0000] {python.py:304} INFO - Condition result is True
[2025-10-11T04:44:50.909+0000] {python.py:307} INFO - Proceeding with downstream tasks...
[2025-10-11T04:44:50.910+0000] {taskinstance.py:441} INFO - ::group::Post task execution logs
[2025-10-11T04:44:50.952+0000] {taskinstance.py:1206} INFO - Marking task as SUCCESS. dag_id=pipeline_flow, task_id=check_users_freshness, run_id=manual__2025-10-09T12:27:01.233637+00:00, execution_date=20251009T122701, start_date=20251011T044449, end_date=20251011T044450
[2025-10-11T04:44:51.002+0000] {local_task_job_runner.py:243} INFO - Task exited with return code 0
[2025-10-11T04:44:51.019+0000] {local_task_job_runner.py:222} INFO - ::endgroup::
