[2025-10-11T06:28:05.725+0000] {local_task_job_runner.py:120} INFO - ::group::Pre task execution logs
[2025-10-11T06:28:05.768+0000] {taskinstance.py:2076} INFO - Dependencies all met for dep_context=non-requeueable deps ti=<TaskInstance: pipeline_flow.check_create_stg_tables scheduled__2000-04-30T00:00:00+00:00 [queued]>
[2025-10-11T06:28:05.782+0000] {taskinstance.py:2076} INFO - Dependencies all met for dep_context=requeueable deps ti=<TaskInstance: pipeline_flow.check_create_stg_tables scheduled__2000-04-30T00:00:00+00:00 [queued]>
[2025-10-11T06:28:05.784+0000] {taskinstance.py:2306} INFO - Starting attempt 1 of 2
[2025-10-11T06:28:05.804+0000] {taskinstance.py:2330} INFO - Executing <Task(PythonOperator): check_create_stg_tables> on 2000-04-30 00:00:00+00:00
[2025-10-11T06:28:05.816+0000] {logging_mixin.py:188} WARNING - /home/***/.local/lib/python3.12/site-packages/***/task/task_runner/standard_task_runner.py:62 DeprecationWarning: This process (pid=12912) is multi-threaded, use of fork() may lead to deadlocks in the child.
[2025-10-11T06:28:05.818+0000] {standard_task_runner.py:64} INFO - Started process 12914 to run task
[2025-10-11T06:28:05.816+0000] {standard_task_runner.py:90} INFO - Running: ['***', 'tasks', 'run', 'pipeline_flow', 'check_create_stg_tables', 'scheduled__2000-04-30T00:00:00+00:00', '--job-id', '1574', '--raw', '--subdir', 'DAGS_FOLDER/pipeline_dag.py', '--cfg-path', '/tmp/tmpt4g4o4nr']
[2025-10-11T06:28:05.819+0000] {standard_task_runner.py:91} INFO - Job 1574: Subtask check_create_stg_tables
[2025-10-11T06:28:05.892+0000] {task_command.py:426} INFO - Running <TaskInstance: pipeline_flow.check_create_stg_tables scheduled__2000-04-30T00:00:00+00:00 [running]> on host 321597a50810
[2025-10-11T06:28:06.024+0000] {taskinstance.py:2648} INFO - Exporting env vars: AIRFLOW_CTX_DAG_EMAIL='oluwaseyiogundimu10@gmail.com' AIRFLOW_CTX_DAG_OWNER='seyi' AIRFLOW_CTX_DAG_ID='pipeline_flow' AIRFLOW_CTX_TASK_ID='check_create_stg_tables' AIRFLOW_CTX_EXECUTION_DATE='2000-04-30T00:00:00+00:00' AIRFLOW_CTX_TRY_NUMBER='1' AIRFLOW_CTX_DAG_RUN_ID='scheduled__2000-04-30T00:00:00+00:00'
[2025-10-11T06:28:06.026+0000] {taskinstance.py:430} INFO - ::endgroup::
[2025-10-11T06:28:06.043+0000] {connection.py:22} INFO - Successfully connected to Postgres.
[2025-10-11T06:28:06.240+0000] {connection.py:43} INFO - Table 'stg_users' in Postgres.
[2025-10-11T06:28:06.241+0000] {connection.py:22} INFO - Successfully connected to Postgres.
[2025-10-11T06:28:06.325+0000] {connection.py:43} INFO - Table 'users' in Postgres.
[2025-10-11T06:28:06.326+0000] {connection.py:22} INFO - Successfully connected to Postgres.
[2025-10-11T06:28:06.412+0000] {connection.py:43} INFO - Table 'stg_movies' in Postgres.
[2025-10-11T06:28:06.413+0000] {connection.py:22} INFO - Successfully connected to Postgres.
[2025-10-11T06:28:06.495+0000] {connection.py:43} INFO - Table 'movies' in Postgres.
[2025-10-11T06:28:06.496+0000] {connection.py:22} INFO - Successfully connected to Postgres.
[2025-10-11T06:28:06.586+0000] {connection.py:43} INFO - Table 'stg_ratings' in Postgres.
[2025-10-11T06:28:06.588+0000] {connection.py:22} INFO - Successfully connected to Postgres.
[2025-10-11T06:28:06.668+0000] {connection.py:43} INFO - Table 'ratings' in Postgres.
[2025-10-11T06:28:06.669+0000] {load.py:32} INFO - Tables exist.
[2025-10-11T06:28:06.670+0000] {python.py:237} INFO - Done. Returned value was: None
[2025-10-11T06:28:06.671+0000] {taskinstance.py:441} INFO - ::group::Post task execution logs
[2025-10-11T06:28:06.684+0000] {taskinstance.py:1206} INFO - Marking task as SUCCESS. dag_id=pipeline_flow, task_id=check_create_stg_tables, run_id=scheduled__2000-04-30T00:00:00+00:00, execution_date=20000430T000000, start_date=20251011T062805, end_date=20251011T062806
[2025-10-11T06:28:06.718+0000] {local_task_job_runner.py:243} INFO - Task exited with return code 0
[2025-10-11T06:28:06.771+0000] {taskinstance.py:3503} INFO - 3 downstream tasks scheduled from follow-on schedule check
[2025-10-11T06:28:06.777+0000] {local_task_job_runner.py:222} INFO - ::endgroup::
