[2025-10-11T06:25:44.983+0000] {local_task_job_runner.py:120} INFO - ::group::Pre task execution logs
[2025-10-11T06:25:45.065+0000] {taskinstance.py:2076} INFO - Dependencies all met for dep_context=non-requeueable deps ti=<TaskInstance: pipeline_flow.to_bronze scheduled__2000-03-19T00:00:00+00:00 [queued]>
[2025-10-11T06:25:45.101+0000] {taskinstance.py:2076} INFO - Dependencies all met for dep_context=requeueable deps ti=<TaskInstance: pipeline_flow.to_bronze scheduled__2000-03-19T00:00:00+00:00 [queued]>
[2025-10-11T06:25:45.104+0000] {taskinstance.py:2306} INFO - Starting attempt 1 of 2
[2025-10-11T06:25:45.159+0000] {taskinstance.py:2330} INFO - Executing <Task(PythonOperator): to_bronze> on 2000-03-19 00:00:00+00:00
[2025-10-11T06:25:45.182+0000] {logging_mixin.py:188} WARNING - /home/***/.local/lib/python3.12/site-packages/***/task/task_runner/standard_task_runner.py:62 DeprecationWarning: This process (pid=12562) is multi-threaded, use of fork() may lead to deadlocks in the child.
[2025-10-11T06:25:45.187+0000] {standard_task_runner.py:64} INFO - Started process 12584 to run task
[2025-10-11T06:25:45.182+0000] {standard_task_runner.py:90} INFO - Running: ['***', 'tasks', 'run', 'pipeline_flow', 'to_bronze', 'scheduled__2000-03-19T00:00:00+00:00', '--job-id', '1465', '--raw', '--subdir', 'DAGS_FOLDER/pipeline_dag.py', '--cfg-path', '/tmp/tmpuvnqqsjm']
[2025-10-11T06:25:45.193+0000] {standard_task_runner.py:91} INFO - Job 1465: Subtask to_bronze
[2025-10-11T06:25:45.370+0000] {task_command.py:426} INFO - Running <TaskInstance: pipeline_flow.to_bronze scheduled__2000-03-19T00:00:00+00:00 [running]> on host 321597a50810
[2025-10-11T06:25:45.662+0000] {taskinstance.py:2648} INFO - Exporting env vars: AIRFLOW_CTX_DAG_EMAIL='oluwaseyiogundimu10@gmail.com' AIRFLOW_CTX_DAG_OWNER='seyi' AIRFLOW_CTX_DAG_ID='pipeline_flow' AIRFLOW_CTX_TASK_ID='to_bronze' AIRFLOW_CTX_EXECUTION_DATE='2000-03-19T00:00:00+00:00' AIRFLOW_CTX_TRY_NUMBER='1' AIRFLOW_CTX_DAG_RUN_ID='scheduled__2000-03-19T00:00:00+00:00'
[2025-10-11T06:25:45.665+0000] {taskinstance.py:430} INFO - ::endgroup::
[2025-10-11T06:25:45.702+0000] {orchestration.py:16} INFO - Starting Bronze layer data pipeline...
[2025-10-11T06:25:46.021+0000] {s3_client.py:30} INFO - ✅ Successfully initialized S3 client.
[2025-10-11T06:25:46.024+0000] {ingest.py:26} INFO - Reading movies...
[2025-10-11T06:25:49.956+0000] {ingest.py:31} INFO - Successfully read movies.
[2025-10-11T06:25:49.958+0000] {ingest.py:26} INFO - Reading ratings...
[2025-10-11T06:25:53.219+0000] {ingest.py:31} INFO - Successfully read ratings.
[2025-10-11T06:25:53.221+0000] {ingest.py:26} INFO - Reading users...
[2025-10-11T06:25:54.858+0000] {ingest.py:31} INFO - Successfully read users.
[2025-10-11T06:25:54.859+0000] {orchestration.py:24} INFO - Successfully ingested raw data.
[2025-10-11T06:25:54.860+0000] {validation.py:17} INFO - Validating columns for movies..
[2025-10-11T06:25:54.862+0000] {validation.py:32} INFO - successfully validated movies's columns.
[2025-10-11T06:25:54.862+0000] {validation.py:17} INFO - Validating columns for ratings..
[2025-10-11T06:25:54.864+0000] {validation.py:32} INFO - successfully validated ratings's columns.
[2025-10-11T06:25:54.865+0000] {validation.py:17} INFO - Validating columns for users..
[2025-10-11T06:25:54.866+0000] {validation.py:32} INFO - successfully validated users's columns.
[2025-10-11T06:25:54.870+0000] {validation.py:46} WARNING - movies has 4 missing values:
release_date    1
IMDb_URL        3
dtype: int64
[2025-10-11T06:25:54.873+0000] {validation.py:48} INFO - No missing values found in ratings.
[2025-10-11T06:25:54.875+0000] {validation.py:48} INFO - No missing values found in users.
[2025-10-11T06:25:54.876+0000] {orchestration.py:29} INFO - Data validation completed successfully.
[2025-10-11T06:25:55.919+0000] {s3_client.py:55} INFO - Bucket 'movie-pipeline-bronze' already exists.
[2025-10-11T06:25:55.921+0000] {upload.py:23} INFO - Starting movies upload to bronze bucket
[2025-10-11T06:25:55.930+0000] {upload.py:31} INFO - Uploading movies.csv to S3 bucket movie-pipeline-bronze
[2025-10-11T06:25:58.153+0000] {upload.py:40} INFO - Successfully uploaded movies.csv to S3 bucket movie-pipeline-bronze.
[2025-10-11T06:25:58.155+0000] {upload.py:23} INFO - Starting ratings upload to bronze bucket
[2025-10-11T06:25:58.346+0000] {upload.py:31} INFO - Uploading ratings.csv to S3 bucket movie-pipeline-bronze
[2025-10-11T06:26:03.414+0000] {upload.py:40} INFO - Successfully uploaded ratings.csv to S3 bucket movie-pipeline-bronze.
[2025-10-11T06:26:03.416+0000] {upload.py:23} INFO - Starting users upload to bronze bucket
[2025-10-11T06:26:03.422+0000] {upload.py:31} INFO - Uploading users.csv to S3 bucket movie-pipeline-bronze
[2025-10-11T06:26:04.046+0000] {upload.py:40} INFO - Successfully uploaded users.csv to S3 bucket movie-pipeline-bronze.
[2025-10-11T06:26:04.048+0000] {orchestration.py:36} INFO - Data successfully uploaded to Bronze S3 bucket.
[2025-10-11T06:26:04.051+0000] {orchestration.py:38} INFO - Bronze pipeline execution completed successfully!
[2025-10-11T06:26:04.053+0000] {python.py:237} INFO - Done. Returned value was: None
[2025-10-11T06:26:04.055+0000] {taskinstance.py:441} INFO - ::group::Post task execution logs
[2025-10-11T06:26:04.095+0000] {taskinstance.py:1206} INFO - Marking task as SUCCESS. dag_id=pipeline_flow, task_id=to_bronze, run_id=scheduled__2000-03-19T00:00:00+00:00, execution_date=20000319T000000, start_date=20251011T062545, end_date=20251011T062604
[2025-10-11T06:26:04.150+0000] {local_task_job_runner.py:243} INFO - Task exited with return code 0
[2025-10-11T06:26:04.179+0000] {local_task_job_runner.py:222} INFO - ::endgroup::
