[2025-10-11T06:22:30.071+0000] {local_task_job_runner.py:120} INFO - ::group::Pre task execution logs
[2025-10-11T06:22:30.169+0000] {taskinstance.py:2076} INFO - Dependencies all met for dep_context=non-requeueable deps ti=<TaskInstance: pipeline_flow.load_movies scheduled__1999-12-05T00:00:00+00:00 [queued]>
[2025-10-11T06:22:30.191+0000] {taskinstance.py:2076} INFO - Dependencies all met for dep_context=requeueable deps ti=<TaskInstance: pipeline_flow.load_movies scheduled__1999-12-05T00:00:00+00:00 [queued]>
[2025-10-11T06:22:30.192+0000] {taskinstance.py:2306} INFO - Starting attempt 1 of 2
[2025-10-11T06:22:30.227+0000] {taskinstance.py:2330} INFO - Executing <Task(PythonOperator): load_movies> on 1999-12-05 00:00:00+00:00
[2025-10-11T06:22:30.247+0000] {logging_mixin.py:188} WARNING - /home/***/.local/lib/python3.12/site-packages/***/task/task_runner/standard_task_runner.py:62 DeprecationWarning: This process (pid=12044) is multi-threaded, use of fork() may lead to deadlocks in the child.
[2025-10-11T06:22:30.247+0000] {standard_task_runner.py:90} INFO - Running: ['***', 'tasks', 'run', 'pipeline_flow', 'load_movies', 'scheduled__1999-12-05T00:00:00+00:00', '--job-id', '1301', '--raw', '--subdir', 'DAGS_FOLDER/pipeline_dag.py', '--cfg-path', '/tmp/tmpy5qi02u5']
[2025-10-11T06:22:30.250+0000] {standard_task_runner.py:64} INFO - Started process 12056 to run task
[2025-10-11T06:22:30.251+0000] {standard_task_runner.py:91} INFO - Job 1301: Subtask load_movies
[2025-10-11T06:22:30.370+0000] {task_command.py:426} INFO - Running <TaskInstance: pipeline_flow.load_movies scheduled__1999-12-05T00:00:00+00:00 [running]> on host 321597a50810
[2025-10-11T06:22:30.586+0000] {taskinstance.py:2648} INFO - Exporting env vars: AIRFLOW_CTX_DAG_EMAIL='oluwaseyiogundimu10@gmail.com' AIRFLOW_CTX_DAG_OWNER='seyi' AIRFLOW_CTX_DAG_ID='pipeline_flow' AIRFLOW_CTX_TASK_ID='load_movies' AIRFLOW_CTX_EXECUTION_DATE='1999-12-05T00:00:00+00:00' AIRFLOW_CTX_TRY_NUMBER='1' AIRFLOW_CTX_DAG_RUN_ID='scheduled__1999-12-05T00:00:00+00:00'
[2025-10-11T06:22:30.588+0000] {taskinstance.py:430} INFO - ::endgroup::
[2025-10-11T06:22:30.621+0000] {transform.py:26} INFO - Starting transformations for movie data..
[2025-10-11T06:22:30.624+0000] {read_write_buckets.py:22} INFO - Reading movies.csv from movie-pipeline-bronze bucket.
[2025-10-11T06:22:30.886+0000] {s3_client.py:30} INFO - ✅ Successfully initialized S3 client.
[2025-10-11T06:22:32.467+0000] {read_write_buckets.py:34} INFO - Successfully read movies.csv into DataFrame. Shape: (1682, 5)
[2025-10-11T06:22:32.484+0000] {transform.py:50} INFO - Full load of 1604 records up to 1997-10-01
[2025-10-11T06:22:32.491+0000] {transform.py:61} INFO - Movies data cleaned with 1604 records
[2025-10-11T06:22:32.493+0000] {read_write_buckets.py:50} INFO - Writing movies.csv to movie-pipeline-silver bucket.
[2025-10-11T06:22:34.989+0000] {read_write_buckets.py:66} INFO - Successfully wrote movies.csv to Silver bucket.
[2025-10-11T06:22:34.991+0000] {watermarks.py:48} INFO - Updating watermarks in S3...
[2025-10-11T06:22:34.993+0000] {watermarks.py:25} INFO - Reading watermarks from S3 Bronze bucket...
[2025-10-11T06:22:35.238+0000] {watermarks.py:30} INFO - Successfully read existing watermarks.
[2025-10-11T06:22:35.749+0000] {watermarks.py:76} INFO - Watermarks updated successfully in S3.
[2025-10-11T06:22:35.750+0000] {python.py:237} INFO - Done. Returned value was: None
[2025-10-11T06:22:35.751+0000] {taskinstance.py:441} INFO - ::group::Post task execution logs
[2025-10-11T06:22:35.766+0000] {taskinstance.py:1206} INFO - Marking task as SUCCESS. dag_id=pipeline_flow, task_id=load_movies, run_id=scheduled__1999-12-05T00:00:00+00:00, execution_date=19991205T000000, start_date=20251011T062230, end_date=20251011T062235
[2025-10-11T06:22:35.795+0000] {local_task_job_runner.py:243} INFO - Task exited with return code 0
[2025-10-11T06:22:35.832+0000] {taskinstance.py:3503} INFO - 1 downstream tasks scheduled from follow-on schedule check
[2025-10-11T06:22:35.835+0000] {local_task_job_runner.py:222} INFO - ::endgroup::
