[2025-10-11T04:43:56.985+0000] {local_task_job_runner.py:120} INFO - ::group::Pre task execution logs
[2025-10-11T04:43:57.044+0000] {taskinstance.py:2076} INFO - Dependencies all met for dep_context=non-requeueable deps ti=<TaskInstance: pipeline_flow.to_bronze manual__2025-10-09T11:31:11.456760+00:00 [queued]>
[2025-10-11T04:43:57.056+0000] {taskinstance.py:2076} INFO - Dependencies all met for dep_context=requeueable deps ti=<TaskInstance: pipeline_flow.to_bronze manual__2025-10-09T11:31:11.456760+00:00 [queued]>
[2025-10-11T04:43:57.058+0000] {taskinstance.py:2306} INFO - Starting attempt 2 of 3
[2025-10-11T04:43:57.077+0000] {taskinstance.py:2330} INFO - Executing <Task(PythonOperator): to_bronze> on 2025-10-09 11:31:11.456760+00:00
[2025-10-11T04:43:57.100+0000] {standard_task_runner.py:90} INFO - Running: ['***', 'tasks', 'run', 'pipeline_flow', 'to_bronze', 'manual__2025-10-09T11:31:11.456760+00:00', '--job-id', '38', '--raw', '--subdir', 'DAGS_FOLDER/pipeline_dag.py', '--cfg-path', '/tmp/tmp3trc0b_5']
[2025-10-11T04:43:57.103+0000] {logging_mixin.py:188} WARNING - /home/***/.local/lib/python3.12/site-packages/***/task/task_runner/standard_task_runner.py:62 DeprecationWarning: This process (pid=7220) is multi-threaded, use of fork() may lead to deadlocks in the child.
[2025-10-11T04:43:57.106+0000] {standard_task_runner.py:91} INFO - Job 38: Subtask to_bronze
[2025-10-11T04:43:57.106+0000] {standard_task_runner.py:64} INFO - Started process 7232 to run task
[2025-10-11T04:43:57.199+0000] {task_command.py:426} INFO - Running <TaskInstance: pipeline_flow.to_bronze manual__2025-10-09T11:31:11.456760+00:00 [running]> on host 321597a50810
[2025-10-11T04:43:57.326+0000] {taskinstance.py:2648} INFO - Exporting env vars: AIRFLOW_CTX_DAG_EMAIL='oluwaseyiogundimu10@gmail.com' AIRFLOW_CTX_DAG_OWNER='seyi' AIRFLOW_CTX_DAG_ID='pipeline_flow' AIRFLOW_CTX_TASK_ID='to_bronze' AIRFLOW_CTX_EXECUTION_DATE='2025-10-09T11:31:11.456760+00:00' AIRFLOW_CTX_TRY_NUMBER='2' AIRFLOW_CTX_DAG_RUN_ID='manual__2025-10-09T11:31:11.456760+00:00'
[2025-10-11T04:43:57.328+0000] {taskinstance.py:430} INFO - ::endgroup::
[2025-10-11T04:43:57.350+0000] {orchestration.py:16} INFO - Starting Bronze layer data pipeline...
[2025-10-11T04:43:57.658+0000] {s3_client.py:30} INFO - ✅ Successfully initialized S3 client.
[2025-10-11T04:43:57.660+0000] {ingest.py:26} INFO - Reading movies...
[2025-10-11T04:44:02.718+0000] {ingest.py:31} INFO - Successfully read movies.
[2025-10-11T04:44:02.719+0000] {ingest.py:26} INFO - Reading ratings...
[2025-10-11T04:44:07.260+0000] {ingest.py:31} INFO - Successfully read ratings.
[2025-10-11T04:44:07.262+0000] {ingest.py:26} INFO - Reading users...
[2025-10-11T04:44:09.336+0000] {ingest.py:31} INFO - Successfully read users.
[2025-10-11T04:44:09.338+0000] {orchestration.py:24} INFO - Successfully ingested raw data.
[2025-10-11T04:44:09.340+0000] {validation.py:17} INFO - Validating columns for movies..
[2025-10-11T04:44:09.341+0000] {validation.py:32} INFO - successfully validated movies's columns.
[2025-10-11T04:44:09.343+0000] {validation.py:17} INFO - Validating columns for ratings..
[2025-10-11T04:44:09.346+0000] {validation.py:32} INFO - successfully validated ratings's columns.
[2025-10-11T04:44:09.347+0000] {validation.py:17} INFO - Validating columns for users..
[2025-10-11T04:44:09.350+0000] {validation.py:32} INFO - successfully validated users's columns.
[2025-10-11T04:44:09.355+0000] {validation.py:46} WARNING - movies has 4 missing values:
release_date    1
IMDb_URL        3
dtype: int64
[2025-10-11T04:44:09.358+0000] {validation.py:48} INFO - No missing values found in ratings.
[2025-10-11T04:44:09.360+0000] {validation.py:48} INFO - No missing values found in users.
[2025-10-11T04:44:09.362+0000] {orchestration.py:29} INFO - Data validation completed successfully.
[2025-10-11T04:44:10.178+0000] {s3_client.py:55} INFO - Bucket 'movie-pipeline-bronze' already exists.
[2025-10-11T04:44:10.181+0000] {upload.py:23} INFO - Starting movies upload to bronze bucket
[2025-10-11T04:44:10.202+0000] {upload.py:31} INFO - Uploading movies.csv to S3 bucket movie-pipeline-bronze
[2025-10-11T04:44:12.291+0000] {upload.py:40} INFO - Successfully uploaded movies.csv to S3 bucket movie-pipeline-bronze.
[2025-10-11T04:44:12.292+0000] {upload.py:23} INFO - Starting ratings upload to bronze bucket
[2025-10-11T04:44:12.424+0000] {upload.py:31} INFO - Uploading ratings.csv to S3 bucket movie-pipeline-bronze
[2025-10-11T04:45:01.828+0000] {upload.py:40} INFO - Successfully uploaded ratings.csv to S3 bucket movie-pipeline-bronze.
[2025-10-11T04:45:01.830+0000] {upload.py:23} INFO - Starting users upload to bronze bucket
[2025-10-11T04:45:01.836+0000] {upload.py:31} INFO - Uploading users.csv to S3 bucket movie-pipeline-bronze
[2025-10-11T04:45:02.312+0000] {upload.py:40} INFO - Successfully uploaded users.csv to S3 bucket movie-pipeline-bronze.
[2025-10-11T04:45:02.314+0000] {orchestration.py:36} INFO - Data successfully uploaded to Bronze S3 bucket.
[2025-10-11T04:45:02.316+0000] {orchestration.py:38} INFO - Bronze pipeline execution completed successfully!
[2025-10-11T04:45:02.318+0000] {python.py:237} INFO - Done. Returned value was: None
[2025-10-11T04:45:02.320+0000] {taskinstance.py:441} INFO - ::group::Post task execution logs
[2025-10-11T04:45:02.344+0000] {taskinstance.py:1206} INFO - Marking task as SUCCESS. dag_id=pipeline_flow, task_id=to_bronze, run_id=manual__2025-10-09T11:31:11.456760+00:00, execution_date=20251009T113111, start_date=20251011T044357, end_date=20251011T044502
[2025-10-11T04:45:02.399+0000] {local_task_job_runner.py:243} INFO - Task exited with return code 0
[2025-10-11T04:45:02.420+0000] {local_task_job_runner.py:222} INFO - ::endgroup::
