[2025-10-09T11:31:14.088+0000] {local_task_job_runner.py:120} INFO - ::group::Pre task execution logs
[2025-10-09T11:31:14.154+0000] {taskinstance.py:2076} INFO - Dependencies all met for dep_context=non-requeueable deps ti=<TaskInstance: pipeline_flow.to_bronze manual__2025-10-09T11:31:11.456760+00:00 [queued]>
[2025-10-09T11:31:14.164+0000] {taskinstance.py:2076} INFO - Dependencies all met for dep_context=requeueable deps ti=<TaskInstance: pipeline_flow.to_bronze manual__2025-10-09T11:31:11.456760+00:00 [queued]>
[2025-10-09T11:31:14.166+0000] {taskinstance.py:2306} INFO - Starting attempt 1 of 2
[2025-10-09T11:31:14.182+0000] {taskinstance.py:2330} INFO - Executing <Task(PythonOperator): to_bronze> on 2025-10-09 11:31:11.456760+00:00
[2025-10-09T11:31:14.193+0000] {logging_mixin.py:188} WARNING - /home/***/.local/lib/python3.12/site-packages/***/task/task_runner/standard_task_runner.py:62 DeprecationWarning: This process (pid=609) is multi-threaded, use of fork() may lead to deadlocks in the child.
[2025-10-09T11:31:14.194+0000] {standard_task_runner.py:64} INFO - Started process 611 to run task
[2025-10-09T11:31:14.193+0000] {standard_task_runner.py:90} INFO - Running: ['***', 'tasks', 'run', 'pipeline_flow', 'to_bronze', 'manual__2025-10-09T11:31:11.456760+00:00', '--job-id', '14', '--raw', '--subdir', 'DAGS_FOLDER/pipeline_dag.py', '--cfg-path', '/tmp/tmpq91k6jpd']
[2025-10-09T11:31:14.196+0000] {standard_task_runner.py:91} INFO - Job 14: Subtask to_bronze
[2025-10-09T11:31:14.274+0000] {task_command.py:426} INFO - Running <TaskInstance: pipeline_flow.to_bronze manual__2025-10-09T11:31:11.456760+00:00 [running]> on host 321597a50810
[2025-10-09T11:31:14.403+0000] {taskinstance.py:2648} INFO - Exporting env vars: AIRFLOW_CTX_DAG_EMAIL='oluwaseyiogundimu10@gmail.com' AIRFLOW_CTX_DAG_OWNER='seyi' AIRFLOW_CTX_DAG_ID='pipeline_flow' AIRFLOW_CTX_TASK_ID='to_bronze' AIRFLOW_CTX_EXECUTION_DATE='2025-10-09T11:31:11.456760+00:00' AIRFLOW_CTX_TRY_NUMBER='1' AIRFLOW_CTX_DAG_RUN_ID='manual__2025-10-09T11:31:11.456760+00:00'
[2025-10-09T11:31:14.407+0000] {taskinstance.py:430} INFO - ::endgroup::
[2025-10-09T11:31:14.427+0000] {orchestration.py:18} INFO - Starting Bronze layer data pipeline...
[2025-10-09T11:31:14.429+0000] {ingest.py:26} INFO - Reading movies...
[2025-10-09T11:31:17.661+0000] {ingest.py:31} INFO - Successfully read movies.
[2025-10-09T11:31:17.664+0000] {ingest.py:26} INFO - Reading ratings...
[2025-10-09T11:31:26.051+0000] {ingest.py:31} INFO - Successfully read ratings.
[2025-10-09T11:31:26.056+0000] {ingest.py:26} INFO - Reading users...
[2025-10-09T11:31:27.844+0000] {ingest.py:31} INFO - Successfully read users.
[2025-10-09T11:31:27.846+0000] {orchestration.py:23} INFO - Successfully ingested raw data.
[2025-10-09T11:31:27.847+0000] {validation.py:17} INFO - Validating columns for movies..
[2025-10-09T11:31:27.849+0000] {validation.py:32} INFO - successfully validated movies's columns.
[2025-10-09T11:31:27.850+0000] {validation.py:17} INFO - Validating columns for ratings..
[2025-10-09T11:31:27.853+0000] {validation.py:32} INFO - successfully validated ratings's columns.
[2025-10-09T11:31:27.856+0000] {validation.py:17} INFO - Validating columns for users..
[2025-10-09T11:31:27.859+0000] {validation.py:32} INFO - successfully validated users's columns.
[2025-10-09T11:31:27.868+0000] {validation.py:46} WARNING - movies has 4 missing values:
release_date    1
IMDb_URL        3
dtype: int64
[2025-10-09T11:31:27.872+0000] {validation.py:48} INFO - No missing values found in ratings.
[2025-10-09T11:31:27.875+0000] {validation.py:48} INFO - No missing values found in users.
[2025-10-09T11:31:27.878+0000] {orchestration.py:28} INFO - Data validation completed successfully.
[2025-10-09T11:31:28.735+0000] {s3_client.py:45} INFO - Bucket 'movie-pipeline-bronze' already exists.
[2025-10-09T11:31:28.739+0000] {upload.py:23} INFO - Starting movies upload to bronze bucket
[2025-10-09T11:31:28.758+0000] {upload.py:31} INFO - Uploading movies.csv to S3 bucket movie-pipeline-bronze
[2025-10-09T11:31:30.671+0000] {upload.py:40} INFO - Successfully uploaded movies.csv to S3 bucket movie-pipeline-bronze.
[2025-10-09T11:31:30.674+0000] {upload.py:23} INFO - Starting ratings upload to bronze bucket
[2025-10-09T11:31:30.811+0000] {upload.py:31} INFO - Uploading ratings.csv to S3 bucket movie-pipeline-bronze
[2025-10-09T11:31:41.005+0000] {upload.py:40} INFO - Successfully uploaded ratings.csv to S3 bucket movie-pipeline-bronze.
[2025-10-09T11:31:41.009+0000] {upload.py:23} INFO - Starting users upload to bronze bucket
[2025-10-09T11:31:41.021+0000] {upload.py:31} INFO - Uploading users.csv to S3 bucket movie-pipeline-bronze
[2025-10-09T11:31:41.530+0000] {upload.py:40} INFO - Successfully uploaded users.csv to S3 bucket movie-pipeline-bronze.
[2025-10-09T11:31:41.533+0000] {orchestration.py:35} INFO - Data successfully uploaded to Bronze S3 bucket.
[2025-10-09T11:31:41.536+0000] {orchestration.py:37} INFO - Bronze pipeline execution completed successfully!
[2025-10-09T11:31:41.541+0000] {python.py:237} INFO - Done. Returned value was: None
[2025-10-09T11:31:41.546+0000] {taskinstance.py:441} INFO - ::group::Post task execution logs
[2025-10-09T11:31:41.575+0000] {taskinstance.py:1206} INFO - Marking task as SUCCESS. dag_id=pipeline_flow, task_id=to_bronze, run_id=manual__2025-10-09T11:31:11.456760+00:00, execution_date=20251009T113111, start_date=20251009T113114, end_date=20251009T113141
[2025-10-09T11:31:41.629+0000] {local_task_job_runner.py:243} INFO - Task exited with return code 0
[2025-10-09T11:31:41.672+0000] {taskinstance.py:3503} INFO - 3 downstream tasks scheduled from follow-on schedule check
[2025-10-09T11:31:41.676+0000] {local_task_job_runner.py:222} INFO - ::endgroup::
