[2025-10-11T06:04:41.623+0000] {local_task_job_runner.py:120} INFO - ::group::Pre task execution logs
[2025-10-11T06:04:41.672+0000] {taskinstance.py:2076} INFO - Dependencies all met for dep_context=non-requeueable deps ti=<TaskInstance: pipeline_flow.check_create_stg_tables scheduled__1998-04-19T00:00:00+00:00 [queued]>
[2025-10-11T06:04:41.687+0000] {taskinstance.py:2076} INFO - Dependencies all met for dep_context=requeueable deps ti=<TaskInstance: pipeline_flow.check_create_stg_tables scheduled__1998-04-19T00:00:00+00:00 [queued]>
[2025-10-11T06:04:41.689+0000] {taskinstance.py:2306} INFO - Starting attempt 1 of 2
[2025-10-11T06:04:41.712+0000] {taskinstance.py:2330} INFO - Executing <Task(PythonOperator): check_create_stg_tables> on 1998-04-19 00:00:00+00:00
[2025-10-11T06:04:41.725+0000] {logging_mixin.py:188} WARNING - /home/***/.local/lib/python3.12/site-packages/***/task/task_runner/standard_task_runner.py:62 DeprecationWarning: This process (pid=9157) is multi-threaded, use of fork() may lead to deadlocks in the child.
[2025-10-11T06:04:41.727+0000] {standard_task_runner.py:64} INFO - Started process 9163 to run task
[2025-10-11T06:04:41.725+0000] {standard_task_runner.py:90} INFO - Running: ['***', 'tasks', 'run', 'pipeline_flow', 'check_create_stg_tables', 'scheduled__1998-04-19T00:00:00+00:00', '--job-id', '386', '--raw', '--subdir', 'DAGS_FOLDER/pipeline_dag.py', '--cfg-path', '/tmp/tmpo19noo8a']
[2025-10-11T06:04:41.729+0000] {standard_task_runner.py:91} INFO - Job 386: Subtask check_create_stg_tables
[2025-10-11T06:04:41.827+0000] {task_command.py:426} INFO - Running <TaskInstance: pipeline_flow.check_create_stg_tables scheduled__1998-04-19T00:00:00+00:00 [running]> on host 321597a50810
[2025-10-11T06:04:41.978+0000] {taskinstance.py:2648} INFO - Exporting env vars: AIRFLOW_CTX_DAG_EMAIL='oluwaseyiogundimu10@gmail.com' AIRFLOW_CTX_DAG_OWNER='seyi' AIRFLOW_CTX_DAG_ID='pipeline_flow' AIRFLOW_CTX_TASK_ID='check_create_stg_tables' AIRFLOW_CTX_EXECUTION_DATE='1998-04-19T00:00:00+00:00' AIRFLOW_CTX_TRY_NUMBER='1' AIRFLOW_CTX_DAG_RUN_ID='scheduled__1998-04-19T00:00:00+00:00'
[2025-10-11T06:04:41.981+0000] {taskinstance.py:430} INFO - ::endgroup::
[2025-10-11T06:04:42.001+0000] {connection.py:22} INFO - Successfully connected to Postgres.
[2025-10-11T06:04:42.107+0000] {connection.py:43} INFO - Table 'stg_users' in Postgres.
[2025-10-11T06:04:42.108+0000] {connection.py:22} INFO - Successfully connected to Postgres.
[2025-10-11T06:04:42.200+0000] {connection.py:43} INFO - Table 'users' in Postgres.
[2025-10-11T06:04:42.203+0000] {connection.py:22} INFO - Successfully connected to Postgres.
[2025-10-11T06:04:42.295+0000] {connection.py:43} INFO - Table 'stg_movies' in Postgres.
[2025-10-11T06:04:42.297+0000] {connection.py:22} INFO - Successfully connected to Postgres.
[2025-10-11T06:04:42.386+0000] {connection.py:43} INFO - Table 'movies' in Postgres.
[2025-10-11T06:04:42.387+0000] {connection.py:22} INFO - Successfully connected to Postgres.
[2025-10-11T06:04:42.477+0000] {connection.py:43} INFO - Table 'stg_ratings' in Postgres.
[2025-10-11T06:04:42.479+0000] {connection.py:22} INFO - Successfully connected to Postgres.
[2025-10-11T06:04:42.555+0000] {connection.py:43} INFO - Table 'ratings' in Postgres.
[2025-10-11T06:04:42.556+0000] {load.py:32} INFO - Tables exist.
[2025-10-11T06:04:42.557+0000] {python.py:237} INFO - Done. Returned value was: None
[2025-10-11T06:04:42.559+0000] {taskinstance.py:441} INFO - ::group::Post task execution logs
[2025-10-11T06:04:42.579+0000] {taskinstance.py:1206} INFO - Marking task as SUCCESS. dag_id=pipeline_flow, task_id=check_create_stg_tables, run_id=scheduled__1998-04-19T00:00:00+00:00, execution_date=19980419T000000, start_date=20251011T060441, end_date=20251011T060442
[2025-10-11T06:04:42.627+0000] {local_task_job_runner.py:243} INFO - Task exited with return code 0
[2025-10-11T06:04:42.646+0000] {local_task_job_runner.py:222} INFO - ::endgroup::
