[2025-10-11T06:29:31.329+0000] {local_task_job_runner.py:120} INFO - ::group::Pre task execution logs
[2025-10-11T06:29:31.400+0000] {taskinstance.py:2076} INFO - Dependencies all met for dep_context=non-requeueable deps ti=<TaskInstance: pipeline_flow.check_ratings_freshness scheduled__2000-07-23T00:00:00+00:00 [queued]>
[2025-10-11T06:29:31.412+0000] {taskinstance.py:2076} INFO - Dependencies all met for dep_context=requeueable deps ti=<TaskInstance: pipeline_flow.check_ratings_freshness scheduled__2000-07-23T00:00:00+00:00 [queued]>
[2025-10-11T06:29:31.414+0000] {taskinstance.py:2306} INFO - Starting attempt 1 of 2
[2025-10-11T06:29:31.437+0000] {taskinstance.py:2330} INFO - Executing <Task(ShortCircuitOperator): check_ratings_freshness> on 2000-07-23 00:00:00+00:00
[2025-10-11T06:29:31.448+0000] {logging_mixin.py:188} WARNING - /home/***/.local/lib/python3.12/site-packages/***/task/task_runner/standard_task_runner.py:62 DeprecationWarning: This process (pid=13218) is multi-threaded, use of fork() may lead to deadlocks in the child.
[2025-10-11T06:29:31.450+0000] {standard_task_runner.py:64} INFO - Started process 13225 to run task
[2025-10-11T06:29:31.449+0000] {standard_task_runner.py:90} INFO - Running: ['***', 'tasks', 'run', 'pipeline_flow', 'check_ratings_freshness', 'scheduled__2000-07-23T00:00:00+00:00', '--job-id', '1672', '--raw', '--subdir', 'DAGS_FOLDER/pipeline_dag.py', '--cfg-path', '/tmp/tmplmz0gpv1']
[2025-10-11T06:29:31.453+0000] {standard_task_runner.py:91} INFO - Job 1672: Subtask check_ratings_freshness
[2025-10-11T06:29:31.532+0000] {task_command.py:426} INFO - Running <TaskInstance: pipeline_flow.check_ratings_freshness scheduled__2000-07-23T00:00:00+00:00 [running]> on host 321597a50810
[2025-10-11T06:29:31.703+0000] {taskinstance.py:2648} INFO - Exporting env vars: AIRFLOW_CTX_DAG_EMAIL='oluwaseyiogundimu10@gmail.com' AIRFLOW_CTX_DAG_OWNER='seyi' AIRFLOW_CTX_DAG_ID='pipeline_flow' AIRFLOW_CTX_TASK_ID='check_ratings_freshness' AIRFLOW_CTX_EXECUTION_DATE='2000-07-23T00:00:00+00:00' AIRFLOW_CTX_TRY_NUMBER='1' AIRFLOW_CTX_DAG_RUN_ID='scheduled__2000-07-23T00:00:00+00:00'
[2025-10-11T06:29:31.707+0000] {taskinstance.py:430} INFO - ::endgroup::
[2025-10-11T06:29:31.740+0000] {baseoperator.py:400} WARNING - ShortCircuitOperator.execute cannot be called outside TaskInstance!
[2025-10-11T06:29:31.869+0000] {s3_client.py:30} INFO - ✅ Successfully initialized S3 client.
[2025-10-11T06:29:32.837+0000] {logging_mixin.py:188} INFO - ratings.csv is fresh: 2025-10-11 06:29:19+00:00
[2025-10-11T06:29:32.838+0000] {python.py:237} INFO - Done. Returned value was: True
[2025-10-11T06:29:32.839+0000] {python.py:304} INFO - Condition result is True
[2025-10-11T06:29:32.840+0000] {python.py:307} INFO - Proceeding with downstream tasks...
[2025-10-11T06:29:32.841+0000] {taskinstance.py:441} INFO - ::group::Post task execution logs
[2025-10-11T06:29:32.880+0000] {taskinstance.py:1206} INFO - Marking task as SUCCESS. dag_id=pipeline_flow, task_id=check_ratings_freshness, run_id=scheduled__2000-07-23T00:00:00+00:00, execution_date=20000723T000000, start_date=20251011T062931, end_date=20251011T062932
[2025-10-11T06:29:32.953+0000] {local_task_job_runner.py:243} INFO - Task exited with return code 0
[2025-10-11T06:29:32.968+0000] {local_task_job_runner.py:222} INFO - ::endgroup::
