[2025-10-11T06:27:32.962+0000] {local_task_job_runner.py:120} INFO - ::group::Pre task execution logs
[2025-10-11T06:27:33.029+0000] {taskinstance.py:2076} INFO - Dependencies all met for dep_context=non-requeueable deps ti=<TaskInstance: pipeline_flow.check_users_freshness scheduled__2000-05-07T00:00:00+00:00 [queued]>
[2025-10-11T06:27:33.051+0000] {taskinstance.py:2076} INFO - Dependencies all met for dep_context=requeueable deps ti=<TaskInstance: pipeline_flow.check_users_freshness scheduled__2000-05-07T00:00:00+00:00 [queued]>
[2025-10-11T06:27:33.053+0000] {taskinstance.py:2306} INFO - Starting attempt 1 of 2
[2025-10-11T06:27:33.085+0000] {taskinstance.py:2330} INFO - Executing <Task(ShortCircuitOperator): check_users_freshness> on 2000-05-07 00:00:00+00:00
[2025-10-11T06:27:33.102+0000] {logging_mixin.py:188} WARNING - /home/***/.local/lib/python3.12/site-packages/***/task/task_runner/standard_task_runner.py:62 DeprecationWarning: This process (pid=12826) is multi-threaded, use of fork() may lead to deadlocks in the child.
[2025-10-11T06:27:33.106+0000] {standard_task_runner.py:64} INFO - Started process 12837 to run task
[2025-10-11T06:27:33.103+0000] {standard_task_runner.py:90} INFO - Running: ['***', 'tasks', 'run', 'pipeline_flow', 'check_users_freshness', 'scheduled__2000-05-07T00:00:00+00:00', '--job-id', '1547', '--raw', '--subdir', 'DAGS_FOLDER/pipeline_dag.py', '--cfg-path', '/tmp/tmp3w0v9l5w']
[2025-10-11T06:27:33.108+0000] {standard_task_runner.py:91} INFO - Job 1547: Subtask check_users_freshness
[2025-10-11T06:27:33.224+0000] {task_command.py:426} INFO - Running <TaskInstance: pipeline_flow.check_users_freshness scheduled__2000-05-07T00:00:00+00:00 [running]> on host 321597a50810
[2025-10-11T06:27:33.466+0000] {taskinstance.py:2648} INFO - Exporting env vars: AIRFLOW_CTX_DAG_EMAIL='oluwaseyiogundimu10@gmail.com' AIRFLOW_CTX_DAG_OWNER='seyi' AIRFLOW_CTX_DAG_ID='pipeline_flow' AIRFLOW_CTX_TASK_ID='check_users_freshness' AIRFLOW_CTX_EXECUTION_DATE='2000-05-07T00:00:00+00:00' AIRFLOW_CTX_TRY_NUMBER='1' AIRFLOW_CTX_DAG_RUN_ID='scheduled__2000-05-07T00:00:00+00:00'
[2025-10-11T06:27:33.468+0000] {taskinstance.py:430} INFO - ::endgroup::
[2025-10-11T06:27:33.507+0000] {baseoperator.py:400} WARNING - ShortCircuitOperator.execute cannot be called outside TaskInstance!
[2025-10-11T06:27:33.714+0000] {s3_client.py:30} INFO - ✅ Successfully initialized S3 client.
[2025-10-11T06:27:34.938+0000] {logging_mixin.py:188} INFO - users.csv is fresh: 2025-10-11 06:27:32+00:00
[2025-10-11T06:27:34.939+0000] {python.py:237} INFO - Done. Returned value was: True
[2025-10-11T06:27:34.941+0000] {python.py:304} INFO - Condition result is True
[2025-10-11T06:27:34.941+0000] {python.py:307} INFO - Proceeding with downstream tasks...
[2025-10-11T06:27:34.942+0000] {taskinstance.py:441} INFO - ::group::Post task execution logs
[2025-10-11T06:27:34.995+0000] {taskinstance.py:1206} INFO - Marking task as SUCCESS. dag_id=pipeline_flow, task_id=check_users_freshness, run_id=scheduled__2000-05-07T00:00:00+00:00, execution_date=20000507T000000, start_date=20251011T062733, end_date=20251011T062734
[2025-10-11T06:27:35.049+0000] {local_task_job_runner.py:243} INFO - Task exited with return code 0
[2025-10-11T06:27:35.079+0000] {local_task_job_runner.py:222} INFO - ::endgroup::
