[2025-10-11T06:07:39.395+0000] {local_task_job_runner.py:120} INFO - ::group::Pre task execution logs
[2025-10-11T06:07:39.456+0000] {taskinstance.py:2076} INFO - Dependencies all met for dep_context=non-requeueable deps ti=<TaskInstance: pipeline_flow.check_create_stg_tables scheduled__1998-08-09T00:00:00+00:00 [queued]>
[2025-10-11T06:07:39.472+0000] {taskinstance.py:2076} INFO - Dependencies all met for dep_context=requeueable deps ti=<TaskInstance: pipeline_flow.check_create_stg_tables scheduled__1998-08-09T00:00:00+00:00 [queued]>
[2025-10-11T06:07:39.473+0000] {taskinstance.py:2306} INFO - Starting attempt 1 of 2
[2025-10-11T06:07:39.495+0000] {taskinstance.py:2330} INFO - Executing <Task(PythonOperator): check_create_stg_tables> on 1998-08-09 00:00:00+00:00
[2025-10-11T06:07:39.508+0000] {logging_mixin.py:188} WARNING - /home/***/.local/lib/python3.12/site-packages/***/task/task_runner/standard_task_runner.py:62 DeprecationWarning: This process (pid=9878) is multi-threaded, use of fork() may lead to deadlocks in the child.
[2025-10-11T06:07:39.510+0000] {standard_task_runner.py:64} INFO - Started process 9891 to run task
[2025-10-11T06:07:39.508+0000] {standard_task_runner.py:90} INFO - Running: ['***', 'tasks', 'run', 'pipeline_flow', 'check_create_stg_tables', 'scheduled__1998-08-09T00:00:00+00:00', '--job-id', '621', '--raw', '--subdir', 'DAGS_FOLDER/pipeline_dag.py', '--cfg-path', '/tmp/tmpq1pz515k']
[2025-10-11T06:07:39.512+0000] {standard_task_runner.py:91} INFO - Job 621: Subtask check_create_stg_tables
[2025-10-11T06:07:39.593+0000] {task_command.py:426} INFO - Running <TaskInstance: pipeline_flow.check_create_stg_tables scheduled__1998-08-09T00:00:00+00:00 [running]> on host 321597a50810
[2025-10-11T06:07:39.751+0000] {taskinstance.py:2648} INFO - Exporting env vars: AIRFLOW_CTX_DAG_EMAIL='oluwaseyiogundimu10@gmail.com' AIRFLOW_CTX_DAG_OWNER='seyi' AIRFLOW_CTX_DAG_ID='pipeline_flow' AIRFLOW_CTX_TASK_ID='check_create_stg_tables' AIRFLOW_CTX_EXECUTION_DATE='1998-08-09T00:00:00+00:00' AIRFLOW_CTX_TRY_NUMBER='1' AIRFLOW_CTX_DAG_RUN_ID='scheduled__1998-08-09T00:00:00+00:00'
[2025-10-11T06:07:39.753+0000] {taskinstance.py:430} INFO - ::endgroup::
[2025-10-11T06:07:39.772+0000] {connection.py:22} INFO - Successfully connected to Postgres.
[2025-10-11T06:07:39.881+0000] {connection.py:43} INFO - Table 'stg_users' in Postgres.
[2025-10-11T06:07:39.882+0000] {connection.py:22} INFO - Successfully connected to Postgres.
[2025-10-11T06:07:39.995+0000] {connection.py:43} INFO - Table 'users' in Postgres.
[2025-10-11T06:07:39.997+0000] {connection.py:22} INFO - Successfully connected to Postgres.
[2025-10-11T06:07:40.096+0000] {connection.py:43} INFO - Table 'stg_movies' in Postgres.
[2025-10-11T06:07:40.098+0000] {connection.py:22} INFO - Successfully connected to Postgres.
[2025-10-11T06:07:40.187+0000] {connection.py:43} INFO - Table 'movies' in Postgres.
[2025-10-11T06:07:40.188+0000] {connection.py:22} INFO - Successfully connected to Postgres.
[2025-10-11T06:07:40.268+0000] {connection.py:43} INFO - Table 'stg_ratings' in Postgres.
[2025-10-11T06:07:40.270+0000] {connection.py:22} INFO - Successfully connected to Postgres.
[2025-10-11T06:07:40.360+0000] {connection.py:43} INFO - Table 'ratings' in Postgres.
[2025-10-11T06:07:40.361+0000] {load.py:32} INFO - Tables exist.
[2025-10-11T06:07:40.363+0000] {python.py:237} INFO - Done. Returned value was: None
[2025-10-11T06:07:40.364+0000] {taskinstance.py:441} INFO - ::group::Post task execution logs
[2025-10-11T06:07:40.380+0000] {taskinstance.py:1206} INFO - Marking task as SUCCESS. dag_id=pipeline_flow, task_id=check_create_stg_tables, run_id=scheduled__1998-08-09T00:00:00+00:00, execution_date=19980809T000000, start_date=20251011T060739, end_date=20251011T060740
[2025-10-11T06:07:40.410+0000] {local_task_job_runner.py:243} INFO - Task exited with return code 0
[2025-10-11T06:07:40.462+0000] {taskinstance.py:3503} INFO - 3 downstream tasks scheduled from follow-on schedule check
[2025-10-11T06:07:40.466+0000] {local_task_job_runner.py:222} INFO - ::endgroup::
