[2025-10-11T06:31:30.235+0000] {local_task_job_runner.py:120} INFO - ::group::Pre task execution logs
[2025-10-11T06:31:30.335+0000] {taskinstance.py:2076} INFO - Dependencies all met for dep_context=non-requeueable deps ti=<TaskInstance: pipeline_flow.check_movie_freshness scheduled__2000-09-10T00:00:00+00:00 [queued]>
[2025-10-11T06:31:30.362+0000] {taskinstance.py:2076} INFO - Dependencies all met for dep_context=requeueable deps ti=<TaskInstance: pipeline_flow.check_movie_freshness scheduled__2000-09-10T00:00:00+00:00 [queued]>
[2025-10-11T06:31:30.364+0000] {taskinstance.py:2306} INFO - Starting attempt 1 of 2
[2025-10-11T06:31:30.406+0000] {taskinstance.py:2330} INFO - Executing <Task(ShortCircuitOperator): check_movie_freshness> on 2000-09-10 00:00:00+00:00
[2025-10-11T06:31:30.430+0000] {logging_mixin.py:188} WARNING - /home/***/.local/lib/python3.12/site-packages/***/task/task_runner/standard_task_runner.py:62 DeprecationWarning: This process (pid=13515) is multi-threaded, use of fork() may lead to deadlocks in the child.
[2025-10-11T06:31:30.432+0000] {standard_task_runner.py:64} INFO - Started process 13531 to run task
[2025-10-11T06:31:30.429+0000] {standard_task_runner.py:90} INFO - Running: ['***', 'tasks', 'run', 'pipeline_flow', 'check_movie_freshness', 'scheduled__2000-09-10T00:00:00+00:00', '--job-id', '1765', '--raw', '--subdir', 'DAGS_FOLDER/pipeline_dag.py', '--cfg-path', '/tmp/tmpmjm8i4pl']
[2025-10-11T06:31:30.435+0000] {standard_task_runner.py:91} INFO - Job 1765: Subtask check_movie_freshness
[2025-10-11T06:31:30.552+0000] {task_command.py:426} INFO - Running <TaskInstance: pipeline_flow.check_movie_freshness scheduled__2000-09-10T00:00:00+00:00 [running]> on host 321597a50810
[2025-10-11T06:31:30.805+0000] {taskinstance.py:2648} INFO - Exporting env vars: AIRFLOW_CTX_DAG_EMAIL='oluwaseyiogundimu10@gmail.com' AIRFLOW_CTX_DAG_OWNER='seyi' AIRFLOW_CTX_DAG_ID='pipeline_flow' AIRFLOW_CTX_TASK_ID='check_movie_freshness' AIRFLOW_CTX_EXECUTION_DATE='2000-09-10T00:00:00+00:00' AIRFLOW_CTX_TRY_NUMBER='1' AIRFLOW_CTX_DAG_RUN_ID='scheduled__2000-09-10T00:00:00+00:00'
[2025-10-11T06:31:30.809+0000] {taskinstance.py:430} INFO - ::endgroup::
[2025-10-11T06:31:30.862+0000] {baseoperator.py:400} WARNING - ShortCircuitOperator.execute cannot be called outside TaskInstance!
[2025-10-11T06:31:31.308+0000] {s3_client.py:30} INFO - ✅ Successfully initialized S3 client.
[2025-10-11T06:31:32.452+0000] {logging_mixin.py:188} INFO - movies.csv is fresh: 2025-10-11 06:31:18+00:00
[2025-10-11T06:31:32.453+0000] {python.py:237} INFO - Done. Returned value was: True
[2025-10-11T06:31:32.454+0000] {python.py:304} INFO - Condition result is True
[2025-10-11T06:31:32.455+0000] {python.py:307} INFO - Proceeding with downstream tasks...
[2025-10-11T06:31:32.456+0000] {taskinstance.py:441} INFO - ::group::Post task execution logs
[2025-10-11T06:31:32.499+0000] {taskinstance.py:1206} INFO - Marking task as SUCCESS. dag_id=pipeline_flow, task_id=check_movie_freshness, run_id=scheduled__2000-09-10T00:00:00+00:00, execution_date=20000910T000000, start_date=20251011T063130, end_date=20251011T063132
[2025-10-11T06:31:32.545+0000] {local_task_job_runner.py:243} INFO - Task exited with return code 0
[2025-10-11T06:31:32.603+0000] {taskinstance.py:3503} INFO - 1 downstream tasks scheduled from follow-on schedule check
[2025-10-11T06:31:32.609+0000] {local_task_job_runner.py:222} INFO - ::endgroup::
