[2025-10-11T06:08:40.423+0000] {local_task_job_runner.py:120} INFO - ::group::Pre task execution logs
[2025-10-11T06:08:40.491+0000] {taskinstance.py:2076} INFO - Dependencies all met for dep_context=non-requeueable deps ti=<TaskInstance: pipeline_flow.to_bronze scheduled__1998-12-13T00:00:00+00:00 [queued]>
[2025-10-11T06:08:40.508+0000] {taskinstance.py:2076} INFO - Dependencies all met for dep_context=requeueable deps ti=<TaskInstance: pipeline_flow.to_bronze scheduled__1998-12-13T00:00:00+00:00 [queued]>
[2025-10-11T06:08:40.510+0000] {taskinstance.py:2306} INFO - Starting attempt 1 of 2
[2025-10-11T06:08:40.536+0000] {taskinstance.py:2330} INFO - Executing <Task(PythonOperator): to_bronze> on 1998-12-13 00:00:00+00:00
[2025-10-11T06:08:40.549+0000] {logging_mixin.py:188} WARNING - /home/***/.local/lib/python3.12/site-packages/***/task/task_runner/standard_task_runner.py:62 DeprecationWarning: This process (pid=10128) is multi-threaded, use of fork() may lead to deadlocks in the child.
[2025-10-11T06:08:40.551+0000] {standard_task_runner.py:64} INFO - Started process 10141 to run task
[2025-10-11T06:08:40.550+0000] {standard_task_runner.py:90} INFO - Running: ['***', 'tasks', 'run', 'pipeline_flow', 'to_bronze', 'scheduled__1998-12-13T00:00:00+00:00', '--job-id', '703', '--raw', '--subdir', 'DAGS_FOLDER/pipeline_dag.py', '--cfg-path', '/tmp/tmp3s775932']
[2025-10-11T06:08:40.554+0000] {standard_task_runner.py:91} INFO - Job 703: Subtask to_bronze
[2025-10-11T06:08:40.660+0000] {task_command.py:426} INFO - Running <TaskInstance: pipeline_flow.to_bronze scheduled__1998-12-13T00:00:00+00:00 [running]> on host 321597a50810
[2025-10-11T06:08:40.849+0000] {taskinstance.py:2648} INFO - Exporting env vars: AIRFLOW_CTX_DAG_EMAIL='oluwaseyiogundimu10@gmail.com' AIRFLOW_CTX_DAG_OWNER='seyi' AIRFLOW_CTX_DAG_ID='pipeline_flow' AIRFLOW_CTX_TASK_ID='to_bronze' AIRFLOW_CTX_EXECUTION_DATE='1998-12-13T00:00:00+00:00' AIRFLOW_CTX_TRY_NUMBER='1' AIRFLOW_CTX_DAG_RUN_ID='scheduled__1998-12-13T00:00:00+00:00'
[2025-10-11T06:08:40.852+0000] {taskinstance.py:430} INFO - ::endgroup::
[2025-10-11T06:08:40.877+0000] {orchestration.py:16} INFO - Starting Bronze layer data pipeline...
[2025-10-11T06:08:41.076+0000] {s3_client.py:30} INFO - ✅ Successfully initialized S3 client.
[2025-10-11T06:08:41.078+0000] {ingest.py:26} INFO - Reading movies...
[2025-10-11T06:08:43.119+0000] {ingest.py:31} INFO - Successfully read movies.
[2025-10-11T06:08:43.121+0000] {ingest.py:26} INFO - Reading ratings...
[2025-10-11T06:08:46.201+0000] {ingest.py:31} INFO - Successfully read ratings.
[2025-10-11T06:08:46.202+0000] {ingest.py:26} INFO - Reading users...
[2025-10-11T06:08:48.652+0000] {ingest.py:31} INFO - Successfully read users.
[2025-10-11T06:08:48.654+0000] {orchestration.py:24} INFO - Successfully ingested raw data.
[2025-10-11T06:08:48.655+0000] {validation.py:17} INFO - Validating columns for movies..
[2025-10-11T06:08:48.656+0000] {validation.py:32} INFO - successfully validated movies's columns.
[2025-10-11T06:08:48.658+0000] {validation.py:17} INFO - Validating columns for ratings..
[2025-10-11T06:08:48.659+0000] {validation.py:32} INFO - successfully validated ratings's columns.
[2025-10-11T06:08:48.660+0000] {validation.py:17} INFO - Validating columns for users..
[2025-10-11T06:08:48.661+0000] {validation.py:32} INFO - successfully validated users's columns.
[2025-10-11T06:08:48.667+0000] {validation.py:46} WARNING - movies has 4 missing values:
release_date    1
IMDb_URL        3
dtype: int64
[2025-10-11T06:08:48.669+0000] {validation.py:48} INFO - No missing values found in ratings.
[2025-10-11T06:08:48.672+0000] {validation.py:48} INFO - No missing values found in users.
[2025-10-11T06:08:48.673+0000] {orchestration.py:29} INFO - Data validation completed successfully.
[2025-10-11T06:08:50.035+0000] {s3_client.py:55} INFO - Bucket 'movie-pipeline-bronze' already exists.
[2025-10-11T06:08:50.037+0000] {upload.py:23} INFO - Starting movies upload to bronze bucket
[2025-10-11T06:08:50.052+0000] {upload.py:31} INFO - Uploading movies.csv to S3 bucket movie-pipeline-bronze
[2025-10-11T06:08:52.442+0000] {upload.py:40} INFO - Successfully uploaded movies.csv to S3 bucket movie-pipeline-bronze.
[2025-10-11T06:08:52.443+0000] {upload.py:23} INFO - Starting ratings upload to bronze bucket
[2025-10-11T06:08:52.659+0000] {upload.py:31} INFO - Uploading ratings.csv to S3 bucket movie-pipeline-bronze
[2025-10-11T06:09:05.391+0000] {upload.py:40} INFO - Successfully uploaded ratings.csv to S3 bucket movie-pipeline-bronze.
[2025-10-11T06:09:05.393+0000] {upload.py:23} INFO - Starting users upload to bronze bucket
[2025-10-11T06:09:05.399+0000] {upload.py:31} INFO - Uploading users.csv to S3 bucket movie-pipeline-bronze
[2025-10-11T06:09:06.557+0000] {upload.py:40} INFO - Successfully uploaded users.csv to S3 bucket movie-pipeline-bronze.
[2025-10-11T06:09:06.560+0000] {orchestration.py:36} INFO - Data successfully uploaded to Bronze S3 bucket.
[2025-10-11T06:09:06.561+0000] {orchestration.py:38} INFO - Bronze pipeline execution completed successfully!
[2025-10-11T06:09:06.564+0000] {python.py:237} INFO - Done. Returned value was: None
[2025-10-11T06:09:06.565+0000] {taskinstance.py:441} INFO - ::group::Post task execution logs
[2025-10-11T06:09:06.592+0000] {taskinstance.py:1206} INFO - Marking task as SUCCESS. dag_id=pipeline_flow, task_id=to_bronze, run_id=scheduled__1998-12-13T00:00:00+00:00, execution_date=19981213T000000, start_date=20251011T060840, end_date=20251011T060906
[2025-10-11T06:09:06.931+0000] {local_task_job_runner.py:243} INFO - Task exited with return code 0
[2025-10-11T06:09:06.996+0000] {taskinstance.py:3503} INFO - 3 downstream tasks scheduled from follow-on schedule check
[2025-10-11T06:09:06.999+0000] {local_task_job_runner.py:222} INFO - ::endgroup::
