[2025-10-11T06:29:42.805+0000] {local_task_job_runner.py:120} INFO - ::group::Pre task execution logs
[2025-10-11T06:29:42.861+0000] {taskinstance.py:2076} INFO - Dependencies all met for dep_context=non-requeueable deps ti=<TaskInstance: pipeline_flow.load_ratings_to_gold scheduled__2000-07-02T00:00:00+00:00 [queued]>
[2025-10-11T06:29:42.874+0000] {taskinstance.py:2076} INFO - Dependencies all met for dep_context=requeueable deps ti=<TaskInstance: pipeline_flow.load_ratings_to_gold scheduled__2000-07-02T00:00:00+00:00 [queued]>
[2025-10-11T06:29:42.875+0000] {taskinstance.py:2306} INFO - Starting attempt 1 of 2
[2025-10-11T06:29:42.901+0000] {taskinstance.py:2330} INFO - Executing <Task(PythonOperator): load_ratings_to_gold> on 2000-07-02 00:00:00+00:00
[2025-10-11T06:29:42.919+0000] {logging_mixin.py:188} WARNING - /home/***/.local/lib/python3.12/site-packages/***/task/task_runner/standard_task_runner.py:62 DeprecationWarning: This process (pid=13270) is multi-threaded, use of fork() may lead to deadlocks in the child.
[2025-10-11T06:29:42.922+0000] {standard_task_runner.py:64} INFO - Started process 13277 to run task
[2025-10-11T06:29:42.919+0000] {standard_task_runner.py:90} INFO - Running: ['***', 'tasks', 'run', 'pipeline_flow', 'load_ratings_to_gold', 'scheduled__2000-07-02T00:00:00+00:00', '--job-id', '1691', '--raw', '--subdir', 'DAGS_FOLDER/pipeline_dag.py', '--cfg-path', '/tmp/tmpp6xns7pt']
[2025-10-11T06:29:42.924+0000] {standard_task_runner.py:91} INFO - Job 1691: Subtask load_ratings_to_gold
[2025-10-11T06:29:43.050+0000] {task_command.py:426} INFO - Running <TaskInstance: pipeline_flow.load_ratings_to_gold scheduled__2000-07-02T00:00:00+00:00 [running]> on host 321597a50810
[2025-10-11T06:29:43.201+0000] {taskinstance.py:2648} INFO - Exporting env vars: AIRFLOW_CTX_DAG_EMAIL='oluwaseyiogundimu10@gmail.com' AIRFLOW_CTX_DAG_OWNER='seyi' AIRFLOW_CTX_DAG_ID='pipeline_flow' AIRFLOW_CTX_TASK_ID='load_ratings_to_gold' AIRFLOW_CTX_EXECUTION_DATE='2000-07-02T00:00:00+00:00' AIRFLOW_CTX_TRY_NUMBER='1' AIRFLOW_CTX_DAG_RUN_ID='scheduled__2000-07-02T00:00:00+00:00'
[2025-10-11T06:29:43.203+0000] {taskinstance.py:430} INFO - ::endgroup::
[2025-10-11T06:29:43.337+0000] {s3_client.py:30} INFO - ✅ Successfully initialized S3 client.
[2025-10-11T06:29:43.340+0000] {read_bucket.py:26} INFO - Reading ratings/2000-07.csv from movie-pipeline-silver bucket.
[2025-10-11T06:29:44.131+0000] {read_bucket.py:36} ERROR - Error reading ratings/2000-07.csv from movie-pipeline-silver: An error occurred (NoSuchKey) when calling the GetObject operation: The specified key does not exist.
[2025-10-11T06:29:44.133+0000] {load.py:113} WARNING - Partition ratings/2000-07.csv not found. Skipping.
[2025-10-11T06:29:44.134+0000] {load.py:120} WARNING - No ratings data found in selected partitions. Skipping load.
[2025-10-11T06:29:44.136+0000] {python.py:237} INFO - Done. Returned value was: None
[2025-10-11T06:29:44.137+0000] {taskinstance.py:441} INFO - ::group::Post task execution logs
[2025-10-11T06:29:44.153+0000] {taskinstance.py:1206} INFO - Marking task as SUCCESS. dag_id=pipeline_flow, task_id=load_ratings_to_gold, run_id=scheduled__2000-07-02T00:00:00+00:00, execution_date=20000702T000000, start_date=20251011T062942, end_date=20251011T062944
[2025-10-11T06:29:44.467+0000] {local_task_job_runner.py:243} INFO - Task exited with return code 0
[2025-10-11T06:29:44.500+0000] {taskinstance.py:3503} INFO - 0 downstream tasks scheduled from follow-on schedule check
[2025-10-11T06:29:44.507+0000] {local_task_job_runner.py:222} INFO - ::endgroup::
