[2025-10-11T06:22:41.595+0000] {local_task_job_runner.py:120} INFO - ::group::Pre task execution logs
[2025-10-11T06:22:41.683+0000] {taskinstance.py:2076} INFO - Dependencies all met for dep_context=non-requeueable deps ti=<TaskInstance: pipeline_flow.load_ratings_to_gold scheduled__1999-12-05T00:00:00+00:00 [queued]>
[2025-10-11T06:22:41.708+0000] {taskinstance.py:2076} INFO - Dependencies all met for dep_context=requeueable deps ti=<TaskInstance: pipeline_flow.load_ratings_to_gold scheduled__1999-12-05T00:00:00+00:00 [queued]>
[2025-10-11T06:22:41.710+0000] {taskinstance.py:2306} INFO - Starting attempt 1 of 2
[2025-10-11T06:22:41.735+0000] {taskinstance.py:2330} INFO - Executing <Task(PythonOperator): load_ratings_to_gold> on 1999-12-05 00:00:00+00:00
[2025-10-11T06:22:41.754+0000] {logging_mixin.py:188} WARNING - /home/***/.local/lib/python3.12/site-packages/***/task/task_runner/standard_task_runner.py:62 DeprecationWarning: This process (pid=12077) is multi-threaded, use of fork() may lead to deadlocks in the child.
[2025-10-11T06:22:41.757+0000] {standard_task_runner.py:64} INFO - Started process 12094 to run task
[2025-10-11T06:22:41.754+0000] {standard_task_runner.py:90} INFO - Running: ['***', 'tasks', 'run', 'pipeline_flow', 'load_ratings_to_gold', 'scheduled__1999-12-05T00:00:00+00:00', '--job-id', '1314', '--raw', '--subdir', 'DAGS_FOLDER/pipeline_dag.py', '--cfg-path', '/tmp/tmpmauspnqy']
[2025-10-11T06:22:41.759+0000] {standard_task_runner.py:91} INFO - Job 1314: Subtask load_ratings_to_gold
[2025-10-11T06:22:41.875+0000] {task_command.py:426} INFO - Running <TaskInstance: pipeline_flow.load_ratings_to_gold scheduled__1999-12-05T00:00:00+00:00 [running]> on host 321597a50810
[2025-10-11T06:22:42.105+0000] {taskinstance.py:2648} INFO - Exporting env vars: AIRFLOW_CTX_DAG_EMAIL='oluwaseyiogundimu10@gmail.com' AIRFLOW_CTX_DAG_OWNER='seyi' AIRFLOW_CTX_DAG_ID='pipeline_flow' AIRFLOW_CTX_TASK_ID='load_ratings_to_gold' AIRFLOW_CTX_EXECUTION_DATE='1999-12-05T00:00:00+00:00' AIRFLOW_CTX_TRY_NUMBER='1' AIRFLOW_CTX_DAG_RUN_ID='scheduled__1999-12-05T00:00:00+00:00'
[2025-10-11T06:22:42.108+0000] {taskinstance.py:430} INFO - ::endgroup::
[2025-10-11T06:22:42.374+0000] {s3_client.py:30} INFO - ✅ Successfully initialized S3 client.
[2025-10-11T06:22:42.376+0000] {read_bucket.py:26} INFO - Reading ratings/1999-12.csv from movie-pipeline-silver bucket.
[2025-10-11T06:22:43.265+0000] {read_bucket.py:36} ERROR - Error reading ratings/1999-12.csv from movie-pipeline-silver: An error occurred (NoSuchKey) when calling the GetObject operation: The specified key does not exist.
[2025-10-11T06:22:43.267+0000] {load.py:113} WARNING - Partition ratings/1999-12.csv not found. Skipping.
[2025-10-11T06:22:43.268+0000] {load.py:120} WARNING - No ratings data found in selected partitions. Skipping load.
[2025-10-11T06:22:43.270+0000] {python.py:237} INFO - Done. Returned value was: None
[2025-10-11T06:22:43.271+0000] {taskinstance.py:441} INFO - ::group::Post task execution logs
[2025-10-11T06:22:43.289+0000] {taskinstance.py:1206} INFO - Marking task as SUCCESS. dag_id=pipeline_flow, task_id=load_ratings_to_gold, run_id=scheduled__1999-12-05T00:00:00+00:00, execution_date=19991205T000000, start_date=20251011T062241, end_date=20251011T062243
[2025-10-11T06:22:43.340+0000] {local_task_job_runner.py:243} INFO - Task exited with return code 0
[2025-10-11T06:22:43.381+0000] {taskinstance.py:3503} INFO - 0 downstream tasks scheduled from follow-on schedule check
[2025-10-11T06:22:43.385+0000] {local_task_job_runner.py:222} INFO - ::endgroup::
