[2025-10-11T06:28:27.575+0000] {local_task_job_runner.py:120} INFO - ::group::Pre task execution logs
[2025-10-11T06:28:27.662+0000] {taskinstance.py:2076} INFO - Dependencies all met for dep_context=non-requeueable deps ti=<TaskInstance: pipeline_flow.load_users_to_gold scheduled__2000-05-14T00:00:00+00:00 [queued]>
[2025-10-11T06:28:27.689+0000] {taskinstance.py:2076} INFO - Dependencies all met for dep_context=requeueable deps ti=<TaskInstance: pipeline_flow.load_users_to_gold scheduled__2000-05-14T00:00:00+00:00 [queued]>
[2025-10-11T06:28:27.691+0000] {taskinstance.py:2306} INFO - Starting attempt 1 of 2
[2025-10-11T06:28:27.726+0000] {taskinstance.py:2330} INFO - Executing <Task(PythonOperator): load_users_to_gold> on 2000-05-14 00:00:00+00:00
[2025-10-11T06:28:27.747+0000] {logging_mixin.py:188} WARNING - /home/***/.local/lib/python3.12/site-packages/***/task/task_runner/standard_task_runner.py:62 DeprecationWarning: This process (pid=13017) is multi-threaded, use of fork() may lead to deadlocks in the child.
[2025-10-11T06:28:27.750+0000] {standard_task_runner.py:64} INFO - Started process 13043 to run task
[2025-10-11T06:28:27.750+0000] {standard_task_runner.py:90} INFO - Running: ['***', 'tasks', 'run', 'pipeline_flow', 'load_users_to_gold', 'scheduled__2000-05-14T00:00:00+00:00', '--job-id', '1611', '--raw', '--subdir', 'DAGS_FOLDER/pipeline_dag.py', '--cfg-path', '/tmp/tmp1qv6u1xm']
[2025-10-11T06:28:27.758+0000] {standard_task_runner.py:91} INFO - Job 1611: Subtask load_users_to_gold
[2025-10-11T06:28:27.934+0000] {task_command.py:426} INFO - Running <TaskInstance: pipeline_flow.load_users_to_gold scheduled__2000-05-14T00:00:00+00:00 [running]> on host 321597a50810
[2025-10-11T06:28:28.213+0000] {taskinstance.py:2648} INFO - Exporting env vars: AIRFLOW_CTX_DAG_EMAIL='oluwaseyiogundimu10@gmail.com' AIRFLOW_CTX_DAG_OWNER='seyi' AIRFLOW_CTX_DAG_ID='pipeline_flow' AIRFLOW_CTX_TASK_ID='load_users_to_gold' AIRFLOW_CTX_EXECUTION_DATE='2000-05-14T00:00:00+00:00' AIRFLOW_CTX_TRY_NUMBER='1' AIRFLOW_CTX_DAG_RUN_ID='scheduled__2000-05-14T00:00:00+00:00'
[2025-10-11T06:28:28.217+0000] {taskinstance.py:430} INFO - ::endgroup::
[2025-10-11T06:28:28.553+0000] {s3_client.py:30} INFO - ✅ Successfully initialized S3 client.
[2025-10-11T06:28:28.556+0000] {read_bucket.py:26} INFO - Reading users.csv from movie-pipeline-silver bucket.
[2025-10-11T06:28:29.722+0000] {read_bucket.py:32} INFO - Successfully read users.csv into DataFrame. Shape: (943, 5)
[2025-10-11T06:28:29.724+0000] {load.py:203} INFO - Starting load for users..
[2025-10-11T06:28:29.726+0000] {connection.py:60} INFO - Writing stg_users to Postgres..
[2025-10-11T06:28:29.727+0000] {connection.py:22} INFO - Successfully connected to Postgres.
[2025-10-11T06:28:29.947+0000] {connection.py:66} INFO - Successfully inserted 943 records into stg_users.
[2025-10-11T06:28:29.949+0000] {connection.py:22} INFO - Successfully connected to Postgres.
[2025-10-11T06:28:30.056+0000] {load.py:213} INFO - User upsert complete. New and changed user records successfully processed.
[2025-10-11T06:28:30.063+0000] {silver_watermarks.py:25} INFO - Reading watermarks from s3..
[2025-10-11T06:28:30.374+0000] {silver_watermarks.py:55} INFO - Updating watermarks in S3...
[2025-10-11T06:28:32.642+0000] {silver_watermarks.py:72} INFO - Watermarks updated successfully in S3.
[2025-10-11T06:28:32.644+0000] {python.py:237} INFO - Done. Returned value was: None
[2025-10-11T06:28:32.645+0000] {taskinstance.py:441} INFO - ::group::Post task execution logs
[2025-10-11T06:28:32.662+0000] {taskinstance.py:1206} INFO - Marking task as SUCCESS. dag_id=pipeline_flow, task_id=load_users_to_gold, run_id=scheduled__2000-05-14T00:00:00+00:00, execution_date=20000514T000000, start_date=20251011T062827, end_date=20251011T062832
[2025-10-11T06:28:32.948+0000] {local_task_job_runner.py:243} INFO - Task exited with return code 0
[2025-10-11T06:28:32.988+0000] {taskinstance.py:3503} INFO - 0 downstream tasks scheduled from follow-on schedule check
[2025-10-11T06:28:32.993+0000] {local_task_job_runner.py:222} INFO - ::endgroup::
