[2025-10-11T06:05:05.701+0000] {local_task_job_runner.py:120} INFO - ::group::Pre task execution logs
[2025-10-11T06:05:05.757+0000] {taskinstance.py:2076} INFO - Dependencies all met for dep_context=non-requeueable deps ti=<TaskInstance: pipeline_flow.load_movies_to_gold scheduled__1998-03-29T00:00:00+00:00 [queued]>
[2025-10-11T06:05:05.773+0000] {taskinstance.py:2076} INFO - Dependencies all met for dep_context=requeueable deps ti=<TaskInstance: pipeline_flow.load_movies_to_gold scheduled__1998-03-29T00:00:00+00:00 [queued]>
[2025-10-11T06:05:05.774+0000] {taskinstance.py:2306} INFO - Starting attempt 1 of 2
[2025-10-11T06:05:05.795+0000] {taskinstance.py:2330} INFO - Executing <Task(PythonOperator): load_movies_to_gold> on 1998-03-29 00:00:00+00:00
[2025-10-11T06:05:05.810+0000] {logging_mixin.py:188} WARNING - /home/***/.local/lib/python3.12/site-packages/***/task/task_runner/standard_task_runner.py:62 DeprecationWarning: This process (pid=9290) is multi-threaded, use of fork() may lead to deadlocks in the child.
[2025-10-11T06:05:05.812+0000] {standard_task_runner.py:64} INFO - Started process 9303 to run task
[2025-10-11T06:05:05.810+0000] {standard_task_runner.py:90} INFO - Running: ['***', 'tasks', 'run', 'pipeline_flow', 'load_movies_to_gold', 'scheduled__1998-03-29T00:00:00+00:00', '--job-id', '429', '--raw', '--subdir', 'DAGS_FOLDER/pipeline_dag.py', '--cfg-path', '/tmp/tmpwylqvcak']
[2025-10-11T06:05:05.814+0000] {standard_task_runner.py:91} INFO - Job 429: Subtask load_movies_to_gold
[2025-10-11T06:05:05.907+0000] {task_command.py:426} INFO - Running <TaskInstance: pipeline_flow.load_movies_to_gold scheduled__1998-03-29T00:00:00+00:00 [running]> on host 321597a50810
[2025-10-11T06:05:06.067+0000] {taskinstance.py:2648} INFO - Exporting env vars: AIRFLOW_CTX_DAG_EMAIL='oluwaseyiogundimu10@gmail.com' AIRFLOW_CTX_DAG_OWNER='seyi' AIRFLOW_CTX_DAG_ID='pipeline_flow' AIRFLOW_CTX_TASK_ID='load_movies_to_gold' AIRFLOW_CTX_EXECUTION_DATE='1998-03-29T00:00:00+00:00' AIRFLOW_CTX_TRY_NUMBER='1' AIRFLOW_CTX_DAG_RUN_ID='scheduled__1998-03-29T00:00:00+00:00'
[2025-10-11T06:05:06.068+0000] {taskinstance.py:430} INFO - ::endgroup::
[2025-10-11T06:05:06.239+0000] {s3_client.py:30} INFO - ✅ Successfully initialized S3 client.
[2025-10-11T06:05:06.241+0000] {read_bucket.py:26} INFO - Reading movies.csv from movie-pipeline-silver bucket.
[2025-10-11T06:05:07.701+0000] {read_bucket.py:32} INFO - Successfully read movies.csv into DataFrame. Shape: (1604, 5)
[2025-10-11T06:05:07.717+0000] {connection.py:60} INFO - Writing stg_movies to Postgres..
[2025-10-11T06:05:07.719+0000] {connection.py:22} INFO - Successfully connected to Postgres.
[2025-10-11T06:05:08.217+0000] {connection.py:66} INFO - Successfully inserted 1604 records into stg_movies.
[2025-10-11T06:05:08.219+0000] {connection.py:22} INFO - Successfully connected to Postgres.
[2025-10-11T06:05:08.359+0000] {load.py:58} INFO - Upsert complete. New records successfully loaded
[2025-10-11T06:05:08.368+0000] {silver_watermarks.py:25} INFO - Reading watermarks from s3..
[2025-10-11T06:05:08.894+0000] {silver_watermarks.py:55} INFO - Updating watermarks in S3...
[2025-10-11T06:05:09.406+0000] {silver_watermarks.py:72} INFO - Watermarks updated successfully in S3.
[2025-10-11T06:05:09.409+0000] {python.py:237} INFO - Done. Returned value was: None
[2025-10-11T06:05:09.411+0000] {taskinstance.py:441} INFO - ::group::Post task execution logs
[2025-10-11T06:05:09.434+0000] {taskinstance.py:1206} INFO - Marking task as SUCCESS. dag_id=pipeline_flow, task_id=load_movies_to_gold, run_id=scheduled__1998-03-29T00:00:00+00:00, execution_date=19980329T000000, start_date=20251011T060505, end_date=20251011T060509
[2025-10-11T06:05:09.526+0000] {local_task_job_runner.py:243} INFO - Task exited with return code 0
[2025-10-11T06:05:09.590+0000] {taskinstance.py:3503} INFO - 0 downstream tasks scheduled from follow-on schedule check
[2025-10-11T06:05:09.602+0000] {local_task_job_runner.py:222} INFO - ::endgroup::
