[2025-10-11T06:03:30.662+0000] {local_task_job_runner.py:120} INFO - ::group::Pre task execution logs
[2025-10-11T06:03:30.728+0000] {taskinstance.py:2076} INFO - Dependencies all met for dep_context=non-requeueable deps ti=<TaskInstance: pipeline_flow.load_movies scheduled__1998-03-15T00:00:00+00:00 [queued]>
[2025-10-11T06:03:30.747+0000] {taskinstance.py:2076} INFO - Dependencies all met for dep_context=requeueable deps ti=<TaskInstance: pipeline_flow.load_movies scheduled__1998-03-15T00:00:00+00:00 [queued]>
[2025-10-11T06:03:30.748+0000] {taskinstance.py:2306} INFO - Starting attempt 1 of 2
[2025-10-11T06:03:30.772+0000] {taskinstance.py:2330} INFO - Executing <Task(PythonOperator): load_movies> on 1998-03-15 00:00:00+00:00
[2025-10-11T06:03:30.790+0000] {logging_mixin.py:188} WARNING - /home/***/.local/lib/python3.12/site-packages/***/task/task_runner/standard_task_runner.py:62 DeprecationWarning: This process (pid=8902) is multi-threaded, use of fork() may lead to deadlocks in the child.
[2025-10-11T06:03:30.792+0000] {standard_task_runner.py:64} INFO - Started process 8912 to run task
[2025-10-11T06:03:30.790+0000] {standard_task_runner.py:90} INFO - Running: ['***', 'tasks', 'run', 'pipeline_flow', 'load_movies', 'scheduled__1998-03-15T00:00:00+00:00', '--job-id', '304', '--raw', '--subdir', 'DAGS_FOLDER/pipeline_dag.py', '--cfg-path', '/tmp/tmpc3fnoi8k']
[2025-10-11T06:03:30.794+0000] {standard_task_runner.py:91} INFO - Job 304: Subtask load_movies
[2025-10-11T06:03:30.891+0000] {task_command.py:426} INFO - Running <TaskInstance: pipeline_flow.load_movies scheduled__1998-03-15T00:00:00+00:00 [running]> on host 321597a50810
[2025-10-11T06:03:31.067+0000] {taskinstance.py:2648} INFO - Exporting env vars: AIRFLOW_CTX_DAG_EMAIL='oluwaseyiogundimu10@gmail.com' AIRFLOW_CTX_DAG_OWNER='seyi' AIRFLOW_CTX_DAG_ID='pipeline_flow' AIRFLOW_CTX_TASK_ID='load_movies' AIRFLOW_CTX_EXECUTION_DATE='1998-03-15T00:00:00+00:00' AIRFLOW_CTX_TRY_NUMBER='1' AIRFLOW_CTX_DAG_RUN_ID='scheduled__1998-03-15T00:00:00+00:00'
[2025-10-11T06:03:31.070+0000] {taskinstance.py:430} INFO - ::endgroup::
[2025-10-11T06:03:31.102+0000] {transform.py:26} INFO - Starting transformations for movie data..
[2025-10-11T06:03:31.104+0000] {read_write_buckets.py:22} INFO - Reading movies.csv from movie-pipeline-bronze bucket.
[2025-10-11T06:03:31.297+0000] {s3_client.py:30} INFO - ✅ Successfully initialized S3 client.
[2025-10-11T06:03:33.441+0000] {read_write_buckets.py:34} INFO - Successfully read movies.csv into DataFrame. Shape: (1682, 5)
[2025-10-11T06:03:33.471+0000] {transform.py:50} INFO - Full load of 1604 records up to 1997-10-01
[2025-10-11T06:03:33.480+0000] {transform.py:61} INFO - Movies data cleaned with 1604 records
[2025-10-11T06:03:33.482+0000] {read_write_buckets.py:50} INFO - Writing movies.csv to movie-pipeline-silver bucket.
[2025-10-11T06:04:05.400+0000] {read_write_buckets.py:66} INFO - Successfully wrote movies.csv to Silver bucket.
[2025-10-11T06:04:05.405+0000] {watermarks.py:48} INFO - Updating watermarks in S3...
[2025-10-11T06:04:05.407+0000] {watermarks.py:25} INFO - Reading watermarks from S3 Bronze bucket...
[2025-10-11T06:04:06.498+0000] {watermarks.py:30} INFO - Successfully read existing watermarks.
[2025-10-11T06:04:07.210+0000] {watermarks.py:76} INFO - Watermarks updated successfully in S3.
[2025-10-11T06:04:07.212+0000] {python.py:237} INFO - Done. Returned value was: None
[2025-10-11T06:04:07.213+0000] {taskinstance.py:441} INFO - ::group::Post task execution logs
[2025-10-11T06:04:07.234+0000] {taskinstance.py:1206} INFO - Marking task as SUCCESS. dag_id=pipeline_flow, task_id=load_movies, run_id=scheduled__1998-03-15T00:00:00+00:00, execution_date=19980315T000000, start_date=20251011T060330, end_date=20251011T060407
[2025-10-11T06:04:07.287+0000] {local_task_job_runner.py:243} INFO - Task exited with return code 0
[2025-10-11T06:04:07.332+0000] {taskinstance.py:3503} INFO - 0 downstream tasks scheduled from follow-on schedule check
[2025-10-11T06:04:07.336+0000] {local_task_job_runner.py:222} INFO - ::endgroup::
