[2025-10-11T06:22:26.885+0000] {local_task_job_runner.py:120} INFO - ::group::Pre task execution logs
[2025-10-11T06:22:26.961+0000] {taskinstance.py:2076} INFO - Dependencies all met for dep_context=non-requeueable deps ti=<TaskInstance: pipeline_flow.check_users_freshness scheduled__1999-12-12T00:00:00+00:00 [queued]>
[2025-10-11T06:22:26.991+0000] {taskinstance.py:2076} INFO - Dependencies all met for dep_context=requeueable deps ti=<TaskInstance: pipeline_flow.check_users_freshness scheduled__1999-12-12T00:00:00+00:00 [queued]>
[2025-10-11T06:22:26.992+0000] {taskinstance.py:2306} INFO - Starting attempt 1 of 2
[2025-10-11T06:22:27.035+0000] {taskinstance.py:2330} INFO - Executing <Task(ShortCircuitOperator): check_users_freshness> on 1999-12-12 00:00:00+00:00
[2025-10-11T06:22:27.050+0000] {logging_mixin.py:188} WARNING - /home/***/.local/lib/python3.12/site-packages/***/task/task_runner/standard_task_runner.py:62 DeprecationWarning: This process (pid=12033) is multi-threaded, use of fork() may lead to deadlocks in the child.
[2025-10-11T06:22:27.052+0000] {standard_task_runner.py:64} INFO - Started process 12040 to run task
[2025-10-11T06:22:27.050+0000] {standard_task_runner.py:90} INFO - Running: ['***', 'tasks', 'run', 'pipeline_flow', 'check_users_freshness', 'scheduled__1999-12-12T00:00:00+00:00', '--job-id', '1296', '--raw', '--subdir', 'DAGS_FOLDER/pipeline_dag.py', '--cfg-path', '/tmp/tmp_jhgxeo6']
[2025-10-11T06:22:27.054+0000] {standard_task_runner.py:91} INFO - Job 1296: Subtask check_users_freshness
[2025-10-11T06:22:27.146+0000] {task_command.py:426} INFO - Running <TaskInstance: pipeline_flow.check_users_freshness scheduled__1999-12-12T00:00:00+00:00 [running]> on host 321597a50810
[2025-10-11T06:22:27.307+0000] {taskinstance.py:2648} INFO - Exporting env vars: AIRFLOW_CTX_DAG_EMAIL='oluwaseyiogundimu10@gmail.com' AIRFLOW_CTX_DAG_OWNER='seyi' AIRFLOW_CTX_DAG_ID='pipeline_flow' AIRFLOW_CTX_TASK_ID='check_users_freshness' AIRFLOW_CTX_EXECUTION_DATE='1999-12-12T00:00:00+00:00' AIRFLOW_CTX_TRY_NUMBER='1' AIRFLOW_CTX_DAG_RUN_ID='scheduled__1999-12-12T00:00:00+00:00'
[2025-10-11T06:22:27.309+0000] {taskinstance.py:430} INFO - ::endgroup::
[2025-10-11T06:22:27.330+0000] {baseoperator.py:400} WARNING - ShortCircuitOperator.execute cannot be called outside TaskInstance!
[2025-10-11T06:22:27.513+0000] {s3_client.py:30} INFO - ✅ Successfully initialized S3 client.
[2025-10-11T06:22:28.283+0000] {logging_mixin.py:188} INFO - users.csv is fresh: 2025-10-11 06:22:25+00:00
[2025-10-11T06:22:28.285+0000] {python.py:237} INFO - Done. Returned value was: True
[2025-10-11T06:22:28.286+0000] {python.py:304} INFO - Condition result is True
[2025-10-11T06:22:28.287+0000] {python.py:307} INFO - Proceeding with downstream tasks...
[2025-10-11T06:22:28.288+0000] {taskinstance.py:441} INFO - ::group::Post task execution logs
[2025-10-11T06:22:28.335+0000] {taskinstance.py:1206} INFO - Marking task as SUCCESS. dag_id=pipeline_flow, task_id=check_users_freshness, run_id=scheduled__1999-12-12T00:00:00+00:00, execution_date=19991212T000000, start_date=20251011T062226, end_date=20251011T062228
[2025-10-11T06:22:28.394+0000] {local_task_job_runner.py:243} INFO - Task exited with return code 0
[2025-10-11T06:22:28.411+0000] {local_task_job_runner.py:222} INFO - ::endgroup::
