[2025-10-11T06:57:10.352+0000] {local_task_job_runner.py:120} INFO - ::group::Pre task execution logs
[2025-10-11T06:57:10.399+0000] {taskinstance.py:2076} INFO - Dependencies all met for dep_context=non-requeueable deps ti=<TaskInstance: pipeline_flow.check_create_stg_tables scheduled__2001-01-07T00:00:00+00:00 [queued]>
[2025-10-11T06:57:10.412+0000] {taskinstance.py:2076} INFO - Dependencies all met for dep_context=requeueable deps ti=<TaskInstance: pipeline_flow.check_create_stg_tables scheduled__2001-01-07T00:00:00+00:00 [queued]>
[2025-10-11T06:57:10.414+0000] {taskinstance.py:2306} INFO - Starting attempt 1 of 2
[2025-10-11T06:57:10.433+0000] {taskinstance.py:2330} INFO - Executing <Task(PythonOperator): check_create_stg_tables> on 2001-01-07 00:00:00+00:00
[2025-10-11T06:57:10.447+0000] {logging_mixin.py:188} WARNING - /home/***/.local/lib/python3.12/site-packages/***/task/task_runner/standard_task_runner.py:62 DeprecationWarning: This process (pid=742) is multi-threaded, use of fork() may lead to deadlocks in the child.
[2025-10-11T06:57:10.449+0000] {standard_task_runner.py:64} INFO - Started process 744 to run task
[2025-10-11T06:57:10.448+0000] {standard_task_runner.py:90} INFO - Running: ['***', 'tasks', 'run', 'pipeline_flow', 'check_create_stg_tables', 'scheduled__2001-01-07T00:00:00+00:00', '--job-id', '2005', '--raw', '--subdir', 'DAGS_FOLDER/pipeline_dag.py', '--cfg-path', '/tmp/tmp0p7k3zs5']
[2025-10-11T06:57:10.451+0000] {standard_task_runner.py:91} INFO - Job 2005: Subtask check_create_stg_tables
[2025-10-11T06:57:10.537+0000] {task_command.py:426} INFO - Running <TaskInstance: pipeline_flow.check_create_stg_tables scheduled__2001-01-07T00:00:00+00:00 [running]> on host 321597a50810
[2025-10-11T06:57:10.702+0000] {taskinstance.py:2648} INFO - Exporting env vars: AIRFLOW_CTX_DAG_EMAIL='oluwaseyiogundimu10@gmail.com' AIRFLOW_CTX_DAG_OWNER='seyi' AIRFLOW_CTX_DAG_ID='pipeline_flow' AIRFLOW_CTX_TASK_ID='check_create_stg_tables' AIRFLOW_CTX_EXECUTION_DATE='2001-01-07T00:00:00+00:00' AIRFLOW_CTX_TRY_NUMBER='1' AIRFLOW_CTX_DAG_RUN_ID='scheduled__2001-01-07T00:00:00+00:00'
[2025-10-11T06:57:10.704+0000] {taskinstance.py:430} INFO - ::endgroup::
[2025-10-11T06:57:10.723+0000] {connection.py:22} INFO - Successfully connected to Postgres.
[2025-10-11T06:57:10.838+0000] {connection.py:43} INFO - Table 'stg_users' in Postgres.
[2025-10-11T06:57:10.840+0000] {connection.py:22} INFO - Successfully connected to Postgres.
[2025-10-11T06:57:10.932+0000] {connection.py:43} INFO - Table 'users' in Postgres.
[2025-10-11T06:57:10.933+0000] {connection.py:22} INFO - Successfully connected to Postgres.
[2025-10-11T06:57:11.022+0000] {connection.py:43} INFO - Table 'stg_movies' in Postgres.
[2025-10-11T06:57:11.023+0000] {connection.py:22} INFO - Successfully connected to Postgres.
[2025-10-11T06:57:11.108+0000] {connection.py:43} INFO - Table 'movies' in Postgres.
[2025-10-11T06:57:11.109+0000] {connection.py:22} INFO - Successfully connected to Postgres.
[2025-10-11T06:57:11.194+0000] {connection.py:43} INFO - Table 'stg_ratings' in Postgres.
[2025-10-11T06:57:11.196+0000] {connection.py:22} INFO - Successfully connected to Postgres.
[2025-10-11T06:57:11.290+0000] {connection.py:43} INFO - Table 'ratings' in Postgres.
[2025-10-11T06:57:11.291+0000] {load.py:32} INFO - Tables exist.
[2025-10-11T06:57:11.293+0000] {python.py:237} INFO - Done. Returned value was: None
[2025-10-11T06:57:11.294+0000] {taskinstance.py:441} INFO - ::group::Post task execution logs
[2025-10-11T06:57:11.316+0000] {taskinstance.py:1206} INFO - Marking task as SUCCESS. dag_id=pipeline_flow, task_id=check_create_stg_tables, run_id=scheduled__2001-01-07T00:00:00+00:00, execution_date=20010107T000000, start_date=20251011T065710, end_date=20251011T065711
[2025-10-11T06:57:11.349+0000] {local_task_job_runner.py:243} INFO - Task exited with return code 0
[2025-10-11T06:57:11.370+0000] {local_task_job_runner.py:222} INFO - ::endgroup::
