[2025-10-11T04:43:56.991+0000] {local_task_job_runner.py:120} INFO - ::group::Pre task execution logs
[2025-10-11T04:43:57.041+0000] {taskinstance.py:2076} INFO - Dependencies all met for dep_context=non-requeueable deps ti=<TaskInstance: pipeline_flow.to_bronze manual__2025-10-11T04:43:52.381314+00:00 [queued]>
[2025-10-11T04:43:57.053+0000] {taskinstance.py:2076} INFO - Dependencies all met for dep_context=requeueable deps ti=<TaskInstance: pipeline_flow.to_bronze manual__2025-10-11T04:43:52.381314+00:00 [queued]>
[2025-10-11T04:43:57.055+0000] {taskinstance.py:2306} INFO - Starting attempt 1 of 2
[2025-10-11T04:43:57.070+0000] {taskinstance.py:2330} INFO - Executing <Task(PythonOperator): to_bronze> on 2025-10-11 04:43:52.381314+00:00
[2025-10-11T04:43:57.081+0000] {logging_mixin.py:188} WARNING - /home/***/.local/lib/python3.12/site-packages/***/task/task_runner/standard_task_runner.py:62 DeprecationWarning: This process (pid=7222) is multi-threaded, use of fork() may lead to deadlocks in the child.
[2025-10-11T04:43:57.083+0000] {standard_task_runner.py:64} INFO - Started process 7229 to run task
[2025-10-11T04:43:57.082+0000] {standard_task_runner.py:90} INFO - Running: ['***', 'tasks', 'run', 'pipeline_flow', 'to_bronze', 'manual__2025-10-11T04:43:52.381314+00:00', '--job-id', '35', '--raw', '--subdir', 'DAGS_FOLDER/pipeline_dag.py', '--cfg-path', '/tmp/tmp5ij2amvs']
[2025-10-11T04:43:57.086+0000] {standard_task_runner.py:91} INFO - Job 35: Subtask to_bronze
[2025-10-11T04:43:57.179+0000] {task_command.py:426} INFO - Running <TaskInstance: pipeline_flow.to_bronze manual__2025-10-11T04:43:52.381314+00:00 [running]> on host 321597a50810
[2025-10-11T04:43:57.309+0000] {taskinstance.py:2648} INFO - Exporting env vars: AIRFLOW_CTX_DAG_EMAIL='oluwaseyiogundimu10@gmail.com' AIRFLOW_CTX_DAG_OWNER='seyi' AIRFLOW_CTX_DAG_ID='pipeline_flow' AIRFLOW_CTX_TASK_ID='to_bronze' AIRFLOW_CTX_EXECUTION_DATE='2025-10-11T04:43:52.381314+00:00' AIRFLOW_CTX_TRY_NUMBER='1' AIRFLOW_CTX_DAG_RUN_ID='manual__2025-10-11T04:43:52.381314+00:00'
[2025-10-11T04:43:57.311+0000] {taskinstance.py:430} INFO - ::endgroup::
[2025-10-11T04:43:57.345+0000] {orchestration.py:16} INFO - Starting Bronze layer data pipeline...
[2025-10-11T04:43:57.659+0000] {s3_client.py:30} INFO - ✅ Successfully initialized S3 client.
[2025-10-11T04:43:57.661+0000] {ingest.py:26} INFO - Reading movies...
[2025-10-11T04:44:01.611+0000] {ingest.py:31} INFO - Successfully read movies.
[2025-10-11T04:44:01.613+0000] {ingest.py:26} INFO - Reading ratings...
[2025-10-11T04:44:06.734+0000] {ingest.py:31} INFO - Successfully read ratings.
[2025-10-11T04:44:06.737+0000] {ingest.py:26} INFO - Reading users...
[2025-10-11T04:44:08.494+0000] {ingest.py:31} INFO - Successfully read users.
[2025-10-11T04:44:08.496+0000] {orchestration.py:24} INFO - Successfully ingested raw data.
[2025-10-11T04:44:08.497+0000] {validation.py:17} INFO - Validating columns for movies..
[2025-10-11T04:44:08.499+0000] {validation.py:32} INFO - successfully validated movies's columns.
[2025-10-11T04:44:08.501+0000] {validation.py:17} INFO - Validating columns for ratings..
[2025-10-11T04:44:08.503+0000] {validation.py:32} INFO - successfully validated ratings's columns.
[2025-10-11T04:44:08.505+0000] {validation.py:17} INFO - Validating columns for users..
[2025-10-11T04:44:08.507+0000] {validation.py:32} INFO - successfully validated users's columns.
[2025-10-11T04:44:08.511+0000] {validation.py:46} WARNING - movies has 4 missing values:
release_date    1
IMDb_URL        3
dtype: int64
[2025-10-11T04:44:08.515+0000] {validation.py:48} INFO - No missing values found in ratings.
[2025-10-11T04:44:08.517+0000] {validation.py:48} INFO - No missing values found in users.
[2025-10-11T04:44:08.519+0000] {orchestration.py:29} INFO - Data validation completed successfully.
[2025-10-11T04:44:09.529+0000] {s3_client.py:55} INFO - Bucket 'movie-pipeline-bronze' already exists.
[2025-10-11T04:44:09.533+0000] {upload.py:23} INFO - Starting movies upload to bronze bucket
[2025-10-11T04:44:09.543+0000] {upload.py:31} INFO - Uploading movies.csv to S3 bucket movie-pipeline-bronze
[2025-10-11T04:44:14.107+0000] {upload.py:40} INFO - Successfully uploaded movies.csv to S3 bucket movie-pipeline-bronze.
[2025-10-11T04:44:14.109+0000] {upload.py:23} INFO - Starting ratings upload to bronze bucket
[2025-10-11T04:44:14.289+0000] {upload.py:31} INFO - Uploading ratings.csv to S3 bucket movie-pipeline-bronze
[2025-10-11T04:44:25.789+0000] {upload.py:40} INFO - Successfully uploaded ratings.csv to S3 bucket movie-pipeline-bronze.
[2025-10-11T04:44:25.793+0000] {upload.py:23} INFO - Starting users upload to bronze bucket
[2025-10-11T04:44:25.799+0000] {upload.py:31} INFO - Uploading users.csv to S3 bucket movie-pipeline-bronze
[2025-10-11T04:44:26.868+0000] {upload.py:40} INFO - Successfully uploaded users.csv to S3 bucket movie-pipeline-bronze.
[2025-10-11T04:44:26.869+0000] {orchestration.py:36} INFO - Data successfully uploaded to Bronze S3 bucket.
[2025-10-11T04:44:26.870+0000] {orchestration.py:38} INFO - Bronze pipeline execution completed successfully!
[2025-10-11T04:44:26.872+0000] {python.py:237} INFO - Done. Returned value was: None
[2025-10-11T04:44:26.874+0000] {taskinstance.py:441} INFO - ::group::Post task execution logs
[2025-10-11T04:44:26.892+0000] {taskinstance.py:1206} INFO - Marking task as SUCCESS. dag_id=pipeline_flow, task_id=to_bronze, run_id=manual__2025-10-11T04:43:52.381314+00:00, execution_date=20251011T044352, start_date=20251011T044357, end_date=20251011T044426
[2025-10-11T04:44:26.952+0000] {local_task_job_runner.py:243} INFO - Task exited with return code 0
[2025-10-11T04:44:26.994+0000] {taskinstance.py:3503} INFO - 3 downstream tasks scheduled from follow-on schedule check
[2025-10-11T04:44:26.997+0000] {local_task_job_runner.py:222} INFO - ::endgroup::
