[2025-10-11T04:44:44.870+0000] {local_task_job_runner.py:120} INFO - ::group::Pre task execution logs
[2025-10-11T04:44:44.919+0000] {taskinstance.py:2076} INFO - Dependencies all met for dep_context=non-requeueable deps ti=<TaskInstance: pipeline_flow.load_movies_to_gold manual__2025-10-11T04:43:52.381314+00:00 [queued]>
[2025-10-11T04:44:44.932+0000] {taskinstance.py:2076} INFO - Dependencies all met for dep_context=requeueable deps ti=<TaskInstance: pipeline_flow.load_movies_to_gold manual__2025-10-11T04:43:52.381314+00:00 [queued]>
[2025-10-11T04:44:44.934+0000] {taskinstance.py:2306} INFO - Starting attempt 1 of 2
[2025-10-11T04:44:44.953+0000] {taskinstance.py:2330} INFO - Executing <Task(PythonOperator): load_movies_to_gold> on 2025-10-11 04:43:52.381314+00:00
[2025-10-11T04:44:44.965+0000] {logging_mixin.py:188} WARNING - /home/***/.local/lib/python3.12/site-packages/***/task/task_runner/standard_task_runner.py:62 DeprecationWarning: This process (pid=7311) is multi-threaded, use of fork() may lead to deadlocks in the child.
[2025-10-11T04:44:44.966+0000] {standard_task_runner.py:64} INFO - Started process 7320 to run task
[2025-10-11T04:44:44.966+0000] {standard_task_runner.py:90} INFO - Running: ['***', 'tasks', 'run', 'pipeline_flow', 'load_movies_to_gold', 'manual__2025-10-11T04:43:52.381314+00:00', '--job-id', '64', '--raw', '--subdir', 'DAGS_FOLDER/pipeline_dag.py', '--cfg-path', '/tmp/tmpv24mdveg']
[2025-10-11T04:44:44.969+0000] {standard_task_runner.py:91} INFO - Job 64: Subtask load_movies_to_gold
[2025-10-11T04:44:45.051+0000] {task_command.py:426} INFO - Running <TaskInstance: pipeline_flow.load_movies_to_gold manual__2025-10-11T04:43:52.381314+00:00 [running]> on host 321597a50810
[2025-10-11T04:44:45.213+0000] {taskinstance.py:2648} INFO - Exporting env vars: AIRFLOW_CTX_DAG_EMAIL='oluwaseyiogundimu10@gmail.com' AIRFLOW_CTX_DAG_OWNER='seyi' AIRFLOW_CTX_DAG_ID='pipeline_flow' AIRFLOW_CTX_TASK_ID='load_movies_to_gold' AIRFLOW_CTX_EXECUTION_DATE='2025-10-11T04:43:52.381314+00:00' AIRFLOW_CTX_TRY_NUMBER='1' AIRFLOW_CTX_DAG_RUN_ID='manual__2025-10-11T04:43:52.381314+00:00'
[2025-10-11T04:44:45.214+0000] {taskinstance.py:430} INFO - ::endgroup::
[2025-10-11T04:44:45.377+0000] {s3_client.py:30} INFO - ✅ Successfully initialized S3 client.
[2025-10-11T04:44:45.379+0000] {read_bucket.py:26} INFO - Reading movies.csv from movie-pipeline-silver bucket.
[2025-10-11T04:44:47.764+0000] {read_bucket.py:32} INFO - Successfully read movies.csv into DataFrame. Shape: (1604, 5)
[2025-10-11T04:44:47.776+0000] {connection.py:60} INFO - Writing stg_movies to Postgres..
[2025-10-11T04:44:47.780+0000] {connection.py:22} INFO - Successfully connected to Postgres.
[2025-10-11T04:44:48.089+0000] {connection.py:66} INFO - Successfully inserted 1604 records into stg_movies.
[2025-10-11T04:44:48.091+0000] {connection.py:22} INFO - Successfully connected to Postgres.
[2025-10-11T04:44:48.182+0000] {load.py:58} INFO - Upsert complete. New records successfully loaded
[2025-10-11T04:44:48.188+0000] {silver_watermarks.py:25} INFO - Reading watermarks from s3..
[2025-10-11T04:44:48.433+0000] {silver_watermarks.py:55} INFO - Updating watermarks in S3...
[2025-10-11T04:44:48.986+0000] {silver_watermarks.py:72} INFO - Watermarks updated successfully in S3.
[2025-10-11T04:44:48.988+0000] {python.py:237} INFO - Done. Returned value was: None
[2025-10-11T04:44:48.989+0000] {taskinstance.py:441} INFO - ::group::Post task execution logs
[2025-10-11T04:44:49.004+0000] {taskinstance.py:1206} INFO - Marking task as SUCCESS. dag_id=pipeline_flow, task_id=load_movies_to_gold, run_id=manual__2025-10-11T04:43:52.381314+00:00, execution_date=20251011T044352, start_date=20251011T044444, end_date=20251011T044449
[2025-10-11T04:44:49.044+0000] {local_task_job_runner.py:243} INFO - Task exited with return code 0
[2025-10-11T04:44:49.087+0000] {taskinstance.py:3503} INFO - 0 downstream tasks scheduled from follow-on schedule check
[2025-10-11T04:44:49.094+0000] {local_task_job_runner.py:222} INFO - ::endgroup::
