[2025-10-11T06:58:06.634+0000] {local_task_job_runner.py:120} INFO - ::group::Pre task execution logs
[2025-10-11T06:58:06.689+0000] {taskinstance.py:2076} INFO - Dependencies all met for dep_context=non-requeueable deps ti=<TaskInstance: pipeline_flow.check_create_stg_tables scheduled__2001-01-28T00:00:00+00:00 [queued]>
[2025-10-11T06:58:06.701+0000] {taskinstance.py:2076} INFO - Dependencies all met for dep_context=requeueable deps ti=<TaskInstance: pipeline_flow.check_create_stg_tables scheduled__2001-01-28T00:00:00+00:00 [queued]>
[2025-10-11T06:58:06.703+0000] {taskinstance.py:2306} INFO - Starting attempt 1 of 2
[2025-10-11T06:58:06.723+0000] {taskinstance.py:2330} INFO - Executing <Task(PythonOperator): check_create_stg_tables> on 2001-01-28 00:00:00+00:00
[2025-10-11T06:58:06.736+0000] {logging_mixin.py:188} WARNING - /home/***/.local/lib/python3.12/site-packages/***/task/task_runner/standard_task_runner.py:62 DeprecationWarning: This process (pid=945) is multi-threaded, use of fork() may lead to deadlocks in the child.
[2025-10-11T06:58:06.739+0000] {standard_task_runner.py:64} INFO - Started process 949 to run task
[2025-10-11T06:58:06.737+0000] {standard_task_runner.py:90} INFO - Running: ['***', 'tasks', 'run', 'pipeline_flow', 'check_create_stg_tables', 'scheduled__2001-01-28T00:00:00+00:00', '--job-id', '2070', '--raw', '--subdir', 'DAGS_FOLDER/pipeline_dag.py', '--cfg-path', '/tmp/tmp6tyfh6tp']
[2025-10-11T06:58:06.740+0000] {standard_task_runner.py:91} INFO - Job 2070: Subtask check_create_stg_tables
[2025-10-11T06:58:06.822+0000] {task_command.py:426} INFO - Running <TaskInstance: pipeline_flow.check_create_stg_tables scheduled__2001-01-28T00:00:00+00:00 [running]> on host 321597a50810
[2025-10-11T06:58:06.980+0000] {taskinstance.py:2648} INFO - Exporting env vars: AIRFLOW_CTX_DAG_EMAIL='oluwaseyiogundimu10@gmail.com' AIRFLOW_CTX_DAG_OWNER='seyi' AIRFLOW_CTX_DAG_ID='pipeline_flow' AIRFLOW_CTX_TASK_ID='check_create_stg_tables' AIRFLOW_CTX_EXECUTION_DATE='2001-01-28T00:00:00+00:00' AIRFLOW_CTX_TRY_NUMBER='1' AIRFLOW_CTX_DAG_RUN_ID='scheduled__2001-01-28T00:00:00+00:00'
[2025-10-11T06:58:06.982+0000] {taskinstance.py:430} INFO - ::endgroup::
[2025-10-11T06:58:07.007+0000] {connection.py:22} INFO - Successfully connected to Postgres.
[2025-10-11T06:58:07.102+0000] {connection.py:43} INFO - Table 'stg_users' in Postgres.
[2025-10-11T06:58:07.105+0000] {connection.py:22} INFO - Successfully connected to Postgres.
[2025-10-11T06:58:07.200+0000] {connection.py:43} INFO - Table 'users' in Postgres.
[2025-10-11T06:58:07.202+0000] {connection.py:22} INFO - Successfully connected to Postgres.
[2025-10-11T06:58:07.302+0000] {connection.py:43} INFO - Table 'stg_movies' in Postgres.
[2025-10-11T06:58:07.304+0000] {connection.py:22} INFO - Successfully connected to Postgres.
[2025-10-11T06:58:07.400+0000] {connection.py:43} INFO - Table 'movies' in Postgres.
[2025-10-11T06:58:07.401+0000] {connection.py:22} INFO - Successfully connected to Postgres.
[2025-10-11T06:58:07.492+0000] {connection.py:43} INFO - Table 'stg_ratings' in Postgres.
[2025-10-11T06:58:07.493+0000] {connection.py:22} INFO - Successfully connected to Postgres.
[2025-10-11T06:58:07.589+0000] {connection.py:43} INFO - Table 'ratings' in Postgres.
[2025-10-11T06:58:07.590+0000] {load.py:32} INFO - Tables exist.
[2025-10-11T06:58:07.592+0000] {python.py:237} INFO - Done. Returned value was: None
[2025-10-11T06:58:07.593+0000] {taskinstance.py:441} INFO - ::group::Post task execution logs
[2025-10-11T06:58:07.613+0000] {taskinstance.py:1206} INFO - Marking task as SUCCESS. dag_id=pipeline_flow, task_id=check_create_stg_tables, run_id=scheduled__2001-01-28T00:00:00+00:00, execution_date=20010128T000000, start_date=20251011T065806, end_date=20251011T065807
[2025-10-11T06:58:07.678+0000] {local_task_job_runner.py:243} INFO - Task exited with return code 0
[2025-10-11T06:58:07.697+0000] {local_task_job_runner.py:222} INFO - ::endgroup::
