[2025-10-11T06:23:58.558+0000] {local_task_job_runner.py:120} INFO - ::group::Pre task execution logs
[2025-10-11T06:23:58.624+0000] {taskinstance.py:2076} INFO - Dependencies all met for dep_context=non-requeueable deps ti=<TaskInstance: pipeline_flow.to_bronze scheduled__2000-01-23T00:00:00+00:00 [queued]>
[2025-10-11T06:23:58.640+0000] {taskinstance.py:2076} INFO - Dependencies all met for dep_context=requeueable deps ti=<TaskInstance: pipeline_flow.to_bronze scheduled__2000-01-23T00:00:00+00:00 [queued]>
[2025-10-11T06:23:58.642+0000] {taskinstance.py:2306} INFO - Starting attempt 1 of 2
[2025-10-11T06:23:58.848+0000] {taskinstance.py:2330} INFO - Executing <Task(PythonOperator): to_bronze> on 2000-01-23 00:00:00+00:00
[2025-10-11T06:23:58.866+0000] {logging_mixin.py:188} WARNING - /home/***/.local/lib/python3.12/site-packages/***/task/task_runner/standard_task_runner.py:62 DeprecationWarning: This process (pid=12297) is multi-threaded, use of fork() may lead to deadlocks in the child.
[2025-10-11T06:23:58.868+0000] {standard_task_runner.py:64} INFO - Started process 12307 to run task
[2025-10-11T06:23:58.865+0000] {standard_task_runner.py:90} INFO - Running: ['***', 'tasks', 'run', 'pipeline_flow', 'to_bronze', 'scheduled__2000-01-23T00:00:00+00:00', '--job-id', '1381', '--raw', '--subdir', 'DAGS_FOLDER/pipeline_dag.py', '--cfg-path', '/tmp/tmpgt9sz6ts']
[2025-10-11T06:23:58.870+0000] {standard_task_runner.py:91} INFO - Job 1381: Subtask to_bronze
[2025-10-11T06:23:58.984+0000] {task_command.py:426} INFO - Running <TaskInstance: pipeline_flow.to_bronze scheduled__2000-01-23T00:00:00+00:00 [running]> on host 321597a50810
[2025-10-11T06:23:59.169+0000] {taskinstance.py:2648} INFO - Exporting env vars: AIRFLOW_CTX_DAG_EMAIL='oluwaseyiogundimu10@gmail.com' AIRFLOW_CTX_DAG_OWNER='seyi' AIRFLOW_CTX_DAG_ID='pipeline_flow' AIRFLOW_CTX_TASK_ID='to_bronze' AIRFLOW_CTX_EXECUTION_DATE='2000-01-23T00:00:00+00:00' AIRFLOW_CTX_TRY_NUMBER='1' AIRFLOW_CTX_DAG_RUN_ID='scheduled__2000-01-23T00:00:00+00:00'
[2025-10-11T06:23:59.171+0000] {taskinstance.py:430} INFO - ::endgroup::
[2025-10-11T06:23:59.195+0000] {orchestration.py:16} INFO - Starting Bronze layer data pipeline...
[2025-10-11T06:23:59.338+0000] {s3_client.py:30} INFO - ✅ Successfully initialized S3 client.
[2025-10-11T06:23:59.340+0000] {ingest.py:26} INFO - Reading movies...
[2025-10-11T06:24:02.234+0000] {ingest.py:31} INFO - Successfully read movies.
[2025-10-11T06:24:02.236+0000] {ingest.py:26} INFO - Reading ratings...
[2025-10-11T06:24:06.700+0000] {ingest.py:31} INFO - Successfully read ratings.
[2025-10-11T06:24:06.701+0000] {ingest.py:26} INFO - Reading users...
[2025-10-11T06:24:08.477+0000] {ingest.py:31} INFO - Successfully read users.
[2025-10-11T06:24:08.479+0000] {orchestration.py:24} INFO - Successfully ingested raw data.
[2025-10-11T06:24:08.480+0000] {validation.py:17} INFO - Validating columns for movies..
[2025-10-11T06:24:08.481+0000] {validation.py:32} INFO - successfully validated movies's columns.
[2025-10-11T06:24:08.483+0000] {validation.py:17} INFO - Validating columns for ratings..
[2025-10-11T06:24:08.484+0000] {validation.py:32} INFO - successfully validated ratings's columns.
[2025-10-11T06:24:08.485+0000] {validation.py:17} INFO - Validating columns for users..
[2025-10-11T06:24:08.486+0000] {validation.py:32} INFO - successfully validated users's columns.
[2025-10-11T06:24:08.491+0000] {validation.py:46} WARNING - movies has 4 missing values:
release_date    1
IMDb_URL        3
dtype: int64
[2025-10-11T06:24:08.494+0000] {validation.py:48} INFO - No missing values found in ratings.
[2025-10-11T06:24:08.496+0000] {validation.py:48} INFO - No missing values found in users.
[2025-10-11T06:24:08.497+0000] {orchestration.py:29} INFO - Data validation completed successfully.
[2025-10-11T06:24:10.514+0000] {s3_client.py:55} INFO - Bucket 'movie-pipeline-bronze' already exists.
[2025-10-11T06:24:10.515+0000] {upload.py:23} INFO - Starting movies upload to bronze bucket
[2025-10-11T06:24:10.524+0000] {upload.py:31} INFO - Uploading movies.csv to S3 bucket movie-pipeline-bronze
[2025-10-11T06:24:12.545+0000] {upload.py:40} INFO - Successfully uploaded movies.csv to S3 bucket movie-pipeline-bronze.
[2025-10-11T06:24:12.546+0000] {upload.py:23} INFO - Starting ratings upload to bronze bucket
[2025-10-11T06:24:12.726+0000] {upload.py:31} INFO - Uploading ratings.csv to S3 bucket movie-pipeline-bronze
[2025-10-11T06:24:17.224+0000] {upload.py:40} INFO - Successfully uploaded ratings.csv to S3 bucket movie-pipeline-bronze.
[2025-10-11T06:24:17.226+0000] {upload.py:23} INFO - Starting users upload to bronze bucket
[2025-10-11T06:24:17.234+0000] {upload.py:31} INFO - Uploading users.csv to S3 bucket movie-pipeline-bronze
[2025-10-11T06:24:17.717+0000] {upload.py:40} INFO - Successfully uploaded users.csv to S3 bucket movie-pipeline-bronze.
[2025-10-11T06:24:17.719+0000] {orchestration.py:36} INFO - Data successfully uploaded to Bronze S3 bucket.
[2025-10-11T06:24:17.720+0000] {orchestration.py:38} INFO - Bronze pipeline execution completed successfully!
[2025-10-11T06:24:17.723+0000] {python.py:237} INFO - Done. Returned value was: None
[2025-10-11T06:24:17.724+0000] {taskinstance.py:441} INFO - ::group::Post task execution logs
[2025-10-11T06:24:17.745+0000] {taskinstance.py:1206} INFO - Marking task as SUCCESS. dag_id=pipeline_flow, task_id=to_bronze, run_id=scheduled__2000-01-23T00:00:00+00:00, execution_date=20000123T000000, start_date=20251011T062358, end_date=20251011T062417
[2025-10-11T06:24:17.840+0000] {local_task_job_runner.py:243} INFO - Task exited with return code 0
[2025-10-11T06:24:17.884+0000] {taskinstance.py:3503} INFO - 3 downstream tasks scheduled from follow-on schedule check
[2025-10-11T06:24:17.889+0000] {local_task_job_runner.py:222} INFO - ::endgroup::
