[2025-10-11T04:45:10.367+0000] {local_task_job_runner.py:120} INFO - ::group::Pre task execution logs
[2025-10-11T04:45:10.416+0000] {taskinstance.py:2076} INFO - Dependencies all met for dep_context=non-requeueable deps ti=<TaskInstance: pipeline_flow.load_movies manual__2025-10-09T11:31:11.456760+00:00 [queued]>
[2025-10-11T04:45:10.429+0000] {taskinstance.py:2076} INFO - Dependencies all met for dep_context=requeueable deps ti=<TaskInstance: pipeline_flow.load_movies manual__2025-10-09T11:31:11.456760+00:00 [queued]>
[2025-10-11T04:45:10.430+0000] {taskinstance.py:2306} INFO - Starting attempt 3 of 4
[2025-10-11T04:45:10.448+0000] {taskinstance.py:2330} INFO - Executing <Task(PythonOperator): load_movies> on 2025-10-09 11:31:11.456760+00:00
[2025-10-11T04:45:10.460+0000] {logging_mixin.py:188} WARNING - /home/***/.local/lib/python3.12/site-packages/***/task/task_runner/standard_task_runner.py:62 DeprecationWarning: This process (pid=7412) is multi-threaded, use of fork() may lead to deadlocks in the child.
[2025-10-11T04:45:10.461+0000] {standard_task_runner.py:64} INFO - Started process 7414 to run task
[2025-10-11T04:45:10.460+0000] {standard_task_runner.py:90} INFO - Running: ['***', 'tasks', 'run', 'pipeline_flow', 'load_movies', 'manual__2025-10-09T11:31:11.456760+00:00', '--job-id', '94', '--raw', '--subdir', 'DAGS_FOLDER/pipeline_dag.py', '--cfg-path', '/tmp/tmpjnxz3kt5']
[2025-10-11T04:45:10.463+0000] {standard_task_runner.py:91} INFO - Job 94: Subtask load_movies
[2025-10-11T04:45:10.545+0000] {task_command.py:426} INFO - Running <TaskInstance: pipeline_flow.load_movies manual__2025-10-09T11:31:11.456760+00:00 [running]> on host 321597a50810
[2025-10-11T04:45:10.650+0000] {taskinstance.py:2648} INFO - Exporting env vars: AIRFLOW_CTX_DAG_EMAIL='oluwaseyiogundimu10@gmail.com' AIRFLOW_CTX_DAG_OWNER='seyi' AIRFLOW_CTX_DAG_ID='pipeline_flow' AIRFLOW_CTX_TASK_ID='load_movies' AIRFLOW_CTX_EXECUTION_DATE='2025-10-09T11:31:11.456760+00:00' AIRFLOW_CTX_TRY_NUMBER='3' AIRFLOW_CTX_DAG_RUN_ID='manual__2025-10-09T11:31:11.456760+00:00'
[2025-10-11T04:45:10.652+0000] {taskinstance.py:430} INFO - ::endgroup::
[2025-10-11T04:45:10.669+0000] {transform.py:25} INFO - Starting transformations for movie data..
[2025-10-11T04:45:10.671+0000] {read_write_buckets.py:22} INFO - Reading movies.csv from movie-pipeline-bronze bucket.
[2025-10-11T04:45:10.789+0000] {s3_client.py:30} INFO - ✅ Successfully initialized S3 client.
[2025-10-11T04:45:12.173+0000] {read_write_buckets.py:34} INFO - Successfully read movies.csv into DataFrame. Shape: (1682, 5)
[2025-10-11T04:45:12.192+0000] {transform.py:49} INFO - Full load of 1604 records up to 1997-10-01
[2025-10-11T04:45:12.199+0000] {transform.py:60} INFO - Movies data cleaned with 1604 records
[2025-10-11T04:45:12.201+0000] {read_write_buckets.py:50} INFO - Writing movies.csv to movie-pipeline-silver bucket.
[2025-10-11T04:45:16.090+0000] {read_write_buckets.py:66} INFO - Successfully wrote movies.csv to Silver bucket.
[2025-10-11T04:45:16.094+0000] {watermarks.py:48} INFO - Updating watermarks in S3...
[2025-10-11T04:45:16.096+0000] {watermarks.py:25} INFO - Reading watermarks from S3 Bronze bucket...
[2025-10-11T04:45:16.346+0000] {watermarks.py:30} INFO - Successfully read existing watermarks.
[2025-10-11T04:45:16.818+0000] {watermarks.py:76} INFO - Watermarks updated successfully in S3.
[2025-10-11T04:45:16.821+0000] {python.py:237} INFO - Done. Returned value was: None
[2025-10-11T04:45:16.822+0000] {taskinstance.py:441} INFO - ::group::Post task execution logs
[2025-10-11T04:45:16.843+0000] {taskinstance.py:1206} INFO - Marking task as SUCCESS. dag_id=pipeline_flow, task_id=load_movies, run_id=manual__2025-10-09T11:31:11.456760+00:00, execution_date=20251009T113111, start_date=20251011T044510, end_date=20251011T044516
[2025-10-11T04:45:16.901+0000] {local_task_job_runner.py:243} INFO - Task exited with return code 0
[2025-10-11T04:45:16.948+0000] {taskinstance.py:3503} INFO - 1 downstream tasks scheduled from follow-on schedule check
[2025-10-11T04:45:16.953+0000] {local_task_job_runner.py:222} INFO - ::endgroup::
