[2025-10-11T04:44:29.529+0000] {local_task_job_runner.py:120} INFO - ::group::Pre task execution logs
[2025-10-11T04:44:29.577+0000] {taskinstance.py:2076} INFO - Dependencies all met for dep_context=non-requeueable deps ti=<TaskInstance: pipeline_flow.check_ratings_freshness manual__2025-10-11T04:43:52.381314+00:00 [queued]>
[2025-10-11T04:44:29.591+0000] {taskinstance.py:2076} INFO - Dependencies all met for dep_context=requeueable deps ti=<TaskInstance: pipeline_flow.check_ratings_freshness manual__2025-10-11T04:43:52.381314+00:00 [queued]>
[2025-10-11T04:44:29.594+0000] {taskinstance.py:2306} INFO - Starting attempt 1 of 2
[2025-10-11T04:44:29.616+0000] {taskinstance.py:2330} INFO - Executing <Task(ShortCircuitOperator): check_ratings_freshness> on 2025-10-11 04:43:52.381314+00:00
[2025-10-11T04:44:29.632+0000] {logging_mixin.py:188} WARNING - /home/***/.local/lib/python3.12/site-packages/***/task/task_runner/standard_task_runner.py:62 DeprecationWarning: This process (pid=7270) is multi-threaded, use of fork() may lead to deadlocks in the child.
[2025-10-11T04:44:29.635+0000] {standard_task_runner.py:64} INFO - Started process 7276 to run task
[2025-10-11T04:44:29.632+0000] {standard_task_runner.py:90} INFO - Running: ['***', 'tasks', 'run', 'pipeline_flow', 'check_ratings_freshness', 'manual__2025-10-11T04:43:52.381314+00:00', '--job-id', '49', '--raw', '--subdir', 'DAGS_FOLDER/pipeline_dag.py', '--cfg-path', '/tmp/tmpsj3m9yjn']
[2025-10-11T04:44:29.638+0000] {standard_task_runner.py:91} INFO - Job 49: Subtask check_ratings_freshness
[2025-10-11T04:44:29.769+0000] {task_command.py:426} INFO - Running <TaskInstance: pipeline_flow.check_ratings_freshness manual__2025-10-11T04:43:52.381314+00:00 [running]> on host 321597a50810
[2025-10-11T04:44:29.929+0000] {taskinstance.py:2648} INFO - Exporting env vars: AIRFLOW_CTX_DAG_EMAIL='oluwaseyiogundimu10@gmail.com' AIRFLOW_CTX_DAG_OWNER='seyi' AIRFLOW_CTX_DAG_ID='pipeline_flow' AIRFLOW_CTX_TASK_ID='check_ratings_freshness' AIRFLOW_CTX_EXECUTION_DATE='2025-10-11T04:43:52.381314+00:00' AIRFLOW_CTX_TRY_NUMBER='1' AIRFLOW_CTX_DAG_RUN_ID='manual__2025-10-11T04:43:52.381314+00:00'
[2025-10-11T04:44:29.931+0000] {taskinstance.py:430} INFO - ::endgroup::
[2025-10-11T04:44:29.948+0000] {baseoperator.py:400} WARNING - ShortCircuitOperator.execute cannot be called outside TaskInstance!
[2025-10-11T04:44:30.050+0000] {s3_client.py:30} INFO - ✅ Successfully initialized S3 client.
[2025-10-11T04:44:30.850+0000] {logging_mixin.py:188} INFO - ratings.csv is fresh: 2025-10-11 04:44:16+00:00
[2025-10-11T04:44:30.852+0000] {python.py:237} INFO - Done. Returned value was: True
[2025-10-11T04:44:30.853+0000] {python.py:304} INFO - Condition result is True
[2025-10-11T04:44:30.853+0000] {python.py:307} INFO - Proceeding with downstream tasks...
[2025-10-11T04:44:30.854+0000] {taskinstance.py:441} INFO - ::group::Post task execution logs
[2025-10-11T04:44:30.889+0000] {taskinstance.py:1206} INFO - Marking task as SUCCESS. dag_id=pipeline_flow, task_id=check_ratings_freshness, run_id=manual__2025-10-11T04:43:52.381314+00:00, execution_date=20251011T044352, start_date=20251011T044429, end_date=20251011T044430
[2025-10-11T04:44:30.939+0000] {local_task_job_runner.py:243} INFO - Task exited with return code 0
[2025-10-11T04:44:30.958+0000] {local_task_job_runner.py:222} INFO - ::endgroup::
