[2025-10-11T06:09:10.138+0000] {local_task_job_runner.py:120} INFO - ::group::Pre task execution logs
[2025-10-11T06:09:10.248+0000] {taskinstance.py:2076} INFO - Dependencies all met for dep_context=non-requeueable deps ti=<TaskInstance: pipeline_flow.check_ratings_freshness scheduled__1998-12-13T00:00:00+00:00 [queued]>
[2025-10-11T06:09:10.270+0000] {taskinstance.py:2076} INFO - Dependencies all met for dep_context=requeueable deps ti=<TaskInstance: pipeline_flow.check_ratings_freshness scheduled__1998-12-13T00:00:00+00:00 [queued]>
[2025-10-11T06:09:10.272+0000] {taskinstance.py:2306} INFO - Starting attempt 1 of 2
[2025-10-11T06:09:10.317+0000] {taskinstance.py:2330} INFO - Executing <Task(ShortCircuitOperator): check_ratings_freshness> on 1998-12-13 00:00:00+00:00
[2025-10-11T06:09:10.353+0000] {logging_mixin.py:188} WARNING - /home/***/.local/lib/python3.12/site-packages/***/task/task_runner/standard_task_runner.py:62 DeprecationWarning: This process (pid=10252) is multi-threaded, use of fork() may lead to deadlocks in the child.
[2025-10-11T06:09:10.349+0000] {standard_task_runner.py:90} INFO - Running: ['***', 'tasks', 'run', 'pipeline_flow', 'check_ratings_freshness', 'scheduled__1998-12-13T00:00:00+00:00', '--job-id', '741', '--raw', '--subdir', 'DAGS_FOLDER/pipeline_dag.py', '--cfg-path', '/tmp/tmpyr64guq3']
[2025-10-11T06:09:10.365+0000] {standard_task_runner.py:91} INFO - Job 741: Subtask check_ratings_freshness
[2025-10-11T06:09:10.362+0000] {standard_task_runner.py:64} INFO - Started process 10271 to run task
[2025-10-11T06:09:10.512+0000] {task_command.py:426} INFO - Running <TaskInstance: pipeline_flow.check_ratings_freshness scheduled__1998-12-13T00:00:00+00:00 [running]> on host 321597a50810
[2025-10-11T06:09:10.800+0000] {taskinstance.py:2648} INFO - Exporting env vars: AIRFLOW_CTX_DAG_EMAIL='oluwaseyiogundimu10@gmail.com' AIRFLOW_CTX_DAG_OWNER='seyi' AIRFLOW_CTX_DAG_ID='pipeline_flow' AIRFLOW_CTX_TASK_ID='check_ratings_freshness' AIRFLOW_CTX_EXECUTION_DATE='1998-12-13T00:00:00+00:00' AIRFLOW_CTX_TRY_NUMBER='1' AIRFLOW_CTX_DAG_RUN_ID='scheduled__1998-12-13T00:00:00+00:00'
[2025-10-11T06:09:10.803+0000] {taskinstance.py:430} INFO - ::endgroup::
[2025-10-11T06:09:10.841+0000] {baseoperator.py:400} WARNING - ShortCircuitOperator.execute cannot be called outside TaskInstance!
[2025-10-11T06:09:11.203+0000] {s3_client.py:30} INFO - ✅ Successfully initialized S3 client.
[2025-10-11T06:09:12.700+0000] {logging_mixin.py:188} INFO - ratings.csv is fresh: 2025-10-11 06:08:55+00:00
[2025-10-11T06:09:12.701+0000] {python.py:237} INFO - Done. Returned value was: True
[2025-10-11T06:09:12.702+0000] {python.py:304} INFO - Condition result is True
[2025-10-11T06:09:12.703+0000] {python.py:307} INFO - Proceeding with downstream tasks...
[2025-10-11T06:09:12.704+0000] {taskinstance.py:441} INFO - ::group::Post task execution logs
[2025-10-11T06:09:12.744+0000] {taskinstance.py:1206} INFO - Marking task as SUCCESS. dag_id=pipeline_flow, task_id=check_ratings_freshness, run_id=scheduled__1998-12-13T00:00:00+00:00, execution_date=19981213T000000, start_date=20251011T060910, end_date=20251011T060912
[2025-10-11T06:09:12.806+0000] {local_task_job_runner.py:243} INFO - Task exited with return code 0
[2025-10-11T06:09:12.825+0000] {local_task_job_runner.py:222} INFO - ::endgroup::
