[2025-10-11T04:44:51.062+0000] {local_task_job_runner.py:120} INFO - ::group::Pre task execution logs
[2025-10-11T04:44:51.114+0000] {taskinstance.py:2076} INFO - Dependencies all met for dep_context=non-requeueable deps ti=<TaskInstance: pipeline_flow.check_movie_freshness scheduled__2025-09-28T00:00:00+00:00 [queued]>
[2025-10-11T04:44:51.127+0000] {taskinstance.py:2076} INFO - Dependencies all met for dep_context=requeueable deps ti=<TaskInstance: pipeline_flow.check_movie_freshness scheduled__2025-09-28T00:00:00+00:00 [queued]>
[2025-10-11T04:44:51.129+0000] {taskinstance.py:2306} INFO - Starting attempt 2 of 3
[2025-10-11T04:44:51.147+0000] {taskinstance.py:2330} INFO - Executing <Task(ShortCircuitOperator): check_movie_freshness> on 2025-09-28 00:00:00+00:00
[2025-10-11T04:44:51.161+0000] {logging_mixin.py:188} WARNING - /home/***/.local/lib/python3.12/site-packages/***/task/task_runner/standard_task_runner.py:62 DeprecationWarning: This process (pid=7346) is multi-threaded, use of fork() may lead to deadlocks in the child.
[2025-10-11T04:44:51.163+0000] {standard_task_runner.py:64} INFO - Started process 7353 to run task
[2025-10-11T04:44:51.161+0000] {standard_task_runner.py:90} INFO - Running: ['***', 'tasks', 'run', 'pipeline_flow', 'check_movie_freshness', 'scheduled__2025-09-28T00:00:00+00:00', '--job-id', '73', '--raw', '--subdir', 'DAGS_FOLDER/pipeline_dag.py', '--cfg-path', '/tmp/tmpssj8be8o']
[2025-10-11T04:44:51.165+0000] {standard_task_runner.py:91} INFO - Job 73: Subtask check_movie_freshness
[2025-10-11T04:44:51.244+0000] {task_command.py:426} INFO - Running <TaskInstance: pipeline_flow.check_movie_freshness scheduled__2025-09-28T00:00:00+00:00 [running]> on host 321597a50810
[2025-10-11T04:44:51.379+0000] {taskinstance.py:2648} INFO - Exporting env vars: AIRFLOW_CTX_DAG_EMAIL='oluwaseyiogundimu10@gmail.com' AIRFLOW_CTX_DAG_OWNER='seyi' AIRFLOW_CTX_DAG_ID='pipeline_flow' AIRFLOW_CTX_TASK_ID='check_movie_freshness' AIRFLOW_CTX_EXECUTION_DATE='2025-09-28T00:00:00+00:00' AIRFLOW_CTX_TRY_NUMBER='2' AIRFLOW_CTX_DAG_RUN_ID='scheduled__2025-09-28T00:00:00+00:00'
[2025-10-11T04:44:51.382+0000] {taskinstance.py:430} INFO - ::endgroup::
[2025-10-11T04:44:51.403+0000] {baseoperator.py:400} WARNING - ShortCircuitOperator.execute cannot be called outside TaskInstance!
[2025-10-11T04:44:51.512+0000] {s3_client.py:30} INFO - ✅ Successfully initialized S3 client.
[2025-10-11T04:44:52.262+0000] {logging_mixin.py:188} INFO - movies.csv is fresh: 2025-10-11 04:44:15+00:00
[2025-10-11T04:44:52.263+0000] {python.py:237} INFO - Done. Returned value was: True
[2025-10-11T04:44:52.264+0000] {python.py:304} INFO - Condition result is True
[2025-10-11T04:44:52.265+0000] {python.py:307} INFO - Proceeding with downstream tasks...
[2025-10-11T04:44:52.266+0000] {taskinstance.py:441} INFO - ::group::Post task execution logs
[2025-10-11T04:44:52.307+0000] {taskinstance.py:1206} INFO - Marking task as SUCCESS. dag_id=pipeline_flow, task_id=check_movie_freshness, run_id=scheduled__2025-09-28T00:00:00+00:00, execution_date=20250928T000000, start_date=20251011T044451, end_date=20251011T044452
[2025-10-11T04:44:52.384+0000] {local_task_job_runner.py:243} INFO - Task exited with return code 0
[2025-10-11T04:44:52.401+0000] {local_task_job_runner.py:222} INFO - ::endgroup::
