[2025-10-09T10:57:29.322+0000] {local_task_job_runner.py:120} INFO - ::group::Pre task execution logs
[2025-10-09T10:57:29.372+0000] {taskinstance.py:2076} INFO - Dependencies all met for dep_context=non-requeueable deps ti=<TaskInstance: pipeline_flow.check_movie_freshness scheduled__2025-09-28T00:00:00+00:00 [queued]>
[2025-10-09T10:57:29.383+0000] {taskinstance.py:2076} INFO - Dependencies all met for dep_context=requeueable deps ti=<TaskInstance: pipeline_flow.check_movie_freshness scheduled__2025-09-28T00:00:00+00:00 [queued]>
[2025-10-09T10:57:29.385+0000] {taskinstance.py:2306} INFO - Starting attempt 1 of 2
[2025-10-09T10:57:29.402+0000] {taskinstance.py:2330} INFO - Executing <Task(ShortCircuitOperator): check_movie_freshness> on 2025-09-28 00:00:00+00:00
[2025-10-09T10:57:29.415+0000] {logging_mixin.py:188} WARNING - /home/***/.local/lib/python3.12/site-packages/***/task/task_runner/standard_task_runner.py:62 DeprecationWarning: This process (pid=215) is multi-threaded, use of fork() may lead to deadlocks in the child.
[2025-10-09T10:57:29.417+0000] {standard_task_runner.py:64} INFO - Started process 219 to run task
[2025-10-09T10:57:29.415+0000] {standard_task_runner.py:90} INFO - Running: ['***', 'tasks', 'run', 'pipeline_flow', 'check_movie_freshness', 'scheduled__2025-09-28T00:00:00+00:00', '--job-id', '9', '--raw', '--subdir', 'DAGS_FOLDER/pipeline_dag.py', '--cfg-path', '/tmp/tmpq5q0r0t9']
[2025-10-09T10:57:29.419+0000] {standard_task_runner.py:91} INFO - Job 9: Subtask check_movie_freshness
[2025-10-09T10:57:29.519+0000] {task_command.py:426} INFO - Running <TaskInstance: pipeline_flow.check_movie_freshness scheduled__2025-09-28T00:00:00+00:00 [running]> on host 321597a50810
[2025-10-09T10:57:29.735+0000] {taskinstance.py:2648} INFO - Exporting env vars: AIRFLOW_CTX_DAG_EMAIL='oluwaseyiogundimu10@gmail.com' AIRFLOW_CTX_DAG_OWNER='seyi' AIRFLOW_CTX_DAG_ID='pipeline_flow' AIRFLOW_CTX_TASK_ID='check_movie_freshness' AIRFLOW_CTX_EXECUTION_DATE='2025-09-28T00:00:00+00:00' AIRFLOW_CTX_TRY_NUMBER='1' AIRFLOW_CTX_DAG_RUN_ID='scheduled__2025-09-28T00:00:00+00:00'
[2025-10-09T10:57:29.740+0000] {taskinstance.py:430} INFO - ::endgroup::
[2025-10-09T10:57:29.777+0000] {baseoperator.py:400} WARNING - ShortCircuitOperator.execute cannot be called outside TaskInstance!
[2025-10-09T10:57:29.804+0000] {s3_client.py:23} INFO - Successfully initialized S3 client.
[2025-10-09T10:57:30.704+0000] {logging_mixin.py:188} INFO - movies.csv is fresh: 2025-10-09 10:57:27+00:00
[2025-10-09T10:57:30.709+0000] {python.py:237} INFO - Done. Returned value was: None
[2025-10-09T10:57:30.712+0000] {python.py:304} INFO - Condition result is None
[2025-10-09T10:57:30.714+0000] {python.py:331} INFO - Skipping downstream tasks
[2025-10-09T10:57:30.766+0000] {python.py:339} INFO - Done.
[2025-10-09T10:57:30.767+0000] {taskinstance.py:441} INFO - ::group::Post task execution logs
[2025-10-09T10:57:30.786+0000] {taskinstance.py:1206} INFO - Marking task as SUCCESS. dag_id=pipeline_flow, task_id=check_movie_freshness, run_id=scheduled__2025-09-28T00:00:00+00:00, execution_date=20250928T000000, start_date=20251009T105729, end_date=20251009T105730
[2025-10-09T10:57:30.842+0000] {local_task_job_runner.py:243} INFO - Task exited with return code 0
[2025-10-09T10:57:30.874+0000] {taskinstance.py:3503} INFO - 0 downstream tasks scheduled from follow-on schedule check
[2025-10-09T10:57:30.878+0000] {local_task_job_runner.py:222} INFO - ::endgroup::
