[2025-10-09T12:26:02.788+0000] {local_task_job_runner.py:120} INFO - ::group::Pre task execution logs
[2025-10-09T12:26:02.845+0000] {taskinstance.py:2076} INFO - Dependencies all met for dep_context=non-requeueable deps ti=<TaskInstance: pipeline_flow.to_bronze manual__2025-10-09T12:26:00.230217+00:00 [queued]>
[2025-10-09T12:26:02.857+0000] {taskinstance.py:2076} INFO - Dependencies all met for dep_context=requeueable deps ti=<TaskInstance: pipeline_flow.to_bronze manual__2025-10-09T12:26:00.230217+00:00 [queued]>
[2025-10-09T12:26:02.858+0000] {taskinstance.py:2306} INFO - Starting attempt 1 of 2
[2025-10-09T12:26:02.872+0000] {taskinstance.py:2330} INFO - Executing <Task(PythonOperator): to_bronze> on 2025-10-09 12:26:00.230217+00:00
[2025-10-09T12:26:02.880+0000] {logging_mixin.py:188} WARNING - /home/***/.local/lib/python3.12/site-packages/***/task/task_runner/standard_task_runner.py:62 DeprecationWarning: This process (pid=1254) is multi-threaded, use of fork() may lead to deadlocks in the child.
[2025-10-09T12:26:02.883+0000] {standard_task_runner.py:64} INFO - Started process 1256 to run task
[2025-10-09T12:26:02.881+0000] {standard_task_runner.py:90} INFO - Running: ['***', 'tasks', 'run', 'pipeline_flow', 'to_bronze', 'manual__2025-10-09T12:26:00.230217+00:00', '--job-id', '25', '--raw', '--subdir', 'DAGS_FOLDER/pipeline_dag.py', '--cfg-path', '/tmp/tmp4u3hnyy9']
[2025-10-09T12:26:02.886+0000] {standard_task_runner.py:91} INFO - Job 25: Subtask to_bronze
[2025-10-09T12:26:03.003+0000] {task_command.py:426} INFO - Running <TaskInstance: pipeline_flow.to_bronze manual__2025-10-09T12:26:00.230217+00:00 [running]> on host 321597a50810
[2025-10-09T12:26:03.170+0000] {taskinstance.py:2648} INFO - Exporting env vars: AIRFLOW_CTX_DAG_EMAIL='oluwaseyiogundimu10@gmail.com' AIRFLOW_CTX_DAG_OWNER='seyi' AIRFLOW_CTX_DAG_ID='pipeline_flow' AIRFLOW_CTX_TASK_ID='to_bronze' AIRFLOW_CTX_EXECUTION_DATE='2025-10-09T12:26:00.230217+00:00' AIRFLOW_CTX_TRY_NUMBER='1' AIRFLOW_CTX_DAG_RUN_ID='manual__2025-10-09T12:26:00.230217+00:00'
[2025-10-09T12:26:03.173+0000] {taskinstance.py:430} INFO - ::endgroup::
[2025-10-09T12:26:03.195+0000] {orchestration.py:18} INFO - Starting Bronze layer data pipeline...
[2025-10-09T12:26:03.197+0000] {ingest.py:26} INFO - Reading movies...
[2025-10-09T12:26:07.018+0000] {ingest.py:31} INFO - Successfully read movies.
[2025-10-09T12:26:07.020+0000] {ingest.py:26} INFO - Reading ratings...
[2025-10-09T12:26:15.460+0000] {ingest.py:31} INFO - Successfully read ratings.
[2025-10-09T12:26:15.461+0000] {ingest.py:26} INFO - Reading users...
[2025-10-09T12:26:18.205+0000] {ingest.py:31} INFO - Successfully read users.
[2025-10-09T12:26:18.210+0000] {orchestration.py:23} INFO - Successfully ingested raw data.
[2025-10-09T12:26:18.214+0000] {validation.py:17} INFO - Validating columns for movies..
[2025-10-09T12:26:18.218+0000] {validation.py:32} INFO - successfully validated movies's columns.
[2025-10-09T12:26:18.222+0000] {validation.py:17} INFO - Validating columns for ratings..
[2025-10-09T12:26:18.225+0000] {validation.py:32} INFO - successfully validated ratings's columns.
[2025-10-09T12:26:18.228+0000] {validation.py:17} INFO - Validating columns for users..
[2025-10-09T12:26:18.230+0000] {validation.py:32} INFO - successfully validated users's columns.
[2025-10-09T12:26:18.249+0000] {validation.py:46} WARNING - movies has 4 missing values:
release_date    1
IMDb_URL        3
dtype: int64
[2025-10-09T12:26:18.253+0000] {validation.py:48} INFO - No missing values found in ratings.
[2025-10-09T12:26:18.257+0000] {validation.py:48} INFO - No missing values found in users.
[2025-10-09T12:26:18.260+0000] {orchestration.py:28} INFO - Data validation completed successfully.
[2025-10-09T12:26:19.140+0000] {s3_client.py:45} INFO - Bucket 'movie-pipeline-bronze' already exists.
[2025-10-09T12:26:19.143+0000] {upload.py:23} INFO - Starting movies upload to bronze bucket
[2025-10-09T12:26:19.162+0000] {upload.py:31} INFO - Uploading movies.csv to S3 bucket movie-pipeline-bronze
[2025-10-09T12:26:24.338+0000] {upload.py:40} INFO - Successfully uploaded movies.csv to S3 bucket movie-pipeline-bronze.
[2025-10-09T12:26:24.344+0000] {upload.py:23} INFO - Starting ratings upload to bronze bucket
[2025-10-09T12:26:24.475+0000] {upload.py:31} INFO - Uploading ratings.csv to S3 bucket movie-pipeline-bronze
[2025-10-09T12:26:40.921+0000] {upload.py:40} INFO - Successfully uploaded ratings.csv to S3 bucket movie-pipeline-bronze.
[2025-10-09T12:26:40.925+0000] {upload.py:23} INFO - Starting users upload to bronze bucket
[2025-10-09T12:26:40.935+0000] {upload.py:31} INFO - Uploading users.csv to S3 bucket movie-pipeline-bronze
[2025-10-09T12:26:41.516+0000] {upload.py:40} INFO - Successfully uploaded users.csv to S3 bucket movie-pipeline-bronze.
[2025-10-09T12:26:41.518+0000] {orchestration.py:35} INFO - Data successfully uploaded to Bronze S3 bucket.
[2025-10-09T12:26:41.520+0000] {orchestration.py:37} INFO - Bronze pipeline execution completed successfully!
[2025-10-09T12:26:41.522+0000] {python.py:237} INFO - Done. Returned value was: None
[2025-10-09T12:26:41.525+0000] {taskinstance.py:441} INFO - ::group::Post task execution logs
[2025-10-09T12:26:41.539+0000] {taskinstance.py:1206} INFO - Marking task as SUCCESS. dag_id=pipeline_flow, task_id=to_bronze, run_id=manual__2025-10-09T12:26:00.230217+00:00, execution_date=20251009T122600, start_date=20251009T122602, end_date=20251009T122641
[2025-10-09T12:26:41.604+0000] {local_task_job_runner.py:243} INFO - Task exited with return code 0
[2025-10-09T12:26:41.644+0000] {taskinstance.py:3503} INFO - 0 downstream tasks scheduled from follow-on schedule check
[2025-10-09T12:26:41.647+0000] {local_task_job_runner.py:222} INFO - ::endgroup::
