2025-09-22 14:14:26,147 - pipeline.s3_client - INFO - Successfully initialized S3 client.
2025-09-22 14:15:42,660 - pipeline.s3_client - INFO - Successfully initialized S3 client.
2025-09-22 14:15:42,679 - pipeline.s3_client - INFO - Successfully initialized S3 client.
2025-09-22 14:15:42,716 - pipeline.s3_client - INFO - Successfully initialized S3 client.
2025-09-22 14:16:51,237 - pipeline.s3_client - INFO - Successfully initialized S3 client.
2025-09-22 14:16:51,263 - pipeline.s3_client - INFO - Successfully initialized S3 client.
2025-09-22 14:16:51,316 - pipeline.s3_client - INFO - Successfully initialized S3 client.
2025-09-22 14:16:51,317 - __main__ - INFO - Starting bronze-silver orchestration...
2025-09-22 14:16:51,318 - pipeline.b_silver.transform - INFO - Starting transformations for movie data..
2025-09-22 14:16:51,318 - pipeline.b_silver.read_write_buckets - INFO - Reading movies.csv from movie-pipeline-bronze bucket.
2025-09-22 14:16:54,496 - pipeline.b_silver.read_write_buckets - INFO - Successfully read movies.csv into DataFrame. Shape: (1682, 5)
2025-09-22 14:16:54,541 - pipeline.b_silver.transform - INFO - Movies data cleaned with 1682 records
2025-09-22 14:16:54,541 - pipeline.b_silver.watermarks - INFO - Reading watermarks from S3 Bronze bucket...
2025-09-22 14:16:55,238 - pipeline.b_silver.watermarks - WARNING - Watermarks not found in S3. Initializing new one. Details: An error occurred (NoSuchKey) when calling the GetObject operation: The specified key does not exist.
2025-09-22 14:16:55,241 - pipeline.b_silver.transform - WARNING - No watermark file found. Proceeding without filter.
2025-09-22 14:16:55,242 - pipeline.b_silver.transform - INFO - Movie data cleaned and filtered with 1682 records.
2025-09-22 14:16:55,243 - pipeline.b_silver.read_write_buckets - INFO - Writing movies.csv to movie-pipeline-silver bucket.
2025-09-22 14:16:57,015 - pipeline.b_silver.read_write_buckets - INFO - Successfully wrote movies.csv to Silver bucket.
2025-09-22 14:16:57,025 - pipeline.b_silver.watermarks - INFO - Updating watermarks in S3...
2025-09-22 14:16:57,026 - pipeline.b_silver.watermarks - INFO - Reading watermarks from S3 Bronze bucket...
2025-09-22 14:16:57,299 - pipeline.b_silver.watermarks - WARNING - Watermarks not found in S3. Initializing new one. Details: An error occurred (NoSuchKey) when calling the GetObject operation: The specified key does not exist.
2025-09-22 14:16:58,000 - pipeline.b_silver.watermarks - INFO - Watermarks updated successfully in S3.
2025-09-22 14:16:58,001 - pipeline.b_silver.read_write_buckets - INFO - Reading ratings.csv from movie-pipeline-bronze bucket.
2025-09-22 14:17:14,693 - pipeline.b_silver.read_write_buckets - INFO - Successfully read ratings.csv into DataFrame. Shape: (100000, 4)
2025-09-22 14:17:14,694 - pipeline.b_silver.transform - INFO - Starting transformations for ratings..
2025-09-22 14:17:14,727 - pipeline.b_silver.transform - INFO - Ratings data cleaned with 100000 records
2025-09-22 14:17:14,727 - pipeline.b_silver.watermarks - INFO - Reading watermarks from S3 Bronze bucket...
2025-09-22 14:17:15,829 - pipeline.b_silver.watermarks - INFO - Successfully read existing watermarks.
2025-09-22 14:17:15,830 - pipeline.b_silver.transform - INFO - Applying watermark filter for ratings..
2025-09-22 14:17:15,834 - pipeline.b_silver.transform - WARNING - No existing watermark for ratings. Proceeding without filter.
2025-09-22 14:17:15,835 - pipeline.b_silver.transform - INFO - Ratings data cleaned and filtered with 100000 records.
2025-09-22 14:17:15,835 - pipeline.b_silver.read_write_buckets - INFO - Writing ratings.csv to movie-pipeline-silver bucket.
2025-09-22 14:18:07,737 - pipeline.b_silver.read_write_buckets - INFO - Successfully wrote ratings.csv to Silver bucket.
2025-09-22 14:18:07,739 - pipeline.b_silver.watermarks - INFO - Updating watermarks in S3...
2025-09-22 14:18:07,740 - pipeline.b_silver.watermarks - INFO - Reading watermarks from S3 Bronze bucket...
2025-09-22 14:18:08,694 - pipeline.b_silver.watermarks - INFO - Successfully read existing watermarks.
2025-09-22 14:18:08,995 - pipeline.b_silver.watermarks - INFO - Watermarks updated successfully in S3.
2025-09-22 14:18:08,995 - pipeline.b_silver.read_write_buckets - INFO - Reading users.csv from movie-pipeline-bronze bucket.
2025-09-22 14:18:10,153 - pipeline.b_silver.read_write_buckets - INFO - Successfully read users.csv into DataFrame. Shape: (943, 5)
2025-09-22 14:18:10,153 - pipeline.b_silver.transform - INFO - Starting transformations for users..
2025-09-22 14:18:10,165 - pipeline.b_silver.transform - INFO - Users data cleaned with 943 records
2025-09-22 14:18:10,165 - pipeline.b_silver.watermarks - INFO - Reading watermarks from S3 Bronze bucket...
2025-09-22 14:18:10,443 - pipeline.b_silver.watermarks - INFO - Successfully read existing watermarks.
2025-09-22 14:18:10,445 - pipeline.b_silver.transform - INFO - Applying watermark filter for users..
2025-09-22 14:18:10,447 - pipeline.b_silver.transform - WARNING - No existing watermark for ratings. Proceeding without filter.
2025-09-22 14:18:10,447 - pipeline.b_silver.transform - INFO - User data cleaned and filtered with 943 records.
2025-09-22 14:18:10,448 - pipeline.b_silver.read_write_buckets - INFO - Writing users.csv to movie-pipeline-silver bucket.
2025-09-22 14:18:11,221 - pipeline.b_silver.read_write_buckets - INFO - Successfully wrote users.csv to Silver bucket.
2025-09-22 14:18:11,223 - pipeline.b_silver.watermarks - INFO - Updating watermarks in S3...
2025-09-22 14:18:11,223 - pipeline.b_silver.watermarks - INFO - Reading watermarks from S3 Bronze bucket...
2025-09-22 14:18:11,480 - pipeline.b_silver.watermarks - INFO - Successfully read existing watermarks.
2025-09-22 14:18:11,721 - pipeline.b_silver.watermarks - INFO - Watermarks updated successfully in S3.
2025-09-22 14:18:11,722 - __main__ - INFO - MovieLens ETL Orchestration Complete.
2025-09-22 15:52:54,878 - pipeline.s3_client - INFO - Successfully initialized S3 client.
2025-09-22 15:52:54,891 - pipeline.s3_client - INFO - Successfully initialized S3 client.
2025-09-22 15:52:54,929 - pipeline.s3_client - INFO - Successfully initialized S3 client.
2025-09-22 15:52:54,929 - __main__ - INFO - Starting bronze-silver orchestration...
2025-09-22 15:52:54,930 - pipeline.b_silver.transform - INFO - Starting transformations for movie data..
2025-09-22 15:52:54,930 - pipeline.b_silver.read_write_buckets - INFO - Reading movies.csv from movie-pipeline-bronze bucket.
2025-09-22 15:52:56,993 - pipeline.b_silver.read_write_buckets - INFO - Successfully read movies.csv into DataFrame. Shape: (1682, 5)
2025-09-22 15:52:57,032 - pipeline.b_silver.transform - INFO - Movies data cleaned with 1682 records
2025-09-22 15:52:57,033 - pipeline.b_silver.watermarks - INFO - Reading watermarks from S3 Bronze bucket...
2025-09-22 15:52:57,957 - pipeline.b_silver.watermarks - WARNING - Watermarks not found in S3. Initializing new one. Details: An error occurred (NoSuchKey) when calling the GetObject operation: The specified key does not exist.
2025-09-22 15:52:57,960 - pipeline.b_silver.transform - WARNING - No watermark file found. Proceeding without filter.
2025-09-22 15:52:57,961 - pipeline.b_silver.transform - INFO - Movie data cleaned and filtered with 1682 records.
2025-09-22 15:52:57,961 - pipeline.b_silver.read_write_buckets - INFO - Writing movies.csv to movie-pipeline-silver bucket.
2025-09-22 15:53:00,541 - pipeline.b_silver.read_write_buckets - INFO - Successfully wrote movies.csv to Silver bucket.
2025-09-22 15:53:00,549 - pipeline.b_silver.watermarks - INFO - Updating watermarks in S3...
2025-09-22 15:53:00,550 - pipeline.b_silver.watermarks - INFO - Reading watermarks from S3 Bronze bucket...
2025-09-22 15:53:00,853 - pipeline.b_silver.watermarks - WARNING - Watermarks not found in S3. Initializing new one. Details: An error occurred (NoSuchKey) when calling the GetObject operation: The specified key does not exist.
2025-09-22 15:53:01,152 - pipeline.b_silver.watermarks - INFO - Watermarks updated successfully in S3.
2025-09-22 15:53:01,153 - pipeline.b_silver.read_write_buckets - INFO - Reading ratings.csv from movie-pipeline-bronze bucket.
2025-09-22 15:53:15,131 - pipeline.b_silver.read_write_buckets - INFO - Successfully read ratings.csv into DataFrame. Shape: (100000, 4)
2025-09-22 15:53:15,132 - pipeline.b_silver.transform - INFO - Starting transformations for ratings..
2025-09-22 15:53:15,152 - pipeline.b_silver.transform - INFO - Ratings data cleaned with 100000 records
2025-09-22 15:53:15,152 - pipeline.b_silver.watermarks - INFO - Reading watermarks from S3 Bronze bucket...
2025-09-22 15:53:16,133 - pipeline.b_silver.watermarks - INFO - Successfully read existing watermarks.
2025-09-22 15:53:16,134 - pipeline.b_silver.transform - INFO - Applying watermark filter for ratings..
2025-09-22 15:53:16,136 - pipeline.b_silver.transform - WARNING - No existing watermark for ratings. Proceeding without filter.
2025-09-22 15:53:16,137 - pipeline.b_silver.transform - INFO - Ratings data cleaned and filtered with 100000 records.
2025-09-22 15:53:16,137 - pipeline.b_silver.read_write_buckets - INFO - Writing ratings.csv to movie-pipeline-silver bucket.
2025-09-22 15:54:05,198 - pipeline.b_silver.read_write_buckets - INFO - Successfully wrote ratings.csv to Silver bucket.
2025-09-22 15:54:05,199 - pipeline.b_silver.watermarks - INFO - Updating watermarks in S3...
2025-09-22 15:54:05,199 - pipeline.b_silver.watermarks - INFO - Reading watermarks from S3 Bronze bucket...
2025-09-22 15:54:06,330 - pipeline.b_silver.watermarks - INFO - Successfully read existing watermarks.
2025-09-22 15:54:06,652 - pipeline.b_silver.watermarks - INFO - Watermarks updated successfully in S3.
2025-09-22 15:54:06,654 - pipeline.b_silver.read_write_buckets - INFO - Reading users.csv from movie-pipeline-bronze bucket.
2025-09-22 15:54:08,383 - pipeline.b_silver.read_write_buckets - INFO - Successfully read users.csv into DataFrame. Shape: (943, 5)
2025-09-22 15:54:08,384 - pipeline.b_silver.transform - INFO - Starting transformations for users..
2025-09-22 15:54:08,395 - pipeline.b_silver.transform - INFO - Users data cleaned with 943 records
2025-09-22 15:54:08,396 - pipeline.b_silver.watermarks - INFO - Reading watermarks from S3 Bronze bucket...
2025-09-22 15:54:08,756 - pipeline.b_silver.watermarks - INFO - Successfully read existing watermarks.
2025-09-22 15:54:08,756 - pipeline.b_silver.transform - INFO - Applying watermark filter for users..
2025-09-22 15:54:08,757 - pipeline.b_silver.transform - WARNING - No existing watermark for ratings. Proceeding without filter.
2025-09-22 15:54:08,758 - pipeline.b_silver.transform - INFO - User data cleaned and filtered with 943 records.
2025-09-22 15:54:08,758 - pipeline.b_silver.read_write_buckets - INFO - Writing users.csv to movie-pipeline-silver bucket.
2025-09-22 15:54:09,081 - pipeline.b_silver.read_write_buckets - INFO - Successfully wrote users.csv to Silver bucket.
2025-09-22 15:54:09,083 - pipeline.b_silver.watermarks - INFO - Updating watermarks in S3...
2025-09-22 15:54:09,084 - pipeline.b_silver.watermarks - INFO - Reading watermarks from S3 Bronze bucket...
2025-09-22 15:54:09,341 - pipeline.b_silver.watermarks - INFO - Successfully read existing watermarks.
2025-09-22 15:54:09,757 - pipeline.b_silver.watermarks - INFO - Watermarks updated successfully in S3.
2025-09-22 15:54:09,758 - __main__ - INFO - MovieLens ETL Orchestration Complete.
