[2025-10-11T06:10:24.650+0000] {local_task_job_runner.py:120} INFO - ::group::Pre task execution logs
[2025-10-11T06:10:24.783+0000] {taskinstance.py:2076} INFO - Dependencies all met for dep_context=non-requeueable deps ti=<TaskInstance: pipeline_flow.load_movies scheduled__1999-02-14T00:00:00+00:00 [queued]>
[2025-10-11T06:10:24.818+0000] {taskinstance.py:2076} INFO - Dependencies all met for dep_context=requeueable deps ti=<TaskInstance: pipeline_flow.load_movies scheduled__1999-02-14T00:00:00+00:00 [queued]>
[2025-10-11T06:10:24.825+0000] {taskinstance.py:2306} INFO - Starting attempt 1 of 2
[2025-10-11T06:10:24.864+0000] {taskinstance.py:2330} INFO - Executing <Task(PythonOperator): load_movies> on 1999-02-14 00:00:00+00:00
[2025-10-11T06:10:24.882+0000] {logging_mixin.py:188} WARNING - /home/***/.local/lib/python3.12/site-packages/***/task/task_runner/standard_task_runner.py:62 DeprecationWarning: This process (pid=10623) is multi-threaded, use of fork() may lead to deadlocks in the child.
[2025-10-11T06:10:24.885+0000] {standard_task_runner.py:64} INFO - Started process 10636 to run task
[2025-10-11T06:10:24.883+0000] {standard_task_runner.py:90} INFO - Running: ['***', 'tasks', 'run', 'pipeline_flow', 'load_movies', 'scheduled__1999-02-14T00:00:00+00:00', '--job-id', '861', '--raw', '--subdir', 'DAGS_FOLDER/pipeline_dag.py', '--cfg-path', '/tmp/tmpo5z8ihah']
[2025-10-11T06:10:24.888+0000] {standard_task_runner.py:91} INFO - Job 861: Subtask load_movies
[2025-10-11T06:10:25.023+0000] {task_command.py:426} INFO - Running <TaskInstance: pipeline_flow.load_movies scheduled__1999-02-14T00:00:00+00:00 [running]> on host 321597a50810
[2025-10-11T06:10:25.206+0000] {taskinstance.py:2648} INFO - Exporting env vars: AIRFLOW_CTX_DAG_EMAIL='oluwaseyiogundimu10@gmail.com' AIRFLOW_CTX_DAG_OWNER='seyi' AIRFLOW_CTX_DAG_ID='pipeline_flow' AIRFLOW_CTX_TASK_ID='load_movies' AIRFLOW_CTX_EXECUTION_DATE='1999-02-14T00:00:00+00:00' AIRFLOW_CTX_TRY_NUMBER='1' AIRFLOW_CTX_DAG_RUN_ID='scheduled__1999-02-14T00:00:00+00:00'
[2025-10-11T06:10:25.208+0000] {taskinstance.py:430} INFO - ::endgroup::
[2025-10-11T06:10:25.234+0000] {transform.py:26} INFO - Starting transformations for movie data..
[2025-10-11T06:10:25.236+0000] {read_write_buckets.py:22} INFO - Reading movies.csv from movie-pipeline-bronze bucket.
[2025-10-11T06:10:25.435+0000] {s3_client.py:30} INFO - ✅ Successfully initialized S3 client.
[2025-10-11T06:10:26.933+0000] {read_write_buckets.py:34} INFO - Successfully read movies.csv into DataFrame. Shape: (1682, 5)
[2025-10-11T06:10:26.956+0000] {transform.py:50} INFO - Full load of 1604 records up to 1997-10-01
[2025-10-11T06:10:26.963+0000] {transform.py:61} INFO - Movies data cleaned with 1604 records
[2025-10-11T06:10:26.965+0000] {read_write_buckets.py:50} INFO - Writing movies.csv to movie-pipeline-silver bucket.
[2025-10-11T06:10:30.061+0000] {read_write_buckets.py:66} INFO - Successfully wrote movies.csv to Silver bucket.
[2025-10-11T06:10:30.064+0000] {watermarks.py:48} INFO - Updating watermarks in S3...
[2025-10-11T06:10:30.066+0000] {watermarks.py:25} INFO - Reading watermarks from S3 Bronze bucket...
[2025-10-11T06:10:30.573+0000] {watermarks.py:30} INFO - Successfully read existing watermarks.
[2025-10-11T06:10:31.340+0000] {watermarks.py:76} INFO - Watermarks updated successfully in S3.
[2025-10-11T06:10:31.343+0000] {python.py:237} INFO - Done. Returned value was: None
[2025-10-11T06:10:31.344+0000] {taskinstance.py:441} INFO - ::group::Post task execution logs
[2025-10-11T06:10:31.361+0000] {taskinstance.py:1206} INFO - Marking task as SUCCESS. dag_id=pipeline_flow, task_id=load_movies, run_id=scheduled__1999-02-14T00:00:00+00:00, execution_date=19990214T000000, start_date=20251011T061024, end_date=20251011T061031
[2025-10-11T06:10:31.394+0000] {local_task_job_runner.py:243} INFO - Task exited with return code 0
[2025-10-11T06:10:31.440+0000] {taskinstance.py:3503} INFO - 1 downstream tasks scheduled from follow-on schedule check
[2025-10-11T06:10:31.446+0000] {local_task_job_runner.py:222} INFO - ::endgroup::
