[2025-10-11T06:18:22.256+0000] {local_task_job_runner.py:120} INFO - ::group::Pre task execution logs
[2025-10-11T06:18:22.301+0000] {taskinstance.py:2076} INFO - Dependencies all met for dep_context=non-requeueable deps ti=<TaskInstance: pipeline_flow.to_bronze scheduled__1999-09-05T00:00:00+00:00 [queued]>
[2025-10-11T06:18:22.320+0000] {taskinstance.py:2076} INFO - Dependencies all met for dep_context=requeueable deps ti=<TaskInstance: pipeline_flow.to_bronze scheduled__1999-09-05T00:00:00+00:00 [queued]>
[2025-10-11T06:18:22.321+0000] {taskinstance.py:2306} INFO - Starting attempt 1 of 2
[2025-10-11T06:18:22.355+0000] {taskinstance.py:2330} INFO - Executing <Task(PythonOperator): to_bronze> on 1999-09-05 00:00:00+00:00
[2025-10-11T06:18:22.376+0000] {logging_mixin.py:188} WARNING - /home/***/.local/lib/python3.12/site-packages/***/task/task_runner/standard_task_runner.py:62 DeprecationWarning: This process (pid=11534) is multi-threaded, use of fork() may lead to deadlocks in the child.
[2025-10-11T06:18:22.381+0000] {standard_task_runner.py:64} INFO - Started process 11536 to run task
[2025-10-11T06:18:22.376+0000] {standard_task_runner.py:90} INFO - Running: ['***', 'tasks', 'run', 'pipeline_flow', 'to_bronze', 'scheduled__1999-09-05T00:00:00+00:00', '--job-id', '1142', '--raw', '--subdir', 'DAGS_FOLDER/pipeline_dag.py', '--cfg-path', '/tmp/tmpse9u_0g3']
[2025-10-11T06:18:22.384+0000] {standard_task_runner.py:91} INFO - Job 1142: Subtask to_bronze
[2025-10-11T06:18:22.486+0000] {task_command.py:426} INFO - Running <TaskInstance: pipeline_flow.to_bronze scheduled__1999-09-05T00:00:00+00:00 [running]> on host 321597a50810
[2025-10-11T06:18:22.645+0000] {taskinstance.py:2648} INFO - Exporting env vars: AIRFLOW_CTX_DAG_EMAIL='oluwaseyiogundimu10@gmail.com' AIRFLOW_CTX_DAG_OWNER='seyi' AIRFLOW_CTX_DAG_ID='pipeline_flow' AIRFLOW_CTX_TASK_ID='to_bronze' AIRFLOW_CTX_EXECUTION_DATE='1999-09-05T00:00:00+00:00' AIRFLOW_CTX_TRY_NUMBER='1' AIRFLOW_CTX_DAG_RUN_ID='scheduled__1999-09-05T00:00:00+00:00'
[2025-10-11T06:18:22.647+0000] {taskinstance.py:430} INFO - ::endgroup::
[2025-10-11T06:18:22.668+0000] {orchestration.py:16} INFO - Starting Bronze layer data pipeline...
[2025-10-11T06:18:22.761+0000] {s3_client.py:30} INFO - ✅ Successfully initialized S3 client.
[2025-10-11T06:18:22.764+0000] {ingest.py:26} INFO - Reading movies...
[2025-10-11T06:18:24.815+0000] {ingest.py:31} INFO - Successfully read movies.
[2025-10-11T06:18:24.817+0000] {ingest.py:26} INFO - Reading ratings...
[2025-10-11T06:18:27.892+0000] {ingest.py:31} INFO - Successfully read ratings.
[2025-10-11T06:18:27.895+0000] {ingest.py:26} INFO - Reading users...
[2025-10-11T06:18:29.568+0000] {ingest.py:31} INFO - Successfully read users.
[2025-10-11T06:18:29.569+0000] {orchestration.py:24} INFO - Successfully ingested raw data.
[2025-10-11T06:18:29.571+0000] {validation.py:17} INFO - Validating columns for movies..
[2025-10-11T06:18:29.573+0000] {validation.py:32} INFO - successfully validated movies's columns.
[2025-10-11T06:18:29.574+0000] {validation.py:17} INFO - Validating columns for ratings..
[2025-10-11T06:18:29.575+0000] {validation.py:32} INFO - successfully validated ratings's columns.
[2025-10-11T06:18:29.576+0000] {validation.py:17} INFO - Validating columns for users..
[2025-10-11T06:18:29.578+0000] {validation.py:32} INFO - successfully validated users's columns.
[2025-10-11T06:18:29.584+0000] {validation.py:46} WARNING - movies has 4 missing values:
release_date    1
IMDb_URL        3
dtype: int64
[2025-10-11T06:18:29.587+0000] {validation.py:48} INFO - No missing values found in ratings.
[2025-10-11T06:18:29.590+0000] {validation.py:48} INFO - No missing values found in users.
[2025-10-11T06:18:29.591+0000] {orchestration.py:29} INFO - Data validation completed successfully.
[2025-10-11T06:18:30.363+0000] {s3_client.py:55} INFO - Bucket 'movie-pipeline-bronze' already exists.
[2025-10-11T06:18:30.365+0000] {upload.py:23} INFO - Starting movies upload to bronze bucket
[2025-10-11T06:18:30.373+0000] {upload.py:31} INFO - Uploading movies.csv to S3 bucket movie-pipeline-bronze
[2025-10-11T06:18:32.371+0000] {upload.py:40} INFO - Successfully uploaded movies.csv to S3 bucket movie-pipeline-bronze.
[2025-10-11T06:18:32.373+0000] {upload.py:23} INFO - Starting ratings upload to bronze bucket
[2025-10-11T06:18:32.508+0000] {upload.py:31} INFO - Uploading ratings.csv to S3 bucket movie-pipeline-bronze
[2025-10-11T06:18:43.762+0000] {upload.py:40} INFO - Successfully uploaded ratings.csv to S3 bucket movie-pipeline-bronze.
[2025-10-11T06:18:43.764+0000] {upload.py:23} INFO - Starting users upload to bronze bucket
[2025-10-11T06:18:43.768+0000] {upload.py:31} INFO - Uploading users.csv to S3 bucket movie-pipeline-bronze
[2025-10-11T06:18:44.315+0000] {upload.py:40} INFO - Successfully uploaded users.csv to S3 bucket movie-pipeline-bronze.
[2025-10-11T06:18:44.316+0000] {orchestration.py:36} INFO - Data successfully uploaded to Bronze S3 bucket.
[2025-10-11T06:18:44.317+0000] {orchestration.py:38} INFO - Bronze pipeline execution completed successfully!
[2025-10-11T06:18:44.320+0000] {python.py:237} INFO - Done. Returned value was: None
[2025-10-11T06:18:44.321+0000] {taskinstance.py:441} INFO - ::group::Post task execution logs
[2025-10-11T06:18:44.339+0000] {taskinstance.py:1206} INFO - Marking task as SUCCESS. dag_id=pipeline_flow, task_id=to_bronze, run_id=scheduled__1999-09-05T00:00:00+00:00, execution_date=19990905T000000, start_date=20251011T061822, end_date=20251011T061844
[2025-10-11T06:18:44.380+0000] {local_task_job_runner.py:243} INFO - Task exited with return code 0
[2025-10-11T06:18:44.422+0000] {taskinstance.py:3503} INFO - 3 downstream tasks scheduled from follow-on schedule check
[2025-10-11T06:18:44.426+0000] {local_task_job_runner.py:222} INFO - ::endgroup::
