[2025-10-11T06:03:53.682+0000] {local_task_job_runner.py:120} INFO - ::group::Pre task execution logs
[2025-10-11T06:03:53.736+0000] {taskinstance.py:2076} INFO - Dependencies all met for dep_context=non-requeueable deps ti=<TaskInstance: pipeline_flow.load_ratings_to_gold scheduled__1998-01-25T00:00:00+00:00 [queued]>
[2025-10-11T06:03:53.752+0000] {taskinstance.py:2076} INFO - Dependencies all met for dep_context=requeueable deps ti=<TaskInstance: pipeline_flow.load_ratings_to_gold scheduled__1998-01-25T00:00:00+00:00 [queued]>
[2025-10-11T06:03:53.754+0000] {taskinstance.py:2306} INFO - Starting attempt 1 of 2
[2025-10-11T06:03:53.777+0000] {taskinstance.py:2330} INFO - Executing <Task(PythonOperator): load_ratings_to_gold> on 1998-01-25 00:00:00+00:00
[2025-10-11T06:03:53.791+0000] {logging_mixin.py:188} WARNING - /home/***/.local/lib/python3.12/site-packages/***/task/task_runner/standard_task_runner.py:62 DeprecationWarning: This process (pid=8982) is multi-threaded, use of fork() may lead to deadlocks in the child.
[2025-10-11T06:03:53.793+0000] {standard_task_runner.py:64} INFO - Started process 8986 to run task
[2025-10-11T06:03:53.791+0000] {standard_task_runner.py:90} INFO - Running: ['***', 'tasks', 'run', 'pipeline_flow', 'load_ratings_to_gold', 'scheduled__1998-01-25T00:00:00+00:00', '--job-id', '330', '--raw', '--subdir', 'DAGS_FOLDER/pipeline_dag.py', '--cfg-path', '/tmp/tmpvdpiacrt']
[2025-10-11T06:03:53.796+0000] {standard_task_runner.py:91} INFO - Job 330: Subtask load_ratings_to_gold
[2025-10-11T06:03:53.872+0000] {task_command.py:426} INFO - Running <TaskInstance: pipeline_flow.load_ratings_to_gold scheduled__1998-01-25T00:00:00+00:00 [running]> on host 321597a50810
[2025-10-11T06:03:53.998+0000] {taskinstance.py:2648} INFO - Exporting env vars: AIRFLOW_CTX_DAG_EMAIL='oluwaseyiogundimu10@gmail.com' AIRFLOW_CTX_DAG_OWNER='seyi' AIRFLOW_CTX_DAG_ID='pipeline_flow' AIRFLOW_CTX_TASK_ID='load_ratings_to_gold' AIRFLOW_CTX_EXECUTION_DATE='1998-01-25T00:00:00+00:00' AIRFLOW_CTX_TRY_NUMBER='1' AIRFLOW_CTX_DAG_RUN_ID='scheduled__1998-01-25T00:00:00+00:00'
[2025-10-11T06:03:54.000+0000] {taskinstance.py:430} INFO - ::endgroup::
[2025-10-11T06:03:54.146+0000] {s3_client.py:30} INFO - ✅ Successfully initialized S3 client.
[2025-10-11T06:03:54.149+0000] {read_bucket.py:26} INFO - Reading ratings/1998-02.csv from movie-pipeline-silver bucket.
[2025-10-11T06:04:02.973+0000] {read_bucket.py:32} INFO - Successfully read ratings/1998-02.csv into DataFrame. Shape: (6799, 4)
[2025-10-11T06:04:02.990+0000] {load.py:139} INFO - Weekly run: filtering 0 rating records from 1998-01-25 to 1998-02-01
[2025-10-11T06:04:02.993+0000] {silver_watermarks.py:25} INFO - Reading watermarks from s3..
[2025-10-11T06:04:03.290+0000] {load.py:149} INFO - Applying watermark filter for ratings..
[2025-10-11T06:04:03.293+0000] {load.py:161} WARNING - No valid/existing watermark for ratings. Proceeding without filter.
[2025-10-11T06:04:03.295+0000] {load.py:166} WARNING - No new ratings data to upload after watermark filtering. End
[2025-10-11T06:04:03.297+0000] {python.py:237} INFO - Done. Returned value was: None
[2025-10-11T06:04:03.299+0000] {taskinstance.py:441} INFO - ::group::Post task execution logs
[2025-10-11T06:04:03.317+0000] {taskinstance.py:1206} INFO - Marking task as SUCCESS. dag_id=pipeline_flow, task_id=load_ratings_to_gold, run_id=scheduled__1998-01-25T00:00:00+00:00, execution_date=19980125T000000, start_date=20251011T060353, end_date=20251011T060403
[2025-10-11T06:04:03.368+0000] {local_task_job_runner.py:243} INFO - Task exited with return code 0
[2025-10-11T06:04:03.384+0000] {local_task_job_runner.py:222} INFO - ::endgroup::
