[2025-10-11T06:54:35.245+0000] {local_task_job_runner.py:120} INFO - ::group::Pre task execution logs
[2025-10-11T06:54:35.558+0000] {taskinstance.py:2076} INFO - Dependencies all met for dep_context=non-requeueable deps ti=<TaskInstance: pipeline_flow.check_create_stg_tables scheduled__2000-09-03T00:00:00+00:00 [queued]>
[2025-10-11T06:54:35.645+0000] {taskinstance.py:2076} INFO - Dependencies all met for dep_context=requeueable deps ti=<TaskInstance: pipeline_flow.check_create_stg_tables scheduled__2000-09-03T00:00:00+00:00 [queued]>
[2025-10-11T06:54:35.662+0000] {taskinstance.py:2306} INFO - Starting attempt 2 of 2
[2025-10-11T06:54:35.805+0000] {taskinstance.py:2330} INFO - Executing <Task(PythonOperator): check_create_stg_tables> on 2000-09-03 00:00:00+00:00
[2025-10-11T06:54:35.983+0000] {logging_mixin.py:188} WARNING - /home/***/.local/lib/python3.12/site-packages/***/task/task_runner/standard_task_runner.py:62 DeprecationWarning: This process (pid=200) is multi-threaded, use of fork() may lead to deadlocks in the child.
[2025-10-11T06:54:35.993+0000] {standard_task_runner.py:64} INFO - Started process 228 to run task
[2025-10-11T06:54:36.024+0000] {standard_task_runner.py:90} INFO - Running: ['***', 'tasks', 'run', 'pipeline_flow', 'check_create_stg_tables', 'scheduled__2000-09-03T00:00:00+00:00', '--job-id', '1833', '--raw', '--subdir', 'DAGS_FOLDER/pipeline_dag.py', '--cfg-path', '/tmp/tmp9xh4ivb0']
[2025-10-11T06:54:36.055+0000] {standard_task_runner.py:91} INFO - Job 1833: Subtask check_create_stg_tables
[2025-10-11T06:54:36.720+0000] {task_command.py:426} INFO - Running <TaskInstance: pipeline_flow.check_create_stg_tables scheduled__2000-09-03T00:00:00+00:00 [running]> on host 321597a50810
[2025-10-11T06:54:37.422+0000] {taskinstance.py:2648} INFO - Exporting env vars: AIRFLOW_CTX_DAG_EMAIL='oluwaseyiogundimu10@gmail.com' AIRFLOW_CTX_DAG_OWNER='seyi' AIRFLOW_CTX_DAG_ID='pipeline_flow' AIRFLOW_CTX_TASK_ID='check_create_stg_tables' AIRFLOW_CTX_EXECUTION_DATE='2000-09-03T00:00:00+00:00' AIRFLOW_CTX_TRY_NUMBER='2' AIRFLOW_CTX_DAG_RUN_ID='scheduled__2000-09-03T00:00:00+00:00'
[2025-10-11T06:54:37.441+0000] {taskinstance.py:430} INFO - ::endgroup::
[2025-10-11T06:54:37.605+0000] {connection.py:22} INFO - Successfully connected to Postgres.
[2025-10-11T06:54:38.037+0000] {connection.py:43} INFO - Table 'stg_users' in Postgres.
[2025-10-11T06:54:38.039+0000] {connection.py:22} INFO - Successfully connected to Postgres.
[2025-10-11T06:54:38.285+0000] {connection.py:43} INFO - Table 'users' in Postgres.
[2025-10-11T06:54:38.287+0000] {connection.py:22} INFO - Successfully connected to Postgres.
[2025-10-11T06:54:38.563+0000] {connection.py:43} INFO - Table 'stg_movies' in Postgres.
[2025-10-11T06:54:38.569+0000] {connection.py:22} INFO - Successfully connected to Postgres.
[2025-10-11T06:54:38.908+0000] {connection.py:43} INFO - Table 'movies' in Postgres.
[2025-10-11T06:54:38.913+0000] {connection.py:22} INFO - Successfully connected to Postgres.
[2025-10-11T06:54:39.217+0000] {connection.py:43} INFO - Table 'stg_ratings' in Postgres.
[2025-10-11T06:54:39.220+0000] {connection.py:22} INFO - Successfully connected to Postgres.
[2025-10-11T06:54:39.383+0000] {connection.py:43} INFO - Table 'ratings' in Postgres.
[2025-10-11T06:54:39.385+0000] {load.py:32} INFO - Tables exist.
[2025-10-11T06:54:39.387+0000] {python.py:237} INFO - Done. Returned value was: None
[2025-10-11T06:54:39.389+0000] {taskinstance.py:441} INFO - ::group::Post task execution logs
[2025-10-11T06:54:39.431+0000] {taskinstance.py:1206} INFO - Marking task as SUCCESS. dag_id=pipeline_flow, task_id=check_create_stg_tables, run_id=scheduled__2000-09-03T00:00:00+00:00, execution_date=20000903T000000, start_date=20251011T065435, end_date=20251011T065439
[2025-10-11T06:54:39.774+0000] {local_task_job_runner.py:243} INFO - Task exited with return code 0
[2025-10-11T06:54:39.855+0000] {taskinstance.py:3503} INFO - 3 downstream tasks scheduled from follow-on schedule check
[2025-10-11T06:54:39.860+0000] {local_task_job_runner.py:222} INFO - ::endgroup::
