[2025-10-11T06:10:23.949+0000] {local_task_job_runner.py:120} INFO - ::group::Pre task execution logs
[2025-10-11T06:10:24.018+0000] {taskinstance.py:2076} INFO - Dependencies all met for dep_context=non-requeueable deps ti=<TaskInstance: pipeline_flow.check_movie_freshness scheduled__1999-02-07T00:00:00+00:00 [queued]>
[2025-10-11T06:10:24.038+0000] {taskinstance.py:2076} INFO - Dependencies all met for dep_context=requeueable deps ti=<TaskInstance: pipeline_flow.check_movie_freshness scheduled__1999-02-07T00:00:00+00:00 [queued]>
[2025-10-11T06:10:24.040+0000] {taskinstance.py:2306} INFO - Starting attempt 1 of 2
[2025-10-11T06:10:24.070+0000] {taskinstance.py:2330} INFO - Executing <Task(ShortCircuitOperator): check_movie_freshness> on 1999-02-07 00:00:00+00:00
[2025-10-11T06:10:24.092+0000] {logging_mixin.py:188} WARNING - /home/***/.local/lib/python3.12/site-packages/***/task/task_runner/standard_task_runner.py:62 DeprecationWarning: This process (pid=10614) is multi-threaded, use of fork() may lead to deadlocks in the child.
[2025-10-11T06:10:24.095+0000] {standard_task_runner.py:64} INFO - Started process 10633 to run task
[2025-10-11T06:10:24.092+0000] {standard_task_runner.py:90} INFO - Running: ['***', 'tasks', 'run', 'pipeline_flow', 'check_movie_freshness', 'scheduled__1999-02-07T00:00:00+00:00', '--job-id', '859', '--raw', '--subdir', 'DAGS_FOLDER/pipeline_dag.py', '--cfg-path', '/tmp/tmpl1uybr80']
[2025-10-11T06:10:24.097+0000] {standard_task_runner.py:91} INFO - Job 859: Subtask check_movie_freshness
[2025-10-11T06:10:24.214+0000] {task_command.py:426} INFO - Running <TaskInstance: pipeline_flow.check_movie_freshness scheduled__1999-02-07T00:00:00+00:00 [running]> on host 321597a50810
[2025-10-11T06:10:24.475+0000] {taskinstance.py:2648} INFO - Exporting env vars: AIRFLOW_CTX_DAG_EMAIL='oluwaseyiogundimu10@gmail.com' AIRFLOW_CTX_DAG_OWNER='seyi' AIRFLOW_CTX_DAG_ID='pipeline_flow' AIRFLOW_CTX_TASK_ID='check_movie_freshness' AIRFLOW_CTX_EXECUTION_DATE='1999-02-07T00:00:00+00:00' AIRFLOW_CTX_TRY_NUMBER='1' AIRFLOW_CTX_DAG_RUN_ID='scheduled__1999-02-07T00:00:00+00:00'
[2025-10-11T06:10:24.482+0000] {taskinstance.py:430} INFO - ::endgroup::
[2025-10-11T06:10:24.531+0000] {baseoperator.py:400} WARNING - ShortCircuitOperator.execute cannot be called outside TaskInstance!
[2025-10-11T06:10:24.890+0000] {s3_client.py:30} INFO - ✅ Successfully initialized S3 client.
[2025-10-11T06:10:25.816+0000] {logging_mixin.py:188} INFO - movies.csv is fresh: 2025-10-11 06:10:12+00:00
[2025-10-11T06:10:25.818+0000] {python.py:237} INFO - Done. Returned value was: True
[2025-10-11T06:10:25.819+0000] {python.py:304} INFO - Condition result is True
[2025-10-11T06:10:25.820+0000] {python.py:307} INFO - Proceeding with downstream tasks...
[2025-10-11T06:10:25.821+0000] {taskinstance.py:441} INFO - ::group::Post task execution logs
[2025-10-11T06:10:25.867+0000] {taskinstance.py:1206} INFO - Marking task as SUCCESS. dag_id=pipeline_flow, task_id=check_movie_freshness, run_id=scheduled__1999-02-07T00:00:00+00:00, execution_date=19990207T000000, start_date=20251011T061024, end_date=20251011T061025
[2025-10-11T06:10:25.925+0000] {local_task_job_runner.py:243} INFO - Task exited with return code 0
[2025-10-11T06:10:25.989+0000] {taskinstance.py:3503} INFO - 1 downstream tasks scheduled from follow-on schedule check
[2025-10-11T06:10:25.993+0000] {local_task_job_runner.py:222} INFO - ::endgroup::
