[2025-10-11T06:28:27.544+0000] {local_task_job_runner.py:120} INFO - ::group::Pre task execution logs
[2025-10-11T06:28:27.622+0000] {taskinstance.py:2076} INFO - Dependencies all met for dep_context=non-requeueable deps ti=<TaskInstance: pipeline_flow.load_movies_to_gold scheduled__2000-05-14T00:00:00+00:00 [queued]>
[2025-10-11T06:28:27.641+0000] {taskinstance.py:2076} INFO - Dependencies all met for dep_context=requeueable deps ti=<TaskInstance: pipeline_flow.load_movies_to_gold scheduled__2000-05-14T00:00:00+00:00 [queued]>
[2025-10-11T06:28:27.643+0000] {taskinstance.py:2306} INFO - Starting attempt 1 of 2
[2025-10-11T06:28:27.673+0000] {taskinstance.py:2330} INFO - Executing <Task(PythonOperator): load_movies_to_gold> on 2000-05-14 00:00:00+00:00
[2025-10-11T06:28:27.693+0000] {logging_mixin.py:188} WARNING - /home/***/.local/lib/python3.12/site-packages/***/task/task_runner/standard_task_runner.py:62 DeprecationWarning: This process (pid=13018) is multi-threaded, use of fork() may lead to deadlocks in the child.
[2025-10-11T06:28:27.695+0000] {standard_task_runner.py:64} INFO - Started process 13041 to run task
[2025-10-11T06:28:27.702+0000] {standard_task_runner.py:90} INFO - Running: ['***', 'tasks', 'run', 'pipeline_flow', 'load_movies_to_gold', 'scheduled__2000-05-14T00:00:00+00:00', '--job-id', '1609', '--raw', '--subdir', 'DAGS_FOLDER/pipeline_dag.py', '--cfg-path', '/tmp/tmp9pmrt_mq']
[2025-10-11T06:28:27.708+0000] {standard_task_runner.py:91} INFO - Job 1609: Subtask load_movies_to_gold
[2025-10-11T06:28:27.885+0000] {task_command.py:426} INFO - Running <TaskInstance: pipeline_flow.load_movies_to_gold scheduled__2000-05-14T00:00:00+00:00 [running]> on host 321597a50810
[2025-10-11T06:28:28.162+0000] {taskinstance.py:2648} INFO - Exporting env vars: AIRFLOW_CTX_DAG_EMAIL='oluwaseyiogundimu10@gmail.com' AIRFLOW_CTX_DAG_OWNER='seyi' AIRFLOW_CTX_DAG_ID='pipeline_flow' AIRFLOW_CTX_TASK_ID='load_movies_to_gold' AIRFLOW_CTX_EXECUTION_DATE='2000-05-14T00:00:00+00:00' AIRFLOW_CTX_TRY_NUMBER='1' AIRFLOW_CTX_DAG_RUN_ID='scheduled__2000-05-14T00:00:00+00:00'
[2025-10-11T06:28:28.166+0000] {taskinstance.py:430} INFO - ::endgroup::
[2025-10-11T06:28:28.514+0000] {s3_client.py:30} INFO - ✅ Successfully initialized S3 client.
[2025-10-11T06:28:28.516+0000] {read_bucket.py:26} INFO - Reading movies.csv from movie-pipeline-silver bucket.
[2025-10-11T06:28:35.150+0000] {read_bucket.py:32} INFO - Successfully read movies.csv into DataFrame. Shape: (1604, 5)
[2025-10-11T06:28:35.163+0000] {connection.py:60} INFO - Writing stg_movies to Postgres..
[2025-10-11T06:28:35.165+0000] {connection.py:22} INFO - Successfully connected to Postgres.
[2025-10-11T06:28:35.497+0000] {connection.py:66} INFO - Successfully inserted 1604 records into stg_movies.
[2025-10-11T06:28:35.499+0000] {connection.py:22} INFO - Successfully connected to Postgres.
[2025-10-11T06:28:35.596+0000] {load.py:58} INFO - Upsert complete. New records successfully loaded
[2025-10-11T06:28:35.602+0000] {silver_watermarks.py:25} INFO - Reading watermarks from s3..
[2025-10-11T06:28:35.836+0000] {silver_watermarks.py:55} INFO - Updating watermarks in S3...
[2025-10-11T06:28:36.299+0000] {silver_watermarks.py:72} INFO - Watermarks updated successfully in S3.
[2025-10-11T06:28:36.302+0000] {python.py:237} INFO - Done. Returned value was: None
[2025-10-11T06:28:36.303+0000] {taskinstance.py:441} INFO - ::group::Post task execution logs
[2025-10-11T06:28:36.320+0000] {taskinstance.py:1206} INFO - Marking task as SUCCESS. dag_id=pipeline_flow, task_id=load_movies_to_gold, run_id=scheduled__2000-05-14T00:00:00+00:00, execution_date=20000514T000000, start_date=20251011T062827, end_date=20251011T062836
[2025-10-11T06:28:36.371+0000] {local_task_job_runner.py:243} INFO - Task exited with return code 0
[2025-10-11T06:28:36.402+0000] {taskinstance.py:3503} INFO - 0 downstream tasks scheduled from follow-on schedule check
[2025-10-11T06:28:36.414+0000] {local_task_job_runner.py:222} INFO - ::endgroup::
