[2025-10-11T06:26:06.475+0000] {local_task_job_runner.py:120} INFO - ::group::Pre task execution logs
[2025-10-11T06:26:06.549+0000] {taskinstance.py:2076} INFO - Dependencies all met for dep_context=non-requeueable deps ti=<TaskInstance: pipeline_flow.check_movie_freshness scheduled__2000-03-19T00:00:00+00:00 [queued]>
[2025-10-11T06:26:06.567+0000] {taskinstance.py:2076} INFO - Dependencies all met for dep_context=requeueable deps ti=<TaskInstance: pipeline_flow.check_movie_freshness scheduled__2000-03-19T00:00:00+00:00 [queued]>
[2025-10-11T06:26:06.569+0000] {taskinstance.py:2306} INFO - Starting attempt 1 of 2
[2025-10-11T06:26:06.594+0000] {taskinstance.py:2330} INFO - Executing <Task(ShortCircuitOperator): check_movie_freshness> on 2000-03-19 00:00:00+00:00
[2025-10-11T06:26:06.609+0000] {logging_mixin.py:188} WARNING - /home/***/.local/lib/python3.12/site-packages/***/task/task_runner/standard_task_runner.py:62 DeprecationWarning: This process (pid=12648) is multi-threaded, use of fork() may lead to deadlocks in the child.
[2025-10-11T06:26:06.612+0000] {standard_task_runner.py:64} INFO - Started process 12657 to run task
[2025-10-11T06:26:06.611+0000] {standard_task_runner.py:90} INFO - Running: ['***', 'tasks', 'run', 'pipeline_flow', 'check_movie_freshness', 'scheduled__2000-03-19T00:00:00+00:00', '--job-id', '1491', '--raw', '--subdir', 'DAGS_FOLDER/pipeline_dag.py', '--cfg-path', '/tmp/tmpot803szt']
[2025-10-11T06:26:06.618+0000] {standard_task_runner.py:91} INFO - Job 1491: Subtask check_movie_freshness
[2025-10-11T06:26:06.738+0000] {task_command.py:426} INFO - Running <TaskInstance: pipeline_flow.check_movie_freshness scheduled__2000-03-19T00:00:00+00:00 [running]> on host 321597a50810
[2025-10-11T06:26:06.966+0000] {taskinstance.py:2648} INFO - Exporting env vars: AIRFLOW_CTX_DAG_EMAIL='oluwaseyiogundimu10@gmail.com' AIRFLOW_CTX_DAG_OWNER='seyi' AIRFLOW_CTX_DAG_ID='pipeline_flow' AIRFLOW_CTX_TASK_ID='check_movie_freshness' AIRFLOW_CTX_EXECUTION_DATE='2000-03-19T00:00:00+00:00' AIRFLOW_CTX_TRY_NUMBER='1' AIRFLOW_CTX_DAG_RUN_ID='scheduled__2000-03-19T00:00:00+00:00'
[2025-10-11T06:26:06.969+0000] {taskinstance.py:430} INFO - ::endgroup::
[2025-10-11T06:26:06.999+0000] {baseoperator.py:400} WARNING - ShortCircuitOperator.execute cannot be called outside TaskInstance!
[2025-10-11T06:26:07.231+0000] {s3_client.py:30} INFO - ✅ Successfully initialized S3 client.
[2025-10-11T06:26:08.662+0000] {logging_mixin.py:188} INFO - movies.csv is fresh: 2025-10-11 06:25:58+00:00
[2025-10-11T06:26:08.664+0000] {python.py:237} INFO - Done. Returned value was: True
[2025-10-11T06:26:08.665+0000] {python.py:304} INFO - Condition result is True
[2025-10-11T06:26:08.666+0000] {python.py:307} INFO - Proceeding with downstream tasks...
[2025-10-11T06:26:08.666+0000] {taskinstance.py:441} INFO - ::group::Post task execution logs
[2025-10-11T06:26:08.713+0000] {taskinstance.py:1206} INFO - Marking task as SUCCESS. dag_id=pipeline_flow, task_id=check_movie_freshness, run_id=scheduled__2000-03-19T00:00:00+00:00, execution_date=20000319T000000, start_date=20251011T062606, end_date=20251011T062608
[2025-10-11T06:26:08.758+0000] {local_task_job_runner.py:243} INFO - Task exited with return code 0
[2025-10-11T06:26:08.782+0000] {local_task_job_runner.py:222} INFO - ::endgroup::
