[2025-10-11T06:56:29.058+0000] {local_task_job_runner.py:120} INFO - ::group::Pre task execution logs
[2025-10-11T06:56:29.136+0000] {taskinstance.py:2076} INFO - Dependencies all met for dep_context=non-requeueable deps ti=<TaskInstance: pipeline_flow.load_movies_to_gold scheduled__2000-12-10T00:00:00+00:00 [queued]>
[2025-10-11T06:56:29.162+0000] {taskinstance.py:2076} INFO - Dependencies all met for dep_context=requeueable deps ti=<TaskInstance: pipeline_flow.load_movies_to_gold scheduled__2000-12-10T00:00:00+00:00 [queued]>
[2025-10-11T06:56:29.164+0000] {taskinstance.py:2306} INFO - Starting attempt 1 of 2
[2025-10-11T06:56:29.194+0000] {taskinstance.py:2330} INFO - Executing <Task(PythonOperator): load_movies_to_gold> on 2000-12-10 00:00:00+00:00
[2025-10-11T06:56:29.214+0000] {logging_mixin.py:188} WARNING - /home/***/.local/lib/python3.12/site-packages/***/task/task_runner/standard_task_runner.py:62 DeprecationWarning: This process (pid=586) is multi-threaded, use of fork() may lead to deadlocks in the child.
[2025-10-11T06:56:29.216+0000] {standard_task_runner.py:64} INFO - Started process 601 to run task
[2025-10-11T06:56:29.214+0000] {standard_task_runner.py:90} INFO - Running: ['***', 'tasks', 'run', 'pipeline_flow', 'load_movies_to_gold', 'scheduled__2000-12-10T00:00:00+00:00', '--job-id', '1954', '--raw', '--subdir', 'DAGS_FOLDER/pipeline_dag.py', '--cfg-path', '/tmp/tmpkegjhrqa']
[2025-10-11T06:56:29.220+0000] {standard_task_runner.py:91} INFO - Job 1954: Subtask load_movies_to_gold
[2025-10-11T06:56:29.333+0000] {task_command.py:426} INFO - Running <TaskInstance: pipeline_flow.load_movies_to_gold scheduled__2000-12-10T00:00:00+00:00 [running]> on host 321597a50810
[2025-10-11T06:56:29.562+0000] {taskinstance.py:2648} INFO - Exporting env vars: AIRFLOW_CTX_DAG_EMAIL='oluwaseyiogundimu10@gmail.com' AIRFLOW_CTX_DAG_OWNER='seyi' AIRFLOW_CTX_DAG_ID='pipeline_flow' AIRFLOW_CTX_TASK_ID='load_movies_to_gold' AIRFLOW_CTX_EXECUTION_DATE='2000-12-10T00:00:00+00:00' AIRFLOW_CTX_TRY_NUMBER='1' AIRFLOW_CTX_DAG_RUN_ID='scheduled__2000-12-10T00:00:00+00:00'
[2025-10-11T06:56:29.565+0000] {taskinstance.py:430} INFO - ::endgroup::
[2025-10-11T06:56:29.877+0000] {s3_client.py:30} INFO - ✅ Successfully initialized S3 client.
[2025-10-11T06:56:29.884+0000] {read_bucket.py:26} INFO - Reading movies.csv from movie-pipeline-silver bucket.
[2025-10-11T06:56:31.934+0000] {read_bucket.py:32} INFO - Successfully read movies.csv into DataFrame. Shape: (1604, 5)
[2025-10-11T06:56:31.950+0000] {connection.py:60} INFO - Writing stg_movies to Postgres..
[2025-10-11T06:56:31.952+0000] {connection.py:22} INFO - Successfully connected to Postgres.
[2025-10-11T06:56:32.588+0000] {connection.py:66} INFO - Successfully inserted 1604 records into stg_movies.
[2025-10-11T06:56:32.621+0000] {connection.py:22} INFO - Successfully connected to Postgres.
[2025-10-11T06:56:32.840+0000] {load.py:58} INFO - Upsert complete. New records successfully loaded
[2025-10-11T06:56:32.855+0000] {silver_watermarks.py:25} INFO - Reading watermarks from s3..
[2025-10-11T06:56:33.100+0000] {silver_watermarks.py:55} INFO - Updating watermarks in S3...
[2025-10-11T06:56:33.544+0000] {silver_watermarks.py:72} INFO - Watermarks updated successfully in S3.
[2025-10-11T06:56:33.546+0000] {python.py:237} INFO - Done. Returned value was: None
[2025-10-11T06:56:33.548+0000] {taskinstance.py:441} INFO - ::group::Post task execution logs
[2025-10-11T06:56:33.572+0000] {taskinstance.py:1206} INFO - Marking task as SUCCESS. dag_id=pipeline_flow, task_id=load_movies_to_gold, run_id=scheduled__2000-12-10T00:00:00+00:00, execution_date=20001210T000000, start_date=20251011T065629, end_date=20251011T065633
[2025-10-11T06:56:33.981+0000] {local_task_job_runner.py:243} INFO - Task exited with return code 0
[2025-10-11T06:56:34.055+0000] {taskinstance.py:3503} INFO - 0 downstream tasks scheduled from follow-on schedule check
[2025-10-11T06:56:34.071+0000] {local_task_job_runner.py:222} INFO - ::endgroup::
