[2025-10-11T04:44:23.124+0000] {local_task_job_runner.py:120} INFO - ::group::Pre task execution logs
[2025-10-11T04:44:23.188+0000] {taskinstance.py:2076} INFO - Dependencies all met for dep_context=non-requeueable deps ti=<TaskInstance: pipeline_flow.check_ratings_freshness manual__2025-10-09T12:26:00.230217+00:00 [queued]>
[2025-10-11T04:44:23.199+0000] {taskinstance.py:2076} INFO - Dependencies all met for dep_context=requeueable deps ti=<TaskInstance: pipeline_flow.check_ratings_freshness manual__2025-10-09T12:26:00.230217+00:00 [queued]>
[2025-10-11T04:44:23.200+0000] {taskinstance.py:2306} INFO - Starting attempt 2 of 3
[2025-10-11T04:44:23.219+0000] {taskinstance.py:2330} INFO - Executing <Task(ShortCircuitOperator): check_ratings_freshness> on 2025-10-09 12:26:00.230217+00:00
[2025-10-11T04:44:23.231+0000] {logging_mixin.py:188} WARNING - /home/***/.local/lib/python3.12/site-packages/***/task/task_runner/standard_task_runner.py:62 DeprecationWarning: This process (pid=7241) is multi-threaded, use of fork() may lead to deadlocks in the child.
[2025-10-11T04:44:23.234+0000] {standard_task_runner.py:64} INFO - Started process 7247 to run task
[2025-10-11T04:44:23.233+0000] {standard_task_runner.py:90} INFO - Running: ['***', 'tasks', 'run', 'pipeline_flow', 'check_ratings_freshness', 'manual__2025-10-09T12:26:00.230217+00:00', '--job-id', '40', '--raw', '--subdir', 'DAGS_FOLDER/pipeline_dag.py', '--cfg-path', '/tmp/tmpwwu3vz3l']
[2025-10-11T04:44:23.237+0000] {standard_task_runner.py:91} INFO - Job 40: Subtask check_ratings_freshness
[2025-10-11T04:44:23.347+0000] {task_command.py:426} INFO - Running <TaskInstance: pipeline_flow.check_ratings_freshness manual__2025-10-09T12:26:00.230217+00:00 [running]> on host 321597a50810
[2025-10-11T04:44:23.558+0000] {taskinstance.py:2648} INFO - Exporting env vars: AIRFLOW_CTX_DAG_EMAIL='oluwaseyiogundimu10@gmail.com' AIRFLOW_CTX_DAG_OWNER='seyi' AIRFLOW_CTX_DAG_ID='pipeline_flow' AIRFLOW_CTX_TASK_ID='check_ratings_freshness' AIRFLOW_CTX_EXECUTION_DATE='2025-10-09T12:26:00.230217+00:00' AIRFLOW_CTX_TRY_NUMBER='2' AIRFLOW_CTX_DAG_RUN_ID='manual__2025-10-09T12:26:00.230217+00:00'
[2025-10-11T04:44:23.561+0000] {taskinstance.py:430} INFO - ::endgroup::
[2025-10-11T04:44:23.593+0000] {baseoperator.py:400} WARNING - ShortCircuitOperator.execute cannot be called outside TaskInstance!
[2025-10-11T04:44:23.693+0000] {s3_client.py:30} INFO - ✅ Successfully initialized S3 client.
[2025-10-11T04:44:24.547+0000] {logging_mixin.py:188} INFO - ratings.csv is fresh: 2025-10-11 04:44:14+00:00
[2025-10-11T04:44:24.549+0000] {python.py:237} INFO - Done. Returned value was: True
[2025-10-11T04:44:24.552+0000] {python.py:304} INFO - Condition result is True
[2025-10-11T04:44:24.554+0000] {python.py:307} INFO - Proceeding with downstream tasks...
[2025-10-11T04:44:24.556+0000] {taskinstance.py:441} INFO - ::group::Post task execution logs
[2025-10-11T04:44:24.615+0000] {taskinstance.py:1206} INFO - Marking task as SUCCESS. dag_id=pipeline_flow, task_id=check_ratings_freshness, run_id=manual__2025-10-09T12:26:00.230217+00:00, execution_date=20251009T122600, start_date=20251011T044423, end_date=20251011T044424
[2025-10-11T04:44:24.658+0000] {local_task_job_runner.py:243} INFO - Task exited with return code 0
[2025-10-11T04:44:24.709+0000] {taskinstance.py:3503} INFO - 1 downstream tasks scheduled from follow-on schedule check
[2025-10-11T04:44:24.713+0000] {local_task_job_runner.py:222} INFO - ::endgroup::
