[2025-10-11T06:26:56.168+0000] {local_task_job_runner.py:120} INFO - ::group::Pre task execution logs
[2025-10-11T06:26:56.233+0000] {taskinstance.py:2076} INFO - Dependencies all met for dep_context=non-requeueable deps ti=<TaskInstance: pipeline_flow.check_create_stg_tables scheduled__2000-04-16T00:00:00+00:00 [queued]>
[2025-10-11T06:26:56.250+0000] {taskinstance.py:2076} INFO - Dependencies all met for dep_context=requeueable deps ti=<TaskInstance: pipeline_flow.check_create_stg_tables scheduled__2000-04-16T00:00:00+00:00 [queued]>
[2025-10-11T06:26:56.251+0000] {taskinstance.py:2306} INFO - Starting attempt 1 of 2
[2025-10-11T06:26:56.526+0000] {taskinstance.py:2330} INFO - Executing <Task(PythonOperator): check_create_stg_tables> on 2000-04-16 00:00:00+00:00
[2025-10-11T06:26:56.544+0000] {logging_mixin.py:188} WARNING - /home/***/.local/lib/python3.12/site-packages/***/task/task_runner/standard_task_runner.py:62 DeprecationWarning: This process (pid=12790) is multi-threaded, use of fork() may lead to deadlocks in the child.
[2025-10-11T06:26:56.546+0000] {standard_task_runner.py:64} INFO - Started process 12792 to run task
[2025-10-11T06:26:56.543+0000] {standard_task_runner.py:90} INFO - Running: ['***', 'tasks', 'run', 'pipeline_flow', 'check_create_stg_tables', 'scheduled__2000-04-16T00:00:00+00:00', '--job-id', '1536', '--raw', '--subdir', 'DAGS_FOLDER/pipeline_dag.py', '--cfg-path', '/tmp/tmpj4wubjv6']
[2025-10-11T06:26:56.550+0000] {standard_task_runner.py:91} INFO - Job 1536: Subtask check_create_stg_tables
[2025-10-11T06:26:56.662+0000] {task_command.py:426} INFO - Running <TaskInstance: pipeline_flow.check_create_stg_tables scheduled__2000-04-16T00:00:00+00:00 [running]> on host 321597a50810
[2025-10-11T06:26:56.835+0000] {taskinstance.py:2648} INFO - Exporting env vars: AIRFLOW_CTX_DAG_EMAIL='oluwaseyiogundimu10@gmail.com' AIRFLOW_CTX_DAG_OWNER='seyi' AIRFLOW_CTX_DAG_ID='pipeline_flow' AIRFLOW_CTX_TASK_ID='check_create_stg_tables' AIRFLOW_CTX_EXECUTION_DATE='2000-04-16T00:00:00+00:00' AIRFLOW_CTX_TRY_NUMBER='1' AIRFLOW_CTX_DAG_RUN_ID='scheduled__2000-04-16T00:00:00+00:00'
[2025-10-11T06:26:56.838+0000] {taskinstance.py:430} INFO - ::endgroup::
[2025-10-11T06:26:56.866+0000] {connection.py:22} INFO - Successfully connected to Postgres.
[2025-10-11T06:26:57.026+0000] {connection.py:43} INFO - Table 'stg_users' in Postgres.
[2025-10-11T06:26:57.028+0000] {connection.py:22} INFO - Successfully connected to Postgres.
[2025-10-11T06:26:57.122+0000] {connection.py:43} INFO - Table 'users' in Postgres.
[2025-10-11T06:26:57.124+0000] {connection.py:22} INFO - Successfully connected to Postgres.
[2025-10-11T06:26:57.233+0000] {connection.py:43} INFO - Table 'stg_movies' in Postgres.
[2025-10-11T06:26:57.235+0000] {connection.py:22} INFO - Successfully connected to Postgres.
[2025-10-11T06:26:57.363+0000] {connection.py:43} INFO - Table 'movies' in Postgres.
[2025-10-11T06:26:57.365+0000] {connection.py:22} INFO - Successfully connected to Postgres.
[2025-10-11T06:26:57.453+0000] {connection.py:43} INFO - Table 'stg_ratings' in Postgres.
[2025-10-11T06:26:57.455+0000] {connection.py:22} INFO - Successfully connected to Postgres.
[2025-10-11T06:26:57.565+0000] {connection.py:43} INFO - Table 'ratings' in Postgres.
[2025-10-11T06:26:57.566+0000] {load.py:32} INFO - Tables exist.
[2025-10-11T06:26:57.567+0000] {python.py:237} INFO - Done. Returned value was: None
[2025-10-11T06:26:57.569+0000] {taskinstance.py:441} INFO - ::group::Post task execution logs
[2025-10-11T06:26:57.592+0000] {taskinstance.py:1206} INFO - Marking task as SUCCESS. dag_id=pipeline_flow, task_id=check_create_stg_tables, run_id=scheduled__2000-04-16T00:00:00+00:00, execution_date=20000416T000000, start_date=20251011T062656, end_date=20251011T062657
[2025-10-11T06:26:57.647+0000] {local_task_job_runner.py:243} INFO - Task exited with return code 0
[2025-10-11T06:26:57.672+0000] {local_task_job_runner.py:222} INFO - ::endgroup::
