[2025-10-11T06:06:11.870+0000] {local_task_job_runner.py:120} INFO - ::group::Pre task execution logs
[2025-10-11T06:06:11.917+0000] {taskinstance.py:2076} INFO - Dependencies all met for dep_context=non-requeueable deps ti=<TaskInstance: pipeline_flow.to_bronze scheduled__1998-08-23T00:00:00+00:00 [queued]>
[2025-10-11T06:06:11.930+0000] {taskinstance.py:2076} INFO - Dependencies all met for dep_context=requeueable deps ti=<TaskInstance: pipeline_flow.to_bronze scheduled__1998-08-23T00:00:00+00:00 [queued]>
[2025-10-11T06:06:11.931+0000] {taskinstance.py:2306} INFO - Starting attempt 1 of 2
[2025-10-11T06:06:11.955+0000] {taskinstance.py:2330} INFO - Executing <Task(PythonOperator): to_bronze> on 1998-08-23 00:00:00+00:00
[2025-10-11T06:06:11.971+0000] {logging_mixin.py:188} WARNING - /home/***/.local/lib/python3.12/site-packages/***/task/task_runner/standard_task_runner.py:62 DeprecationWarning: This process (pid=9512) is multi-threaded, use of fork() may lead to deadlocks in the child.
[2025-10-11T06:06:11.971+0000] {standard_task_runner.py:90} INFO - Running: ['***', 'tasks', 'run', 'pipeline_flow', 'to_bronze', 'scheduled__1998-08-23T00:00:00+00:00', '--job-id', '502', '--raw', '--subdir', 'DAGS_FOLDER/pipeline_dag.py', '--cfg-path', '/tmp/tmpurmuobh4']
[2025-10-11T06:06:11.973+0000] {standard_task_runner.py:64} INFO - Started process 9520 to run task
[2025-10-11T06:06:11.974+0000] {standard_task_runner.py:91} INFO - Job 502: Subtask to_bronze
[2025-10-11T06:06:12.104+0000] {task_command.py:426} INFO - Running <TaskInstance: pipeline_flow.to_bronze scheduled__1998-08-23T00:00:00+00:00 [running]> on host 321597a50810
[2025-10-11T06:06:12.362+0000] {taskinstance.py:2648} INFO - Exporting env vars: AIRFLOW_CTX_DAG_EMAIL='oluwaseyiogundimu10@gmail.com' AIRFLOW_CTX_DAG_OWNER='seyi' AIRFLOW_CTX_DAG_ID='pipeline_flow' AIRFLOW_CTX_TASK_ID='to_bronze' AIRFLOW_CTX_EXECUTION_DATE='1998-08-23T00:00:00+00:00' AIRFLOW_CTX_TRY_NUMBER='1' AIRFLOW_CTX_DAG_RUN_ID='scheduled__1998-08-23T00:00:00+00:00'
[2025-10-11T06:06:12.367+0000] {taskinstance.py:430} INFO - ::endgroup::
[2025-10-11T06:06:12.403+0000] {orchestration.py:16} INFO - Starting Bronze layer data pipeline...
[2025-10-11T06:06:12.641+0000] {s3_client.py:30} INFO - ✅ Successfully initialized S3 client.
[2025-10-11T06:06:12.643+0000] {ingest.py:26} INFO - Reading movies...
[2025-10-11T06:06:15.029+0000] {ingest.py:31} INFO - Successfully read movies.
[2025-10-11T06:06:15.031+0000] {ingest.py:26} INFO - Reading ratings...
[2025-10-11T06:06:25.037+0000] {ingest.py:31} INFO - Successfully read ratings.
[2025-10-11T06:06:25.038+0000] {ingest.py:26} INFO - Reading users...
[2025-10-11T06:06:26.701+0000] {ingest.py:31} INFO - Successfully read users.
[2025-10-11T06:06:26.704+0000] {orchestration.py:24} INFO - Successfully ingested raw data.
[2025-10-11T06:06:26.708+0000] {validation.py:17} INFO - Validating columns for movies..
[2025-10-11T06:06:26.709+0000] {validation.py:32} INFO - successfully validated movies's columns.
[2025-10-11T06:06:26.711+0000] {validation.py:17} INFO - Validating columns for ratings..
[2025-10-11T06:06:26.712+0000] {validation.py:32} INFO - successfully validated ratings's columns.
[2025-10-11T06:06:26.713+0000] {validation.py:17} INFO - Validating columns for users..
[2025-10-11T06:06:26.714+0000] {validation.py:32} INFO - successfully validated users's columns.
[2025-10-11T06:06:26.719+0000] {validation.py:46} WARNING - movies has 4 missing values:
release_date    1
IMDb_URL        3
dtype: int64
[2025-10-11T06:06:26.722+0000] {validation.py:48} INFO - No missing values found in ratings.
[2025-10-11T06:06:26.725+0000] {validation.py:48} INFO - No missing values found in users.
[2025-10-11T06:06:26.727+0000] {orchestration.py:29} INFO - Data validation completed successfully.
[2025-10-11T06:06:27.520+0000] {s3_client.py:55} INFO - Bucket 'movie-pipeline-bronze' already exists.
[2025-10-11T06:06:27.522+0000] {upload.py:23} INFO - Starting movies upload to bronze bucket
[2025-10-11T06:06:27.530+0000] {upload.py:31} INFO - Uploading movies.csv to S3 bucket movie-pipeline-bronze
[2025-10-11T06:06:30.055+0000] {upload.py:40} INFO - Successfully uploaded movies.csv to S3 bucket movie-pipeline-bronze.
[2025-10-11T06:06:30.057+0000] {upload.py:23} INFO - Starting ratings upload to bronze bucket
[2025-10-11T06:06:30.217+0000] {upload.py:31} INFO - Uploading ratings.csv to S3 bucket movie-pipeline-bronze
[2025-10-11T06:07:05.734+0000] {upload.py:40} INFO - Successfully uploaded ratings.csv to S3 bucket movie-pipeline-bronze.
[2025-10-11T06:07:05.735+0000] {upload.py:23} INFO - Starting users upload to bronze bucket
[2025-10-11T06:07:05.741+0000] {upload.py:31} INFO - Uploading users.csv to S3 bucket movie-pipeline-bronze
[2025-10-11T06:07:06.227+0000] {upload.py:40} INFO - Successfully uploaded users.csv to S3 bucket movie-pipeline-bronze.
[2025-10-11T06:07:06.228+0000] {orchestration.py:36} INFO - Data successfully uploaded to Bronze S3 bucket.
[2025-10-11T06:07:06.229+0000] {orchestration.py:38} INFO - Bronze pipeline execution completed successfully!
[2025-10-11T06:07:06.231+0000] {python.py:237} INFO - Done. Returned value was: None
[2025-10-11T06:07:06.233+0000] {taskinstance.py:441} INFO - ::group::Post task execution logs
[2025-10-11T06:07:06.252+0000] {taskinstance.py:1206} INFO - Marking task as SUCCESS. dag_id=pipeline_flow, task_id=to_bronze, run_id=scheduled__1998-08-23T00:00:00+00:00, execution_date=19980823T000000, start_date=20251011T060611, end_date=20251011T060706
[2025-10-11T06:07:06.314+0000] {local_task_job_runner.py:243} INFO - Task exited with return code 0
[2025-10-11T06:07:06.367+0000] {taskinstance.py:3503} INFO - 3 downstream tasks scheduled from follow-on schedule check
[2025-10-11T06:07:06.371+0000] {local_task_job_runner.py:222} INFO - ::endgroup::
