[2025-10-11T06:18:06.079+0000] {local_task_job_runner.py:120} INFO - ::group::Pre task execution logs
[2025-10-11T06:18:06.136+0000] {taskinstance.py:2076} INFO - Dependencies all met for dep_context=non-requeueable deps ti=<TaskInstance: pipeline_flow.load_users_to_gold scheduled__1999-08-15T00:00:00+00:00 [queued]>
[2025-10-11T06:18:06.154+0000] {taskinstance.py:2076} INFO - Dependencies all met for dep_context=requeueable deps ti=<TaskInstance: pipeline_flow.load_users_to_gold scheduled__1999-08-15T00:00:00+00:00 [queued]>
[2025-10-11T06:18:06.155+0000] {taskinstance.py:2306} INFO - Starting attempt 1 of 2
[2025-10-11T06:18:06.177+0000] {taskinstance.py:2330} INFO - Executing <Task(PythonOperator): load_users_to_gold> on 1999-08-15 00:00:00+00:00
[2025-10-11T06:18:06.190+0000] {logging_mixin.py:188} WARNING - /home/***/.local/lib/python3.12/site-packages/***/task/task_runner/standard_task_runner.py:62 DeprecationWarning: This process (pid=11501) is multi-threaded, use of fork() may lead to deadlocks in the child.
[2025-10-11T06:18:06.192+0000] {standard_task_runner.py:64} INFO - Started process 11513 to run task
[2025-10-11T06:18:06.191+0000] {standard_task_runner.py:90} INFO - Running: ['***', 'tasks', 'run', 'pipeline_flow', 'load_users_to_gold', 'scheduled__1999-08-15T00:00:00+00:00', '--job-id', '1133', '--raw', '--subdir', 'DAGS_FOLDER/pipeline_dag.py', '--cfg-path', '/tmp/tmp1kvo07kh']
[2025-10-11T06:18:06.195+0000] {standard_task_runner.py:91} INFO - Job 1133: Subtask load_users_to_gold
[2025-10-11T06:18:06.299+0000] {task_command.py:426} INFO - Running <TaskInstance: pipeline_flow.load_users_to_gold scheduled__1999-08-15T00:00:00+00:00 [running]> on host 321597a50810
[2025-10-11T06:18:06.740+0000] {taskinstance.py:2648} INFO - Exporting env vars: AIRFLOW_CTX_DAG_EMAIL='oluwaseyiogundimu10@gmail.com' AIRFLOW_CTX_DAG_OWNER='seyi' AIRFLOW_CTX_DAG_ID='pipeline_flow' AIRFLOW_CTX_TASK_ID='load_users_to_gold' AIRFLOW_CTX_EXECUTION_DATE='1999-08-15T00:00:00+00:00' AIRFLOW_CTX_TRY_NUMBER='1' AIRFLOW_CTX_DAG_RUN_ID='scheduled__1999-08-15T00:00:00+00:00'
[2025-10-11T06:18:06.743+0000] {taskinstance.py:430} INFO - ::endgroup::
[2025-10-11T06:18:06.931+0000] {s3_client.py:30} INFO - ✅ Successfully initialized S3 client.
[2025-10-11T06:18:06.932+0000] {read_bucket.py:26} INFO - Reading users.csv from movie-pipeline-silver bucket.
[2025-10-11T06:18:07.924+0000] {read_bucket.py:32} INFO - Successfully read users.csv into DataFrame. Shape: (943, 5)
[2025-10-11T06:18:07.926+0000] {load.py:203} INFO - Starting load for users..
[2025-10-11T06:18:07.929+0000] {connection.py:60} INFO - Writing stg_users to Postgres..
[2025-10-11T06:18:07.930+0000] {connection.py:22} INFO - Successfully connected to Postgres.
[2025-10-11T06:18:08.135+0000] {connection.py:66} INFO - Successfully inserted 943 records into stg_users.
[2025-10-11T06:18:08.136+0000] {connection.py:22} INFO - Successfully connected to Postgres.
[2025-10-11T06:18:08.216+0000] {load.py:213} INFO - User upsert complete. New and changed user records successfully processed.
[2025-10-11T06:18:08.221+0000] {silver_watermarks.py:25} INFO - Reading watermarks from s3..
[2025-10-11T06:18:08.483+0000] {silver_watermarks.py:55} INFO - Updating watermarks in S3...
[2025-10-11T06:18:08.986+0000] {silver_watermarks.py:72} INFO - Watermarks updated successfully in S3.
[2025-10-11T06:18:08.989+0000] {python.py:237} INFO - Done. Returned value was: None
[2025-10-11T06:18:08.990+0000] {taskinstance.py:441} INFO - ::group::Post task execution logs
[2025-10-11T06:18:09.006+0000] {taskinstance.py:1206} INFO - Marking task as SUCCESS. dag_id=pipeline_flow, task_id=load_users_to_gold, run_id=scheduled__1999-08-15T00:00:00+00:00, execution_date=19990815T000000, start_date=20251011T061806, end_date=20251011T061809
[2025-10-11T06:18:09.063+0000] {local_task_job_runner.py:243} INFO - Task exited with return code 0
[2025-10-11T06:18:09.114+0000] {taskinstance.py:3503} INFO - 0 downstream tasks scheduled from follow-on schedule check
[2025-10-11T06:18:09.120+0000] {local_task_job_runner.py:222} INFO - ::endgroup::
