[2025-10-11T06:26:31.299+0000] {local_task_job_runner.py:120} INFO - ::group::Pre task execution logs
[2025-10-11T06:26:31.355+0000] {taskinstance.py:2076} INFO - Dependencies all met for dep_context=non-requeueable deps ti=<TaskInstance: pipeline_flow.check_ratings_freshness scheduled__2000-03-26T00:00:00+00:00 [queued]>
[2025-10-11T06:26:31.374+0000] {taskinstance.py:2076} INFO - Dependencies all met for dep_context=requeueable deps ti=<TaskInstance: pipeline_flow.check_ratings_freshness scheduled__2000-03-26T00:00:00+00:00 [queued]>
[2025-10-11T06:26:31.376+0000] {taskinstance.py:2306} INFO - Starting attempt 1 of 2
[2025-10-11T06:26:31.398+0000] {taskinstance.py:2330} INFO - Executing <Task(ShortCircuitOperator): check_ratings_freshness> on 2000-03-26 00:00:00+00:00
[2025-10-11T06:26:31.417+0000] {logging_mixin.py:188} WARNING - /home/***/.local/lib/python3.12/site-packages/***/task/task_runner/standard_task_runner.py:62 DeprecationWarning: This process (pid=12707) is multi-threaded, use of fork() may lead to deadlocks in the child.
[2025-10-11T06:26:31.419+0000] {standard_task_runner.py:64} INFO - Started process 12723 to run task
[2025-10-11T06:26:31.418+0000] {standard_task_runner.py:90} INFO - Running: ['***', 'tasks', 'run', 'pipeline_flow', 'check_ratings_freshness', 'scheduled__2000-03-26T00:00:00+00:00', '--job-id', '1511', '--raw', '--subdir', 'DAGS_FOLDER/pipeline_dag.py', '--cfg-path', '/tmp/tmp5c061c1a']
[2025-10-11T06:26:31.423+0000] {standard_task_runner.py:91} INFO - Job 1511: Subtask check_ratings_freshness
[2025-10-11T06:26:31.538+0000] {task_command.py:426} INFO - Running <TaskInstance: pipeline_flow.check_ratings_freshness scheduled__2000-03-26T00:00:00+00:00 [running]> on host 321597a50810
[2025-10-11T06:26:31.741+0000] {taskinstance.py:2648} INFO - Exporting env vars: AIRFLOW_CTX_DAG_EMAIL='oluwaseyiogundimu10@gmail.com' AIRFLOW_CTX_DAG_OWNER='seyi' AIRFLOW_CTX_DAG_ID='pipeline_flow' AIRFLOW_CTX_TASK_ID='check_ratings_freshness' AIRFLOW_CTX_EXECUTION_DATE='2000-03-26T00:00:00+00:00' AIRFLOW_CTX_TRY_NUMBER='1' AIRFLOW_CTX_DAG_RUN_ID='scheduled__2000-03-26T00:00:00+00:00'
[2025-10-11T06:26:31.745+0000] {taskinstance.py:430} INFO - ::endgroup::
[2025-10-11T06:26:31.779+0000] {baseoperator.py:400} WARNING - ShortCircuitOperator.execute cannot be called outside TaskInstance!
[2025-10-11T06:26:31.997+0000] {s3_client.py:30} INFO - ✅ Successfully initialized S3 client.
[2025-10-11T06:26:33.202+0000] {logging_mixin.py:188} INFO - ratings.csv is fresh: 2025-10-11 06:26:28+00:00
[2025-10-11T06:26:33.203+0000] {python.py:237} INFO - Done. Returned value was: True
[2025-10-11T06:26:33.204+0000] {python.py:304} INFO - Condition result is True
[2025-10-11T06:26:33.205+0000] {python.py:307} INFO - Proceeding with downstream tasks...
[2025-10-11T06:26:33.206+0000] {taskinstance.py:441} INFO - ::group::Post task execution logs
[2025-10-11T06:26:33.253+0000] {taskinstance.py:1206} INFO - Marking task as SUCCESS. dag_id=pipeline_flow, task_id=check_ratings_freshness, run_id=scheduled__2000-03-26T00:00:00+00:00, execution_date=20000326T000000, start_date=20251011T062631, end_date=20251011T062633
[2025-10-11T06:26:33.323+0000] {local_task_job_runner.py:243} INFO - Task exited with return code 0
[2025-10-11T06:26:33.347+0000] {local_task_job_runner.py:222} INFO - ::endgroup::
