[2025-10-11T04:44:51.083+0000] {local_task_job_runner.py:120} INFO - ::group::Pre task execution logs
[2025-10-11T04:44:51.131+0000] {taskinstance.py:2076} INFO - Dependencies all met for dep_context=non-requeueable deps ti=<TaskInstance: pipeline_flow.check_ratings_freshness scheduled__2025-09-28T00:00:00+00:00 [queued]>
[2025-10-11T04:44:51.142+0000] {taskinstance.py:2076} INFO - Dependencies all met for dep_context=requeueable deps ti=<TaskInstance: pipeline_flow.check_ratings_freshness scheduled__2025-09-28T00:00:00+00:00 [queued]>
[2025-10-11T04:44:51.143+0000] {taskinstance.py:2306} INFO - Starting attempt 2 of 3
[2025-10-11T04:44:51.165+0000] {taskinstance.py:2330} INFO - Executing <Task(ShortCircuitOperator): check_ratings_freshness> on 2025-09-28 00:00:00+00:00
[2025-10-11T04:44:51.176+0000] {logging_mixin.py:188} WARNING - /home/***/.local/lib/python3.12/site-packages/***/task/task_runner/standard_task_runner.py:62 DeprecationWarning: This process (pid=7345) is multi-threaded, use of fork() may lead to deadlocks in the child.
[2025-10-11T04:44:51.179+0000] {standard_task_runner.py:64} INFO - Started process 7354 to run task
[2025-10-11T04:44:51.179+0000] {standard_task_runner.py:90} INFO - Running: ['***', 'tasks', 'run', 'pipeline_flow', 'check_ratings_freshness', 'scheduled__2025-09-28T00:00:00+00:00', '--job-id', '74', '--raw', '--subdir', 'DAGS_FOLDER/pipeline_dag.py', '--cfg-path', '/tmp/tmp7s7tm1qi']
[2025-10-11T04:44:51.183+0000] {standard_task_runner.py:91} INFO - Job 74: Subtask check_ratings_freshness
[2025-10-11T04:44:51.258+0000] {task_command.py:426} INFO - Running <TaskInstance: pipeline_flow.check_ratings_freshness scheduled__2025-09-28T00:00:00+00:00 [running]> on host 321597a50810
[2025-10-11T04:44:51.395+0000] {taskinstance.py:2648} INFO - Exporting env vars: AIRFLOW_CTX_DAG_EMAIL='oluwaseyiogundimu10@gmail.com' AIRFLOW_CTX_DAG_OWNER='seyi' AIRFLOW_CTX_DAG_ID='pipeline_flow' AIRFLOW_CTX_TASK_ID='check_ratings_freshness' AIRFLOW_CTX_EXECUTION_DATE='2025-09-28T00:00:00+00:00' AIRFLOW_CTX_TRY_NUMBER='2' AIRFLOW_CTX_DAG_RUN_ID='scheduled__2025-09-28T00:00:00+00:00'
[2025-10-11T04:44:51.398+0000] {taskinstance.py:430} INFO - ::endgroup::
[2025-10-11T04:44:51.415+0000] {baseoperator.py:400} WARNING - ShortCircuitOperator.execute cannot be called outside TaskInstance!
[2025-10-11T04:44:51.516+0000] {s3_client.py:30} INFO - ✅ Successfully initialized S3 client.
[2025-10-11T04:44:52.262+0000] {logging_mixin.py:188} INFO - ratings.csv is fresh: 2025-10-11 04:44:34+00:00
[2025-10-11T04:44:52.263+0000] {python.py:237} INFO - Done. Returned value was: True
[2025-10-11T04:44:52.264+0000] {python.py:304} INFO - Condition result is True
[2025-10-11T04:44:52.265+0000] {python.py:307} INFO - Proceeding with downstream tasks...
[2025-10-11T04:44:52.266+0000] {taskinstance.py:441} INFO - ::group::Post task execution logs
[2025-10-11T04:44:52.306+0000] {taskinstance.py:1206} INFO - Marking task as SUCCESS. dag_id=pipeline_flow, task_id=check_ratings_freshness, run_id=scheduled__2025-09-28T00:00:00+00:00, execution_date=20250928T000000, start_date=20251011T044451, end_date=20251011T044452
[2025-10-11T04:44:52.360+0000] {local_task_job_runner.py:243} INFO - Task exited with return code 0
[2025-10-11T04:44:52.419+0000] {taskinstance.py:3503} INFO - 1 downstream tasks scheduled from follow-on schedule check
[2025-10-11T04:44:52.423+0000] {local_task_job_runner.py:222} INFO - ::endgroup::
