[2025-10-11T06:06:45.146+0000] {local_task_job_runner.py:120} INFO - ::group::Pre task execution logs
[2025-10-11T06:06:45.212+0000] {taskinstance.py:2076} INFO - Dependencies all met for dep_context=non-requeueable deps ti=<TaskInstance: pipeline_flow.load_ratings scheduled__1998-06-28T00:00:00+00:00 [queued]>
[2025-10-11T06:06:45.227+0000] {taskinstance.py:2076} INFO - Dependencies all met for dep_context=requeueable deps ti=<TaskInstance: pipeline_flow.load_ratings scheduled__1998-06-28T00:00:00+00:00 [queued]>
[2025-10-11T06:06:45.228+0000] {taskinstance.py:2306} INFO - Starting attempt 1 of 2
[2025-10-11T06:06:45.247+0000] {taskinstance.py:2330} INFO - Executing <Task(PythonOperator): load_ratings> on 1998-06-28 00:00:00+00:00
[2025-10-11T06:06:45.262+0000] {logging_mixin.py:188} WARNING - /home/***/.local/lib/python3.12/site-packages/***/task/task_runner/standard_task_runner.py:62 DeprecationWarning: This process (pid=9635) is multi-threaded, use of fork() may lead to deadlocks in the child.
[2025-10-11T06:06:45.264+0000] {standard_task_runner.py:64} INFO - Started process 9640 to run task
[2025-10-11T06:06:45.262+0000] {standard_task_runner.py:90} INFO - Running: ['***', 'tasks', 'run', 'pipeline_flow', 'load_ratings', 'scheduled__1998-06-28T00:00:00+00:00', '--job-id', '540', '--raw', '--subdir', 'DAGS_FOLDER/pipeline_dag.py', '--cfg-path', '/tmp/tmpj42fuff6']
[2025-10-11T06:06:45.266+0000] {standard_task_runner.py:91} INFO - Job 540: Subtask load_ratings
[2025-10-11T06:06:45.348+0000] {task_command.py:426} INFO - Running <TaskInstance: pipeline_flow.load_ratings scheduled__1998-06-28T00:00:00+00:00 [running]> on host 321597a50810
[2025-10-11T06:06:45.516+0000] {taskinstance.py:2648} INFO - Exporting env vars: AIRFLOW_CTX_DAG_EMAIL='oluwaseyiogundimu10@gmail.com' AIRFLOW_CTX_DAG_OWNER='seyi' AIRFLOW_CTX_DAG_ID='pipeline_flow' AIRFLOW_CTX_TASK_ID='load_ratings' AIRFLOW_CTX_EXECUTION_DATE='1998-06-28T00:00:00+00:00' AIRFLOW_CTX_TRY_NUMBER='1' AIRFLOW_CTX_DAG_RUN_ID='scheduled__1998-06-28T00:00:00+00:00'
[2025-10-11T06:06:45.520+0000] {taskinstance.py:430} INFO - ::endgroup::
[2025-10-11T06:06:45.547+0000] {transform.py:91} INFO - Starting transformations for ratings..
[2025-10-11T06:06:45.549+0000] {read_write_buckets.py:22} INFO - Reading ratings.csv from movie-pipeline-bronze bucket.
[2025-10-11T06:06:45.731+0000] {s3_client.py:30} INFO - ✅ Successfully initialized S3 client.
[2025-10-11T06:07:07.157+0000] {read_write_buckets.py:34} INFO - Successfully read ratings.csv into DataFrame. Shape: (100000, 4)
[2025-10-11T06:07:07.219+0000] {transform.py:118} INFO - Weekly run: filtering 0 rating records from 1998-06-28 to 1998-07-05
[2025-10-11T06:07:07.222+0000] {watermarks.py:25} INFO - Reading watermarks from S3 Bronze bucket...
[2025-10-11T06:07:08.322+0000] {watermarks.py:30} INFO - Successfully read existing watermarks.
[2025-10-11T06:07:08.323+0000] {transform.py:126} INFO - Applying watermark filter for ratings..
[2025-10-11T06:07:08.334+0000] {logging_mixin.py:188} WARNING - /opt/***/dags/../pipeline/b_silver/transform.py:133 SettingWithCopyWarning: 
A value is trying to be set on a copy of a slice from a DataFrame.
Try using .loc[row_indexer,col_indexer] = value instead

See the caveats in the documentation: https://pandas.pydata.org/pandas-docs/stable/user_guide/indexing.html#returning-a-view-versus-a-copy
[2025-10-11T06:07:08.338+0000] {transform.py:141} INFO - Filtered ratings to 0 new records after watermark 1998-04-22 23:10:38.
[2025-10-11T06:07:08.340+0000] {transform.py:150} WARNING - No new ratings data to upload after watermark filtering. End
[2025-10-11T06:07:08.341+0000] {python.py:237} INFO - Done. Returned value was: None
[2025-10-11T06:07:08.342+0000] {taskinstance.py:441} INFO - ::group::Post task execution logs
[2025-10-11T06:07:08.360+0000] {taskinstance.py:1206} INFO - Marking task as SUCCESS. dag_id=pipeline_flow, task_id=load_ratings, run_id=scheduled__1998-06-28T00:00:00+00:00, execution_date=19980628T000000, start_date=20251011T060645, end_date=20251011T060708
[2025-10-11T06:07:08.446+0000] {local_task_job_runner.py:243} INFO - Task exited with return code 0
[2025-10-11T06:07:08.497+0000] {taskinstance.py:3503} INFO - 1 downstream tasks scheduled from follow-on schedule check
[2025-10-11T06:07:08.501+0000] {local_task_job_runner.py:222} INFO - ::endgroup::
