[2025-10-11T04:44:44.848+0000] {local_task_job_runner.py:120} INFO - ::group::Pre task execution logs
[2025-10-11T04:44:44.899+0000] {taskinstance.py:2076} INFO - Dependencies all met for dep_context=non-requeueable deps ti=<TaskInstance: pipeline_flow.load_ratings_to_gold manual__2025-10-11T04:43:52.381314+00:00 [queued]>
[2025-10-11T04:44:44.915+0000] {taskinstance.py:2076} INFO - Dependencies all met for dep_context=requeueable deps ti=<TaskInstance: pipeline_flow.load_ratings_to_gold manual__2025-10-11T04:43:52.381314+00:00 [queued]>
[2025-10-11T04:44:44.916+0000] {taskinstance.py:2306} INFO - Starting attempt 1 of 2
[2025-10-11T04:44:44.936+0000] {taskinstance.py:2330} INFO - Executing <Task(PythonOperator): load_ratings_to_gold> on 2025-10-11 04:43:52.381314+00:00
[2025-10-11T04:44:44.948+0000] {logging_mixin.py:188} WARNING - /home/***/.local/lib/python3.12/site-packages/***/task/task_runner/standard_task_runner.py:62 DeprecationWarning: This process (pid=7310) is multi-threaded, use of fork() may lead to deadlocks in the child.
[2025-10-11T04:44:44.950+0000] {standard_task_runner.py:64} INFO - Started process 7318 to run task
[2025-10-11T04:44:44.949+0000] {standard_task_runner.py:90} INFO - Running: ['***', 'tasks', 'run', 'pipeline_flow', 'load_ratings_to_gold', 'manual__2025-10-11T04:43:52.381314+00:00', '--job-id', '62', '--raw', '--subdir', 'DAGS_FOLDER/pipeline_dag.py', '--cfg-path', '/tmp/tmpnmgrygzc']
[2025-10-11T04:44:44.952+0000] {standard_task_runner.py:91} INFO - Job 62: Subtask load_ratings_to_gold
[2025-10-11T04:44:45.036+0000] {task_command.py:426} INFO - Running <TaskInstance: pipeline_flow.load_ratings_to_gold manual__2025-10-11T04:43:52.381314+00:00 [running]> on host 321597a50810
[2025-10-11T04:44:45.202+0000] {taskinstance.py:2648} INFO - Exporting env vars: AIRFLOW_CTX_DAG_EMAIL='oluwaseyiogundimu10@gmail.com' AIRFLOW_CTX_DAG_OWNER='seyi' AIRFLOW_CTX_DAG_ID='pipeline_flow' AIRFLOW_CTX_TASK_ID='load_ratings_to_gold' AIRFLOW_CTX_EXECUTION_DATE='2025-10-11T04:43:52.381314+00:00' AIRFLOW_CTX_TRY_NUMBER='1' AIRFLOW_CTX_DAG_RUN_ID='manual__2025-10-11T04:43:52.381314+00:00'
[2025-10-11T04:44:45.205+0000] {taskinstance.py:430} INFO - ::endgroup::
[2025-10-11T04:44:45.374+0000] {s3_client.py:30} INFO - ✅ Successfully initialized S3 client.
[2025-10-11T04:44:45.376+0000] {read_bucket.py:26} INFO - Reading ratings/2025-10.csv from movie-pipeline-silver bucket.
[2025-10-11T04:44:46.178+0000] {read_bucket.py:36} ERROR - Error reading ratings/2025-10.csv from movie-pipeline-silver: An error occurred (NoSuchKey) when calling the GetObject operation: The specified key does not exist.
[2025-10-11T04:44:46.180+0000] {load.py:113} WARNING - Partition ratings/2025-10.csv not found. Skipping.
[2025-10-11T04:44:46.181+0000] {load.py:120} WARNING - No ratings data found in selected partitions. Skipping load.
[2025-10-11T04:44:46.183+0000] {python.py:237} INFO - Done. Returned value was: None
[2025-10-11T04:44:46.185+0000] {taskinstance.py:441} INFO - ::group::Post task execution logs
[2025-10-11T04:44:46.200+0000] {taskinstance.py:1206} INFO - Marking task as SUCCESS. dag_id=pipeline_flow, task_id=load_ratings_to_gold, run_id=manual__2025-10-11T04:43:52.381314+00:00, execution_date=20251011T044352, start_date=20251011T044444, end_date=20251011T044446
[2025-10-11T04:44:46.253+0000] {local_task_job_runner.py:243} INFO - Task exited with return code 0
[2025-10-11T04:44:46.310+0000] {taskinstance.py:3503} INFO - 0 downstream tasks scheduled from follow-on schedule check
[2025-10-11T04:44:46.316+0000] {local_task_job_runner.py:222} INFO - ::endgroup::
