[2025-10-11T06:31:30.450+0000] {local_task_job_runner.py:120} INFO - ::group::Pre task execution logs
[2025-10-11T06:31:30.526+0000] {taskinstance.py:2076} INFO - Dependencies all met for dep_context=non-requeueable deps ti=<TaskInstance: pipeline_flow.check_users_freshness scheduled__2000-09-10T00:00:00+00:00 [queued]>
[2025-10-11T06:31:30.546+0000] {taskinstance.py:2076} INFO - Dependencies all met for dep_context=requeueable deps ti=<TaskInstance: pipeline_flow.check_users_freshness scheduled__2000-09-10T00:00:00+00:00 [queued]>
[2025-10-11T06:31:30.547+0000] {taskinstance.py:2306} INFO - Starting attempt 1 of 2
[2025-10-11T06:31:30.579+0000] {taskinstance.py:2330} INFO - Executing <Task(ShortCircuitOperator): check_users_freshness> on 2000-09-10 00:00:00+00:00
[2025-10-11T06:31:30.597+0000] {logging_mixin.py:188} WARNING - /home/***/.local/lib/python3.12/site-packages/***/task/task_runner/standard_task_runner.py:62 DeprecationWarning: This process (pid=13516) is multi-threaded, use of fork() may lead to deadlocks in the child.
[2025-10-11T06:31:30.599+0000] {standard_task_runner.py:64} INFO - Started process 13536 to run task
[2025-10-11T06:31:30.597+0000] {standard_task_runner.py:90} INFO - Running: ['***', 'tasks', 'run', 'pipeline_flow', 'check_users_freshness', 'scheduled__2000-09-10T00:00:00+00:00', '--job-id', '1770', '--raw', '--subdir', 'DAGS_FOLDER/pipeline_dag.py', '--cfg-path', '/tmp/tmp4hxka4i3']
[2025-10-11T06:31:30.601+0000] {standard_task_runner.py:91} INFO - Job 1770: Subtask check_users_freshness
[2025-10-11T06:31:30.751+0000] {task_command.py:426} INFO - Running <TaskInstance: pipeline_flow.check_users_freshness scheduled__2000-09-10T00:00:00+00:00 [running]> on host 321597a50810
[2025-10-11T06:31:31.116+0000] {taskinstance.py:2648} INFO - Exporting env vars: AIRFLOW_CTX_DAG_EMAIL='oluwaseyiogundimu10@gmail.com' AIRFLOW_CTX_DAG_OWNER='seyi' AIRFLOW_CTX_DAG_ID='pipeline_flow' AIRFLOW_CTX_TASK_ID='check_users_freshness' AIRFLOW_CTX_EXECUTION_DATE='2000-09-10T00:00:00+00:00' AIRFLOW_CTX_TRY_NUMBER='1' AIRFLOW_CTX_DAG_RUN_ID='scheduled__2000-09-10T00:00:00+00:00'
[2025-10-11T06:31:31.119+0000] {taskinstance.py:430} INFO - ::endgroup::
[2025-10-11T06:31:31.196+0000] {baseoperator.py:400} WARNING - ShortCircuitOperator.execute cannot be called outside TaskInstance!
[2025-10-11T06:31:31.505+0000] {s3_client.py:30} INFO - ✅ Successfully initialized S3 client.
[2025-10-11T06:31:32.549+0000] {logging_mixin.py:188} INFO - users.csv is fresh: 2025-10-11 06:31:30+00:00
[2025-10-11T06:31:32.550+0000] {python.py:237} INFO - Done. Returned value was: True
[2025-10-11T06:31:32.551+0000] {python.py:304} INFO - Condition result is True
[2025-10-11T06:31:32.552+0000] {python.py:307} INFO - Proceeding with downstream tasks...
[2025-10-11T06:31:32.553+0000] {taskinstance.py:441} INFO - ::group::Post task execution logs
[2025-10-11T06:31:32.595+0000] {taskinstance.py:1206} INFO - Marking task as SUCCESS. dag_id=pipeline_flow, task_id=check_users_freshness, run_id=scheduled__2000-09-10T00:00:00+00:00, execution_date=20000910T000000, start_date=20251011T063130, end_date=20251011T063132
[2025-10-11T06:31:32.648+0000] {local_task_job_runner.py:243} INFO - Task exited with return code 0
[2025-10-11T06:31:32.703+0000] {taskinstance.py:3503} INFO - 1 downstream tasks scheduled from follow-on schedule check
[2025-10-11T06:31:32.710+0000] {local_task_job_runner.py:222} INFO - ::endgroup::
