[2025-10-11T06:04:33.912+0000] {local_task_job_runner.py:120} INFO - ::group::Pre task execution logs
[2025-10-11T06:04:33.953+0000] {taskinstance.py:2076} INFO - Dependencies all met for dep_context=non-requeueable deps ti=<TaskInstance: pipeline_flow.load_ratings_to_gold scheduled__1998-02-22T00:00:00+00:00 [queued]>
[2025-10-11T06:04:33.968+0000] {taskinstance.py:2076} INFO - Dependencies all met for dep_context=requeueable deps ti=<TaskInstance: pipeline_flow.load_ratings_to_gold scheduled__1998-02-22T00:00:00+00:00 [queued]>
[2025-10-11T06:04:33.969+0000] {taskinstance.py:2306} INFO - Starting attempt 1 of 2
[2025-10-11T06:04:33.999+0000] {taskinstance.py:2330} INFO - Executing <Task(PythonOperator): load_ratings_to_gold> on 1998-02-22 00:00:00+00:00
[2025-10-11T06:04:34.014+0000] {logging_mixin.py:188} WARNING - /home/***/.local/lib/python3.12/site-packages/***/task/task_runner/standard_task_runner.py:62 DeprecationWarning: This process (pid=9129) is multi-threaded, use of fork() may lead to deadlocks in the child.
[2025-10-11T06:04:34.016+0000] {standard_task_runner.py:64} INFO - Started process 9138 to run task
[2025-10-11T06:04:34.015+0000] {standard_task_runner.py:90} INFO - Running: ['***', 'tasks', 'run', 'pipeline_flow', 'load_ratings_to_gold', 'scheduled__1998-02-22T00:00:00+00:00', '--job-id', '378', '--raw', '--subdir', 'DAGS_FOLDER/pipeline_dag.py', '--cfg-path', '/tmp/tmpvvqvdneb']
[2025-10-11T06:04:34.019+0000] {standard_task_runner.py:91} INFO - Job 378: Subtask load_ratings_to_gold
[2025-10-11T06:04:34.106+0000] {task_command.py:426} INFO - Running <TaskInstance: pipeline_flow.load_ratings_to_gold scheduled__1998-02-22T00:00:00+00:00 [running]> on host 321597a50810
[2025-10-11T06:04:34.265+0000] {taskinstance.py:2648} INFO - Exporting env vars: AIRFLOW_CTX_DAG_EMAIL='oluwaseyiogundimu10@gmail.com' AIRFLOW_CTX_DAG_OWNER='seyi' AIRFLOW_CTX_DAG_ID='pipeline_flow' AIRFLOW_CTX_TASK_ID='load_ratings_to_gold' AIRFLOW_CTX_EXECUTION_DATE='1998-02-22T00:00:00+00:00' AIRFLOW_CTX_TRY_NUMBER='1' AIRFLOW_CTX_DAG_RUN_ID='scheduled__1998-02-22T00:00:00+00:00'
[2025-10-11T06:04:34.267+0000] {taskinstance.py:430} INFO - ::endgroup::
[2025-10-11T06:04:34.459+0000] {s3_client.py:30} INFO - ✅ Successfully initialized S3 client.
[2025-10-11T06:04:34.461+0000] {read_bucket.py:26} INFO - Reading ratings/1998-03.csv from movie-pipeline-silver bucket.
[2025-10-11T06:04:36.691+0000] {read_bucket.py:32} INFO - Successfully read ratings/1998-03.csv into DataFrame. Shape: (4088, 4)
[2025-10-11T06:04:36.711+0000] {load.py:139} INFO - Weekly run: filtering 0 rating records from 1998-02-22 to 1998-03-01
[2025-10-11T06:04:36.714+0000] {silver_watermarks.py:25} INFO - Reading watermarks from s3..
[2025-10-11T06:04:36.945+0000] {load.py:149} INFO - Applying watermark filter for ratings..
[2025-10-11T06:04:36.947+0000] {load.py:161} WARNING - No valid/existing watermark for ratings. Proceeding without filter.
[2025-10-11T06:04:36.949+0000] {load.py:166} WARNING - No new ratings data to upload after watermark filtering. End
[2025-10-11T06:04:36.951+0000] {python.py:237} INFO - Done. Returned value was: None
[2025-10-11T06:04:36.952+0000] {taskinstance.py:441} INFO - ::group::Post task execution logs
[2025-10-11T06:04:36.973+0000] {taskinstance.py:1206} INFO - Marking task as SUCCESS. dag_id=pipeline_flow, task_id=load_ratings_to_gold, run_id=scheduled__1998-02-22T00:00:00+00:00, execution_date=19980222T000000, start_date=20251011T060433, end_date=20251011T060436
[2025-10-11T06:04:37.047+0000] {local_task_job_runner.py:243} INFO - Task exited with return code 0
[2025-10-11T06:04:37.088+0000] {taskinstance.py:3503} INFO - 0 downstream tasks scheduled from follow-on schedule check
[2025-10-11T06:04:37.092+0000] {local_task_job_runner.py:222} INFO - ::endgroup::
