[2025-10-11T06:27:36.009+0000] {local_task_job_runner.py:120} INFO - ::group::Pre task execution logs
[2025-10-11T06:27:36.055+0000] {taskinstance.py:2076} INFO - Dependencies all met for dep_context=non-requeueable deps ti=<TaskInstance: pipeline_flow.load_users_to_gold scheduled__2000-04-09T00:00:00+00:00 [queued]>
[2025-10-11T06:27:36.070+0000] {taskinstance.py:2076} INFO - Dependencies all met for dep_context=requeueable deps ti=<TaskInstance: pipeline_flow.load_users_to_gold scheduled__2000-04-09T00:00:00+00:00 [queued]>
[2025-10-11T06:27:36.072+0000] {taskinstance.py:2306} INFO - Starting attempt 1 of 2
[2025-10-11T06:27:36.095+0000] {taskinstance.py:2330} INFO - Executing <Task(PythonOperator): load_users_to_gold> on 2000-04-09 00:00:00+00:00
[2025-10-11T06:27:36.108+0000] {logging_mixin.py:188} WARNING - /home/***/.local/lib/python3.12/site-packages/***/task/task_runner/standard_task_runner.py:62 DeprecationWarning: This process (pid=12842) is multi-threaded, use of fork() may lead to deadlocks in the child.
[2025-10-11T06:27:36.110+0000] {standard_task_runner.py:64} INFO - Started process 12858 to run task
[2025-10-11T06:27:36.111+0000] {standard_task_runner.py:90} INFO - Running: ['***', 'tasks', 'run', 'pipeline_flow', 'load_users_to_gold', 'scheduled__2000-04-09T00:00:00+00:00', '--job-id', '1555', '--raw', '--subdir', 'DAGS_FOLDER/pipeline_dag.py', '--cfg-path', '/tmp/tmph0kq3r60']
[2025-10-11T06:27:36.115+0000] {standard_task_runner.py:91} INFO - Job 1555: Subtask load_users_to_gold
[2025-10-11T06:27:36.203+0000] {task_command.py:426} INFO - Running <TaskInstance: pipeline_flow.load_users_to_gold scheduled__2000-04-09T00:00:00+00:00 [running]> on host 321597a50810
[2025-10-11T06:27:36.390+0000] {taskinstance.py:2648} INFO - Exporting env vars: AIRFLOW_CTX_DAG_EMAIL='oluwaseyiogundimu10@gmail.com' AIRFLOW_CTX_DAG_OWNER='seyi' AIRFLOW_CTX_DAG_ID='pipeline_flow' AIRFLOW_CTX_TASK_ID='load_users_to_gold' AIRFLOW_CTX_EXECUTION_DATE='2000-04-09T00:00:00+00:00' AIRFLOW_CTX_TRY_NUMBER='1' AIRFLOW_CTX_DAG_RUN_ID='scheduled__2000-04-09T00:00:00+00:00'
[2025-10-11T06:27:36.393+0000] {taskinstance.py:430} INFO - ::endgroup::
[2025-10-11T06:27:36.681+0000] {s3_client.py:30} INFO - ✅ Successfully initialized S3 client.
[2025-10-11T06:27:36.683+0000] {read_bucket.py:26} INFO - Reading users.csv from movie-pipeline-silver bucket.
[2025-10-11T06:27:37.933+0000] {read_bucket.py:32} INFO - Successfully read users.csv into DataFrame. Shape: (943, 5)
[2025-10-11T06:27:37.937+0000] {load.py:203} INFO - Starting load for users..
[2025-10-11T06:27:37.939+0000] {connection.py:60} INFO - Writing stg_users to Postgres..
[2025-10-11T06:27:37.942+0000] {connection.py:22} INFO - Successfully connected to Postgres.
[2025-10-11T06:27:38.270+0000] {connection.py:66} INFO - Successfully inserted 943 records into stg_users.
[2025-10-11T06:27:38.272+0000] {connection.py:22} INFO - Successfully connected to Postgres.
[2025-10-11T06:27:38.403+0000] {load.py:213} INFO - User upsert complete. New and changed user records successfully processed.
[2025-10-11T06:27:38.411+0000] {silver_watermarks.py:25} INFO - Reading watermarks from s3..
[2025-10-11T06:27:38.666+0000] {silver_watermarks.py:55} INFO - Updating watermarks in S3...
[2025-10-11T06:27:39.328+0000] {silver_watermarks.py:72} INFO - Watermarks updated successfully in S3.
[2025-10-11T06:27:39.330+0000] {python.py:237} INFO - Done. Returned value was: None
[2025-10-11T06:27:39.331+0000] {taskinstance.py:441} INFO - ::group::Post task execution logs
[2025-10-11T06:27:39.348+0000] {taskinstance.py:1206} INFO - Marking task as SUCCESS. dag_id=pipeline_flow, task_id=load_users_to_gold, run_id=scheduled__2000-04-09T00:00:00+00:00, execution_date=20000409T000000, start_date=20251011T062736, end_date=20251011T062739
[2025-10-11T06:27:39.384+0000] {local_task_job_runner.py:243} INFO - Task exited with return code 0
[2025-10-11T06:27:39.424+0000] {taskinstance.py:3503} INFO - 0 downstream tasks scheduled from follow-on schedule check
[2025-10-11T06:27:39.428+0000] {local_task_job_runner.py:222} INFO - ::endgroup::
