[2025-10-11T06:04:05.039+0000] {local_task_job_runner.py:120} INFO - ::group::Pre task execution logs
[2025-10-11T06:04:05.089+0000] {taskinstance.py:2076} INFO - Dependencies all met for dep_context=non-requeueable deps ti=<TaskInstance: pipeline_flow.load_ratings_to_gold scheduled__1998-02-08T00:00:00+00:00 [queued]>
[2025-10-11T06:04:05.102+0000] {taskinstance.py:2076} INFO - Dependencies all met for dep_context=requeueable deps ti=<TaskInstance: pipeline_flow.load_ratings_to_gold scheduled__1998-02-08T00:00:00+00:00 [queued]>
[2025-10-11T06:04:05.104+0000] {taskinstance.py:2306} INFO - Starting attempt 1 of 2
[2025-10-11T06:04:05.121+0000] {taskinstance.py:2330} INFO - Executing <Task(PythonOperator): load_ratings_to_gold> on 1998-02-08 00:00:00+00:00
[2025-10-11T06:04:05.133+0000] {logging_mixin.py:188} WARNING - /home/***/.local/lib/python3.12/site-packages/***/task/task_runner/standard_task_runner.py:62 DeprecationWarning: This process (pid=8999) is multi-threaded, use of fork() may lead to deadlocks in the child.
[2025-10-11T06:04:05.135+0000] {standard_task_runner.py:64} INFO - Started process 9007 to run task
[2025-10-11T06:04:05.133+0000] {standard_task_runner.py:90} INFO - Running: ['***', 'tasks', 'run', 'pipeline_flow', 'load_ratings_to_gold', 'scheduled__1998-02-08T00:00:00+00:00', '--job-id', '337', '--raw', '--subdir', 'DAGS_FOLDER/pipeline_dag.py', '--cfg-path', '/tmp/tmpyljzfer8']
[2025-10-11T06:04:05.137+0000] {standard_task_runner.py:91} INFO - Job 337: Subtask load_ratings_to_gold
[2025-10-11T06:04:05.218+0000] {task_command.py:426} INFO - Running <TaskInstance: pipeline_flow.load_ratings_to_gold scheduled__1998-02-08T00:00:00+00:00 [running]> on host 321597a50810
[2025-10-11T06:04:05.367+0000] {taskinstance.py:2648} INFO - Exporting env vars: AIRFLOW_CTX_DAG_EMAIL='oluwaseyiogundimu10@gmail.com' AIRFLOW_CTX_DAG_OWNER='seyi' AIRFLOW_CTX_DAG_ID='pipeline_flow' AIRFLOW_CTX_TASK_ID='load_ratings_to_gold' AIRFLOW_CTX_EXECUTION_DATE='1998-02-08T00:00:00+00:00' AIRFLOW_CTX_TRY_NUMBER='1' AIRFLOW_CTX_DAG_RUN_ID='scheduled__1998-02-08T00:00:00+00:00'
[2025-10-11T06:04:05.369+0000] {taskinstance.py:430} INFO - ::endgroup::
[2025-10-11T06:04:05.549+0000] {s3_client.py:30} INFO - ✅ Successfully initialized S3 client.
[2025-10-11T06:04:05.551+0000] {read_bucket.py:26} INFO - Reading ratings/1998-02.csv from movie-pipeline-silver bucket.
[2025-10-11T06:04:07.642+0000] {read_bucket.py:32} INFO - Successfully read ratings/1998-02.csv into DataFrame. Shape: (6799, 4)
[2025-10-11T06:04:07.663+0000] {load.py:139} INFO - Weekly run: filtering 0 rating records from 1998-02-08 to 1998-02-15
[2025-10-11T06:04:07.666+0000] {silver_watermarks.py:25} INFO - Reading watermarks from s3..
[2025-10-11T06:04:07.971+0000] {load.py:149} INFO - Applying watermark filter for ratings..
[2025-10-11T06:04:07.975+0000] {load.py:161} WARNING - No valid/existing watermark for ratings. Proceeding without filter.
[2025-10-11T06:04:07.976+0000] {load.py:166} WARNING - No new ratings data to upload after watermark filtering. End
[2025-10-11T06:04:07.978+0000] {python.py:237} INFO - Done. Returned value was: None
[2025-10-11T06:04:07.979+0000] {taskinstance.py:441} INFO - ::group::Post task execution logs
[2025-10-11T06:04:08.000+0000] {taskinstance.py:1206} INFO - Marking task as SUCCESS. dag_id=pipeline_flow, task_id=load_ratings_to_gold, run_id=scheduled__1998-02-08T00:00:00+00:00, execution_date=19980208T000000, start_date=20251011T060405, end_date=20251011T060408
[2025-10-11T06:04:08.045+0000] {local_task_job_runner.py:243} INFO - Task exited with return code 0
[2025-10-11T06:04:08.093+0000] {taskinstance.py:3503} INFO - 0 downstream tasks scheduled from follow-on schedule check
[2025-10-11T06:04:08.102+0000] {local_task_job_runner.py:222} INFO - ::endgroup::
