[2025-10-11T06:20:01.582+0000] {local_task_job_runner.py:120} INFO - ::group::Pre task execution logs
[2025-10-11T06:20:01.619+0000] {taskinstance.py:2076} INFO - Dependencies all met for dep_context=non-requeueable deps ti=<TaskInstance: pipeline_flow.load_movies_to_gold scheduled__1998-10-18T00:00:00+00:00 [queued]>
[2025-10-11T06:20:01.629+0000] {taskinstance.py:2076} INFO - Dependencies all met for dep_context=requeueable deps ti=<TaskInstance: pipeline_flow.load_movies_to_gold scheduled__1998-10-18T00:00:00+00:00 [queued]>
[2025-10-11T06:20:01.630+0000] {taskinstance.py:2306} INFO - Starting attempt 2 of 2
[2025-10-11T06:20:01.645+0000] {taskinstance.py:2330} INFO - Executing <Task(PythonOperator): load_movies_to_gold> on 1998-10-18 00:00:00+00:00
[2025-10-11T06:20:01.656+0000] {logging_mixin.py:188} WARNING - /home/***/.local/lib/python3.12/site-packages/***/task/task_runner/standard_task_runner.py:62 DeprecationWarning: This process (pid=11718) is multi-threaded, use of fork() may lead to deadlocks in the child.
[2025-10-11T06:20:01.657+0000] {standard_task_runner.py:64} INFO - Started process 11720 to run task
[2025-10-11T06:20:01.656+0000] {standard_task_runner.py:90} INFO - Running: ['***', 'tasks', 'run', 'pipeline_flow', 'load_movies_to_gold', 'scheduled__1998-10-18T00:00:00+00:00', '--job-id', '1198', '--raw', '--subdir', 'DAGS_FOLDER/pipeline_dag.py', '--cfg-path', '/tmp/tmpz3fka30k']
[2025-10-11T06:20:01.659+0000] {standard_task_runner.py:91} INFO - Job 1198: Subtask load_movies_to_gold
[2025-10-11T06:20:01.724+0000] {task_command.py:426} INFO - Running <TaskInstance: pipeline_flow.load_movies_to_gold scheduled__1998-10-18T00:00:00+00:00 [running]> on host 321597a50810
[2025-10-11T06:20:01.839+0000] {taskinstance.py:2648} INFO - Exporting env vars: AIRFLOW_CTX_DAG_EMAIL='oluwaseyiogundimu10@gmail.com' AIRFLOW_CTX_DAG_OWNER='seyi' AIRFLOW_CTX_DAG_ID='pipeline_flow' AIRFLOW_CTX_TASK_ID='load_movies_to_gold' AIRFLOW_CTX_EXECUTION_DATE='1998-10-18T00:00:00+00:00' AIRFLOW_CTX_TRY_NUMBER='2' AIRFLOW_CTX_DAG_RUN_ID='scheduled__1998-10-18T00:00:00+00:00'
[2025-10-11T06:20:01.840+0000] {taskinstance.py:430} INFO - ::endgroup::
[2025-10-11T06:20:01.982+0000] {s3_client.py:30} INFO - ✅ Successfully initialized S3 client.
[2025-10-11T06:20:01.984+0000] {read_bucket.py:26} INFO - Reading movies.csv from movie-pipeline-silver bucket.
[2025-10-11T06:20:03.849+0000] {read_bucket.py:32} INFO - Successfully read movies.csv into DataFrame. Shape: (1604, 5)
[2025-10-11T06:20:03.861+0000] {connection.py:60} INFO - Writing stg_movies to Postgres..
[2025-10-11T06:20:03.862+0000] {connection.py:22} INFO - Successfully connected to Postgres.
[2025-10-11T06:20:04.130+0000] {connection.py:66} INFO - Successfully inserted 1604 records into stg_movies.
[2025-10-11T06:20:04.132+0000] {connection.py:22} INFO - Successfully connected to Postgres.
[2025-10-11T06:20:04.216+0000] {load.py:58} INFO - Upsert complete. New records successfully loaded
[2025-10-11T06:20:04.221+0000] {silver_watermarks.py:25} INFO - Reading watermarks from s3..
[2025-10-11T06:20:04.449+0000] {silver_watermarks.py:55} INFO - Updating watermarks in S3...
[2025-10-11T06:20:04.892+0000] {silver_watermarks.py:72} INFO - Watermarks updated successfully in S3.
[2025-10-11T06:20:04.894+0000] {python.py:237} INFO - Done. Returned value was: None
[2025-10-11T06:20:04.896+0000] {taskinstance.py:441} INFO - ::group::Post task execution logs
[2025-10-11T06:20:04.908+0000] {taskinstance.py:1206} INFO - Marking task as SUCCESS. dag_id=pipeline_flow, task_id=load_movies_to_gold, run_id=scheduled__1998-10-18T00:00:00+00:00, execution_date=19981018T000000, start_date=20251011T062001, end_date=20251011T062004
[2025-10-11T06:20:04.967+0000] {local_task_job_runner.py:243} INFO - Task exited with return code 0
[2025-10-11T06:20:04.998+0000] {taskinstance.py:3503} INFO - 0 downstream tasks scheduled from follow-on schedule check
[2025-10-11T06:20:05.004+0000] {local_task_job_runner.py:222} INFO - ::endgroup::
