[2025-10-09T10:57:37.150+0000] {local_task_job_runner.py:120} INFO - ::group::Pre task execution logs
[2025-10-09T10:57:37.222+0000] {taskinstance.py:2076} INFO - Dependencies all met for dep_context=non-requeueable deps ti=<TaskInstance: pipeline_flow.check_movie_freshness manual__2025-10-09T10:56:57.007831+00:00 [queued]>
[2025-10-09T10:57:37.243+0000] {taskinstance.py:2076} INFO - Dependencies all met for dep_context=requeueable deps ti=<TaskInstance: pipeline_flow.check_movie_freshness manual__2025-10-09T10:56:57.007831+00:00 [queued]>
[2025-10-09T10:57:37.245+0000] {taskinstance.py:2306} INFO - Starting attempt 1 of 2
[2025-10-09T10:57:37.275+0000] {taskinstance.py:2330} INFO - Executing <Task(ShortCircuitOperator): check_movie_freshness> on 2025-10-09 10:56:57.007831+00:00
[2025-10-09T10:57:37.292+0000] {logging_mixin.py:188} WARNING - /home/***/.local/lib/python3.12/site-packages/***/task/task_runner/standard_task_runner.py:62 DeprecationWarning: This process (pid=222) is multi-threaded, use of fork() may lead to deadlocks in the child.
[2025-10-09T10:57:37.295+0000] {standard_task_runner.py:64} INFO - Started process 228 to run task
[2025-10-09T10:57:37.291+0000] {standard_task_runner.py:90} INFO - Running: ['***', 'tasks', 'run', 'pipeline_flow', 'check_movie_freshness', 'manual__2025-10-09T10:56:57.007831+00:00', '--job-id', '11', '--raw', '--subdir', 'DAGS_FOLDER/pipeline_dag.py', '--cfg-path', '/tmp/tmpa0j5903i']
[2025-10-09T10:57:37.297+0000] {standard_task_runner.py:91} INFO - Job 11: Subtask check_movie_freshness
[2025-10-09T10:57:37.423+0000] {task_command.py:426} INFO - Running <TaskInstance: pipeline_flow.check_movie_freshness manual__2025-10-09T10:56:57.007831+00:00 [running]> on host 321597a50810
[2025-10-09T10:57:37.677+0000] {taskinstance.py:2648} INFO - Exporting env vars: AIRFLOW_CTX_DAG_EMAIL='oluwaseyiogundimu10@gmail.com' AIRFLOW_CTX_DAG_OWNER='seyi' AIRFLOW_CTX_DAG_ID='pipeline_flow' AIRFLOW_CTX_TASK_ID='check_movie_freshness' AIRFLOW_CTX_EXECUTION_DATE='2025-10-09T10:56:57.007831+00:00' AIRFLOW_CTX_TRY_NUMBER='1' AIRFLOW_CTX_DAG_RUN_ID='manual__2025-10-09T10:56:57.007831+00:00'
[2025-10-09T10:57:37.680+0000] {taskinstance.py:430} INFO - ::endgroup::
[2025-10-09T10:57:37.709+0000] {baseoperator.py:400} WARNING - ShortCircuitOperator.execute cannot be called outside TaskInstance!
[2025-10-09T10:57:37.730+0000] {s3_client.py:23} INFO - Successfully initialized S3 client.
[2025-10-09T10:57:38.604+0000] {logging_mixin.py:188} INFO - movies.csv is fresh: 2025-10-09 10:57:27+00:00
[2025-10-09T10:57:38.608+0000] {python.py:237} INFO - Done. Returned value was: None
[2025-10-09T10:57:38.612+0000] {python.py:304} INFO - Condition result is None
[2025-10-09T10:57:38.613+0000] {python.py:331} INFO - Skipping downstream tasks
[2025-10-09T10:57:38.658+0000] {python.py:339} INFO - Done.
[2025-10-09T10:57:38.659+0000] {taskinstance.py:441} INFO - ::group::Post task execution logs
[2025-10-09T10:57:38.674+0000] {taskinstance.py:1206} INFO - Marking task as SUCCESS. dag_id=pipeline_flow, task_id=check_movie_freshness, run_id=manual__2025-10-09T10:56:57.007831+00:00, execution_date=20251009T105657, start_date=20251009T105737, end_date=20251009T105738
[2025-10-09T10:57:38.720+0000] {local_task_job_runner.py:243} INFO - Task exited with return code 0
[2025-10-09T10:57:38.735+0000] {local_task_job_runner.py:222} INFO - ::endgroup::
