[2025-10-11T06:22:41.458+0000] {local_task_job_runner.py:120} INFO - ::group::Pre task execution logs
[2025-10-11T06:22:41.550+0000] {taskinstance.py:2076} INFO - Dependencies all met for dep_context=non-requeueable deps ti=<TaskInstance: pipeline_flow.load_movies_to_gold scheduled__1999-12-05T00:00:00+00:00 [queued]>
[2025-10-11T06:22:41.572+0000] {taskinstance.py:2076} INFO - Dependencies all met for dep_context=requeueable deps ti=<TaskInstance: pipeline_flow.load_movies_to_gold scheduled__1999-12-05T00:00:00+00:00 [queued]>
[2025-10-11T06:22:41.574+0000] {taskinstance.py:2306} INFO - Starting attempt 1 of 2
[2025-10-11T06:22:41.600+0000] {taskinstance.py:2330} INFO - Executing <Task(PythonOperator): load_movies_to_gold> on 1999-12-05 00:00:00+00:00
[2025-10-11T06:22:41.620+0000] {logging_mixin.py:188} WARNING - /home/***/.local/lib/python3.12/site-packages/***/task/task_runner/standard_task_runner.py:62 DeprecationWarning: This process (pid=12078) is multi-threaded, use of fork() may lead to deadlocks in the child.
[2025-10-11T06:22:41.623+0000] {standard_task_runner.py:64} INFO - Started process 12093 to run task
[2025-10-11T06:22:41.621+0000] {standard_task_runner.py:90} INFO - Running: ['***', 'tasks', 'run', 'pipeline_flow', 'load_movies_to_gold', 'scheduled__1999-12-05T00:00:00+00:00', '--job-id', '1312', '--raw', '--subdir', 'DAGS_FOLDER/pipeline_dag.py', '--cfg-path', '/tmp/tmp5brl9z8o']
[2025-10-11T06:22:41.626+0000] {standard_task_runner.py:91} INFO - Job 1312: Subtask load_movies_to_gold
[2025-10-11T06:22:41.761+0000] {task_command.py:426} INFO - Running <TaskInstance: pipeline_flow.load_movies_to_gold scheduled__1999-12-05T00:00:00+00:00 [running]> on host 321597a50810
[2025-10-11T06:22:41.981+0000] {taskinstance.py:2648} INFO - Exporting env vars: AIRFLOW_CTX_DAG_EMAIL='oluwaseyiogundimu10@gmail.com' AIRFLOW_CTX_DAG_OWNER='seyi' AIRFLOW_CTX_DAG_ID='pipeline_flow' AIRFLOW_CTX_TASK_ID='load_movies_to_gold' AIRFLOW_CTX_EXECUTION_DATE='1999-12-05T00:00:00+00:00' AIRFLOW_CTX_TRY_NUMBER='1' AIRFLOW_CTX_DAG_RUN_ID='scheduled__1999-12-05T00:00:00+00:00'
[2025-10-11T06:22:41.984+0000] {taskinstance.py:430} INFO - ::endgroup::
[2025-10-11T06:22:42.280+0000] {s3_client.py:30} INFO - ✅ Successfully initialized S3 client.
[2025-10-11T06:22:42.282+0000] {read_bucket.py:26} INFO - Reading movies.csv from movie-pipeline-silver bucket.
[2025-10-11T06:22:45.903+0000] {read_bucket.py:32} INFO - Successfully read movies.csv into DataFrame. Shape: (1604, 5)
[2025-10-11T06:22:45.919+0000] {connection.py:60} INFO - Writing stg_movies to Postgres..
[2025-10-11T06:22:45.921+0000] {connection.py:22} INFO - Successfully connected to Postgres.
[2025-10-11T06:22:46.293+0000] {connection.py:66} INFO - Successfully inserted 1604 records into stg_movies.
[2025-10-11T06:22:46.295+0000] {connection.py:22} INFO - Successfully connected to Postgres.
[2025-10-11T06:22:46.412+0000] {load.py:58} INFO - Upsert complete. New records successfully loaded
[2025-10-11T06:22:46.419+0000] {silver_watermarks.py:25} INFO - Reading watermarks from s3..
[2025-10-11T06:22:46.698+0000] {silver_watermarks.py:55} INFO - Updating watermarks in S3...
[2025-10-11T06:22:47.177+0000] {silver_watermarks.py:72} INFO - Watermarks updated successfully in S3.
[2025-10-11T06:22:47.180+0000] {python.py:237} INFO - Done. Returned value was: None
[2025-10-11T06:22:47.181+0000] {taskinstance.py:441} INFO - ::group::Post task execution logs
[2025-10-11T06:22:47.199+0000] {taskinstance.py:1206} INFO - Marking task as SUCCESS. dag_id=pipeline_flow, task_id=load_movies_to_gold, run_id=scheduled__1999-12-05T00:00:00+00:00, execution_date=19991205T000000, start_date=20251011T062241, end_date=20251011T062247
[2025-10-11T06:22:47.360+0000] {local_task_job_runner.py:243} INFO - Task exited with return code 0
[2025-10-11T06:22:47.398+0000] {taskinstance.py:3503} INFO - 0 downstream tasks scheduled from follow-on schedule check
[2025-10-11T06:22:47.405+0000] {local_task_job_runner.py:222} INFO - ::endgroup::
