[2025-10-11T06:10:22.189+0000] {local_task_job_runner.py:120} INFO - ::group::Pre task execution logs
[2025-10-11T06:10:22.250+0000] {taskinstance.py:2076} INFO - Dependencies all met for dep_context=non-requeueable deps ti=<TaskInstance: pipeline_flow.check_create_stg_tables scheduled__1999-01-31T00:00:00+00:00 [queued]>
[2025-10-11T06:10:22.265+0000] {taskinstance.py:2076} INFO - Dependencies all met for dep_context=requeueable deps ti=<TaskInstance: pipeline_flow.check_create_stg_tables scheduled__1999-01-31T00:00:00+00:00 [queued]>
[2025-10-11T06:10:22.267+0000] {taskinstance.py:2306} INFO - Starting attempt 1 of 2
[2025-10-11T06:10:22.287+0000] {taskinstance.py:2330} INFO - Executing <Task(PythonOperator): check_create_stg_tables> on 1999-01-31 00:00:00+00:00
[2025-10-11T06:10:22.302+0000] {logging_mixin.py:188} WARNING - /home/***/.local/lib/python3.12/site-packages/***/task/task_runner/standard_task_runner.py:62 DeprecationWarning: This process (pid=10606) is multi-threaded, use of fork() may lead to deadlocks in the child.
[2025-10-11T06:10:22.305+0000] {standard_task_runner.py:64} INFO - Started process 10619 to run task
[2025-10-11T06:10:22.303+0000] {standard_task_runner.py:90} INFO - Running: ['***', 'tasks', 'run', 'pipeline_flow', 'check_create_stg_tables', 'scheduled__1999-01-31T00:00:00+00:00', '--job-id', '855', '--raw', '--subdir', 'DAGS_FOLDER/pipeline_dag.py', '--cfg-path', '/tmp/tmpmy4aqmfr']
[2025-10-11T06:10:22.308+0000] {standard_task_runner.py:91} INFO - Job 855: Subtask check_create_stg_tables
[2025-10-11T06:10:22.396+0000] {task_command.py:426} INFO - Running <TaskInstance: pipeline_flow.check_create_stg_tables scheduled__1999-01-31T00:00:00+00:00 [running]> on host 321597a50810
[2025-10-11T06:10:22.581+0000] {taskinstance.py:2648} INFO - Exporting env vars: AIRFLOW_CTX_DAG_EMAIL='oluwaseyiogundimu10@gmail.com' AIRFLOW_CTX_DAG_OWNER='seyi' AIRFLOW_CTX_DAG_ID='pipeline_flow' AIRFLOW_CTX_TASK_ID='check_create_stg_tables' AIRFLOW_CTX_EXECUTION_DATE='1999-01-31T00:00:00+00:00' AIRFLOW_CTX_TRY_NUMBER='1' AIRFLOW_CTX_DAG_RUN_ID='scheduled__1999-01-31T00:00:00+00:00'
[2025-10-11T06:10:22.583+0000] {taskinstance.py:430} INFO - ::endgroup::
[2025-10-11T06:10:22.609+0000] {connection.py:22} INFO - Successfully connected to Postgres.
[2025-10-11T06:10:22.712+0000] {connection.py:43} INFO - Table 'stg_users' in Postgres.
[2025-10-11T06:10:22.714+0000] {connection.py:22} INFO - Successfully connected to Postgres.
[2025-10-11T06:10:22.829+0000] {connection.py:43} INFO - Table 'users' in Postgres.
[2025-10-11T06:10:22.831+0000] {connection.py:22} INFO - Successfully connected to Postgres.
[2025-10-11T06:10:22.948+0000] {connection.py:43} INFO - Table 'stg_movies' in Postgres.
[2025-10-11T06:10:22.950+0000] {connection.py:22} INFO - Successfully connected to Postgres.
[2025-10-11T06:10:23.072+0000] {connection.py:43} INFO - Table 'movies' in Postgres.
[2025-10-11T06:10:23.075+0000] {connection.py:22} INFO - Successfully connected to Postgres.
[2025-10-11T06:10:23.203+0000] {connection.py:43} INFO - Table 'stg_ratings' in Postgres.
[2025-10-11T06:10:23.206+0000] {connection.py:22} INFO - Successfully connected to Postgres.
[2025-10-11T06:10:23.326+0000] {connection.py:43} INFO - Table 'ratings' in Postgres.
[2025-10-11T06:10:23.327+0000] {load.py:32} INFO - Tables exist.
[2025-10-11T06:10:23.330+0000] {python.py:237} INFO - Done. Returned value was: None
[2025-10-11T06:10:23.331+0000] {taskinstance.py:441} INFO - ::group::Post task execution logs
[2025-10-11T06:10:23.364+0000] {taskinstance.py:1206} INFO - Marking task as SUCCESS. dag_id=pipeline_flow, task_id=check_create_stg_tables, run_id=scheduled__1999-01-31T00:00:00+00:00, execution_date=19990131T000000, start_date=20251011T061022, end_date=20251011T061023
[2025-10-11T06:10:23.526+0000] {local_task_job_runner.py:243} INFO - Task exited with return code 0
[2025-10-11T06:10:23.613+0000] {taskinstance.py:3503} INFO - 3 downstream tasks scheduled from follow-on schedule check
[2025-10-11T06:10:23.617+0000] {local_task_job_runner.py:222} INFO - ::endgroup::
