[2025-10-09T11:31:47.768+0000] {local_task_job_runner.py:120} INFO - ::group::Pre task execution logs
[2025-10-09T11:31:47.825+0000] {taskinstance.py:2076} INFO - Dependencies all met for dep_context=non-requeueable deps ti=<TaskInstance: pipeline_flow.load_users manual__2025-10-09T11:31:11.456760+00:00 [queued]>
[2025-10-09T11:31:47.841+0000] {taskinstance.py:2076} INFO - Dependencies all met for dep_context=requeueable deps ti=<TaskInstance: pipeline_flow.load_users manual__2025-10-09T11:31:11.456760+00:00 [queued]>
[2025-10-09T11:31:47.843+0000] {taskinstance.py:2306} INFO - Starting attempt 1 of 2
[2025-10-09T11:31:47.865+0000] {taskinstance.py:2330} INFO - Executing <Task(PythonOperator): load_users> on 2025-10-09 11:31:11.456760+00:00
[2025-10-09T11:31:47.882+0000] {logging_mixin.py:188} WARNING - /home/***/.local/lib/python3.12/site-packages/***/task/task_runner/standard_task_runner.py:62 DeprecationWarning: This process (pid=628) is multi-threaded, use of fork() may lead to deadlocks in the child.
[2025-10-09T11:31:47.889+0000] {standard_task_runner.py:64} INFO - Started process 634 to run task
[2025-10-09T11:31:47.882+0000] {standard_task_runner.py:90} INFO - Running: ['***', 'tasks', 'run', 'pipeline_flow', 'load_users', 'manual__2025-10-09T11:31:11.456760+00:00', '--job-id', '18', '--raw', '--subdir', 'DAGS_FOLDER/pipeline_dag.py', '--cfg-path', '/tmp/tmp4gce4462']
[2025-10-09T11:31:47.891+0000] {standard_task_runner.py:91} INFO - Job 18: Subtask load_users
[2025-10-09T11:31:48.017+0000] {task_command.py:426} INFO - Running <TaskInstance: pipeline_flow.load_users manual__2025-10-09T11:31:11.456760+00:00 [running]> on host 321597a50810
[2025-10-09T11:31:48.174+0000] {taskinstance.py:2648} INFO - Exporting env vars: AIRFLOW_CTX_DAG_EMAIL='oluwaseyiogundimu10@gmail.com' AIRFLOW_CTX_DAG_OWNER='seyi' AIRFLOW_CTX_DAG_ID='pipeline_flow' AIRFLOW_CTX_TASK_ID='load_users' AIRFLOW_CTX_EXECUTION_DATE='2025-10-09T11:31:11.456760+00:00' AIRFLOW_CTX_TRY_NUMBER='1' AIRFLOW_CTX_DAG_RUN_ID='manual__2025-10-09T11:31:11.456760+00:00'
[2025-10-09T11:31:48.177+0000] {taskinstance.py:430} INFO - ::endgroup::
[2025-10-09T11:31:48.205+0000] {read_write_buckets.py:26} INFO - Reading users.csv from movie-pipeline-bronze bucket.
[2025-10-09T11:31:49.382+0000] {read_write_buckets.py:34} INFO - Successfully read users.csv into DataFrame. Shape: (943, 5)
[2025-10-09T11:31:49.385+0000] {transform.py:176} INFO - Starting transformations for users..
[2025-10-09T11:31:49.429+0000] {transform.py:193} INFO - Users data cleaned with 943 records
[2025-10-09T11:31:49.431+0000] {read_write_buckets.py:60} INFO - Writing users.csv to movie-pipeline-silver bucket.
[2025-10-09T11:31:51.414+0000] {read_write_buckets.py:72} INFO - Successfully wrote users.csv to Silver bucket.
[2025-10-09T11:31:51.422+0000] {watermarks.py:47} INFO - Updating watermarks in S3...
[2025-10-09T11:31:51.426+0000] {watermarks.py:24} INFO - Reading watermarks from S3 Bronze bucket...
[2025-10-09T11:31:52.346+0000] {watermarks.py:29} INFO - Successfully read existing watermarks.
[2025-10-09T11:31:52.837+0000] {watermarks.py:71} INFO - Watermarks updated successfully in S3.
[2025-10-09T11:31:52.842+0000] {python.py:237} INFO - Done. Returned value was: None
[2025-10-09T11:31:52.844+0000] {taskinstance.py:441} INFO - ::group::Post task execution logs
[2025-10-09T11:31:52.873+0000] {taskinstance.py:1206} INFO - Marking task as SUCCESS. dag_id=pipeline_flow, task_id=load_users, run_id=manual__2025-10-09T11:31:11.456760+00:00, execution_date=20251009T113111, start_date=20251009T113147, end_date=20251009T113152
[2025-10-09T11:31:52.948+0000] {local_task_job_runner.py:243} INFO - Task exited with return code 0
[2025-10-09T11:31:52.991+0000] {taskinstance.py:3503} INFO - 0 downstream tasks scheduled from follow-on schedule check
[2025-10-09T11:31:52.996+0000] {local_task_job_runner.py:222} INFO - ::endgroup::
