[2025-10-11T06:21:59.798+0000] {local_task_job_runner.py:120} INFO - ::group::Pre task execution logs
[2025-10-11T06:21:59.859+0000] {taskinstance.py:2076} INFO - Dependencies all met for dep_context=non-requeueable deps ti=<TaskInstance: pipeline_flow.check_movie_freshness scheduled__1999-11-21T00:00:00+00:00 [queued]>
[2025-10-11T06:21:59.870+0000] {taskinstance.py:2076} INFO - Dependencies all met for dep_context=requeueable deps ti=<TaskInstance: pipeline_flow.check_movie_freshness scheduled__1999-11-21T00:00:00+00:00 [queued]>
[2025-10-11T06:21:59.872+0000] {taskinstance.py:2306} INFO - Starting attempt 1 of 2
[2025-10-11T06:21:59.890+0000] {taskinstance.py:2330} INFO - Executing <Task(ShortCircuitOperator): check_movie_freshness> on 1999-11-21 00:00:00+00:00
[2025-10-11T06:21:59.902+0000] {logging_mixin.py:188} WARNING - /home/***/.local/lib/python3.12/site-packages/***/task/task_runner/standard_task_runner.py:62 DeprecationWarning: This process (pid=11961) is multi-threaded, use of fork() may lead to deadlocks in the child.
[2025-10-11T06:21:59.904+0000] {standard_task_runner.py:64} INFO - Started process 11966 to run task
[2025-10-11T06:21:59.901+0000] {standard_task_runner.py:90} INFO - Running: ['***', 'tasks', 'run', 'pipeline_flow', 'check_movie_freshness', 'scheduled__1999-11-21T00:00:00+00:00', '--job-id', '1274', '--raw', '--subdir', 'DAGS_FOLDER/pipeline_dag.py', '--cfg-path', '/tmp/tmpkobbemiv']
[2025-10-11T06:21:59.905+0000] {standard_task_runner.py:91} INFO - Job 1274: Subtask check_movie_freshness
[2025-10-11T06:21:59.977+0000] {task_command.py:426} INFO - Running <TaskInstance: pipeline_flow.check_movie_freshness scheduled__1999-11-21T00:00:00+00:00 [running]> on host 321597a50810
[2025-10-11T06:22:00.141+0000] {taskinstance.py:2648} INFO - Exporting env vars: AIRFLOW_CTX_DAG_EMAIL='oluwaseyiogundimu10@gmail.com' AIRFLOW_CTX_DAG_OWNER='seyi' AIRFLOW_CTX_DAG_ID='pipeline_flow' AIRFLOW_CTX_TASK_ID='check_movie_freshness' AIRFLOW_CTX_EXECUTION_DATE='1999-11-21T00:00:00+00:00' AIRFLOW_CTX_TRY_NUMBER='1' AIRFLOW_CTX_DAG_RUN_ID='scheduled__1999-11-21T00:00:00+00:00'
[2025-10-11T06:22:00.143+0000] {taskinstance.py:430} INFO - ::endgroup::
[2025-10-11T06:22:00.167+0000] {baseoperator.py:400} WARNING - ShortCircuitOperator.execute cannot be called outside TaskInstance!
[2025-10-11T06:22:00.337+0000] {s3_client.py:30} INFO - ✅ Successfully initialized S3 client.
[2025-10-11T06:22:02.083+0000] {logging_mixin.py:188} INFO - movies.csv is fresh: 2025-10-11 06:21:57+00:00
[2025-10-11T06:22:02.084+0000] {python.py:237} INFO - Done. Returned value was: True
[2025-10-11T06:22:02.085+0000] {python.py:304} INFO - Condition result is True
[2025-10-11T06:22:02.086+0000] {python.py:307} INFO - Proceeding with downstream tasks...
[2025-10-11T06:22:02.086+0000] {taskinstance.py:441} INFO - ::group::Post task execution logs
[2025-10-11T06:22:02.123+0000] {taskinstance.py:1206} INFO - Marking task as SUCCESS. dag_id=pipeline_flow, task_id=check_movie_freshness, run_id=scheduled__1999-11-21T00:00:00+00:00, execution_date=19991121T000000, start_date=20251011T062159, end_date=20251011T062202
[2025-10-11T06:22:02.169+0000] {local_task_job_runner.py:243} INFO - Task exited with return code 0
[2025-10-11T06:22:02.187+0000] {local_task_job_runner.py:222} INFO - ::endgroup::
