[2025-10-11T06:16:43.028+0000] {local_task_job_runner.py:120} INFO - ::group::Pre task execution logs
[2025-10-11T06:16:43.058+0000] {taskinstance.py:2076} INFO - Dependencies all met for dep_context=non-requeueable deps ti=<TaskInstance: pipeline_flow.to_bronze scheduled__1999-08-01T00:00:00+00:00 [queued]>
[2025-10-11T06:16:43.065+0000] {taskinstance.py:2076} INFO - Dependencies all met for dep_context=requeueable deps ti=<TaskInstance: pipeline_flow.to_bronze scheduled__1999-08-01T00:00:00+00:00 [queued]>
[2025-10-11T06:16:43.067+0000] {taskinstance.py:2306} INFO - Starting attempt 1 of 2
[2025-10-11T06:16:43.083+0000] {taskinstance.py:2330} INFO - Executing <Task(PythonOperator): to_bronze> on 1999-08-01 00:00:00+00:00
[2025-10-11T06:16:43.090+0000] {logging_mixin.py:188} WARNING - /home/***/.local/lib/python3.12/site-packages/***/task/task_runner/standard_task_runner.py:62 DeprecationWarning: This process (pid=11381) is multi-threaded, use of fork() may lead to deadlocks in the child.
[2025-10-11T06:16:43.092+0000] {standard_task_runner.py:64} INFO - Started process 11383 to run task
[2025-10-11T06:16:43.091+0000] {standard_task_runner.py:90} INFO - Running: ['***', 'tasks', 'run', 'pipeline_flow', 'to_bronze', 'scheduled__1999-08-01T00:00:00+00:00', '--job-id', '1095', '--raw', '--subdir', 'DAGS_FOLDER/pipeline_dag.py', '--cfg-path', '/tmp/tmptvbipirp']
[2025-10-11T06:16:43.094+0000] {standard_task_runner.py:91} INFO - Job 1095: Subtask to_bronze
[2025-10-11T06:16:43.157+0000] {task_command.py:426} INFO - Running <TaskInstance: pipeline_flow.to_bronze scheduled__1999-08-01T00:00:00+00:00 [running]> on host 321597a50810
[2025-10-11T06:16:43.282+0000] {taskinstance.py:2648} INFO - Exporting env vars: AIRFLOW_CTX_DAG_EMAIL='oluwaseyiogundimu10@gmail.com' AIRFLOW_CTX_DAG_OWNER='seyi' AIRFLOW_CTX_DAG_ID='pipeline_flow' AIRFLOW_CTX_TASK_ID='to_bronze' AIRFLOW_CTX_EXECUTION_DATE='1999-08-01T00:00:00+00:00' AIRFLOW_CTX_TRY_NUMBER='1' AIRFLOW_CTX_DAG_RUN_ID='scheduled__1999-08-01T00:00:00+00:00'
[2025-10-11T06:16:43.285+0000] {taskinstance.py:430} INFO - ::endgroup::
[2025-10-11T06:16:43.301+0000] {orchestration.py:16} INFO - Starting Bronze layer data pipeline...
[2025-10-11T06:16:43.382+0000] {s3_client.py:30} INFO - ✅ Successfully initialized S3 client.
[2025-10-11T06:16:43.385+0000] {ingest.py:26} INFO - Reading movies...
[2025-10-11T06:16:45.757+0000] {ingest.py:31} INFO - Successfully read movies.
[2025-10-11T06:16:45.760+0000] {ingest.py:26} INFO - Reading ratings...
[2025-10-11T06:16:49.146+0000] {ingest.py:31} INFO - Successfully read ratings.
[2025-10-11T06:16:49.148+0000] {ingest.py:26} INFO - Reading users...
[2025-10-11T06:16:51.002+0000] {ingest.py:31} INFO - Successfully read users.
[2025-10-11T06:16:51.005+0000] {orchestration.py:24} INFO - Successfully ingested raw data.
[2025-10-11T06:16:51.008+0000] {validation.py:17} INFO - Validating columns for movies..
[2025-10-11T06:16:51.012+0000] {validation.py:32} INFO - successfully validated movies's columns.
[2025-10-11T06:16:51.015+0000] {validation.py:17} INFO - Validating columns for ratings..
[2025-10-11T06:16:51.018+0000] {validation.py:32} INFO - successfully validated ratings's columns.
[2025-10-11T06:16:51.021+0000] {validation.py:17} INFO - Validating columns for users..
[2025-10-11T06:16:51.025+0000] {validation.py:32} INFO - successfully validated users's columns.
[2025-10-11T06:16:51.035+0000] {validation.py:46} WARNING - movies has 4 missing values:
release_date    1
IMDb_URL        3
dtype: int64
[2025-10-11T06:16:51.042+0000] {validation.py:48} INFO - No missing values found in ratings.
[2025-10-11T06:16:51.047+0000] {validation.py:48} INFO - No missing values found in users.
[2025-10-11T06:16:51.049+0000] {orchestration.py:29} INFO - Data validation completed successfully.
[2025-10-11T06:16:51.838+0000] {s3_client.py:55} INFO - Bucket 'movie-pipeline-bronze' already exists.
[2025-10-11T06:16:51.841+0000] {upload.py:23} INFO - Starting movies upload to bronze bucket
[2025-10-11T06:16:51.852+0000] {upload.py:31} INFO - Uploading movies.csv to S3 bucket movie-pipeline-bronze
[2025-10-11T06:16:53.696+0000] {upload.py:40} INFO - Successfully uploaded movies.csv to S3 bucket movie-pipeline-bronze.
[2025-10-11T06:16:53.698+0000] {upload.py:23} INFO - Starting ratings upload to bronze bucket
[2025-10-11T06:16:53.854+0000] {upload.py:31} INFO - Uploading ratings.csv to S3 bucket movie-pipeline-bronze
[2025-10-11T06:17:06.032+0000] {upload.py:40} INFO - Successfully uploaded ratings.csv to S3 bucket movie-pipeline-bronze.
[2025-10-11T06:17:06.034+0000] {upload.py:23} INFO - Starting users upload to bronze bucket
[2025-10-11T06:17:06.040+0000] {upload.py:31} INFO - Uploading users.csv to S3 bucket movie-pipeline-bronze
[2025-10-11T06:17:06.551+0000] {upload.py:40} INFO - Successfully uploaded users.csv to S3 bucket movie-pipeline-bronze.
[2025-10-11T06:17:06.553+0000] {orchestration.py:36} INFO - Data successfully uploaded to Bronze S3 bucket.
[2025-10-11T06:17:06.555+0000] {orchestration.py:38} INFO - Bronze pipeline execution completed successfully!
[2025-10-11T06:17:06.557+0000] {python.py:237} INFO - Done. Returned value was: None
[2025-10-11T06:17:06.559+0000] {taskinstance.py:441} INFO - ::group::Post task execution logs
[2025-10-11T06:17:06.579+0000] {taskinstance.py:1206} INFO - Marking task as SUCCESS. dag_id=pipeline_flow, task_id=to_bronze, run_id=scheduled__1999-08-01T00:00:00+00:00, execution_date=19990801T000000, start_date=20251011T061643, end_date=20251011T061706
[2025-10-11T06:17:06.651+0000] {local_task_job_runner.py:243} INFO - Task exited with return code 0
[2025-10-11T06:17:06.669+0000] {local_task_job_runner.py:222} INFO - ::endgroup::
