[2025-10-11T06:20:22.848+0000] {local_task_job_runner.py:120} INFO - ::group::Pre task execution logs
[2025-10-11T06:20:22.893+0000] {taskinstance.py:2076} INFO - Dependencies all met for dep_context=non-requeueable deps ti=<TaskInstance: pipeline_flow.check_movie_freshness scheduled__1999-10-10T00:00:00+00:00 [queued]>
[2025-10-11T06:20:22.908+0000] {taskinstance.py:2076} INFO - Dependencies all met for dep_context=requeueable deps ti=<TaskInstance: pipeline_flow.check_movie_freshness scheduled__1999-10-10T00:00:00+00:00 [queued]>
[2025-10-11T06:20:22.911+0000] {taskinstance.py:2306} INFO - Starting attempt 1 of 2
[2025-10-11T06:20:22.931+0000] {taskinstance.py:2330} INFO - Executing <Task(ShortCircuitOperator): check_movie_freshness> on 1999-10-10 00:00:00+00:00
[2025-10-11T06:20:22.944+0000] {logging_mixin.py:188} WARNING - /home/***/.local/lib/python3.12/site-packages/***/task/task_runner/standard_task_runner.py:62 DeprecationWarning: This process (pid=11750) is multi-threaded, use of fork() may lead to deadlocks in the child.
[2025-10-11T06:20:22.944+0000] {standard_task_runner.py:90} INFO - Running: ['***', 'tasks', 'run', 'pipeline_flow', 'check_movie_freshness', 'scheduled__1999-10-10T00:00:00+00:00', '--job-id', '1210', '--raw', '--subdir', 'DAGS_FOLDER/pipeline_dag.py', '--cfg-path', '/tmp/tmpsre4zutc']
[2025-10-11T06:20:22.946+0000] {standard_task_runner.py:64} INFO - Started process 11756 to run task
[2025-10-11T06:20:22.947+0000] {standard_task_runner.py:91} INFO - Job 1210: Subtask check_movie_freshness
[2025-10-11T06:20:23.042+0000] {task_command.py:426} INFO - Running <TaskInstance: pipeline_flow.check_movie_freshness scheduled__1999-10-10T00:00:00+00:00 [running]> on host 321597a50810
[2025-10-11T06:20:23.184+0000] {taskinstance.py:2648} INFO - Exporting env vars: AIRFLOW_CTX_DAG_EMAIL='oluwaseyiogundimu10@gmail.com' AIRFLOW_CTX_DAG_OWNER='seyi' AIRFLOW_CTX_DAG_ID='pipeline_flow' AIRFLOW_CTX_TASK_ID='check_movie_freshness' AIRFLOW_CTX_EXECUTION_DATE='1999-10-10T00:00:00+00:00' AIRFLOW_CTX_TRY_NUMBER='1' AIRFLOW_CTX_DAG_RUN_ID='scheduled__1999-10-10T00:00:00+00:00'
[2025-10-11T06:20:23.185+0000] {taskinstance.py:430} INFO - ::endgroup::
[2025-10-11T06:20:23.203+0000] {baseoperator.py:400} WARNING - ShortCircuitOperator.execute cannot be called outside TaskInstance!
[2025-10-11T06:20:23.328+0000] {s3_client.py:30} INFO - ✅ Successfully initialized S3 client.
[2025-10-11T06:20:24.356+0000] {logging_mixin.py:188} INFO - movies.csv is fresh: 2025-10-11 06:20:22+00:00
[2025-10-11T06:20:24.357+0000] {python.py:237} INFO - Done. Returned value was: True
[2025-10-11T06:20:24.358+0000] {python.py:304} INFO - Condition result is True
[2025-10-11T06:20:24.359+0000] {python.py:307} INFO - Proceeding with downstream tasks...
[2025-10-11T06:20:24.360+0000] {taskinstance.py:441} INFO - ::group::Post task execution logs
[2025-10-11T06:20:24.401+0000] {taskinstance.py:1206} INFO - Marking task as SUCCESS. dag_id=pipeline_flow, task_id=check_movie_freshness, run_id=scheduled__1999-10-10T00:00:00+00:00, execution_date=19991010T000000, start_date=20251011T062022, end_date=20251011T062024
[2025-10-11T06:20:24.450+0000] {local_task_job_runner.py:243} INFO - Task exited with return code 0
[2025-10-11T06:20:24.500+0000] {taskinstance.py:3503} INFO - 1 downstream tasks scheduled from follow-on schedule check
[2025-10-11T06:20:24.504+0000] {local_task_job_runner.py:222} INFO - ::endgroup::
