[2025-10-11T04:45:18.722+0000] {local_task_job_runner.py:120} INFO - ::group::Pre task execution logs
[2025-10-11T04:45:18.780+0000] {taskinstance.py:2076} INFO - Dependencies all met for dep_context=non-requeueable deps ti=<TaskInstance: pipeline_flow.check_create_stg_tables manual__2025-10-09T11:31:11.456760+00:00 [queued]>
[2025-10-11T04:45:18.798+0000] {taskinstance.py:2076} INFO - Dependencies all met for dep_context=requeueable deps ti=<TaskInstance: pipeline_flow.check_create_stg_tables manual__2025-10-09T11:31:11.456760+00:00 [queued]>
[2025-10-11T04:45:18.801+0000] {taskinstance.py:2306} INFO - Starting attempt 1 of 2
[2025-10-11T04:45:18.829+0000] {taskinstance.py:2330} INFO - Executing <Task(PythonOperator): check_create_stg_tables> on 2025-10-09 11:31:11.456760+00:00
[2025-10-11T04:45:18.843+0000] {logging_mixin.py:188} WARNING - /home/***/.local/lib/python3.12/site-packages/***/task/task_runner/standard_task_runner.py:62 DeprecationWarning: This process (pid=7415) is multi-threaded, use of fork() may lead to deadlocks in the child.
[2025-10-11T04:45:18.845+0000] {standard_task_runner.py:64} INFO - Started process 7417 to run task
[2025-10-11T04:45:18.844+0000] {standard_task_runner.py:90} INFO - Running: ['***', 'tasks', 'run', 'pipeline_flow', 'check_create_stg_tables', 'manual__2025-10-09T11:31:11.456760+00:00', '--job-id', '95', '--raw', '--subdir', 'DAGS_FOLDER/pipeline_dag.py', '--cfg-path', '/tmp/tmpekcxxn7x']
[2025-10-11T04:45:18.848+0000] {standard_task_runner.py:91} INFO - Job 95: Subtask check_create_stg_tables
[2025-10-11T04:45:18.958+0000] {task_command.py:426} INFO - Running <TaskInstance: pipeline_flow.check_create_stg_tables manual__2025-10-09T11:31:11.456760+00:00 [running]> on host 321597a50810
[2025-10-11T04:45:19.111+0000] {taskinstance.py:2648} INFO - Exporting env vars: AIRFLOW_CTX_DAG_EMAIL='oluwaseyiogundimu10@gmail.com' AIRFLOW_CTX_DAG_OWNER='seyi' AIRFLOW_CTX_DAG_ID='pipeline_flow' AIRFLOW_CTX_TASK_ID='check_create_stg_tables' AIRFLOW_CTX_EXECUTION_DATE='2025-10-09T11:31:11.456760+00:00' AIRFLOW_CTX_TRY_NUMBER='1' AIRFLOW_CTX_DAG_RUN_ID='manual__2025-10-09T11:31:11.456760+00:00'
[2025-10-11T04:45:19.113+0000] {taskinstance.py:430} INFO - ::endgroup::
[2025-10-11T04:45:19.134+0000] {connection.py:22} INFO - Successfully connected to Postgres.
[2025-10-11T04:45:19.234+0000] {connection.py:43} INFO - Table 'stg_users' in Postgres.
[2025-10-11T04:45:19.235+0000] {connection.py:22} INFO - Successfully connected to Postgres.
[2025-10-11T04:45:19.357+0000] {connection.py:43} INFO - Table 'users' in Postgres.
[2025-10-11T04:45:19.360+0000] {connection.py:22} INFO - Successfully connected to Postgres.
[2025-10-11T04:45:19.526+0000] {connection.py:43} INFO - Table 'stg_movies' in Postgres.
[2025-10-11T04:45:19.528+0000] {connection.py:22} INFO - Successfully connected to Postgres.
[2025-10-11T04:45:19.646+0000] {connection.py:43} INFO - Table 'movies' in Postgres.
[2025-10-11T04:45:19.648+0000] {connection.py:22} INFO - Successfully connected to Postgres.
[2025-10-11T04:45:19.739+0000] {connection.py:43} INFO - Table 'stg_ratings' in Postgres.
[2025-10-11T04:45:19.741+0000] {connection.py:22} INFO - Successfully connected to Postgres.
[2025-10-11T04:45:19.829+0000] {connection.py:43} INFO - Table 'ratings' in Postgres.
[2025-10-11T04:45:19.830+0000] {load.py:32} INFO - Tables exist.
[2025-10-11T04:45:19.832+0000] {python.py:237} INFO - Done. Returned value was: None
[2025-10-11T04:45:19.833+0000] {taskinstance.py:441} INFO - ::group::Post task execution logs
[2025-10-11T04:45:19.849+0000] {taskinstance.py:1206} INFO - Marking task as SUCCESS. dag_id=pipeline_flow, task_id=check_create_stg_tables, run_id=manual__2025-10-09T11:31:11.456760+00:00, execution_date=20251009T113111, start_date=20251011T044518, end_date=20251011T044519
[2025-10-11T04:45:19.907+0000] {local_task_job_runner.py:243} INFO - Task exited with return code 0
[2025-10-11T04:45:19.943+0000] {taskinstance.py:3503} INFO - 3 downstream tasks scheduled from follow-on schedule check
[2025-10-11T04:45:19.947+0000] {local_task_job_runner.py:222} INFO - ::endgroup::
