[2025-10-11T06:03:18.722+0000] {local_task_job_runner.py:120} INFO - ::group::Pre task execution logs
[2025-10-11T06:03:18.775+0000] {taskinstance.py:2076} INFO - Dependencies all met for dep_context=non-requeueable deps ti=<TaskInstance: pipeline_flow.load_ratings scheduled__1998-02-22T00:00:00+00:00 [queued]>
[2025-10-11T06:03:18.792+0000] {taskinstance.py:2076} INFO - Dependencies all met for dep_context=requeueable deps ti=<TaskInstance: pipeline_flow.load_ratings scheduled__1998-02-22T00:00:00+00:00 [queued]>
[2025-10-11T06:03:18.794+0000] {taskinstance.py:2306} INFO - Starting attempt 1 of 2
[2025-10-11T06:03:18.818+0000] {taskinstance.py:2330} INFO - Executing <Task(PythonOperator): load_ratings> on 1998-02-22 00:00:00+00:00
[2025-10-11T06:03:18.831+0000] {logging_mixin.py:188} WARNING - /home/***/.local/lib/python3.12/site-packages/***/task/task_runner/standard_task_runner.py:62 DeprecationWarning: This process (pid=8848) is multi-threaded, use of fork() may lead to deadlocks in the child.
[2025-10-11T06:03:18.833+0000] {standard_task_runner.py:64} INFO - Started process 8856 to run task
[2025-10-11T06:03:18.831+0000] {standard_task_runner.py:90} INFO - Running: ['***', 'tasks', 'run', 'pipeline_flow', 'load_ratings', 'scheduled__1998-02-22T00:00:00+00:00', '--job-id', '288', '--raw', '--subdir', 'DAGS_FOLDER/pipeline_dag.py', '--cfg-path', '/tmp/tmpi87t2k2b']
[2025-10-11T06:03:18.835+0000] {standard_task_runner.py:91} INFO - Job 288: Subtask load_ratings
[2025-10-11T06:03:18.919+0000] {task_command.py:426} INFO - Running <TaskInstance: pipeline_flow.load_ratings scheduled__1998-02-22T00:00:00+00:00 [running]> on host 321597a50810
[2025-10-11T06:03:19.091+0000] {taskinstance.py:2648} INFO - Exporting env vars: AIRFLOW_CTX_DAG_EMAIL='oluwaseyiogundimu10@gmail.com' AIRFLOW_CTX_DAG_OWNER='seyi' AIRFLOW_CTX_DAG_ID='pipeline_flow' AIRFLOW_CTX_TASK_ID='load_ratings' AIRFLOW_CTX_EXECUTION_DATE='1998-02-22T00:00:00+00:00' AIRFLOW_CTX_TRY_NUMBER='1' AIRFLOW_CTX_DAG_RUN_ID='scheduled__1998-02-22T00:00:00+00:00'
[2025-10-11T06:03:19.093+0000] {taskinstance.py:430} INFO - ::endgroup::
[2025-10-11T06:03:19.119+0000] {transform.py:91} INFO - Starting transformations for ratings..
[2025-10-11T06:03:19.122+0000] {read_write_buckets.py:22} INFO - Reading ratings.csv from movie-pipeline-bronze bucket.
[2025-10-11T06:03:19.248+0000] {s3_client.py:30} INFO - ✅ Successfully initialized S3 client.
[2025-10-11T06:03:37.290+0000] {read_write_buckets.py:34} INFO - Successfully read ratings.csv into DataFrame. Shape: (100000, 4)
[2025-10-11T06:03:37.342+0000] {transform.py:118} INFO - Weekly run: filtering 3737 rating records from 1998-02-22 to 1998-03-01
[2025-10-11T06:03:37.345+0000] {watermarks.py:25} INFO - Reading watermarks from S3 Bronze bucket...
[2025-10-11T06:03:38.747+0000] {watermarks.py:30} INFO - Successfully read existing watermarks.
[2025-10-11T06:03:38.748+0000] {transform.py:126} INFO - Applying watermark filter for ratings..
[2025-10-11T06:03:38.760+0000] {logging_mixin.py:188} WARNING - /opt/***/dags/../pipeline/b_silver/transform.py:133 SettingWithCopyWarning: 
A value is trying to be set on a copy of a slice from a DataFrame.
Try using .loc[row_indexer,col_indexer] = value instead

See the caveats in the documentation: https://pandas.pydata.org/pandas-docs/stable/user_guide/indexing.html#returning-a-view-versus-a-copy
[2025-10-11T06:03:38.765+0000] {transform.py:141} INFO - Filtered ratings to 3737 new records after watermark 1998-02-21 23:59:47.
[2025-10-11T06:03:38.767+0000] {read_write_buckets.py:22} INFO - Reading ratings/1998-02.csv from movie-pipeline-silver bucket.
[2025-10-11T06:03:40.734+0000] {read_write_buckets.py:34} INFO - Successfully read ratings/1998-02.csv into DataFrame. Shape: (3062, 4)
[2025-10-11T06:03:40.742+0000] {read_write_buckets.py:50} INFO - Writing ratings/1998-02.csv to movie-pipeline-silver bucket.
[2025-10-11T06:03:42.883+0000] {read_write_buckets.py:66} INFO - Successfully wrote ratings/1998-02.csv to Silver bucket.
[2025-10-11T06:03:42.886+0000] {watermarks.py:48} INFO - Updating watermarks in S3...
[2025-10-11T06:03:42.887+0000] {watermarks.py:25} INFO - Reading watermarks from S3 Bronze bucket...
[2025-10-11T06:03:43.452+0000] {watermarks.py:30} INFO - Successfully read existing watermarks.
[2025-10-11T06:03:47.986+0000] {watermarks.py:76} INFO - Watermarks updated successfully in S3.
[2025-10-11T06:03:47.989+0000] {python.py:237} INFO - Done. Returned value was: None
[2025-10-11T06:03:47.990+0000] {taskinstance.py:441} INFO - ::group::Post task execution logs
[2025-10-11T06:03:48.011+0000] {taskinstance.py:1206} INFO - Marking task as SUCCESS. dag_id=pipeline_flow, task_id=load_ratings, run_id=scheduled__1998-02-22T00:00:00+00:00, execution_date=19980222T000000, start_date=20251011T060318, end_date=20251011T060348
[2025-10-11T06:03:48.081+0000] {local_task_job_runner.py:243} INFO - Task exited with return code 0
[2025-10-11T06:03:48.115+0000] {taskinstance.py:3503} INFO - 1 downstream tasks scheduled from follow-on schedule check
[2025-10-11T06:03:48.118+0000] {local_task_job_runner.py:222} INFO - ::endgroup::
