[2025-10-11T05:42:23.477+0000] {local_task_job_runner.py:120} INFO - ::group::Pre task execution logs
[2025-10-11T05:42:23.548+0000] {taskinstance.py:2076} INFO - Dependencies all met for dep_context=non-requeueable deps ti=<TaskInstance: pipeline_flow.load_users scheduled__1997-12-28T00:00:00+00:00 [queued]>
[2025-10-11T05:42:23.563+0000] {taskinstance.py:2076} INFO - Dependencies all met for dep_context=requeueable deps ti=<TaskInstance: pipeline_flow.load_users scheduled__1997-12-28T00:00:00+00:00 [queued]>
[2025-10-11T05:42:23.564+0000] {taskinstance.py:2306} INFO - Starting attempt 1 of 2
[2025-10-11T05:42:23.585+0000] {taskinstance.py:2330} INFO - Executing <Task(PythonOperator): load_users> on 1997-12-28 00:00:00+00:00
[2025-10-11T05:42:23.601+0000] {logging_mixin.py:188} WARNING - /home/***/.local/lib/python3.12/site-packages/***/task/task_runner/standard_task_runner.py:62 DeprecationWarning: This process (pid=8368) is multi-threaded, use of fork() may lead to deadlocks in the child.
[2025-10-11T05:42:23.602+0000] {standard_task_runner.py:64} INFO - Started process 8377 to run task
[2025-10-11T05:42:23.602+0000] {standard_task_runner.py:90} INFO - Running: ['***', 'tasks', 'run', 'pipeline_flow', 'load_users', 'scheduled__1997-12-28T00:00:00+00:00', '--job-id', '197', '--raw', '--subdir', 'DAGS_FOLDER/pipeline_dag.py', '--cfg-path', '/tmp/tmpnyuikf1x']
[2025-10-11T05:42:23.606+0000] {standard_task_runner.py:91} INFO - Job 197: Subtask load_users
[2025-10-11T05:42:23.704+0000] {task_command.py:426} INFO - Running <TaskInstance: pipeline_flow.load_users scheduled__1997-12-28T00:00:00+00:00 [running]> on host 321597a50810
[2025-10-11T05:42:23.852+0000] {taskinstance.py:2648} INFO - Exporting env vars: AIRFLOW_CTX_DAG_EMAIL='oluwaseyiogundimu10@gmail.com' AIRFLOW_CTX_DAG_OWNER='seyi' AIRFLOW_CTX_DAG_ID='pipeline_flow' AIRFLOW_CTX_TASK_ID='load_users' AIRFLOW_CTX_EXECUTION_DATE='1997-12-28T00:00:00+00:00' AIRFLOW_CTX_TRY_NUMBER='1' AIRFLOW_CTX_DAG_RUN_ID='scheduled__1997-12-28T00:00:00+00:00'
[2025-10-11T05:42:23.855+0000] {taskinstance.py:430} INFO - ::endgroup::
[2025-10-11T05:42:23.879+0000] {read_write_buckets.py:22} INFO - Reading users.csv from movie-pipeline-bronze bucket.
[2025-10-11T05:42:24.057+0000] {s3_client.py:30} INFO - ✅ Successfully initialized S3 client.
[2025-10-11T05:42:25.404+0000] {read_write_buckets.py:34} INFO - Successfully read users.csv into DataFrame. Shape: (943, 5)
[2025-10-11T05:42:25.406+0000] {transform.py:181} INFO - Starting transformations for users..
[2025-10-11T05:42:25.423+0000] {transform.py:198} INFO - Users data cleaned with 943 records
[2025-10-11T05:42:25.425+0000] {read_write_buckets.py:50} INFO - Writing users.csv to movie-pipeline-silver bucket.
[2025-10-11T05:42:27.192+0000] {read_write_buckets.py:66} INFO - Successfully wrote users.csv to Silver bucket.
[2025-10-11T05:42:27.194+0000] {watermarks.py:48} INFO - Updating watermarks in S3...
[2025-10-11T05:42:27.195+0000] {watermarks.py:25} INFO - Reading watermarks from S3 Bronze bucket...
[2025-10-11T05:42:27.493+0000] {watermarks.py:30} INFO - Successfully read existing watermarks.
[2025-10-11T05:42:28.215+0000] {watermarks.py:76} INFO - Watermarks updated successfully in S3.
[2025-10-11T05:42:28.217+0000] {python.py:237} INFO - Done. Returned value was: None
[2025-10-11T05:42:28.218+0000] {taskinstance.py:441} INFO - ::group::Post task execution logs
[2025-10-11T05:42:28.240+0000] {taskinstance.py:1206} INFO - Marking task as SUCCESS. dag_id=pipeline_flow, task_id=load_users, run_id=scheduled__1997-12-28T00:00:00+00:00, execution_date=19971228T000000, start_date=20251011T054223, end_date=20251011T054228
[2025-10-11T05:42:28.399+0000] {local_task_job_runner.py:243} INFO - Task exited with return code 0
[2025-10-11T05:42:28.437+0000] {taskinstance.py:3503} INFO - 0 downstream tasks scheduled from follow-on schedule check
[2025-10-11T05:42:28.440+0000] {local_task_job_runner.py:222} INFO - ::endgroup::
