[2025-10-11T06:20:20.979+0000] {local_task_job_runner.py:120} INFO - ::group::Pre task execution logs
[2025-10-11T06:20:21.038+0000] {taskinstance.py:2076} INFO - Dependencies all met for dep_context=non-requeueable deps ti=<TaskInstance: pipeline_flow.load_ratings scheduled__1999-10-03T00:00:00+00:00 [queued]>
[2025-10-11T06:20:21.050+0000] {taskinstance.py:2076} INFO - Dependencies all met for dep_context=requeueable deps ti=<TaskInstance: pipeline_flow.load_ratings scheduled__1999-10-03T00:00:00+00:00 [queued]>
[2025-10-11T06:20:21.052+0000] {taskinstance.py:2306} INFO - Starting attempt 1 of 2
[2025-10-11T06:20:21.070+0000] {taskinstance.py:2330} INFO - Executing <Task(PythonOperator): load_ratings> on 1999-10-03 00:00:00+00:00
[2025-10-11T06:20:21.081+0000] {logging_mixin.py:188} WARNING - /home/***/.local/lib/python3.12/site-packages/***/task/task_runner/standard_task_runner.py:62 DeprecationWarning: This process (pid=11743) is multi-threaded, use of fork() may lead to deadlocks in the child.
[2025-10-11T06:20:21.083+0000] {standard_task_runner.py:64} INFO - Started process 11748 to run task
[2025-10-11T06:20:21.082+0000] {standard_task_runner.py:90} INFO - Running: ['***', 'tasks', 'run', 'pipeline_flow', 'load_ratings', 'scheduled__1999-10-03T00:00:00+00:00', '--job-id', '1205', '--raw', '--subdir', 'DAGS_FOLDER/pipeline_dag.py', '--cfg-path', '/tmp/tmp_qdyz8jl']
[2025-10-11T06:20:21.085+0000] {standard_task_runner.py:91} INFO - Job 1205: Subtask load_ratings
[2025-10-11T06:20:21.159+0000] {task_command.py:426} INFO - Running <TaskInstance: pipeline_flow.load_ratings scheduled__1999-10-03T00:00:00+00:00 [running]> on host 321597a50810
[2025-10-11T06:20:21.280+0000] {taskinstance.py:2648} INFO - Exporting env vars: AIRFLOW_CTX_DAG_EMAIL='oluwaseyiogundimu10@gmail.com' AIRFLOW_CTX_DAG_OWNER='seyi' AIRFLOW_CTX_DAG_ID='pipeline_flow' AIRFLOW_CTX_TASK_ID='load_ratings' AIRFLOW_CTX_EXECUTION_DATE='1999-10-03T00:00:00+00:00' AIRFLOW_CTX_TRY_NUMBER='1' AIRFLOW_CTX_DAG_RUN_ID='scheduled__1999-10-03T00:00:00+00:00'
[2025-10-11T06:20:21.282+0000] {taskinstance.py:430} INFO - ::endgroup::
[2025-10-11T06:20:21.303+0000] {transform.py:91} INFO - Starting transformations for ratings..
[2025-10-11T06:20:21.304+0000] {read_write_buckets.py:22} INFO - Reading ratings.csv from movie-pipeline-bronze bucket.
[2025-10-11T06:20:21.452+0000] {s3_client.py:30} INFO - ✅ Successfully initialized S3 client.
[2025-10-11T06:20:25.290+0000] {read_write_buckets.py:34} INFO - Successfully read ratings.csv into DataFrame. Shape: (100000, 4)
[2025-10-11T06:20:25.347+0000] {transform.py:109} INFO - Execution date: 1999-10-03 00:00:00+00:00, interval start: 1999-10-03 00:00:00+00:00,                interval end: 1999-10-10 00:00:00+00:00, Pipeline start: 1997-10-01 00:00:00+00:00
[2025-10-11T06:20:25.352+0000] {transform.py:121} INFO - Weekly run: filtering 0 rating records from 1999-10-03 to 1999-10-10
[2025-10-11T06:20:25.355+0000] {watermarks.py:25} INFO - Reading watermarks from S3 Bronze bucket...
[2025-10-11T06:20:25.637+0000] {watermarks.py:30} INFO - Successfully read existing watermarks.
[2025-10-11T06:20:25.639+0000] {transform.py:129} INFO - Applying watermark filter for ratings..
[2025-10-11T06:20:25.645+0000] {logging_mixin.py:188} WARNING - /opt/***/dags/../pipeline/b_silver/transform.py:136 SettingWithCopyWarning: 
A value is trying to be set on a copy of a slice from a DataFrame.
Try using .loc[row_indexer,col_indexer] = value instead

See the caveats in the documentation: https://pandas.pydata.org/pandas-docs/stable/user_guide/indexing.html#returning-a-view-versus-a-copy
[2025-10-11T06:20:25.648+0000] {transform.py:144} INFO - Filtered ratings to 0 new records after watermark 1998-04-22 23:10:38.
[2025-10-11T06:20:25.649+0000] {transform.py:153} WARNING - No new ratings data to upload after watermark filtering. End
[2025-10-11T06:20:25.651+0000] {python.py:237} INFO - Done. Returned value was: None
[2025-10-11T06:20:25.651+0000] {taskinstance.py:441} INFO - ::group::Post task execution logs
[2025-10-11T06:20:25.664+0000] {taskinstance.py:1206} INFO - Marking task as SUCCESS. dag_id=pipeline_flow, task_id=load_ratings, run_id=scheduled__1999-10-03T00:00:00+00:00, execution_date=19991003T000000, start_date=20251011T062021, end_date=20251011T062025
[2025-10-11T06:20:25.723+0000] {local_task_job_runner.py:243} INFO - Task exited with return code 0
[2025-10-11T06:20:25.761+0000] {taskinstance.py:3503} INFO - 0 downstream tasks scheduled from follow-on schedule check
[2025-10-11T06:20:25.765+0000] {local_task_job_runner.py:222} INFO - ::endgroup::
