[2025-10-09T11:31:43.887+0000] {local_task_job_runner.py:120} INFO - ::group::Pre task execution logs
[2025-10-09T11:31:43.927+0000] {taskinstance.py:2076} INFO - Dependencies all met for dep_context=non-requeueable deps ti=<TaskInstance: pipeline_flow.check_movie_freshness manual__2025-10-09T11:31:11.456760+00:00 [queued]>
[2025-10-09T11:31:43.938+0000] {taskinstance.py:2076} INFO - Dependencies all met for dep_context=requeueable deps ti=<TaskInstance: pipeline_flow.check_movie_freshness manual__2025-10-09T11:31:11.456760+00:00 [queued]>
[2025-10-09T11:31:43.939+0000] {taskinstance.py:2306} INFO - Starting attempt 1 of 2
[2025-10-09T11:31:43.955+0000] {taskinstance.py:2330} INFO - Executing <Task(ShortCircuitOperator): check_movie_freshness> on 2025-10-09 11:31:11.456760+00:00
[2025-10-09T11:31:43.964+0000] {logging_mixin.py:188} WARNING - /home/***/.local/lib/python3.12/site-packages/***/task/task_runner/standard_task_runner.py:62 DeprecationWarning: This process (pid=618) is multi-threaded, use of fork() may lead to deadlocks in the child.
[2025-10-09T11:31:43.967+0000] {standard_task_runner.py:64} INFO - Started process 625 to run task
[2025-10-09T11:31:43.965+0000] {standard_task_runner.py:90} INFO - Running: ['***', 'tasks', 'run', 'pipeline_flow', 'check_movie_freshness', 'manual__2025-10-09T11:31:11.456760+00:00', '--job-id', '15', '--raw', '--subdir', 'DAGS_FOLDER/pipeline_dag.py', '--cfg-path', '/tmp/tmpjr8jwm03']
[2025-10-09T11:31:43.971+0000] {standard_task_runner.py:91} INFO - Job 15: Subtask check_movie_freshness
[2025-10-09T11:31:44.067+0000] {task_command.py:426} INFO - Running <TaskInstance: pipeline_flow.check_movie_freshness manual__2025-10-09T11:31:11.456760+00:00 [running]> on host 321597a50810
[2025-10-09T11:31:44.231+0000] {taskinstance.py:2648} INFO - Exporting env vars: AIRFLOW_CTX_DAG_EMAIL='oluwaseyiogundimu10@gmail.com' AIRFLOW_CTX_DAG_OWNER='seyi' AIRFLOW_CTX_DAG_ID='pipeline_flow' AIRFLOW_CTX_TASK_ID='check_movie_freshness' AIRFLOW_CTX_EXECUTION_DATE='2025-10-09T11:31:11.456760+00:00' AIRFLOW_CTX_TRY_NUMBER='1' AIRFLOW_CTX_DAG_RUN_ID='manual__2025-10-09T11:31:11.456760+00:00'
[2025-10-09T11:31:44.234+0000] {taskinstance.py:430} INFO - ::endgroup::
[2025-10-09T11:31:44.259+0000] {baseoperator.py:400} WARNING - ShortCircuitOperator.execute cannot be called outside TaskInstance!
[2025-10-09T11:31:44.279+0000] {s3_client.py:23} INFO - Successfully initialized S3 client.
[2025-10-09T11:31:45.392+0000] {logging_mixin.py:188} INFO - movies.csv is fresh: 2025-10-09 11:31:30+00:00
[2025-10-09T11:31:45.397+0000] {python.py:237} INFO - Done. Returned value was: True
[2025-10-09T11:31:45.402+0000] {python.py:304} INFO - Condition result is True
[2025-10-09T11:31:45.403+0000] {python.py:307} INFO - Proceeding with downstream tasks...
[2025-10-09T11:31:45.405+0000] {taskinstance.py:441} INFO - ::group::Post task execution logs
[2025-10-09T11:31:45.463+0000] {taskinstance.py:1206} INFO - Marking task as SUCCESS. dag_id=pipeline_flow, task_id=check_movie_freshness, run_id=manual__2025-10-09T11:31:11.456760+00:00, execution_date=20251009T113111, start_date=20251009T113143, end_date=20251009T113145
[2025-10-09T11:31:45.514+0000] {local_task_job_runner.py:243} INFO - Task exited with return code 0
[2025-10-09T11:31:45.529+0000] {local_task_job_runner.py:222} INFO - ::endgroup::
