[2025-10-11T06:04:19.946+0000] {local_task_job_runner.py:120} INFO - ::group::Pre task execution logs
[2025-10-11T06:04:20.034+0000] {taskinstance.py:2076} INFO - Dependencies all met for dep_context=non-requeueable deps ti=<TaskInstance: pipeline_flow.load_ratings scheduled__1998-04-26T00:00:00+00:00 [queued]>
[2025-10-11T06:04:20.057+0000] {taskinstance.py:2076} INFO - Dependencies all met for dep_context=requeueable deps ti=<TaskInstance: pipeline_flow.load_ratings scheduled__1998-04-26T00:00:00+00:00 [queued]>
[2025-10-11T06:04:20.059+0000] {taskinstance.py:2306} INFO - Starting attempt 1 of 2
[2025-10-11T06:04:20.202+0000] {taskinstance.py:2330} INFO - Executing <Task(PythonOperator): load_ratings> on 1998-04-26 00:00:00+00:00
[2025-10-11T06:04:20.224+0000] {logging_mixin.py:188} WARNING - /home/***/.local/lib/python3.12/site-packages/***/task/task_runner/standard_task_runner.py:62 DeprecationWarning: This process (pid=9070) is multi-threaded, use of fork() may lead to deadlocks in the child.
[2025-10-11T06:04:20.222+0000] {standard_task_runner.py:90} INFO - Running: ['***', 'tasks', 'run', 'pipeline_flow', 'load_ratings', 'scheduled__1998-04-26T00:00:00+00:00', '--job-id', '359', '--raw', '--subdir', 'DAGS_FOLDER/pipeline_dag.py', '--cfg-path', '/tmp/tmp9klyxurd']
[2025-10-11T06:04:20.227+0000] {standard_task_runner.py:64} INFO - Started process 9082 to run task
[2025-10-11T06:04:20.228+0000] {standard_task_runner.py:91} INFO - Job 359: Subtask load_ratings
[2025-10-11T06:04:20.356+0000] {task_command.py:426} INFO - Running <TaskInstance: pipeline_flow.load_ratings scheduled__1998-04-26T00:00:00+00:00 [running]> on host 321597a50810
[2025-10-11T06:04:20.505+0000] {taskinstance.py:2648} INFO - Exporting env vars: AIRFLOW_CTX_DAG_EMAIL='oluwaseyiogundimu10@gmail.com' AIRFLOW_CTX_DAG_OWNER='seyi' AIRFLOW_CTX_DAG_ID='pipeline_flow' AIRFLOW_CTX_TASK_ID='load_ratings' AIRFLOW_CTX_EXECUTION_DATE='1998-04-26T00:00:00+00:00' AIRFLOW_CTX_TRY_NUMBER='1' AIRFLOW_CTX_DAG_RUN_ID='scheduled__1998-04-26T00:00:00+00:00'
[2025-10-11T06:04:20.507+0000] {taskinstance.py:430} INFO - ::endgroup::
[2025-10-11T06:04:20.532+0000] {transform.py:91} INFO - Starting transformations for ratings..
[2025-10-11T06:04:20.533+0000] {read_write_buckets.py:22} INFO - Reading ratings.csv from movie-pipeline-bronze bucket.
[2025-10-11T06:04:20.707+0000] {s3_client.py:30} INFO - ✅ Successfully initialized S3 client.
[2025-10-11T06:04:28.738+0000] {read_write_buckets.py:34} INFO - Successfully read ratings.csv into DataFrame. Shape: (100000, 4)
[2025-10-11T06:04:28.806+0000] {transform.py:118} INFO - Weekly run: filtering 0 rating records from 1998-04-26 to 1998-05-03
[2025-10-11T06:04:28.810+0000] {watermarks.py:25} INFO - Reading watermarks from S3 Bronze bucket...
[2025-10-11T06:04:29.062+0000] {watermarks.py:30} INFO - Successfully read existing watermarks.
[2025-10-11T06:04:29.065+0000] {transform.py:126} INFO - Applying watermark filter for ratings..
[2025-10-11T06:04:29.081+0000] {logging_mixin.py:188} WARNING - /opt/***/dags/../pipeline/b_silver/transform.py:133 SettingWithCopyWarning: 
A value is trying to be set on a copy of a slice from a DataFrame.
Try using .loc[row_indexer,col_indexer] = value instead

See the caveats in the documentation: https://pandas.pydata.org/pandas-docs/stable/user_guide/indexing.html#returning-a-view-versus-a-copy
[2025-10-11T06:04:29.087+0000] {transform.py:141} INFO - Filtered ratings to 0 new records after watermark 1998-03-14 22:14:47.
[2025-10-11T06:04:29.088+0000] {transform.py:150} WARNING - No new ratings data to upload after watermark filtering. End
[2025-10-11T06:04:29.090+0000] {python.py:237} INFO - Done. Returned value was: None
[2025-10-11T06:04:29.091+0000] {taskinstance.py:441} INFO - ::group::Post task execution logs
[2025-10-11T06:04:29.120+0000] {taskinstance.py:1206} INFO - Marking task as SUCCESS. dag_id=pipeline_flow, task_id=load_ratings, run_id=scheduled__1998-04-26T00:00:00+00:00, execution_date=19980426T000000, start_date=20251011T060420, end_date=20251011T060429
[2025-10-11T06:04:29.181+0000] {local_task_job_runner.py:243} INFO - Task exited with return code 0
[2025-10-11T06:04:29.211+0000] {local_task_job_runner.py:222} INFO - ::endgroup::
