[2025-10-11T06:04:29.827+0000] {local_task_job_runner.py:120} INFO - ::group::Pre task execution logs
[2025-10-11T06:04:29.917+0000] {taskinstance.py:2076} INFO - Dependencies all met for dep_context=non-requeueable deps ti=<TaskInstance: pipeline_flow.check_create_stg_tables scheduled__1998-03-08T00:00:00+00:00 [queued]>
[2025-10-11T06:04:29.941+0000] {taskinstance.py:2076} INFO - Dependencies all met for dep_context=requeueable deps ti=<TaskInstance: pipeline_flow.check_create_stg_tables scheduled__1998-03-08T00:00:00+00:00 [queued]>
[2025-10-11T06:04:29.945+0000] {taskinstance.py:2306} INFO - Starting attempt 1 of 2
[2025-10-11T06:04:30.591+0000] {taskinstance.py:2330} INFO - Executing <Task(PythonOperator): check_create_stg_tables> on 1998-03-08 00:00:00+00:00
[2025-10-11T06:04:30.617+0000] {standard_task_runner.py:90} INFO - Running: ['***', 'tasks', 'run', 'pipeline_flow', 'check_create_stg_tables', 'scheduled__1998-03-08T00:00:00+00:00', '--job-id', '369', '--raw', '--subdir', 'DAGS_FOLDER/pipeline_dag.py', '--cfg-path', '/tmp/tmpd4c84k2b']
[2025-10-11T06:04:30.621+0000] {logging_mixin.py:188} WARNING - /home/***/.local/lib/python3.12/site-packages/***/task/task_runner/standard_task_runner.py:62 DeprecationWarning: This process (pid=9106) is multi-threaded, use of fork() may lead to deadlocks in the child.
[2025-10-11T06:04:30.624+0000] {standard_task_runner.py:91} INFO - Job 369: Subtask check_create_stg_tables
[2025-10-11T06:04:30.630+0000] {standard_task_runner.py:64} INFO - Started process 9126 to run task
[2025-10-11T06:04:30.807+0000] {task_command.py:426} INFO - Running <TaskInstance: pipeline_flow.check_create_stg_tables scheduled__1998-03-08T00:00:00+00:00 [running]> on host 321597a50810
[2025-10-11T06:04:31.132+0000] {taskinstance.py:2648} INFO - Exporting env vars: AIRFLOW_CTX_DAG_EMAIL='oluwaseyiogundimu10@gmail.com' AIRFLOW_CTX_DAG_OWNER='seyi' AIRFLOW_CTX_DAG_ID='pipeline_flow' AIRFLOW_CTX_TASK_ID='check_create_stg_tables' AIRFLOW_CTX_EXECUTION_DATE='1998-03-08T00:00:00+00:00' AIRFLOW_CTX_TRY_NUMBER='1' AIRFLOW_CTX_DAG_RUN_ID='scheduled__1998-03-08T00:00:00+00:00'
[2025-10-11T06:04:31.135+0000] {taskinstance.py:430} INFO - ::endgroup::
[2025-10-11T06:04:31.170+0000] {connection.py:22} INFO - Successfully connected to Postgres.
[2025-10-11T06:04:31.289+0000] {connection.py:43} INFO - Table 'stg_users' in Postgres.
[2025-10-11T06:04:31.291+0000] {connection.py:22} INFO - Successfully connected to Postgres.
[2025-10-11T06:04:31.404+0000] {connection.py:43} INFO - Table 'users' in Postgres.
[2025-10-11T06:04:31.406+0000] {connection.py:22} INFO - Successfully connected to Postgres.
[2025-10-11T06:04:31.512+0000] {connection.py:43} INFO - Table 'stg_movies' in Postgres.
[2025-10-11T06:04:31.515+0000] {connection.py:22} INFO - Successfully connected to Postgres.
[2025-10-11T06:04:31.614+0000] {connection.py:43} INFO - Table 'movies' in Postgres.
[2025-10-11T06:04:31.616+0000] {connection.py:22} INFO - Successfully connected to Postgres.
[2025-10-11T06:04:31.722+0000] {connection.py:43} INFO - Table 'stg_ratings' in Postgres.
[2025-10-11T06:04:31.724+0000] {connection.py:22} INFO - Successfully connected to Postgres.
[2025-10-11T06:04:31.833+0000] {connection.py:43} INFO - Table 'ratings' in Postgres.
[2025-10-11T06:04:31.834+0000] {load.py:32} INFO - Tables exist.
[2025-10-11T06:04:31.835+0000] {python.py:237} INFO - Done. Returned value was: None
[2025-10-11T06:04:31.838+0000] {taskinstance.py:441} INFO - ::group::Post task execution logs
[2025-10-11T06:04:31.861+0000] {taskinstance.py:1206} INFO - Marking task as SUCCESS. dag_id=pipeline_flow, task_id=check_create_stg_tables, run_id=scheduled__1998-03-08T00:00:00+00:00, execution_date=19980308T000000, start_date=20251011T060429, end_date=20251011T060431
[2025-10-11T06:04:31.899+0000] {local_task_job_runner.py:243} INFO - Task exited with return code 0
[2025-10-11T06:04:31.919+0000] {local_task_job_runner.py:222} INFO - ::endgroup::
