[2025-10-11T06:09:34.333+0000] {local_task_job_runner.py:120} INFO - ::group::Pre task execution logs
[2025-10-11T06:09:34.427+0000] {taskinstance.py:2076} INFO - Dependencies all met for dep_context=non-requeueable deps ti=<TaskInstance: pipeline_flow.check_ratings_freshness scheduled__1998-12-20T00:00:00+00:00 [queued]>
[2025-10-11T06:09:34.450+0000] {taskinstance.py:2076} INFO - Dependencies all met for dep_context=requeueable deps ti=<TaskInstance: pipeline_flow.check_ratings_freshness scheduled__1998-12-20T00:00:00+00:00 [queued]>
[2025-10-11T06:09:34.452+0000] {taskinstance.py:2306} INFO - Starting attempt 1 of 2
[2025-10-11T06:09:34.487+0000] {taskinstance.py:2330} INFO - Executing <Task(ShortCircuitOperator): check_ratings_freshness> on 1998-12-20 00:00:00+00:00
[2025-10-11T06:09:34.517+0000] {logging_mixin.py:188} WARNING - /home/***/.local/lib/python3.12/site-packages/***/task/task_runner/standard_task_runner.py:62 DeprecationWarning: This process (pid=10345) is multi-threaded, use of fork() may lead to deadlocks in the child.
[2025-10-11T06:09:34.523+0000] {standard_task_runner.py:64} INFO - Started process 10356 to run task
[2025-10-11T06:09:34.513+0000] {standard_task_runner.py:90} INFO - Running: ['***', 'tasks', 'run', 'pipeline_flow', 'check_ratings_freshness', 'scheduled__1998-12-20T00:00:00+00:00', '--job-id', '771', '--raw', '--subdir', 'DAGS_FOLDER/pipeline_dag.py', '--cfg-path', '/tmp/tmphortg65v']
[2025-10-11T06:09:34.525+0000] {standard_task_runner.py:91} INFO - Job 771: Subtask check_ratings_freshness
[2025-10-11T06:09:34.660+0000] {task_command.py:426} INFO - Running <TaskInstance: pipeline_flow.check_ratings_freshness scheduled__1998-12-20T00:00:00+00:00 [running]> on host 321597a50810
[2025-10-11T06:09:34.913+0000] {taskinstance.py:2648} INFO - Exporting env vars: AIRFLOW_CTX_DAG_EMAIL='oluwaseyiogundimu10@gmail.com' AIRFLOW_CTX_DAG_OWNER='seyi' AIRFLOW_CTX_DAG_ID='pipeline_flow' AIRFLOW_CTX_TASK_ID='check_ratings_freshness' AIRFLOW_CTX_EXECUTION_DATE='1998-12-20T00:00:00+00:00' AIRFLOW_CTX_TRY_NUMBER='1' AIRFLOW_CTX_DAG_RUN_ID='scheduled__1998-12-20T00:00:00+00:00'
[2025-10-11T06:09:34.916+0000] {taskinstance.py:430} INFO - ::endgroup::
[2025-10-11T06:09:34.945+0000] {baseoperator.py:400} WARNING - ShortCircuitOperator.execute cannot be called outside TaskInstance!
[2025-10-11T06:09:35.131+0000] {s3_client.py:30} INFO - ✅ Successfully initialized S3 client.
[2025-10-11T06:09:36.876+0000] {logging_mixin.py:188} INFO - ratings.csv is fresh: 2025-10-11 06:09:22+00:00
[2025-10-11T06:09:36.877+0000] {python.py:237} INFO - Done. Returned value was: True
[2025-10-11T06:09:36.879+0000] {python.py:304} INFO - Condition result is True
[2025-10-11T06:09:36.879+0000] {python.py:307} INFO - Proceeding with downstream tasks...
[2025-10-11T06:09:36.880+0000] {taskinstance.py:441} INFO - ::group::Post task execution logs
[2025-10-11T06:09:36.927+0000] {taskinstance.py:1206} INFO - Marking task as SUCCESS. dag_id=pipeline_flow, task_id=check_ratings_freshness, run_id=scheduled__1998-12-20T00:00:00+00:00, execution_date=19981220T000000, start_date=20251011T060934, end_date=20251011T060936
[2025-10-11T06:09:36.995+0000] {local_task_job_runner.py:243} INFO - Task exited with return code 0
[2025-10-11T06:09:37.016+0000] {local_task_job_runner.py:222} INFO - ::endgroup::
