[2025-10-11T06:55:22.596+0000] {local_task_job_runner.py:120} INFO - ::group::Pre task execution logs
[2025-10-11T06:55:22.696+0000] {taskinstance.py:2076} INFO - Dependencies all met for dep_context=non-requeueable deps ti=<TaskInstance: pipeline_flow.check_ratings_freshness scheduled__2000-09-24T00:00:00+00:00 [queued]>
[2025-10-11T06:55:22.719+0000] {taskinstance.py:2076} INFO - Dependencies all met for dep_context=requeueable deps ti=<TaskInstance: pipeline_flow.check_ratings_freshness scheduled__2000-09-24T00:00:00+00:00 [queued]>
[2025-10-11T06:55:22.721+0000] {taskinstance.py:2306} INFO - Starting attempt 1 of 2
[2025-10-11T06:55:22.768+0000] {taskinstance.py:2330} INFO - Executing <Task(ShortCircuitOperator): check_ratings_freshness> on 2000-09-24 00:00:00+00:00
[2025-10-11T06:55:22.787+0000] {logging_mixin.py:188} WARNING - /home/***/.local/lib/python3.12/site-packages/***/task/task_runner/standard_task_runner.py:62 DeprecationWarning: This process (pid=364) is multi-threaded, use of fork() may lead to deadlocks in the child.
[2025-10-11T06:55:22.790+0000] {standard_task_runner.py:64} INFO - Started process 378 to run task
[2025-10-11T06:55:22.788+0000] {standard_task_runner.py:90} INFO - Running: ['***', 'tasks', 'run', 'pipeline_flow', 'check_ratings_freshness', 'scheduled__2000-09-24T00:00:00+00:00', '--job-id', '1885', '--raw', '--subdir', 'DAGS_FOLDER/pipeline_dag.py', '--cfg-path', '/tmp/tmpvrm275qr']
[2025-10-11T06:55:22.796+0000] {standard_task_runner.py:91} INFO - Job 1885: Subtask check_ratings_freshness
[2025-10-11T06:55:22.967+0000] {task_command.py:426} INFO - Running <TaskInstance: pipeline_flow.check_ratings_freshness scheduled__2000-09-24T00:00:00+00:00 [running]> on host 321597a50810
[2025-10-11T06:55:23.192+0000] {taskinstance.py:2648} INFO - Exporting env vars: AIRFLOW_CTX_DAG_EMAIL='oluwaseyiogundimu10@gmail.com' AIRFLOW_CTX_DAG_OWNER='seyi' AIRFLOW_CTX_DAG_ID='pipeline_flow' AIRFLOW_CTX_TASK_ID='check_ratings_freshness' AIRFLOW_CTX_EXECUTION_DATE='2000-09-24T00:00:00+00:00' AIRFLOW_CTX_TRY_NUMBER='1' AIRFLOW_CTX_DAG_RUN_ID='scheduled__2000-09-24T00:00:00+00:00'
[2025-10-11T06:55:23.195+0000] {taskinstance.py:430} INFO - ::endgroup::
[2025-10-11T06:55:23.230+0000] {baseoperator.py:400} WARNING - ShortCircuitOperator.execute cannot be called outside TaskInstance!
[2025-10-11T06:55:23.504+0000] {s3_client.py:30} INFO - ✅ Successfully initialized S3 client.
[2025-10-11T06:55:25.497+0000] {logging_mixin.py:188} INFO - ratings.csv is fresh: 2025-10-11 06:55:11+00:00
[2025-10-11T06:55:25.498+0000] {python.py:237} INFO - Done. Returned value was: True
[2025-10-11T06:55:25.499+0000] {python.py:304} INFO - Condition result is True
[2025-10-11T06:55:25.500+0000] {python.py:307} INFO - Proceeding with downstream tasks...
[2025-10-11T06:55:25.501+0000] {taskinstance.py:441} INFO - ::group::Post task execution logs
[2025-10-11T06:55:25.542+0000] {taskinstance.py:1206} INFO - Marking task as SUCCESS. dag_id=pipeline_flow, task_id=check_ratings_freshness, run_id=scheduled__2000-09-24T00:00:00+00:00, execution_date=20000924T000000, start_date=20251011T065522, end_date=20251011T065525
[2025-10-11T06:55:25.583+0000] {local_task_job_runner.py:243} INFO - Task exited with return code 0
[2025-10-11T06:55:25.603+0000] {local_task_job_runner.py:222} INFO - ::endgroup::
