[2025-10-11T06:55:57.783+0000] {local_task_job_runner.py:120} INFO - ::group::Pre task execution logs
[2025-10-11T06:55:57.855+0000] {taskinstance.py:2076} INFO - Dependencies all met for dep_context=non-requeueable deps ti=<TaskInstance: pipeline_flow.check_movie_freshness scheduled__2000-12-03T00:00:00+00:00 [queued]>
[2025-10-11T06:55:57.873+0000] {taskinstance.py:2076} INFO - Dependencies all met for dep_context=requeueable deps ti=<TaskInstance: pipeline_flow.check_movie_freshness scheduled__2000-12-03T00:00:00+00:00 [queued]>
[2025-10-11T06:55:57.875+0000] {taskinstance.py:2306} INFO - Starting attempt 1 of 2
[2025-10-11T06:55:57.899+0000] {taskinstance.py:2330} INFO - Executing <Task(ShortCircuitOperator): check_movie_freshness> on 2000-12-03 00:00:00+00:00
[2025-10-11T06:55:57.917+0000] {logging_mixin.py:188} WARNING - /home/***/.local/lib/python3.12/site-packages/***/task/task_runner/standard_task_runner.py:62 DeprecationWarning: This process (pid=467) is multi-threaded, use of fork() may lead to deadlocks in the child.
[2025-10-11T06:55:57.919+0000] {standard_task_runner.py:64} INFO - Started process 471 to run task
[2025-10-11T06:55:57.917+0000] {standard_task_runner.py:90} INFO - Running: ['***', 'tasks', 'run', 'pipeline_flow', 'check_movie_freshness', 'scheduled__2000-12-03T00:00:00+00:00', '--job-id', '1916', '--raw', '--subdir', 'DAGS_FOLDER/pipeline_dag.py', '--cfg-path', '/tmp/tmppaa5focn']
[2025-10-11T06:55:57.923+0000] {standard_task_runner.py:91} INFO - Job 1916: Subtask check_movie_freshness
[2025-10-11T06:55:58.023+0000] {task_command.py:426} INFO - Running <TaskInstance: pipeline_flow.check_movie_freshness scheduled__2000-12-03T00:00:00+00:00 [running]> on host 321597a50810
[2025-10-11T06:55:58.196+0000] {taskinstance.py:2648} INFO - Exporting env vars: AIRFLOW_CTX_DAG_EMAIL='oluwaseyiogundimu10@gmail.com' AIRFLOW_CTX_DAG_OWNER='seyi' AIRFLOW_CTX_DAG_ID='pipeline_flow' AIRFLOW_CTX_TASK_ID='check_movie_freshness' AIRFLOW_CTX_EXECUTION_DATE='2000-12-03T00:00:00+00:00' AIRFLOW_CTX_TRY_NUMBER='1' AIRFLOW_CTX_DAG_RUN_ID='scheduled__2000-12-03T00:00:00+00:00'
[2025-10-11T06:55:58.198+0000] {taskinstance.py:430} INFO - ::endgroup::
[2025-10-11T06:55:58.224+0000] {baseoperator.py:400} WARNING - ShortCircuitOperator.execute cannot be called outside TaskInstance!
[2025-10-11T06:55:58.418+0000] {s3_client.py:30} INFO - ✅ Successfully initialized S3 client.
[2025-10-11T06:55:59.274+0000] {logging_mixin.py:188} INFO - movies.csv is fresh: 2025-10-11 06:55:50+00:00
[2025-10-11T06:55:59.275+0000] {python.py:237} INFO - Done. Returned value was: True
[2025-10-11T06:55:59.276+0000] {python.py:304} INFO - Condition result is True
[2025-10-11T06:55:59.277+0000] {python.py:307} INFO - Proceeding with downstream tasks...
[2025-10-11T06:55:59.278+0000] {taskinstance.py:441} INFO - ::group::Post task execution logs
[2025-10-11T06:55:59.324+0000] {taskinstance.py:1206} INFO - Marking task as SUCCESS. dag_id=pipeline_flow, task_id=check_movie_freshness, run_id=scheduled__2000-12-03T00:00:00+00:00, execution_date=20001203T000000, start_date=20251011T065557, end_date=20251011T065559
[2025-10-11T06:55:59.382+0000] {local_task_job_runner.py:243} INFO - Task exited with return code 0
[2025-10-11T06:55:59.433+0000] {taskinstance.py:3503} INFO - 1 downstream tasks scheduled from follow-on schedule check
[2025-10-11T06:55:59.438+0000] {local_task_job_runner.py:222} INFO - ::endgroup::
