[2025-10-11T06:13:04.477+0000] {local_task_job_runner.py:120} INFO - ::group::Pre task execution logs
[2025-10-11T06:13:04.521+0000] {taskinstance.py:2076} INFO - Dependencies all met for dep_context=non-requeueable deps ti=<TaskInstance: pipeline_flow.check_movie_freshness scheduled__1999-06-13T00:00:00+00:00 [queued]>
[2025-10-11T06:13:04.533+0000] {taskinstance.py:2076} INFO - Dependencies all met for dep_context=requeueable deps ti=<TaskInstance: pipeline_flow.check_movie_freshness scheduled__1999-06-13T00:00:00+00:00 [queued]>
[2025-10-11T06:13:04.535+0000] {taskinstance.py:2306} INFO - Starting attempt 1 of 2
[2025-10-11T06:13:04.554+0000] {taskinstance.py:2330} INFO - Executing <Task(ShortCircuitOperator): check_movie_freshness> on 1999-06-13 00:00:00+00:00
[2025-10-11T06:13:04.567+0000] {logging_mixin.py:188} WARNING - /home/***/.local/lib/python3.12/site-packages/***/task/task_runner/standard_task_runner.py:62 DeprecationWarning: This process (pid=11202) is multi-threaded, use of fork() may lead to deadlocks in the child.
[2025-10-11T06:13:04.568+0000] {standard_task_runner.py:64} INFO - Started process 11208 to run task
[2025-10-11T06:13:04.567+0000] {standard_task_runner.py:90} INFO - Running: ['***', 'tasks', 'run', 'pipeline_flow', 'check_movie_freshness', 'scheduled__1999-06-13T00:00:00+00:00', '--job-id', '1047', '--raw', '--subdir', 'DAGS_FOLDER/pipeline_dag.py', '--cfg-path', '/tmp/tmpdbv_2n60']
[2025-10-11T06:13:04.570+0000] {standard_task_runner.py:91} INFO - Job 1047: Subtask check_movie_freshness
[2025-10-11T06:13:04.645+0000] {task_command.py:426} INFO - Running <TaskInstance: pipeline_flow.check_movie_freshness scheduled__1999-06-13T00:00:00+00:00 [running]> on host 321597a50810
[2025-10-11T06:13:04.790+0000] {taskinstance.py:2648} INFO - Exporting env vars: AIRFLOW_CTX_DAG_EMAIL='oluwaseyiogundimu10@gmail.com' AIRFLOW_CTX_DAG_OWNER='seyi' AIRFLOW_CTX_DAG_ID='pipeline_flow' AIRFLOW_CTX_TASK_ID='check_movie_freshness' AIRFLOW_CTX_EXECUTION_DATE='1999-06-13T00:00:00+00:00' AIRFLOW_CTX_TRY_NUMBER='1' AIRFLOW_CTX_DAG_RUN_ID='scheduled__1999-06-13T00:00:00+00:00'
[2025-10-11T06:13:04.792+0000] {taskinstance.py:430} INFO - ::endgroup::
[2025-10-11T06:13:04.813+0000] {baseoperator.py:400} WARNING - ShortCircuitOperator.execute cannot be called outside TaskInstance!
[2025-10-11T06:13:04.918+0000] {s3_client.py:30} INFO - ✅ Successfully initialized S3 client.
[2025-10-11T06:13:05.906+0000] {logging_mixin.py:188} INFO - movies.csv is fresh: 2025-10-11 06:12:50+00:00
[2025-10-11T06:13:05.907+0000] {python.py:237} INFO - Done. Returned value was: True
[2025-10-11T06:13:05.908+0000] {python.py:304} INFO - Condition result is True
[2025-10-11T06:13:05.909+0000] {python.py:307} INFO - Proceeding with downstream tasks...
[2025-10-11T06:13:05.910+0000] {taskinstance.py:441} INFO - ::group::Post task execution logs
[2025-10-11T06:13:05.942+0000] {taskinstance.py:1206} INFO - Marking task as SUCCESS. dag_id=pipeline_flow, task_id=check_movie_freshness, run_id=scheduled__1999-06-13T00:00:00+00:00, execution_date=19990613T000000, start_date=20251011T061304, end_date=20251011T061305
[2025-10-11T06:13:05.992+0000] {local_task_job_runner.py:243} INFO - Task exited with return code 0
[2025-10-11T06:13:06.034+0000] {taskinstance.py:3503} INFO - 1 downstream tasks scheduled from follow-on schedule check
[2025-10-11T06:13:06.038+0000] {local_task_job_runner.py:222} INFO - ::endgroup::
