[2025-10-11T06:12:24.607+0000] {local_task_job_runner.py:120} INFO - ::group::Pre task execution logs
[2025-10-11T06:12:24.702+0000] {taskinstance.py:2076} INFO - Dependencies all met for dep_context=non-requeueable deps ti=<TaskInstance: pipeline_flow.check_create_stg_tables scheduled__1999-05-09T00:00:00+00:00 [queued]>
[2025-10-11T06:12:24.725+0000] {taskinstance.py:2076} INFO - Dependencies all met for dep_context=requeueable deps ti=<TaskInstance: pipeline_flow.check_create_stg_tables scheduled__1999-05-09T00:00:00+00:00 [queued]>
[2025-10-11T06:12:24.727+0000] {taskinstance.py:2306} INFO - Starting attempt 1 of 2
[2025-10-11T06:12:24.790+0000] {taskinstance.py:2330} INFO - Executing <Task(PythonOperator): check_create_stg_tables> on 1999-05-09 00:00:00+00:00
[2025-10-11T06:12:24.813+0000] {logging_mixin.py:188} WARNING - /home/***/.local/lib/python3.12/site-packages/***/task/task_runner/standard_task_runner.py:62 DeprecationWarning: This process (pid=11068) is multi-threaded, use of fork() may lead to deadlocks in the child.
[2025-10-11T06:12:24.812+0000] {standard_task_runner.py:90} INFO - Running: ['***', 'tasks', 'run', 'pipeline_flow', 'check_create_stg_tables', 'scheduled__1999-05-09T00:00:00+00:00', '--job-id', '1007', '--raw', '--subdir', 'DAGS_FOLDER/pipeline_dag.py', '--cfg-path', '/tmp/tmpsn73xlyd']
[2025-10-11T06:12:24.816+0000] {standard_task_runner.py:64} INFO - Started process 11091 to run task
[2025-10-11T06:12:24.817+0000] {standard_task_runner.py:91} INFO - Job 1007: Subtask check_create_stg_tables
[2025-10-11T06:12:24.973+0000] {task_command.py:426} INFO - Running <TaskInstance: pipeline_flow.check_create_stg_tables scheduled__1999-05-09T00:00:00+00:00 [running]> on host 321597a50810
[2025-10-11T06:12:25.227+0000] {taskinstance.py:2648} INFO - Exporting env vars: AIRFLOW_CTX_DAG_EMAIL='oluwaseyiogundimu10@gmail.com' AIRFLOW_CTX_DAG_OWNER='seyi' AIRFLOW_CTX_DAG_ID='pipeline_flow' AIRFLOW_CTX_TASK_ID='check_create_stg_tables' AIRFLOW_CTX_EXECUTION_DATE='1999-05-09T00:00:00+00:00' AIRFLOW_CTX_TRY_NUMBER='1' AIRFLOW_CTX_DAG_RUN_ID='scheduled__1999-05-09T00:00:00+00:00'
[2025-10-11T06:12:25.231+0000] {taskinstance.py:430} INFO - ::endgroup::
[2025-10-11T06:12:25.268+0000] {connection.py:22} INFO - Successfully connected to Postgres.
[2025-10-11T06:12:25.399+0000] {connection.py:43} INFO - Table 'stg_users' in Postgres.
[2025-10-11T06:12:25.401+0000] {connection.py:22} INFO - Successfully connected to Postgres.
[2025-10-11T06:12:25.523+0000] {connection.py:43} INFO - Table 'users' in Postgres.
[2025-10-11T06:12:25.526+0000] {connection.py:22} INFO - Successfully connected to Postgres.
[2025-10-11T06:12:25.650+0000] {connection.py:43} INFO - Table 'stg_movies' in Postgres.
[2025-10-11T06:12:25.652+0000] {connection.py:22} INFO - Successfully connected to Postgres.
[2025-10-11T06:12:25.785+0000] {connection.py:43} INFO - Table 'movies' in Postgres.
[2025-10-11T06:12:25.786+0000] {connection.py:22} INFO - Successfully connected to Postgres.
[2025-10-11T06:12:25.907+0000] {connection.py:43} INFO - Table 'stg_ratings' in Postgres.
[2025-10-11T06:12:25.908+0000] {connection.py:22} INFO - Successfully connected to Postgres.
[2025-10-11T06:12:26.007+0000] {connection.py:43} INFO - Table 'ratings' in Postgres.
[2025-10-11T06:12:26.008+0000] {load.py:32} INFO - Tables exist.
[2025-10-11T06:12:26.010+0000] {python.py:237} INFO - Done. Returned value was: None
[2025-10-11T06:12:26.012+0000] {taskinstance.py:441} INFO - ::group::Post task execution logs
[2025-10-11T06:12:26.036+0000] {taskinstance.py:1206} INFO - Marking task as SUCCESS. dag_id=pipeline_flow, task_id=check_create_stg_tables, run_id=scheduled__1999-05-09T00:00:00+00:00, execution_date=19990509T000000, start_date=20251011T061224, end_date=20251011T061226
[2025-10-11T06:12:26.119+0000] {local_task_job_runner.py:243} INFO - Task exited with return code 0
[2025-10-11T06:12:26.174+0000] {taskinstance.py:3503} INFO - 3 downstream tasks scheduled from follow-on schedule check
[2025-10-11T06:12:26.180+0000] {local_task_job_runner.py:222} INFO - ::endgroup::
