[2025-10-11T06:33:30.622+0000] {local_task_job_runner.py:120} INFO - ::group::Pre task execution logs
[2025-10-11T06:33:30.723+0000] {taskinstance.py:2076} INFO - Dependencies all met for dep_context=non-requeueable deps ti=<TaskInstance: pipeline_flow.load_movies scheduled__2000-10-01T00:00:00+00:00 [queued]>
[2025-10-11T06:33:30.749+0000] {taskinstance.py:2076} INFO - Dependencies all met for dep_context=requeueable deps ti=<TaskInstance: pipeline_flow.load_movies scheduled__2000-10-01T00:00:00+00:00 [queued]>
[2025-10-11T06:33:30.751+0000] {taskinstance.py:2306} INFO - Starting attempt 1 of 2
[2025-10-11T06:33:30.786+0000] {taskinstance.py:2330} INFO - Executing <Task(PythonOperator): load_movies> on 2000-10-01 00:00:00+00:00
[2025-10-11T06:33:30.803+0000] {logging_mixin.py:188} WARNING - /home/***/.local/lib/python3.12/site-packages/***/task/task_runner/standard_task_runner.py:62 DeprecationWarning: This process (pid=13636) is multi-threaded, use of fork() may lead to deadlocks in the child.
[2025-10-11T06:33:30.807+0000] {standard_task_runner.py:64} INFO - Started process 13653 to run task
[2025-10-11T06:33:30.804+0000] {standard_task_runner.py:90} INFO - Running: ['***', 'tasks', 'run', 'pipeline_flow', 'load_movies', 'scheduled__2000-10-01T00:00:00+00:00', '--job-id', '1799', '--raw', '--subdir', 'DAGS_FOLDER/pipeline_dag.py', '--cfg-path', '/tmp/tmp3pql9taa']
[2025-10-11T06:33:30.811+0000] {standard_task_runner.py:91} INFO - Job 1799: Subtask load_movies
[2025-10-11T06:33:30.928+0000] {task_command.py:426} INFO - Running <TaskInstance: pipeline_flow.load_movies scheduled__2000-10-01T00:00:00+00:00 [running]> on host 321597a50810
[2025-10-11T06:33:31.153+0000] {taskinstance.py:2648} INFO - Exporting env vars: AIRFLOW_CTX_DAG_EMAIL='oluwaseyiogundimu10@gmail.com' AIRFLOW_CTX_DAG_OWNER='seyi' AIRFLOW_CTX_DAG_ID='pipeline_flow' AIRFLOW_CTX_TASK_ID='load_movies' AIRFLOW_CTX_EXECUTION_DATE='2000-10-01T00:00:00+00:00' AIRFLOW_CTX_TRY_NUMBER='1' AIRFLOW_CTX_DAG_RUN_ID='scheduled__2000-10-01T00:00:00+00:00'
[2025-10-11T06:33:31.156+0000] {taskinstance.py:430} INFO - ::endgroup::
[2025-10-11T06:33:31.193+0000] {transform.py:26} INFO - Starting transformations for movie data..
[2025-10-11T06:33:31.195+0000] {read_write_buckets.py:22} INFO - Reading movies.csv from movie-pipeline-bronze bucket.
[2025-10-11T06:33:31.517+0000] {s3_client.py:30} INFO - ✅ Successfully initialized S3 client.
[2025-10-11T06:33:33.077+0000] {read_write_buckets.py:34} INFO - Successfully read movies.csv into DataFrame. Shape: (1682, 5)
[2025-10-11T06:33:33.093+0000] {transform.py:50} INFO - Full load of 1604 records up to 1997-09-28
[2025-10-11T06:33:33.098+0000] {transform.py:61} INFO - Movies data cleaned with 1604 records
[2025-10-11T06:33:33.100+0000] {read_write_buckets.py:50} INFO - Writing movies.csv to movie-pipeline-silver bucket.
[2025-10-11T06:33:36.034+0000] {read_write_buckets.py:66} INFO - Successfully wrote movies.csv to Silver bucket.
[2025-10-11T06:33:36.037+0000] {watermarks.py:48} INFO - Updating watermarks in S3...
[2025-10-11T06:33:36.039+0000] {watermarks.py:25} INFO - Reading watermarks from S3 Bronze bucket...
[2025-10-11T06:33:36.278+0000] {watermarks.py:30} INFO - Successfully read existing watermarks.
[2025-10-11T06:33:37.060+0000] {watermarks.py:76} INFO - Watermarks updated successfully in S3.
[2025-10-11T06:33:37.063+0000] {python.py:237} INFO - Done. Returned value was: None
[2025-10-11T06:33:37.064+0000] {taskinstance.py:441} INFO - ::group::Post task execution logs
[2025-10-11T06:33:37.081+0000] {taskinstance.py:1206} INFO - Marking task as SUCCESS. dag_id=pipeline_flow, task_id=load_movies, run_id=scheduled__2000-10-01T00:00:00+00:00, execution_date=20001001T000000, start_date=20251011T063330, end_date=20251011T063337
[2025-10-11T06:33:37.396+0000] {local_task_job_runner.py:243} INFO - Task exited with return code 0
[2025-10-11T06:33:37.415+0000] {local_task_job_runner.py:222} INFO - ::endgroup::
