[2025-10-11T06:16:24.924+0000] {local_task_job_runner.py:120} INFO - ::group::Pre task execution logs
[2025-10-11T06:16:24.958+0000] {taskinstance.py:2076} INFO - Dependencies all met for dep_context=non-requeueable deps ti=<TaskInstance: pipeline_flow.load_users_to_gold scheduled__1998-05-31T00:00:00+00:00 [queued]>
[2025-10-11T06:16:24.968+0000] {taskinstance.py:2076} INFO - Dependencies all met for dep_context=requeueable deps ti=<TaskInstance: pipeline_flow.load_users_to_gold scheduled__1998-05-31T00:00:00+00:00 [queued]>
[2025-10-11T06:16:24.969+0000] {taskinstance.py:2306} INFO - Starting attempt 2 of 2
[2025-10-11T06:16:24.985+0000] {taskinstance.py:2330} INFO - Executing <Task(PythonOperator): load_users_to_gold> on 1998-05-31 00:00:00+00:00
[2025-10-11T06:16:24.994+0000] {logging_mixin.py:188} WARNING - /home/***/.local/lib/python3.12/site-packages/***/task/task_runner/standard_task_runner.py:62 DeprecationWarning: This process (pid=11372) is multi-threaded, use of fork() may lead to deadlocks in the child.
[2025-10-11T06:16:24.995+0000] {standard_task_runner.py:64} INFO - Started process 11374 to run task
[2025-10-11T06:16:24.994+0000] {standard_task_runner.py:90} INFO - Running: ['***', 'tasks', 'run', 'pipeline_flow', 'load_users_to_gold', 'scheduled__1998-05-31T00:00:00+00:00', '--job-id', '1094', '--raw', '--subdir', 'DAGS_FOLDER/pipeline_dag.py', '--cfg-path', '/tmp/tmpf1aoda_1']
[2025-10-11T06:16:24.997+0000] {standard_task_runner.py:91} INFO - Job 1094: Subtask load_users_to_gold
[2025-10-11T06:16:25.082+0000] {task_command.py:426} INFO - Running <TaskInstance: pipeline_flow.load_users_to_gold scheduled__1998-05-31T00:00:00+00:00 [running]> on host 321597a50810
[2025-10-11T06:16:25.192+0000] {taskinstance.py:2648} INFO - Exporting env vars: AIRFLOW_CTX_DAG_EMAIL='oluwaseyiogundimu10@gmail.com' AIRFLOW_CTX_DAG_OWNER='seyi' AIRFLOW_CTX_DAG_ID='pipeline_flow' AIRFLOW_CTX_TASK_ID='load_users_to_gold' AIRFLOW_CTX_EXECUTION_DATE='1998-05-31T00:00:00+00:00' AIRFLOW_CTX_TRY_NUMBER='2' AIRFLOW_CTX_DAG_RUN_ID='scheduled__1998-05-31T00:00:00+00:00'
[2025-10-11T06:16:25.193+0000] {taskinstance.py:430} INFO - ::endgroup::
[2025-10-11T06:16:25.278+0000] {s3_client.py:30} INFO - ✅ Successfully initialized S3 client.
[2025-10-11T06:16:25.280+0000] {read_bucket.py:26} INFO - Reading users.csv from movie-pipeline-silver bucket.
[2025-10-11T06:16:26.173+0000] {read_bucket.py:32} INFO - Successfully read users.csv into DataFrame. Shape: (943, 5)
[2025-10-11T06:16:26.175+0000] {load.py:203} INFO - Starting load for users..
[2025-10-11T06:16:26.176+0000] {connection.py:60} INFO - Writing stg_users to Postgres..
[2025-10-11T06:16:26.178+0000] {connection.py:22} INFO - Successfully connected to Postgres.
[2025-10-11T06:16:26.370+0000] {connection.py:66} INFO - Successfully inserted 943 records into stg_users.
[2025-10-11T06:16:26.371+0000] {connection.py:22} INFO - Successfully connected to Postgres.
[2025-10-11T06:16:26.465+0000] {load.py:213} INFO - User upsert complete. New and changed user records successfully processed.
[2025-10-11T06:16:26.469+0000] {silver_watermarks.py:25} INFO - Reading watermarks from s3..
[2025-10-11T06:16:26.728+0000] {silver_watermarks.py:55} INFO - Updating watermarks in S3...
[2025-10-11T06:16:27.197+0000] {silver_watermarks.py:72} INFO - Watermarks updated successfully in S3.
[2025-10-11T06:16:27.199+0000] {python.py:237} INFO - Done. Returned value was: None
[2025-10-11T06:16:27.201+0000] {taskinstance.py:441} INFO - ::group::Post task execution logs
[2025-10-11T06:16:27.215+0000] {taskinstance.py:1206} INFO - Marking task as SUCCESS. dag_id=pipeline_flow, task_id=load_users_to_gold, run_id=scheduled__1998-05-31T00:00:00+00:00, execution_date=19980531T000000, start_date=20251011T061624, end_date=20251011T061627
[2025-10-11T06:16:27.386+0000] {local_task_job_runner.py:243} INFO - Task exited with return code 0
[2025-10-11T06:16:27.418+0000] {taskinstance.py:3503} INFO - 0 downstream tasks scheduled from follow-on schedule check
[2025-10-11T06:16:27.427+0000] {local_task_job_runner.py:222} INFO - ::endgroup::
