[2025-10-09T10:56:59.507+0000] {local_task_job_runner.py:120} INFO - ::group::Pre task execution logs
[2025-10-09T10:56:59.575+0000] {taskinstance.py:2076} INFO - Dependencies all met for dep_context=non-requeueable deps ti=<TaskInstance: pipeline_flow.to_bronze scheduled__2025-09-28T00:00:00+00:00 [queued]>
[2025-10-09T10:56:59.589+0000] {taskinstance.py:2076} INFO - Dependencies all met for dep_context=requeueable deps ti=<TaskInstance: pipeline_flow.to_bronze scheduled__2025-09-28T00:00:00+00:00 [queued]>
[2025-10-09T10:56:59.591+0000] {taskinstance.py:2306} INFO - Starting attempt 1 of 2
[2025-10-09T10:56:59.615+0000] {taskinstance.py:2330} INFO - Executing <Task(PythonOperator): to_bronze> on 2025-09-28 00:00:00+00:00
[2025-10-09T10:56:59.624+0000] {logging_mixin.py:188} WARNING - /home/***/.local/lib/python3.12/site-packages/***/task/task_runner/standard_task_runner.py:62 DeprecationWarning: This process (pid=201) is multi-threaded, use of fork() may lead to deadlocks in the child.
[2025-10-09T10:56:59.626+0000] {standard_task_runner.py:64} INFO - Started process 205 to run task
[2025-10-09T10:56:59.625+0000] {standard_task_runner.py:90} INFO - Running: ['***', 'tasks', 'run', 'pipeline_flow', 'to_bronze', 'scheduled__2025-09-28T00:00:00+00:00', '--job-id', '7', '--raw', '--subdir', 'DAGS_FOLDER/pipeline_dag.py', '--cfg-path', '/tmp/tmph6g058yt']
[2025-10-09T10:56:59.629+0000] {standard_task_runner.py:91} INFO - Job 7: Subtask to_bronze
[2025-10-09T10:56:59.711+0000] {task_command.py:426} INFO - Running <TaskInstance: pipeline_flow.to_bronze scheduled__2025-09-28T00:00:00+00:00 [running]> on host 321597a50810
[2025-10-09T10:56:59.855+0000] {taskinstance.py:2648} INFO - Exporting env vars: AIRFLOW_CTX_DAG_EMAIL='oluwaseyiogundimu10@gmail.com' AIRFLOW_CTX_DAG_OWNER='seyi' AIRFLOW_CTX_DAG_ID='pipeline_flow' AIRFLOW_CTX_TASK_ID='to_bronze' AIRFLOW_CTX_EXECUTION_DATE='2025-09-28T00:00:00+00:00' AIRFLOW_CTX_TRY_NUMBER='1' AIRFLOW_CTX_DAG_RUN_ID='scheduled__2025-09-28T00:00:00+00:00'
[2025-10-09T10:56:59.858+0000] {taskinstance.py:430} INFO - ::endgroup::
[2025-10-09T10:56:59.905+0000] {orchestration.py:18} INFO - Starting Bronze layer data pipeline...
[2025-10-09T10:56:59.907+0000] {ingest.py:26} INFO - Reading movies...
[2025-10-09T10:57:06.349+0000] {ingest.py:31} INFO - Successfully read movies.
[2025-10-09T10:57:06.351+0000] {ingest.py:26} INFO - Reading ratings...
[2025-10-09T10:57:10.146+0000] {ingest.py:31} INFO - Successfully read ratings.
[2025-10-09T10:57:10.148+0000] {ingest.py:26} INFO - Reading users...
[2025-10-09T10:57:12.433+0000] {ingest.py:31} INFO - Successfully read users.
[2025-10-09T10:57:12.435+0000] {orchestration.py:23} INFO - Successfully ingested raw data.
[2025-10-09T10:57:12.436+0000] {validation.py:17} INFO - Validating columns for movies..
[2025-10-09T10:57:12.439+0000] {validation.py:32} INFO - successfully validated movies's columns.
[2025-10-09T10:57:12.441+0000] {validation.py:17} INFO - Validating columns for ratings..
[2025-10-09T10:57:12.443+0000] {validation.py:32} INFO - successfully validated ratings's columns.
[2025-10-09T10:57:12.445+0000] {validation.py:17} INFO - Validating columns for users..
[2025-10-09T10:57:12.447+0000] {validation.py:32} INFO - successfully validated users's columns.
[2025-10-09T10:57:12.455+0000] {validation.py:46} WARNING - movies has 4 missing values:
release_date    1
IMDb_URL        3
dtype: int64
[2025-10-09T10:57:12.458+0000] {validation.py:48} INFO - No missing values found in ratings.
[2025-10-09T10:57:12.462+0000] {validation.py:48} INFO - No missing values found in users.
[2025-10-09T10:57:12.464+0000] {orchestration.py:28} INFO - Data validation completed successfully.
[2025-10-09T10:57:13.402+0000] {s3_client.py:45} INFO - Bucket 'movie-pipeline-bronze' already exists.
[2025-10-09T10:57:13.404+0000] {upload.py:23} INFO - Starting movies upload to bronze bucket
[2025-10-09T10:57:13.418+0000] {upload.py:31} INFO - Uploading movies.csv to S3 bucket movie-pipeline-bronze
[2025-10-09T10:57:15.560+0000] {upload.py:40} INFO - Successfully uploaded movies.csv to S3 bucket movie-pipeline-bronze.
[2025-10-09T10:57:15.564+0000] {upload.py:23} INFO - Starting ratings upload to bronze bucket
[2025-10-09T10:57:15.693+0000] {upload.py:31} INFO - Uploading ratings.csv to S3 bucket movie-pipeline-bronze
[2025-10-09T10:57:25.835+0000] {upload.py:40} INFO - Successfully uploaded ratings.csv to S3 bucket movie-pipeline-bronze.
[2025-10-09T10:57:25.837+0000] {upload.py:23} INFO - Starting users upload to bronze bucket
[2025-10-09T10:57:25.841+0000] {upload.py:31} INFO - Uploading users.csv to S3 bucket movie-pipeline-bronze
[2025-10-09T10:57:26.380+0000] {upload.py:40} INFO - Successfully uploaded users.csv to S3 bucket movie-pipeline-bronze.
[2025-10-09T10:57:26.382+0000] {orchestration.py:35} INFO - Data successfully uploaded to Bronze S3 bucket.
[2025-10-09T10:57:26.383+0000] {orchestration.py:37} INFO - Bronze pipeline execution completed successfully!
[2025-10-09T10:57:26.385+0000] {python.py:237} INFO - Done. Returned value was: None
[2025-10-09T10:57:26.386+0000] {taskinstance.py:441} INFO - ::group::Post task execution logs
[2025-10-09T10:57:26.403+0000] {taskinstance.py:1206} INFO - Marking task as SUCCESS. dag_id=pipeline_flow, task_id=to_bronze, run_id=scheduled__2025-09-28T00:00:00+00:00, execution_date=20250928T000000, start_date=20251009T105659, end_date=20251009T105726
[2025-10-09T10:57:26.453+0000] {local_task_job_runner.py:243} INFO - Task exited with return code 0
[2025-10-09T10:57:26.499+0000] {taskinstance.py:3503} INFO - 3 downstream tasks scheduled from follow-on schedule check
[2025-10-09T10:57:26.504+0000] {local_task_job_runner.py:222} INFO - ::endgroup::
