[2025-10-11T06:30:56.386+0000] {local_task_job_runner.py:120} INFO - ::group::Pre task execution logs
[2025-10-11T06:30:56.439+0000] {taskinstance.py:2076} INFO - Dependencies all met for dep_context=non-requeueable deps ti=<TaskInstance: pipeline_flow.to_bronze scheduled__2000-09-10T00:00:00+00:00 [queued]>
[2025-10-11T06:30:56.454+0000] {taskinstance.py:2076} INFO - Dependencies all met for dep_context=requeueable deps ti=<TaskInstance: pipeline_flow.to_bronze scheduled__2000-09-10T00:00:00+00:00 [queued]>
[2025-10-11T06:30:56.455+0000] {taskinstance.py:2306} INFO - Starting attempt 1 of 2
[2025-10-11T06:30:56.477+0000] {taskinstance.py:2330} INFO - Executing <Task(PythonOperator): to_bronze> on 2000-09-10 00:00:00+00:00
[2025-10-11T06:30:56.490+0000] {logging_mixin.py:188} WARNING - /home/***/.local/lib/python3.12/site-packages/***/task/task_runner/standard_task_runner.py:62 DeprecationWarning: This process (pid=13464) is multi-threaded, use of fork() may lead to deadlocks in the child.
[2025-10-11T06:30:56.492+0000] {standard_task_runner.py:64} INFO - Started process 13472 to run task
[2025-10-11T06:30:56.491+0000] {standard_task_runner.py:90} INFO - Running: ['***', 'tasks', 'run', 'pipeline_flow', 'to_bronze', 'scheduled__2000-09-10T00:00:00+00:00', '--job-id', '1750', '--raw', '--subdir', 'DAGS_FOLDER/pipeline_dag.py', '--cfg-path', '/tmp/tmpzytear4s']
[2025-10-11T06:30:56.495+0000] {standard_task_runner.py:91} INFO - Job 1750: Subtask to_bronze
[2025-10-11T06:30:56.576+0000] {task_command.py:426} INFO - Running <TaskInstance: pipeline_flow.to_bronze scheduled__2000-09-10T00:00:00+00:00 [running]> on host 321597a50810
[2025-10-11T06:30:56.727+0000] {taskinstance.py:2648} INFO - Exporting env vars: AIRFLOW_CTX_DAG_EMAIL='oluwaseyiogundimu10@gmail.com' AIRFLOW_CTX_DAG_OWNER='seyi' AIRFLOW_CTX_DAG_ID='pipeline_flow' AIRFLOW_CTX_TASK_ID='to_bronze' AIRFLOW_CTX_EXECUTION_DATE='2000-09-10T00:00:00+00:00' AIRFLOW_CTX_TRY_NUMBER='1' AIRFLOW_CTX_DAG_RUN_ID='scheduled__2000-09-10T00:00:00+00:00'
[2025-10-11T06:30:56.729+0000] {taskinstance.py:430} INFO - ::endgroup::
[2025-10-11T06:30:56.752+0000] {orchestration.py:16} INFO - Starting Bronze layer data pipeline...
[2025-10-11T06:30:56.937+0000] {s3_client.py:30} INFO - ✅ Successfully initialized S3 client.
[2025-10-11T06:30:56.939+0000] {ingest.py:26} INFO - Reading movies...
[2025-10-11T06:31:02.533+0000] {ingest.py:31} INFO - Successfully read movies.
[2025-10-11T06:31:02.535+0000] {ingest.py:26} INFO - Reading ratings...
[2025-10-11T06:31:09.717+0000] {ingest.py:31} INFO - Successfully read ratings.
[2025-10-11T06:31:09.719+0000] {ingest.py:26} INFO - Reading users...
[2025-10-11T06:31:11.453+0000] {ingest.py:31} INFO - Successfully read users.
[2025-10-11T06:31:11.455+0000] {orchestration.py:24} INFO - Successfully ingested raw data.
[2025-10-11T06:31:11.456+0000] {validation.py:17} INFO - Validating columns for movies..
[2025-10-11T06:31:11.457+0000] {validation.py:32} INFO - successfully validated movies's columns.
[2025-10-11T06:31:11.458+0000] {validation.py:17} INFO - Validating columns for ratings..
[2025-10-11T06:31:11.459+0000] {validation.py:32} INFO - successfully validated ratings's columns.
[2025-10-11T06:31:11.460+0000] {validation.py:17} INFO - Validating columns for users..
[2025-10-11T06:31:11.461+0000] {validation.py:32} INFO - successfully validated users's columns.
[2025-10-11T06:31:11.465+0000] {validation.py:46} WARNING - movies has 4 missing values:
release_date    1
IMDb_URL        3
dtype: int64
[2025-10-11T06:31:11.468+0000] {validation.py:48} INFO - No missing values found in ratings.
[2025-10-11T06:31:11.470+0000] {validation.py:48} INFO - No missing values found in users.
[2025-10-11T06:31:11.471+0000] {orchestration.py:29} INFO - Data validation completed successfully.
[2025-10-11T06:31:12.646+0000] {s3_client.py:55} INFO - Bucket 'movie-pipeline-bronze' already exists.
[2025-10-11T06:31:12.648+0000] {upload.py:23} INFO - Starting movies upload to bronze bucket
[2025-10-11T06:31:12.655+0000] {upload.py:31} INFO - Uploading movies.csv to S3 bucket movie-pipeline-bronze
[2025-10-11T06:31:14.635+0000] {upload.py:40} INFO - Successfully uploaded movies.csv to S3 bucket movie-pipeline-bronze.
[2025-10-11T06:31:14.638+0000] {upload.py:23} INFO - Starting ratings upload to bronze bucket
[2025-10-11T06:31:14.769+0000] {upload.py:31} INFO - Uploading ratings.csv to S3 bucket movie-pipeline-bronze
[2025-10-11T06:31:25.725+0000] {upload.py:40} INFO - Successfully uploaded ratings.csv to S3 bucket movie-pipeline-bronze.
[2025-10-11T06:31:25.726+0000] {upload.py:23} INFO - Starting users upload to bronze bucket
[2025-10-11T06:31:25.732+0000] {upload.py:31} INFO - Uploading users.csv to S3 bucket movie-pipeline-bronze
[2025-10-11T06:31:26.459+0000] {upload.py:40} INFO - Successfully uploaded users.csv to S3 bucket movie-pipeline-bronze.
[2025-10-11T06:31:26.461+0000] {orchestration.py:36} INFO - Data successfully uploaded to Bronze S3 bucket.
[2025-10-11T06:31:26.462+0000] {orchestration.py:38} INFO - Bronze pipeline execution completed successfully!
[2025-10-11T06:31:26.464+0000] {python.py:237} INFO - Done. Returned value was: None
[2025-10-11T06:31:26.466+0000] {taskinstance.py:441} INFO - ::group::Post task execution logs
[2025-10-11T06:31:26.484+0000] {taskinstance.py:1206} INFO - Marking task as SUCCESS. dag_id=pipeline_flow, task_id=to_bronze, run_id=scheduled__2000-09-10T00:00:00+00:00, execution_date=20000910T000000, start_date=20251011T063056, end_date=20251011T063126
[2025-10-11T06:31:26.751+0000] {local_task_job_runner.py:243} INFO - Task exited with return code 0
[2025-10-11T06:31:26.796+0000] {taskinstance.py:3503} INFO - 3 downstream tasks scheduled from follow-on schedule check
[2025-10-11T06:31:26.802+0000] {local_task_job_runner.py:222} INFO - ::endgroup::
