[2025-10-11T04:44:26.481+0000] {local_task_job_runner.py:120} INFO - ::group::Pre task execution logs
[2025-10-11T04:44:26.532+0000] {taskinstance.py:2076} INFO - Dependencies all met for dep_context=non-requeueable deps ti=<TaskInstance: pipeline_flow.load_movies manual__2025-10-09T12:26:00.230217+00:00 [queued]>
[2025-10-11T04:44:26.546+0000] {taskinstance.py:2076} INFO - Dependencies all met for dep_context=requeueable deps ti=<TaskInstance: pipeline_flow.load_movies manual__2025-10-09T12:26:00.230217+00:00 [queued]>
[2025-10-11T04:44:26.548+0000] {taskinstance.py:2306} INFO - Starting attempt 2 of 3
[2025-10-11T04:44:26.568+0000] {taskinstance.py:2330} INFO - Executing <Task(PythonOperator): load_movies> on 2025-10-09 12:26:00.230217+00:00
[2025-10-11T04:44:26.580+0000] {logging_mixin.py:188} WARNING - /home/***/.local/lib/python3.12/site-packages/***/task/task_runner/standard_task_runner.py:62 DeprecationWarning: This process (pid=7252) is multi-threaded, use of fork() may lead to deadlocks in the child.
[2025-10-11T04:44:26.579+0000] {standard_task_runner.py:90} INFO - Running: ['***', 'tasks', 'run', 'pipeline_flow', 'load_movies', 'manual__2025-10-09T12:26:00.230217+00:00', '--job-id', '44', '--raw', '--subdir', 'DAGS_FOLDER/pipeline_dag.py', '--cfg-path', '/tmp/tmpomdzqg5k']
[2025-10-11T04:44:26.582+0000] {standard_task_runner.py:64} INFO - Started process 7260 to run task
[2025-10-11T04:44:26.583+0000] {standard_task_runner.py:91} INFO - Job 44: Subtask load_movies
[2025-10-11T04:44:26.677+0000] {task_command.py:426} INFO - Running <TaskInstance: pipeline_flow.load_movies manual__2025-10-09T12:26:00.230217+00:00 [running]> on host 321597a50810
[2025-10-11T04:44:26.787+0000] {taskinstance.py:2648} INFO - Exporting env vars: AIRFLOW_CTX_DAG_EMAIL='oluwaseyiogundimu10@gmail.com' AIRFLOW_CTX_DAG_OWNER='seyi' AIRFLOW_CTX_DAG_ID='pipeline_flow' AIRFLOW_CTX_TASK_ID='load_movies' AIRFLOW_CTX_EXECUTION_DATE='2025-10-09T12:26:00.230217+00:00' AIRFLOW_CTX_TRY_NUMBER='2' AIRFLOW_CTX_DAG_RUN_ID='manual__2025-10-09T12:26:00.230217+00:00'
[2025-10-11T04:44:26.789+0000] {taskinstance.py:430} INFO - ::endgroup::
[2025-10-11T04:44:26.805+0000] {transform.py:25} INFO - Starting transformations for movie data..
[2025-10-11T04:44:26.806+0000] {read_write_buckets.py:22} INFO - Reading movies.csv from movie-pipeline-bronze bucket.
[2025-10-11T04:44:26.939+0000] {s3_client.py:30} INFO - ✅ Successfully initialized S3 client.
[2025-10-11T04:44:28.244+0000] {read_write_buckets.py:34} INFO - Successfully read movies.csv into DataFrame. Shape: (1682, 5)
[2025-10-11T04:44:28.284+0000] {transform.py:49} INFO - Full load of 1604 records up to 1997-10-01
[2025-10-11T04:44:28.293+0000] {transform.py:60} INFO - Movies data cleaned with 1604 records
[2025-10-11T04:44:28.295+0000] {read_write_buckets.py:50} INFO - Writing movies.csv to movie-pipeline-silver bucket.
[2025-10-11T04:44:30.468+0000] {read_write_buckets.py:66} INFO - Successfully wrote movies.csv to Silver bucket.
[2025-10-11T04:44:30.471+0000] {watermarks.py:48} INFO - Updating watermarks in S3...
[2025-10-11T04:44:30.473+0000] {watermarks.py:25} INFO - Reading watermarks from S3 Bronze bucket...
[2025-10-11T04:44:30.714+0000] {watermarks.py:30} INFO - Successfully read existing watermarks.
[2025-10-11T04:44:31.313+0000] {watermarks.py:76} INFO - Watermarks updated successfully in S3.
[2025-10-11T04:44:31.315+0000] {python.py:237} INFO - Done. Returned value was: None
[2025-10-11T04:44:31.316+0000] {taskinstance.py:441} INFO - ::group::Post task execution logs
[2025-10-11T04:44:31.333+0000] {taskinstance.py:1206} INFO - Marking task as SUCCESS. dag_id=pipeline_flow, task_id=load_movies, run_id=manual__2025-10-09T12:26:00.230217+00:00, execution_date=20251009T122600, start_date=20251011T044426, end_date=20251011T044431
[2025-10-11T04:44:31.385+0000] {local_task_job_runner.py:243} INFO - Task exited with return code 0
[2025-10-11T04:44:31.427+0000] {taskinstance.py:3503} INFO - 0 downstream tasks scheduled from follow-on schedule check
[2025-10-11T04:44:31.430+0000] {local_task_job_runner.py:222} INFO - ::endgroup::
