[2025-10-11T06:08:36.828+0000] {local_task_job_runner.py:120} INFO - ::group::Pre task execution logs
[2025-10-11T06:08:36.884+0000] {taskinstance.py:2076} INFO - Dependencies all met for dep_context=non-requeueable deps ti=<TaskInstance: pipeline_flow.check_movie_freshness scheduled__1998-10-04T00:00:00+00:00 [queued]>
[2025-10-11T06:08:36.900+0000] {taskinstance.py:2076} INFO - Dependencies all met for dep_context=requeueable deps ti=<TaskInstance: pipeline_flow.check_movie_freshness scheduled__1998-10-04T00:00:00+00:00 [queued]>
[2025-10-11T06:08:36.902+0000] {taskinstance.py:2306} INFO - Starting attempt 1 of 2
[2025-10-11T06:08:36.927+0000] {taskinstance.py:2330} INFO - Executing <Task(ShortCircuitOperator): check_movie_freshness> on 1998-10-04 00:00:00+00:00
[2025-10-11T06:08:36.945+0000] {logging_mixin.py:188} WARNING - /home/***/.local/lib/python3.12/site-packages/***/task/task_runner/standard_task_runner.py:62 DeprecationWarning: This process (pid=10101) is multi-threaded, use of fork() may lead to deadlocks in the child.
[2025-10-11T06:08:36.948+0000] {standard_task_runner.py:64} INFO - Started process 10115 to run task
[2025-10-11T06:08:36.946+0000] {standard_task_runner.py:90} INFO - Running: ['***', 'tasks', 'run', 'pipeline_flow', 'check_movie_freshness', 'scheduled__1998-10-04T00:00:00+00:00', '--job-id', '691', '--raw', '--subdir', 'DAGS_FOLDER/pipeline_dag.py', '--cfg-path', '/tmp/tmp9d2x2bul']
[2025-10-11T06:08:36.950+0000] {standard_task_runner.py:91} INFO - Job 691: Subtask check_movie_freshness
[2025-10-11T06:08:37.036+0000] {task_command.py:426} INFO - Running <TaskInstance: pipeline_flow.check_movie_freshness scheduled__1998-10-04T00:00:00+00:00 [running]> on host 321597a50810
[2025-10-11T06:08:37.191+0000] {taskinstance.py:2648} INFO - Exporting env vars: AIRFLOW_CTX_DAG_EMAIL='oluwaseyiogundimu10@gmail.com' AIRFLOW_CTX_DAG_OWNER='seyi' AIRFLOW_CTX_DAG_ID='pipeline_flow' AIRFLOW_CTX_TASK_ID='check_movie_freshness' AIRFLOW_CTX_EXECUTION_DATE='1998-10-04T00:00:00+00:00' AIRFLOW_CTX_TRY_NUMBER='1' AIRFLOW_CTX_DAG_RUN_ID='scheduled__1998-10-04T00:00:00+00:00'
[2025-10-11T06:08:37.195+0000] {taskinstance.py:430} INFO - ::endgroup::
[2025-10-11T06:08:37.218+0000] {baseoperator.py:400} WARNING - ShortCircuitOperator.execute cannot be called outside TaskInstance!
[2025-10-11T06:08:37.408+0000] {s3_client.py:30} INFO - ✅ Successfully initialized S3 client.
[2025-10-11T06:08:38.552+0000] {logging_mixin.py:188} INFO - movies.csv is fresh: 2025-10-11 06:08:33+00:00
[2025-10-11T06:08:38.556+0000] {python.py:237} INFO - Done. Returned value was: True
[2025-10-11T06:08:38.559+0000] {python.py:304} INFO - Condition result is True
[2025-10-11T06:08:38.563+0000] {python.py:307} INFO - Proceeding with downstream tasks...
[2025-10-11T06:08:38.566+0000] {taskinstance.py:441} INFO - ::group::Post task execution logs
[2025-10-11T06:08:38.608+0000] {taskinstance.py:1206} INFO - Marking task as SUCCESS. dag_id=pipeline_flow, task_id=check_movie_freshness, run_id=scheduled__1998-10-04T00:00:00+00:00, execution_date=19981004T000000, start_date=20251011T060836, end_date=20251011T060838
[2025-10-11T06:08:38.731+0000] {local_task_job_runner.py:243} INFO - Task exited with return code 0
[2025-10-11T06:08:38.814+0000] {taskinstance.py:3503} INFO - 1 downstream tasks scheduled from follow-on schedule check
[2025-10-11T06:08:38.817+0000] {local_task_job_runner.py:222} INFO - ::endgroup::
