[2025-10-11T06:12:14.391+0000] {local_task_job_runner.py:120} INFO - ::group::Pre task execution logs
[2025-10-11T06:12:14.448+0000] {taskinstance.py:2076} INFO - Dependencies all met for dep_context=non-requeueable deps ti=<TaskInstance: pipeline_flow.load_movies scheduled__1999-05-09T00:00:00+00:00 [queued]>
[2025-10-11T06:12:14.464+0000] {taskinstance.py:2076} INFO - Dependencies all met for dep_context=requeueable deps ti=<TaskInstance: pipeline_flow.load_movies scheduled__1999-05-09T00:00:00+00:00 [queued]>
[2025-10-11T06:12:14.465+0000] {taskinstance.py:2306} INFO - Starting attempt 1 of 2
[2025-10-11T06:12:14.490+0000] {taskinstance.py:2330} INFO - Executing <Task(PythonOperator): load_movies> on 1999-05-09 00:00:00+00:00
[2025-10-11T06:12:14.501+0000] {logging_mixin.py:188} WARNING - /home/***/.local/lib/python3.12/site-packages/***/task/task_runner/standard_task_runner.py:62 DeprecationWarning: This process (pid=11030) is multi-threaded, use of fork() may lead to deadlocks in the child.
[2025-10-11T06:12:14.503+0000] {standard_task_runner.py:64} INFO - Started process 11038 to run task
[2025-10-11T06:12:14.502+0000] {standard_task_runner.py:90} INFO - Running: ['***', 'tasks', 'run', 'pipeline_flow', 'load_movies', 'scheduled__1999-05-09T00:00:00+00:00', '--job-id', '994', '--raw', '--subdir', 'DAGS_FOLDER/pipeline_dag.py', '--cfg-path', '/tmp/tmp1t9yf5f2']
[2025-10-11T06:12:14.505+0000] {standard_task_runner.py:91} INFO - Job 994: Subtask load_movies
[2025-10-11T06:12:14.582+0000] {task_command.py:426} INFO - Running <TaskInstance: pipeline_flow.load_movies scheduled__1999-05-09T00:00:00+00:00 [running]> on host 321597a50810
[2025-10-11T06:12:14.723+0000] {taskinstance.py:2648} INFO - Exporting env vars: AIRFLOW_CTX_DAG_EMAIL='oluwaseyiogundimu10@gmail.com' AIRFLOW_CTX_DAG_OWNER='seyi' AIRFLOW_CTX_DAG_ID='pipeline_flow' AIRFLOW_CTX_TASK_ID='load_movies' AIRFLOW_CTX_EXECUTION_DATE='1999-05-09T00:00:00+00:00' AIRFLOW_CTX_TRY_NUMBER='1' AIRFLOW_CTX_DAG_RUN_ID='scheduled__1999-05-09T00:00:00+00:00'
[2025-10-11T06:12:14.725+0000] {taskinstance.py:430} INFO - ::endgroup::
[2025-10-11T06:12:14.744+0000] {transform.py:26} INFO - Starting transformations for movie data..
[2025-10-11T06:12:14.746+0000] {read_write_buckets.py:22} INFO - Reading movies.csv from movie-pipeline-bronze bucket.
[2025-10-11T06:12:14.875+0000] {s3_client.py:30} INFO - ✅ Successfully initialized S3 client.
[2025-10-11T06:12:17.549+0000] {read_write_buckets.py:34} INFO - Successfully read movies.csv into DataFrame. Shape: (1682, 5)
[2025-10-11T06:12:17.567+0000] {transform.py:50} INFO - Full load of 1604 records up to 1997-10-01
[2025-10-11T06:12:17.577+0000] {transform.py:61} INFO - Movies data cleaned with 1604 records
[2025-10-11T06:12:17.579+0000] {read_write_buckets.py:50} INFO - Writing movies.csv to movie-pipeline-silver bucket.
[2025-10-11T06:12:20.331+0000] {read_write_buckets.py:66} INFO - Successfully wrote movies.csv to Silver bucket.
[2025-10-11T06:12:20.334+0000] {watermarks.py:48} INFO - Updating watermarks in S3...
[2025-10-11T06:12:20.336+0000] {watermarks.py:25} INFO - Reading watermarks from S3 Bronze bucket...
[2025-10-11T06:12:20.604+0000] {watermarks.py:30} INFO - Successfully read existing watermarks.
[2025-10-11T06:12:21.115+0000] {watermarks.py:76} INFO - Watermarks updated successfully in S3.
[2025-10-11T06:12:21.118+0000] {python.py:237} INFO - Done. Returned value was: None
[2025-10-11T06:12:21.119+0000] {taskinstance.py:441} INFO - ::group::Post task execution logs
[2025-10-11T06:12:21.143+0000] {taskinstance.py:1206} INFO - Marking task as SUCCESS. dag_id=pipeline_flow, task_id=load_movies, run_id=scheduled__1999-05-09T00:00:00+00:00, execution_date=19990509T000000, start_date=20251011T061214, end_date=20251011T061221
[2025-10-11T06:12:21.226+0000] {local_task_job_runner.py:243} INFO - Task exited with return code 0
[2025-10-11T06:12:21.281+0000] {taskinstance.py:3503} INFO - 1 downstream tasks scheduled from follow-on schedule check
[2025-10-11T06:12:21.286+0000] {local_task_job_runner.py:222} INFO - ::endgroup::
