[2025-10-11T06:28:25.286+0000] {local_task_job_runner.py:120} INFO - ::group::Pre task execution logs
[2025-10-11T06:28:25.395+0000] {taskinstance.py:2076} INFO - Dependencies all met for dep_context=non-requeueable deps ti=<TaskInstance: pipeline_flow.load_users_to_gold scheduled__2000-04-23T00:00:00+00:00 [queued]>
[2025-10-11T06:28:25.443+0000] {taskinstance.py:2076} INFO - Dependencies all met for dep_context=requeueable deps ti=<TaskInstance: pipeline_flow.load_users_to_gold scheduled__2000-04-23T00:00:00+00:00 [queued]>
[2025-10-11T06:28:25.452+0000] {taskinstance.py:2306} INFO - Starting attempt 1 of 2
[2025-10-11T06:28:25.736+0000] {taskinstance.py:2330} INFO - Executing <Task(PythonOperator): load_users_to_gold> on 2000-04-23 00:00:00+00:00
[2025-10-11T06:28:25.753+0000] {logging_mixin.py:188} WARNING - /home/***/.local/lib/python3.12/site-packages/***/task/task_runner/standard_task_runner.py:62 DeprecationWarning: This process (pid=13003) is multi-threaded, use of fork() may lead to deadlocks in the child.
[2025-10-11T06:28:25.756+0000] {standard_task_runner.py:64} INFO - Started process 13030 to run task
[2025-10-11T06:28:25.754+0000] {standard_task_runner.py:90} INFO - Running: ['***', 'tasks', 'run', 'pipeline_flow', 'load_users_to_gold', 'scheduled__2000-04-23T00:00:00+00:00', '--job-id', '1604', '--raw', '--subdir', 'DAGS_FOLDER/pipeline_dag.py', '--cfg-path', '/tmp/tmpvo9i3xnk']
[2025-10-11T06:28:25.759+0000] {standard_task_runner.py:91} INFO - Job 1604: Subtask load_users_to_gold
[2025-10-11T06:28:25.901+0000] {task_command.py:426} INFO - Running <TaskInstance: pipeline_flow.load_users_to_gold scheduled__2000-04-23T00:00:00+00:00 [running]> on host 321597a50810
[2025-10-11T06:28:26.228+0000] {taskinstance.py:2648} INFO - Exporting env vars: AIRFLOW_CTX_DAG_EMAIL='oluwaseyiogundimu10@gmail.com' AIRFLOW_CTX_DAG_OWNER='seyi' AIRFLOW_CTX_DAG_ID='pipeline_flow' AIRFLOW_CTX_TASK_ID='load_users_to_gold' AIRFLOW_CTX_EXECUTION_DATE='2000-04-23T00:00:00+00:00' AIRFLOW_CTX_TRY_NUMBER='1' AIRFLOW_CTX_DAG_RUN_ID='scheduled__2000-04-23T00:00:00+00:00'
[2025-10-11T06:28:26.231+0000] {taskinstance.py:430} INFO - ::endgroup::
[2025-10-11T06:28:26.592+0000] {s3_client.py:30} INFO - ✅ Successfully initialized S3 client.
[2025-10-11T06:28:26.598+0000] {read_bucket.py:26} INFO - Reading users.csv from movie-pipeline-silver bucket.
[2025-10-11T06:28:28.066+0000] {read_bucket.py:32} INFO - Successfully read users.csv into DataFrame. Shape: (943, 5)
[2025-10-11T06:28:28.072+0000] {load.py:203} INFO - Starting load for users..
[2025-10-11T06:28:28.074+0000] {connection.py:60} INFO - Writing stg_users to Postgres..
[2025-10-11T06:28:28.076+0000] {connection.py:22} INFO - Successfully connected to Postgres.
[2025-10-11T06:28:28.541+0000] {connection.py:66} INFO - Successfully inserted 943 records into stg_users.
[2025-10-11T06:28:28.543+0000] {connection.py:22} INFO - Successfully connected to Postgres.
[2025-10-11T06:28:28.691+0000] {load.py:213} INFO - User upsert complete. New and changed user records successfully processed.
[2025-10-11T06:28:28.696+0000] {silver_watermarks.py:25} INFO - Reading watermarks from s3..
[2025-10-11T06:28:29.212+0000] {silver_watermarks.py:55} INFO - Updating watermarks in S3...
[2025-10-11T06:28:29.711+0000] {silver_watermarks.py:72} INFO - Watermarks updated successfully in S3.
[2025-10-11T06:28:29.713+0000] {python.py:237} INFO - Done. Returned value was: None
[2025-10-11T06:28:29.715+0000] {taskinstance.py:441} INFO - ::group::Post task execution logs
[2025-10-11T06:28:29.732+0000] {taskinstance.py:1206} INFO - Marking task as SUCCESS. dag_id=pipeline_flow, task_id=load_users_to_gold, run_id=scheduled__2000-04-23T00:00:00+00:00, execution_date=20000423T000000, start_date=20251011T062825, end_date=20251011T062829
[2025-10-11T06:28:29.776+0000] {local_task_job_runner.py:243} INFO - Task exited with return code 0
[2025-10-11T06:28:29.817+0000] {taskinstance.py:3503} INFO - 0 downstream tasks scheduled from follow-on schedule check
[2025-10-11T06:28:29.822+0000] {local_task_job_runner.py:222} INFO - ::endgroup::
