[2025-10-11T06:12:22.224+0000] {local_task_job_runner.py:120} INFO - ::group::Pre task execution logs
[2025-10-11T06:12:22.333+0000] {taskinstance.py:2076} INFO - Dependencies all met for dep_context=non-requeueable deps ti=<TaskInstance: pipeline_flow.check_users_freshness scheduled__1999-05-23T00:00:00+00:00 [queued]>
[2025-10-11T06:12:22.359+0000] {taskinstance.py:2076} INFO - Dependencies all met for dep_context=requeueable deps ti=<TaskInstance: pipeline_flow.check_users_freshness scheduled__1999-05-23T00:00:00+00:00 [queued]>
[2025-10-11T06:12:22.361+0000] {taskinstance.py:2306} INFO - Starting attempt 1 of 2
[2025-10-11T06:12:22.643+0000] {taskinstance.py:2330} INFO - Executing <Task(ShortCircuitOperator): check_users_freshness> on 1999-05-23 00:00:00+00:00
[2025-10-11T06:12:22.660+0000] {logging_mixin.py:188} WARNING - /home/***/.local/lib/python3.12/site-packages/***/task/task_runner/standard_task_runner.py:62 DeprecationWarning: This process (pid=11059) is multi-threaded, use of fork() may lead to deadlocks in the child.
[2025-10-11T06:12:22.663+0000] {standard_task_runner.py:64} INFO - Started process 11080 to run task
[2025-10-11T06:12:22.661+0000] {standard_task_runner.py:90} INFO - Running: ['***', 'tasks', 'run', 'pipeline_flow', 'check_users_freshness', 'scheduled__1999-05-23T00:00:00+00:00', '--job-id', '1002', '--raw', '--subdir', 'DAGS_FOLDER/pipeline_dag.py', '--cfg-path', '/tmp/tmp4eacxk2z']
[2025-10-11T06:12:22.666+0000] {standard_task_runner.py:91} INFO - Job 1002: Subtask check_users_freshness
[2025-10-11T06:12:22.813+0000] {task_command.py:426} INFO - Running <TaskInstance: pipeline_flow.check_users_freshness scheduled__1999-05-23T00:00:00+00:00 [running]> on host 321597a50810
[2025-10-11T06:12:23.101+0000] {taskinstance.py:2648} INFO - Exporting env vars: AIRFLOW_CTX_DAG_EMAIL='oluwaseyiogundimu10@gmail.com' AIRFLOW_CTX_DAG_OWNER='seyi' AIRFLOW_CTX_DAG_ID='pipeline_flow' AIRFLOW_CTX_TASK_ID='check_users_freshness' AIRFLOW_CTX_EXECUTION_DATE='1999-05-23T00:00:00+00:00' AIRFLOW_CTX_TRY_NUMBER='1' AIRFLOW_CTX_DAG_RUN_ID='scheduled__1999-05-23T00:00:00+00:00'
[2025-10-11T06:12:23.106+0000] {taskinstance.py:430} INFO - ::endgroup::
[2025-10-11T06:12:23.144+0000] {baseoperator.py:400} WARNING - ShortCircuitOperator.execute cannot be called outside TaskInstance!
[2025-10-11T06:12:23.441+0000] {s3_client.py:30} INFO - ✅ Successfully initialized S3 client.
[2025-10-11T06:12:24.637+0000] {logging_mixin.py:188} INFO - users.csv is fresh: 2025-10-11 06:12:19+00:00
[2025-10-11T06:12:24.639+0000] {python.py:237} INFO - Done. Returned value was: True
[2025-10-11T06:12:24.640+0000] {python.py:304} INFO - Condition result is True
[2025-10-11T06:12:24.642+0000] {python.py:307} INFO - Proceeding with downstream tasks...
[2025-10-11T06:12:24.643+0000] {taskinstance.py:441} INFO - ::group::Post task execution logs
[2025-10-11T06:12:24.715+0000] {taskinstance.py:1206} INFO - Marking task as SUCCESS. dag_id=pipeline_flow, task_id=check_users_freshness, run_id=scheduled__1999-05-23T00:00:00+00:00, execution_date=19990523T000000, start_date=20251011T061222, end_date=20251011T061224
[2025-10-11T06:12:24.786+0000] {local_task_job_runner.py:243} INFO - Task exited with return code 0
[2025-10-11T06:12:24.886+0000] {taskinstance.py:3503} INFO - 1 downstream tasks scheduled from follow-on schedule check
[2025-10-11T06:12:24.892+0000] {local_task_job_runner.py:222} INFO - ::endgroup::
