[2025-10-11T06:05:09.892+0000] {local_task_job_runner.py:120} INFO - ::group::Pre task execution logs
[2025-10-11T06:05:09.967+0000] {taskinstance.py:2076} INFO - Dependencies all met for dep_context=non-requeueable deps ti=<TaskInstance: pipeline_flow.load_users scheduled__1998-05-10T00:00:00+00:00 [queued]>
[2025-10-11T06:05:09.985+0000] {taskinstance.py:2076} INFO - Dependencies all met for dep_context=requeueable deps ti=<TaskInstance: pipeline_flow.load_users scheduled__1998-05-10T00:00:00+00:00 [queued]>
[2025-10-11T06:05:09.986+0000] {taskinstance.py:2306} INFO - Starting attempt 1 of 2
[2025-10-11T06:05:10.010+0000] {taskinstance.py:2330} INFO - Executing <Task(PythonOperator): load_users> on 1998-05-10 00:00:00+00:00
[2025-10-11T06:05:10.026+0000] {logging_mixin.py:188} WARNING - /home/***/.local/lib/python3.12/site-packages/***/task/task_runner/standard_task_runner.py:62 DeprecationWarning: This process (pid=9320) is multi-threaded, use of fork() may lead to deadlocks in the child.
[2025-10-11T06:05:10.030+0000] {standard_task_runner.py:64} INFO - Started process 9334 to run task
[2025-10-11T06:05:10.028+0000] {standard_task_runner.py:90} INFO - Running: ['***', 'tasks', 'run', 'pipeline_flow', 'load_users', 'scheduled__1998-05-10T00:00:00+00:00', '--job-id', '440', '--raw', '--subdir', 'DAGS_FOLDER/pipeline_dag.py', '--cfg-path', '/tmp/tmpo4m6e2_0']
[2025-10-11T06:05:10.033+0000] {standard_task_runner.py:91} INFO - Job 440: Subtask load_users
[2025-10-11T06:05:10.131+0000] {task_command.py:426} INFO - Running <TaskInstance: pipeline_flow.load_users scheduled__1998-05-10T00:00:00+00:00 [running]> on host 321597a50810
[2025-10-11T06:05:10.314+0000] {taskinstance.py:2648} INFO - Exporting env vars: AIRFLOW_CTX_DAG_EMAIL='oluwaseyiogundimu10@gmail.com' AIRFLOW_CTX_DAG_OWNER='seyi' AIRFLOW_CTX_DAG_ID='pipeline_flow' AIRFLOW_CTX_TASK_ID='load_users' AIRFLOW_CTX_EXECUTION_DATE='1998-05-10T00:00:00+00:00' AIRFLOW_CTX_TRY_NUMBER='1' AIRFLOW_CTX_DAG_RUN_ID='scheduled__1998-05-10T00:00:00+00:00'
[2025-10-11T06:05:10.316+0000] {taskinstance.py:430} INFO - ::endgroup::
[2025-10-11T06:05:10.345+0000] {read_write_buckets.py:22} INFO - Reading users.csv from movie-pipeline-bronze bucket.
[2025-10-11T06:05:10.560+0000] {s3_client.py:30} INFO - ✅ Successfully initialized S3 client.
[2025-10-11T06:05:11.726+0000] {read_write_buckets.py:34} INFO - Successfully read users.csv into DataFrame. Shape: (943, 5)
[2025-10-11T06:05:11.729+0000] {transform.py:185} INFO - Starting transformations for users..
[2025-10-11T06:05:11.747+0000] {transform.py:202} INFO - Users data cleaned with 943 records
[2025-10-11T06:05:11.750+0000] {read_write_buckets.py:50} INFO - Writing users.csv to movie-pipeline-silver bucket.
[2025-10-11T06:05:13.554+0000] {read_write_buckets.py:66} INFO - Successfully wrote users.csv to Silver bucket.
[2025-10-11T06:05:13.556+0000] {watermarks.py:48} INFO - Updating watermarks in S3...
[2025-10-11T06:05:13.558+0000] {watermarks.py:25} INFO - Reading watermarks from S3 Bronze bucket...
[2025-10-11T06:05:13.792+0000] {watermarks.py:30} INFO - Successfully read existing watermarks.
[2025-10-11T06:05:14.373+0000] {watermarks.py:76} INFO - Watermarks updated successfully in S3.
[2025-10-11T06:05:14.375+0000] {python.py:237} INFO - Done. Returned value was: None
[2025-10-11T06:05:14.376+0000] {taskinstance.py:441} INFO - ::group::Post task execution logs
[2025-10-11T06:05:14.390+0000] {taskinstance.py:1206} INFO - Marking task as SUCCESS. dag_id=pipeline_flow, task_id=load_users, run_id=scheduled__1998-05-10T00:00:00+00:00, execution_date=19980510T000000, start_date=20251011T060509, end_date=20251011T060514
[2025-10-11T06:05:14.588+0000] {local_task_job_runner.py:243} INFO - Task exited with return code 0
[2025-10-11T06:05:14.627+0000] {taskinstance.py:3503} INFO - 0 downstream tasks scheduled from follow-on schedule check
[2025-10-11T06:05:14.631+0000] {local_task_job_runner.py:222} INFO - ::endgroup::
